TCP Ping trying to connect to server localhost (127.0.0.1) on port 1492
 ... connected to Pong server: asking for 501 repetitions of 768 bytes TCP messages
 ... Pong server agreed:-)
tcp_ping received 768 bytes back
Round trip time was 0.022237 milliseconds in repetition 1
tcp_ping received 768 bytes back
Round trip time was 0.015869 milliseconds in repetition 2
tcp_ping received 768 bytes back
Round trip time was 0.014614 milliseconds in repetition 3
tcp_ping received 768 bytes back
Round trip time was 0.01426 milliseconds in repetition 4
tcp_ping received 768 bytes back
Round trip time was 0.014181 milliseconds in repetition 5
tcp_ping received 768 bytes back
Round trip time was 0.014741 milliseconds in repetition 6
tcp_ping received 768 bytes back
Round trip time was 0.01447 milliseconds in repetition 7
tcp_ping received 768 bytes back
Round trip time was 0.014599 milliseconds in repetition 8
tcp_ping received 768 bytes back
Round trip time was 0.014408 milliseconds in repetition 9
tcp_ping received 768 bytes back
Round trip time was 0.014692 milliseconds in repetition 10
tcp_ping received 768 bytes back
Round trip time was 0.014709 milliseconds in repetition 11
tcp_ping received 768 bytes back
Round trip time was 0.014223 milliseconds in repetition 12
tcp_ping received 768 bytes back
Round trip time was 0.01445 milliseconds in repetition 13
tcp_ping received 768 bytes back
Round trip time was 0.014859 milliseconds in repetition 14
tcp_ping received 768 bytes back
Round trip time was 0.014607 milliseconds in repetition 15
tcp_ping received 768 bytes back
Round trip time was 0.014266 milliseconds in repetition 16
tcp_ping received 768 bytes back
Round trip time was 0.01414 milliseconds in repetition 17
tcp_ping received 768 bytes back
Round trip time was 0.014712 milliseconds in repetition 18
tcp_ping received 768 bytes back
Round trip time was 0.014612 milliseconds in repetition 19
tcp_ping received 768 bytes back
Round trip time was 0.014398 milliseconds in repetition 20
tcp_ping received 768 bytes back
Round trip time was 0.014338 milliseconds in repetition 21
tcp_ping received 768 bytes back
Round trip time was 0.014661 milliseconds in repetition 22
tcp_ping received 768 bytes back
Round trip time was 0.014391 milliseconds in repetition 23
tcp_ping received 768 bytes back
Round trip time was 0.014241 milliseconds in repetition 24
tcp_ping received 768 bytes back
Round trip time was 0.014058 milliseconds in repetition 25
tcp_ping received 768 bytes back
Round trip time was 0.014787 milliseconds in repetition 26
tcp_ping received 768 bytes back
Round trip time was 0.014279 milliseconds in repetition 27
tcp_ping received 768 bytes back
Round trip time was 0.014249 milliseconds in repetition 28
tcp_ping received 768 bytes back
Round trip time was 0.014201 milliseconds in repetition 29
tcp_ping received 768 bytes back
Round trip time was 0.014562 milliseconds in repetition 30
tcp_ping received 768 bytes back
Round trip time was 0.014348 milliseconds in repetition 31
tcp_ping received 768 bytes back
Round trip time was 0.014408 milliseconds in repetition 32
tcp_ping received 768 bytes back
Round trip time was 0.014412 milliseconds in repetition 33
tcp_ping received 768 bytes back
Round trip time was 0.014494 milliseconds in repetition 34
tcp_ping received 768 bytes back
Round trip time was 0.014505 milliseconds in repetition 35
tcp_ping received 768 bytes back
Round trip time was 0.013977 milliseconds in repetition 36
tcp_ping received 768 bytes back
Round trip time was 0.014128 milliseconds in repetition 37
tcp_ping received 768 bytes back
Round trip time was 0.014461 milliseconds in repetition 38
tcp_ping received 768 bytes back
Round trip time was 0.014438 milliseconds in repetition 39
tcp_ping received 768 bytes back
Round trip time was 0.014318 milliseconds in repetition 40
tcp_ping received 768 bytes back
Round trip time was 0.013956 milliseconds in repetition 41
tcp_ping received 768 bytes back
Round trip time was 0.014321 milliseconds in repetition 42
tcp_ping received 768 bytes back
Round trip time was 0.018724 milliseconds in repetition 43
tcp_ping received 768 bytes back
Round trip time was 0.024678 milliseconds in repetition 44
tcp_ping received 768 bytes back
Round trip time was 0.0161 milliseconds in repetition 45
tcp_ping received 768 bytes back
Round trip time was 0.015184 milliseconds in repetition 46
tcp_ping received 768 bytes back
Round trip time was 0.014415 milliseconds in repetition 47
tcp_ping received 768 bytes back
Round trip time was 0.014265 milliseconds in repetition 48
tcp_ping received 768 bytes back
Round trip time was 0.014293 milliseconds in repetition 49
tcp_ping received 768 bytes back
Round trip time was 0.016539 milliseconds in repetition 50
tcp_ping received 768 bytes back
Round trip time was 0.014839 milliseconds in repetition 51
tcp_ping received 768 bytes back
Round trip time was 0.014428 milliseconds in repetition 52
tcp_ping received 768 bytes back
Round trip time was 0.014695 milliseconds in repetition 53
tcp_ping received 768 bytes back
Round trip time was 0.014569 milliseconds in repetition 54
tcp_ping received 768 bytes back
Round trip time was 0.014457 milliseconds in repetition 55
tcp_ping received 768 bytes back
Round trip time was 0.014489 milliseconds in repetition 56
tcp_ping received 768 bytes back
Round trip time was 0.014539 milliseconds in repetition 57
tcp_ping received 768 bytes back
Round trip time was 0.014488 milliseconds in repetition 58
tcp_ping received 768 bytes back
Round trip time was 0.01461 milliseconds in repetition 59
tcp_ping received 768 bytes back
Round trip time was 0.014201 milliseconds in repetition 60
tcp_ping received 768 bytes back
Round trip time was 0.014576 milliseconds in repetition 61
tcp_ping received 768 bytes back
Round trip time was 0.01467 milliseconds in repetition 62
tcp_ping received 768 bytes back
Round trip time was 0.01456 milliseconds in repetition 63
tcp_ping received 768 bytes back
Round trip time was 0.014513 milliseconds in repetition 64
tcp_ping received 768 bytes back
Round trip time was 0.014501 milliseconds in repetition 65
tcp_ping received 768 bytes back
Round trip time was 0.014708 milliseconds in repetition 66
tcp_ping received 768 bytes back
Round trip time was 0.014278 milliseconds in repetition 67
tcp_ping received 768 bytes back
Round trip time was 0.014233 milliseconds in repetition 68
tcp_ping received 768 bytes back
Round trip time was 0.014288 milliseconds in repetition 69
tcp_ping received 768 bytes back
Round trip time was 0.01479 milliseconds in repetition 70
tcp_ping received 768 bytes back
Round trip time was 0.014537 milliseconds in repetition 71
tcp_ping received 768 bytes back
Round trip time was 0.015777 milliseconds in repetition 72
tcp_ping received 768 bytes back
Round trip time was 0.019489 milliseconds in repetition 73
tcp_ping received 768 bytes back
Round trip time was 0.020363 milliseconds in repetition 74
tcp_ping received 768 bytes back
Round trip time was 0.02644 milliseconds in repetition 75
tcp_ping received 768 bytes back
Round trip time was 0.020252 milliseconds in repetition 76
tcp_ping received 768 bytes back
Round trip time was 0.019618 milliseconds in repetition 77
tcp_ping received 768 bytes back
Round trip time was 0.018882 milliseconds in repetition 78
tcp_ping received 768 bytes back
Round trip time was 0.018523 milliseconds in repetition 79
tcp_ping received 768 bytes back
Round trip time was 0.018179 milliseconds in repetition 80
tcp_ping received 768 bytes back
Round trip time was 0.018217 milliseconds in repetition 81
tcp_ping received 768 bytes back
Round trip time was 0.018111 milliseconds in repetition 82
tcp_ping received 768 bytes back
Round trip time was 0.017708 milliseconds in repetition 83
tcp_ping received 768 bytes back
Round trip time was 0.017726 milliseconds in repetition 84
tcp_ping received 768 bytes back
Round trip time was 0.019341 milliseconds in repetition 85
tcp_ping received 768 bytes back
Round trip time was 0.021824 milliseconds in repetition 86
tcp_ping received 768 bytes back
Round trip time was 0.015248 milliseconds in repetition 87
tcp_ping received 768 bytes back
Round trip time was 0.014358 milliseconds in repetition 88
tcp_ping received 768 bytes back
Round trip time was 0.015068 milliseconds in repetition 89
tcp_ping received 768 bytes back
Round trip time was 0.015778 milliseconds in repetition 90
tcp_ping received 768 bytes back
Round trip time was 0.019679 milliseconds in repetition 91
tcp_ping received 768 bytes back
Round trip time was 0.013384 milliseconds in repetition 92
tcp_ping received 768 bytes back
Round trip time was 0.035239 milliseconds in repetition 93
tcp_ping received 768 bytes back
Round trip time was 0.035623 milliseconds in repetition 94
tcp_ping received 768 bytes back
Round trip time was 0.013805 milliseconds in repetition 95
tcp_ping received 768 bytes back
Round trip time was 0.01298 milliseconds in repetition 96
tcp_ping received 768 bytes back
Round trip time was 0.012597 milliseconds in repetition 97
tcp_ping received 768 bytes back
Round trip time was 0.012098 milliseconds in repetition 98
tcp_ping received 768 bytes back
Round trip time was 0.012364 milliseconds in repetition 99
tcp_ping received 768 bytes back
Round trip time was 0.017857 milliseconds in repetition 100
tcp_ping received 768 bytes back
Round trip time was 0.016134 milliseconds in repetition 101
tcp_ping received 768 bytes back
Round trip time was 0.016614 milliseconds in repetition 102
tcp_ping received 768 bytes back
Round trip time was 0.016484 milliseconds in repetition 103
tcp_ping received 768 bytes back
Round trip time was 0.013448 milliseconds in repetition 104
tcp_ping received 768 bytes back
Round trip time was 0.012414 milliseconds in repetition 105
tcp_ping received 768 bytes back
Round trip time was 0.01237 milliseconds in repetition 106
tcp_ping received 768 bytes back
Round trip time was 0.012375 milliseconds in repetition 107
tcp_ping received 768 bytes back
Round trip time was 0.01271 milliseconds in repetition 108
tcp_ping received 768 bytes back
Round trip time was 0.012475 milliseconds in repetition 109
tcp_ping received 768 bytes back
Round trip time was 0.012578 milliseconds in repetition 110
tcp_ping received 768 bytes back
Round trip time was 0.012177 milliseconds in repetition 111
tcp_ping received 768 bytes back
Round trip time was 0.012671 milliseconds in repetition 112
tcp_ping received 768 bytes back
Round trip time was 0.012264 milliseconds in repetition 113
tcp_ping received 768 bytes back
Round trip time was 0.01235 milliseconds in repetition 114
tcp_ping received 768 bytes back
Round trip time was 0.012136 milliseconds in repetition 115
tcp_ping received 768 bytes back
Round trip time was 0.012305 milliseconds in repetition 116
tcp_ping received 768 bytes back
Round trip time was 0.012381 milliseconds in repetition 117
tcp_ping received 768 bytes back
Round trip time was 0.012365 milliseconds in repetition 118
tcp_ping received 768 bytes back
Round trip time was 0.012367 milliseconds in repetition 119
tcp_ping received 768 bytes back
Round trip time was 0.012625 milliseconds in repetition 120
tcp_ping received 768 bytes back
Round trip time was 0.012563 milliseconds in repetition 121
tcp_ping received 768 bytes back
Round trip time was 0.012477 milliseconds in repetition 122
tcp_ping received 768 bytes back
Round trip time was 0.012049 milliseconds in repetition 123
tcp_ping received 768 bytes back
Round trip time was 0.012394 milliseconds in repetition 124
tcp_ping received 768 bytes back
Round trip time was 0.026304 milliseconds in repetition 125
tcp_ping received 768 bytes back
Round trip time was 0.018025 milliseconds in repetition 126
tcp_ping received 768 bytes back
Round trip time was 0.017175 milliseconds in repetition 127
tcp_ping received 768 bytes back
Round trip time was 0.021756 milliseconds in repetition 128
tcp_ping received 768 bytes back
Round trip time was 0.016697 milliseconds in repetition 129
tcp_ping received 768 bytes back
Round trip time was 0.021239 milliseconds in repetition 130
tcp_ping received 768 bytes back
Round trip time was 0.023959 milliseconds in repetition 131
tcp_ping received 768 bytes back
Round trip time was 0.018747 milliseconds in repetition 132
tcp_ping received 768 bytes back
Round trip time was 0.024104 milliseconds in repetition 133
tcp_ping received 768 bytes back
Round trip time was 0.014294 milliseconds in repetition 134
tcp_ping received 768 bytes back
Round trip time was 0.01262 milliseconds in repetition 135
tcp_ping received 768 bytes back
Round trip time was 0.012516 milliseconds in repetition 136
tcp_ping received 768 bytes back
Round trip time was 0.012822 milliseconds in repetition 137
tcp_ping received 768 bytes back
Round trip time was 0.012612 milliseconds in repetition 138
tcp_ping received 768 bytes back
Round trip time was 0.012615 milliseconds in repetition 139
tcp_ping received 768 bytes back
Round trip time was 0.012365 milliseconds in repetition 140
tcp_ping received 768 bytes back
Round trip time was 0.01225 milliseconds in repetition 141
tcp_ping received 768 bytes back
Round trip time was 0.012422 milliseconds in repetition 142
tcp_ping received 768 bytes back
Round trip time was 0.012519 milliseconds in repetition 143
tcp_ping received 768 bytes back
Round trip time was 0.012761 milliseconds in repetition 144
tcp_ping received 768 bytes back
Round trip time was 0.012377 milliseconds in repetition 145
tcp_ping received 768 bytes back
Round trip time was 0.012789 milliseconds in repetition 146
tcp_ping received 768 bytes back
Round trip time was 0.012436 milliseconds in repetition 147
tcp_ping received 768 bytes back
Round trip time was 0.012365 milliseconds in repetition 148
tcp_ping received 768 bytes back
Round trip time was 0.012101 milliseconds in repetition 149
tcp_ping received 768 bytes back
Round trip time was 0.012559 milliseconds in repetition 150
tcp_ping received 768 bytes back
Round trip time was 0.012278 milliseconds in repetition 151
tcp_ping received 768 bytes back
Round trip time was 0.012616 milliseconds in repetition 152
tcp_ping received 768 bytes back
Round trip time was 0.012298 milliseconds in repetition 153
tcp_ping received 768 bytes back
Round trip time was 0.012569 milliseconds in repetition 154
tcp_ping received 768 bytes back
Round trip time was 0.012279 milliseconds in repetition 155
tcp_ping received 768 bytes back
Round trip time was 0.012307 milliseconds in repetition 156
tcp_ping received 768 bytes back
Round trip time was 0.012295 milliseconds in repetition 157
tcp_ping received 768 bytes back
Round trip time was 0.012397 milliseconds in repetition 158
tcp_ping received 768 bytes back
Round trip time was 0.012278 milliseconds in repetition 159
tcp_ping received 768 bytes back
Round trip time was 0.012418 milliseconds in repetition 160
tcp_ping received 768 bytes back
Round trip time was 0.012316 milliseconds in repetition 161
tcp_ping received 768 bytes back
Round trip time was 0.012576 milliseconds in repetition 162
tcp_ping received 768 bytes back
Round trip time was 0.012184 milliseconds in repetition 163
tcp_ping received 768 bytes back
Round trip time was 0.01248 milliseconds in repetition 164
tcp_ping received 768 bytes back
Round trip time was 0.01227 milliseconds in repetition 165
tcp_ping received 768 bytes back
Round trip time was 0.012459 milliseconds in repetition 166
tcp_ping received 768 bytes back
Round trip time was 0.012279 milliseconds in repetition 167
tcp_ping received 768 bytes back
Round trip time was 0.01234 milliseconds in repetition 168
tcp_ping received 768 bytes back
Round trip time was 0.011991 milliseconds in repetition 169
tcp_ping received 768 bytes back
Round trip time was 0.012247 milliseconds in repetition 170
tcp_ping received 768 bytes back
Round trip time was 0.016784 milliseconds in repetition 171
tcp_ping received 768 bytes back
Round trip time was 0.012502 milliseconds in repetition 172
tcp_ping received 768 bytes back
Round trip time was 0.012338 milliseconds in repetition 173
tcp_ping received 768 bytes back
Round trip time was 0.012419 milliseconds in repetition 174
tcp_ping received 768 bytes back
Round trip time was 0.012395 milliseconds in repetition 175
tcp_ping received 768 bytes back
Round trip time was 0.012495 milliseconds in repetition 176
tcp_ping received 768 bytes back
Round trip time was 0.013476 milliseconds in repetition 177
tcp_ping received 768 bytes back
Round trip time was 0.01252 milliseconds in repetition 178
tcp_ping received 768 bytes back
Round trip time was 0.012677 milliseconds in repetition 179
tcp_ping received 768 bytes back
Round trip time was 0.012187 milliseconds in repetition 180
tcp_ping received 768 bytes back
Round trip time was 0.012093 milliseconds in repetition 181
tcp_ping received 768 bytes back
Round trip time was 0.012602 milliseconds in repetition 182
tcp_ping received 768 bytes back
Round trip time was 0.012837 milliseconds in repetition 183
tcp_ping received 768 bytes back
Round trip time was 0.012639 milliseconds in repetition 184
tcp_ping received 768 bytes back
Round trip time was 0.012141 milliseconds in repetition 185
tcp_ping received 768 bytes back
Round trip time was 0.012351 milliseconds in repetition 186
tcp_ping received 768 bytes back
Round trip time was 0.012744 milliseconds in repetition 187
tcp_ping received 768 bytes back
Round trip time was 0.012449 milliseconds in repetition 188
tcp_ping received 768 bytes back
Round trip time was 0.012343 milliseconds in repetition 189
tcp_ping received 768 bytes back
Round trip time was 0.01237 milliseconds in repetition 190
tcp_ping received 768 bytes back
Round trip time was 0.012522 milliseconds in repetition 191
tcp_ping received 768 bytes back
Round trip time was 0.012449 milliseconds in repetition 192
tcp_ping received 768 bytes back
Round trip time was 0.01222 milliseconds in repetition 193
tcp_ping received 768 bytes back
Round trip time was 0.01239 milliseconds in repetition 194
tcp_ping received 768 bytes back
Round trip time was 0.012637 milliseconds in repetition 195
tcp_ping received 768 bytes back
Round trip time was 0.012331 milliseconds in repetition 196
tcp_ping received 768 bytes back
Round trip time was 0.012035 milliseconds in repetition 197
tcp_ping received 768 bytes back
Round trip time was 0.012522 milliseconds in repetition 198
tcp_ping received 768 bytes back
Round trip time was 0.015815 milliseconds in repetition 199
tcp_ping received 768 bytes back
Round trip time was 0.01575 milliseconds in repetition 200
tcp_ping received 768 bytes back
Round trip time was 0.012782 milliseconds in repetition 201
tcp_ping received 768 bytes back
Round trip time was 0.016497 milliseconds in repetition 202
tcp_ping received 768 bytes back
Round trip time was 0.014211 milliseconds in repetition 203
tcp_ping received 768 bytes back
Round trip time was 0.012428 milliseconds in repetition 204
tcp_ping received 768 bytes back
Round trip time was 0.012143 milliseconds in repetition 205
tcp_ping received 768 bytes back
Round trip time was 0.01244 milliseconds in repetition 206
tcp_ping received 768 bytes back
Round trip time was 0.012663 milliseconds in repetition 207
tcp_ping received 768 bytes back
Round trip time was 0.012703 milliseconds in repetition 208
tcp_ping received 768 bytes back
Round trip time was 0.01224 milliseconds in repetition 209
tcp_ping received 768 bytes back
Round trip time was 0.012471 milliseconds in repetition 210
tcp_ping received 768 bytes back
Round trip time was 0.012383 milliseconds in repetition 211
tcp_ping received 768 bytes back
Round trip time was 0.012484 milliseconds in repetition 212
tcp_ping received 768 bytes back
Round trip time was 0.012102 milliseconds in repetition 213
tcp_ping received 768 bytes back
Round trip time was 0.016359 milliseconds in repetition 214
tcp_ping received 768 bytes back
Round trip time was 0.01333 milliseconds in repetition 215
tcp_ping received 768 bytes back
Round trip time was 0.012418 milliseconds in repetition 216
tcp_ping received 768 bytes back
Round trip time was 0.012176 milliseconds in repetition 217
tcp_ping received 768 bytes back
Round trip time was 0.012252 milliseconds in repetition 218
tcp_ping received 768 bytes back
Round trip time was 0.012731 milliseconds in repetition 219
tcp_ping received 768 bytes back
Round trip time was 0.012742 milliseconds in repetition 220
tcp_ping received 768 bytes back
Round trip time was 0.013236 milliseconds in repetition 221
tcp_ping received 768 bytes back
Round trip time was 0.012522 milliseconds in repetition 222
tcp_ping received 768 bytes back
Round trip time was 0.012694 milliseconds in repetition 223
tcp_ping received 768 bytes back
Round trip time was 0.012267 milliseconds in repetition 224
tcp_ping received 768 bytes back
Round trip time was 0.012203 milliseconds in repetition 225
tcp_ping received 768 bytes back
Round trip time was 0.012315 milliseconds in repetition 226
tcp_ping received 768 bytes back
Round trip time was 0.012728 milliseconds in repetition 227
tcp_ping received 768 bytes back
Round trip time was 0.012547 milliseconds in repetition 228
tcp_ping received 768 bytes back
Round trip time was 0.012072 milliseconds in repetition 229
tcp_ping received 768 bytes back
Round trip time was 0.012441 milliseconds in repetition 230
tcp_ping received 768 bytes back
Round trip time was 0.012517 milliseconds in repetition 231
tcp_ping received 768 bytes back
Round trip time was 0.012242 milliseconds in repetition 232
tcp_ping received 768 bytes back
Round trip time was 0.012304 milliseconds in repetition 233
tcp_ping received 768 bytes back
Round trip time was 0.012348 milliseconds in repetition 234
tcp_ping received 768 bytes back
Round trip time was 0.012652 milliseconds in repetition 235
tcp_ping received 768 bytes back
Round trip time was 0.012743 milliseconds in repetition 236
tcp_ping received 768 bytes back
Round trip time was 0.012394 milliseconds in repetition 237
tcp_ping received 768 bytes back
Round trip time was 0.012473 milliseconds in repetition 238
tcp_ping received 768 bytes back
Round trip time was 0.012321 milliseconds in repetition 239
tcp_ping received 768 bytes back
Round trip time was 0.012359 milliseconds in repetition 240
tcp_ping received 768 bytes back
Round trip time was 0.012295 milliseconds in repetition 241
tcp_ping received 768 bytes back
Round trip time was 0.012454 milliseconds in repetition 242
tcp_ping received 768 bytes back
Round trip time was 0.01259 milliseconds in repetition 243
tcp_ping received 768 bytes back
Round trip time was 0.012372 milliseconds in repetition 244
tcp_ping received 768 bytes back
Round trip time was 0.012154 milliseconds in repetition 245
tcp_ping received 768 bytes back
Round trip time was 0.012572 milliseconds in repetition 246
tcp_ping received 768 bytes back
Round trip time was 0.012546 milliseconds in repetition 247
tcp_ping received 768 bytes back
Round trip time was 0.012234 milliseconds in repetition 248
tcp_ping received 768 bytes back
Round trip time was 0.012146 milliseconds in repetition 249
tcp_ping received 768 bytes back
Round trip time was 0.012247 milliseconds in repetition 250
tcp_ping received 768 bytes back
Round trip time was 0.012671 milliseconds in repetition 251
tcp_ping received 768 bytes back
Round trip time was 0.012648 milliseconds in repetition 252
tcp_ping received 768 bytes back
Round trip time was 0.012177 milliseconds in repetition 253
tcp_ping received 768 bytes back
Round trip time was 0.012334 milliseconds in repetition 254
tcp_ping received 768 bytes back
Round trip time was 0.012608 milliseconds in repetition 255
tcp_ping received 768 bytes back
Round trip time was 0.016235 milliseconds in repetition 256
tcp_ping received 768 bytes back
Round trip time was 0.013152 milliseconds in repetition 257
tcp_ping received 768 bytes back
Round trip time was 0.01261 milliseconds in repetition 258
tcp_ping received 768 bytes back
Round trip time was 0.012693 milliseconds in repetition 259
tcp_ping received 768 bytes back
Round trip time was 0.01245 milliseconds in repetition 260
tcp_ping received 768 bytes back
Round trip time was 0.012194 milliseconds in repetition 261
tcp_ping received 768 bytes back
Round trip time was 0.013359 milliseconds in repetition 262
tcp_ping received 768 bytes back
Round trip time was 0.016435 milliseconds in repetition 263
tcp_ping received 768 bytes back
Round trip time was 0.017083 milliseconds in repetition 264
tcp_ping received 768 bytes back
Round trip time was 0.01756 milliseconds in repetition 265
tcp_ping received 768 bytes back
Round trip time was 0.016911 milliseconds in repetition 266
tcp_ping received 768 bytes back
Round trip time was 0.01601 milliseconds in repetition 267
tcp_ping received 768 bytes back
Round trip time was 0.016109 milliseconds in repetition 268
tcp_ping received 768 bytes back
Round trip time was 0.015923 milliseconds in repetition 269
tcp_ping received 768 bytes back
Round trip time was 0.013163 milliseconds in repetition 270
tcp_ping received 768 bytes back
Round trip time was 0.012606 milliseconds in repetition 271
tcp_ping received 768 bytes back
Round trip time was 0.012472 milliseconds in repetition 272
tcp_ping received 768 bytes back
Round trip time was 0.011946 milliseconds in repetition 273
tcp_ping received 768 bytes back
Round trip time was 0.012565 milliseconds in repetition 274
tcp_ping received 768 bytes back
Round trip time was 0.012703 milliseconds in repetition 275
tcp_ping received 768 bytes back
Round trip time was 0.012144 milliseconds in repetition 276
tcp_ping received 768 bytes back
Round trip time was 0.01199 milliseconds in repetition 277
tcp_ping received 768 bytes back
Round trip time was 0.012601 milliseconds in repetition 278
tcp_ping received 768 bytes back
Round trip time was 0.012584 milliseconds in repetition 279
tcp_ping received 768 bytes back
Round trip time was 0.012358 milliseconds in repetition 280
tcp_ping received 768 bytes back
Round trip time was 0.011899 milliseconds in repetition 281
tcp_ping received 768 bytes back
Round trip time was 0.012502 milliseconds in repetition 282
tcp_ping received 768 bytes back
Round trip time was 0.012389 milliseconds in repetition 283
tcp_ping received 768 bytes back
Round trip time was 0.012115 milliseconds in repetition 284
tcp_ping received 768 bytes back
Round trip time was 0.012001 milliseconds in repetition 285
tcp_ping received 768 bytes back
Round trip time was 0.012448 milliseconds in repetition 286
tcp_ping received 768 bytes back
Round trip time was 0.012232 milliseconds in repetition 287
tcp_ping received 768 bytes back
Round trip time was 0.012385 milliseconds in repetition 288
tcp_ping received 768 bytes back
Round trip time was 0.012262 milliseconds in repetition 289
tcp_ping received 768 bytes back
Round trip time was 0.012741 milliseconds in repetition 290
tcp_ping received 768 bytes back
Round trip time was 0.012508 milliseconds in repetition 291
tcp_ping received 768 bytes back
Round trip time was 0.012098 milliseconds in repetition 292
tcp_ping received 768 bytes back
Round trip time was 0.012041 milliseconds in repetition 293
tcp_ping received 768 bytes back
Round trip time was 0.012756 milliseconds in repetition 294
tcp_ping received 768 bytes back
Round trip time was 0.012485 milliseconds in repetition 295
tcp_ping received 768 bytes back
Round trip time was 0.012189 milliseconds in repetition 296
tcp_ping received 768 bytes back
Round trip time was 0.011947 milliseconds in repetition 297
tcp_ping received 768 bytes back
Round trip time was 0.012684 milliseconds in repetition 298
tcp_ping received 768 bytes back
Round trip time was 0.016453 milliseconds in repetition 299
tcp_ping received 768 bytes back
Round trip time was 0.01328 milliseconds in repetition 300
tcp_ping received 768 bytes back
Round trip time was 0.012213 milliseconds in repetition 301
tcp_ping received 768 bytes back
Round trip time was 0.012667 milliseconds in repetition 302
tcp_ping received 768 bytes back
Round trip time was 0.012127 milliseconds in repetition 303
tcp_ping received 768 bytes back
Round trip time was 0.012232 milliseconds in repetition 304
tcp_ping received 768 bytes back
Round trip time was 0.012062 milliseconds in repetition 305
tcp_ping received 768 bytes back
Round trip time was 0.012516 milliseconds in repetition 306
tcp_ping received 768 bytes back
Round trip time was 0.012587 milliseconds in repetition 307
tcp_ping received 768 bytes back
Round trip time was 0.012069 milliseconds in repetition 308
tcp_ping received 768 bytes back
Round trip time was 0.013054 milliseconds in repetition 309
tcp_ping received 768 bytes back
Round trip time was 0.012767 milliseconds in repetition 310
tcp_ping received 768 bytes back
Round trip time was 0.012639 milliseconds in repetition 311
tcp_ping received 768 bytes back
Round trip time was 0.012243 milliseconds in repetition 312
tcp_ping received 768 bytes back
Round trip time was 0.01205 milliseconds in repetition 313
tcp_ping received 768 bytes back
Round trip time was 0.01249 milliseconds in repetition 314
tcp_ping received 768 bytes back
Round trip time was 0.012268 milliseconds in repetition 315
tcp_ping received 768 bytes back
Round trip time was 0.011976 milliseconds in repetition 316
tcp_ping received 768 bytes back
Round trip time was 0.012077 milliseconds in repetition 317
tcp_ping received 768 bytes back
Round trip time was 0.012602 milliseconds in repetition 318
tcp_ping received 768 bytes back
Round trip time was 0.012137 milliseconds in repetition 319
tcp_ping received 768 bytes back
Round trip time was 0.012066 milliseconds in repetition 320
tcp_ping received 768 bytes back
Round trip time was 0.0121 milliseconds in repetition 321
tcp_ping received 768 bytes back
Round trip time was 0.012645 milliseconds in repetition 322
tcp_ping received 768 bytes back
Round trip time was 0.012616 milliseconds in repetition 323
tcp_ping received 768 bytes back
Round trip time was 0.012231 milliseconds in repetition 324
tcp_ping received 768 bytes back
Round trip time was 0.012072 milliseconds in repetition 325
tcp_ping received 768 bytes back
Round trip time was 0.012647 milliseconds in repetition 326
tcp_ping received 768 bytes back
Round trip time was 0.012472 milliseconds in repetition 327
tcp_ping received 768 bytes back
Round trip time was 0.011999 milliseconds in repetition 328
tcp_ping received 768 bytes back
Round trip time was 0.011949 milliseconds in repetition 329
tcp_ping received 768 bytes back
Round trip time was 0.012379 milliseconds in repetition 330
tcp_ping received 768 bytes back
Round trip time was 0.012606 milliseconds in repetition 331
tcp_ping received 768 bytes back
Round trip time was 0.012501 milliseconds in repetition 332
tcp_ping received 768 bytes back
Round trip time was 0.012172 milliseconds in repetition 333
tcp_ping received 768 bytes back
Round trip time was 0.012613 milliseconds in repetition 334
tcp_ping received 768 bytes back
Round trip time was 0.012158 milliseconds in repetition 335
tcp_ping received 768 bytes back
Round trip time was 0.01205 milliseconds in repetition 336
tcp_ping received 768 bytes back
Round trip time was 0.012111 milliseconds in repetition 337
tcp_ping received 768 bytes back
Round trip time was 0.012702 milliseconds in repetition 338
tcp_ping received 768 bytes back
Round trip time was 0.012739 milliseconds in repetition 339
tcp_ping received 768 bytes back
Round trip time was 0.012532 milliseconds in repetition 340
tcp_ping received 768 bytes back
Round trip time was 0.013112 milliseconds in repetition 341
tcp_ping received 768 bytes back
Round trip time was 0.018542 milliseconds in repetition 342
tcp_ping received 768 bytes back
Round trip time was 0.014237 milliseconds in repetition 343
tcp_ping received 768 bytes back
Round trip time was 0.012521 milliseconds in repetition 344
tcp_ping received 768 bytes back
Round trip time was 0.012095 milliseconds in repetition 345
tcp_ping received 768 bytes back
Round trip time was 0.012495 milliseconds in repetition 346
tcp_ping received 768 bytes back
Round trip time was 0.012589 milliseconds in repetition 347
tcp_ping received 768 bytes back
Round trip time was 0.012297 milliseconds in repetition 348
tcp_ping received 768 bytes back
Round trip time was 0.012293 milliseconds in repetition 349
tcp_ping received 768 bytes back
Round trip time was 0.012627 milliseconds in repetition 350
tcp_ping received 768 bytes back
Round trip time was 0.012353 milliseconds in repetition 351
tcp_ping received 768 bytes back
Round trip time was 0.012133 milliseconds in repetition 352
tcp_ping received 768 bytes back
Round trip time was 0.01357 milliseconds in repetition 353
tcp_ping received 768 bytes back
Round trip time was 0.02359 milliseconds in repetition 354
tcp_ping received 768 bytes back
Round trip time was 0.016732 milliseconds in repetition 355
tcp_ping received 768 bytes back
Round trip time was 0.013076 milliseconds in repetition 356
tcp_ping received 768 bytes back
Round trip time was 0.012555 milliseconds in repetition 357
tcp_ping received 768 bytes back
Round trip time was 0.012599 milliseconds in repetition 358
tcp_ping received 768 bytes back
Round trip time was 0.012497 milliseconds in repetition 359
tcp_ping received 768 bytes back
Round trip time was 0.012005 milliseconds in repetition 360
tcp_ping received 768 bytes back
Round trip time was 0.012321 milliseconds in repetition 361
tcp_ping received 768 bytes back
Round trip time was 0.01266 milliseconds in repetition 362
tcp_ping received 768 bytes back
Round trip time was 0.012438 milliseconds in repetition 363
tcp_ping received 768 bytes back
Round trip time was 0.012135 milliseconds in repetition 364
tcp_ping received 768 bytes back
Round trip time was 0.012398 milliseconds in repetition 365
tcp_ping received 768 bytes back
Round trip time was 0.012693 milliseconds in repetition 366
tcp_ping received 768 bytes back
Round trip time was 0.012641 milliseconds in repetition 367
tcp_ping received 768 bytes back
Round trip time was 0.012375 milliseconds in repetition 368
tcp_ping received 768 bytes back
Round trip time was 0.01248 milliseconds in repetition 369
tcp_ping received 768 bytes back
Round trip time was 0.012668 milliseconds in repetition 370
tcp_ping received 768 bytes back
Round trip time was 0.01256 milliseconds in repetition 371
tcp_ping received 768 bytes back
Round trip time was 0.012049 milliseconds in repetition 372
tcp_ping received 768 bytes back
Round trip time was 0.012298 milliseconds in repetition 373
tcp_ping received 768 bytes back
Round trip time was 0.012507 milliseconds in repetition 374
tcp_ping received 768 bytes back
Round trip time was 0.012352 milliseconds in repetition 375
tcp_ping received 768 bytes back
Round trip time was 0.012037 milliseconds in repetition 376
tcp_ping received 768 bytes back
Round trip time was 0.01236 milliseconds in repetition 377
tcp_ping received 768 bytes back
Round trip time was 0.012559 milliseconds in repetition 378
tcp_ping received 768 bytes back
Round trip time was 0.012388 milliseconds in repetition 379
tcp_ping received 768 bytes back
Round trip time was 0.012278 milliseconds in repetition 380
tcp_ping received 768 bytes back
Round trip time was 0.012114 milliseconds in repetition 381
tcp_ping received 768 bytes back
Round trip time was 0.012447 milliseconds in repetition 382
tcp_ping received 768 bytes back
Round trip time was 0.012312 milliseconds in repetition 383
tcp_ping received 768 bytes back
Round trip time was 0.016153 milliseconds in repetition 384
tcp_ping received 768 bytes back
Round trip time was 0.013266 milliseconds in repetition 385
tcp_ping received 768 bytes back
Round trip time was 0.012624 milliseconds in repetition 386
tcp_ping received 768 bytes back
Round trip time was 0.012354 milliseconds in repetition 387
tcp_ping received 768 bytes back
Round trip time was 0.012204 milliseconds in repetition 388
tcp_ping received 768 bytes back
Round trip time was 0.012124 milliseconds in repetition 389
tcp_ping received 768 bytes back
Round trip time was 0.012553 milliseconds in repetition 390
tcp_ping received 768 bytes back
Round trip time was 0.012376 milliseconds in repetition 391
tcp_ping received 768 bytes back
Round trip time was 0.01209 milliseconds in repetition 392
tcp_ping received 768 bytes back
Round trip time was 0.012194 milliseconds in repetition 393
tcp_ping received 768 bytes back
Round trip time was 0.012506 milliseconds in repetition 394
tcp_ping received 768 bytes back
Round trip time was 0.012336 milliseconds in repetition 395
tcp_ping received 768 bytes back
Round trip time was 0.012059 milliseconds in repetition 396
tcp_ping received 768 bytes back
Round trip time was 0.012332 milliseconds in repetition 397
tcp_ping received 768 bytes back
Round trip time was 0.013497 milliseconds in repetition 398
tcp_ping received 768 bytes back
Round trip time was 0.012466 milliseconds in repetition 399
tcp_ping received 768 bytes back
Round trip time was 0.01275 milliseconds in repetition 400
tcp_ping received 768 bytes back
Round trip time was 0.01216 milliseconds in repetition 401
tcp_ping received 768 bytes back
Round trip time was 0.012366 milliseconds in repetition 402
tcp_ping received 768 bytes back
Round trip time was 0.012276 milliseconds in repetition 403
tcp_ping received 768 bytes back
Round trip time was 0.012306 milliseconds in repetition 404
tcp_ping received 768 bytes back
Round trip time was 0.012435 milliseconds in repetition 405
tcp_ping received 768 bytes back
Round trip time was 0.012605 milliseconds in repetition 406
tcp_ping received 768 bytes back
Round trip time was 0.012511 milliseconds in repetition 407
tcp_ping received 768 bytes back
Round trip time was 0.012473 milliseconds in repetition 408
tcp_ping received 768 bytes back
Round trip time was 0.012017 milliseconds in repetition 409
tcp_ping received 768 bytes back
Round trip time was 0.012327 milliseconds in repetition 410
tcp_ping received 768 bytes back
Round trip time was 0.012172 milliseconds in repetition 411
tcp_ping received 768 bytes back
Round trip time was 0.012567 milliseconds in repetition 412
tcp_ping received 768 bytes back
Round trip time was 0.012239 milliseconds in repetition 413
tcp_ping received 768 bytes back
Round trip time was 0.012415 milliseconds in repetition 414
tcp_ping received 768 bytes back
Round trip time was 0.012435 milliseconds in repetition 415
tcp_ping received 768 bytes back
Round trip time was 0.012268 milliseconds in repetition 416
tcp_ping received 768 bytes back
Round trip time was 0.012265 milliseconds in repetition 417
tcp_ping received 768 bytes back
Round trip time was 0.012354 milliseconds in repetition 418
tcp_ping received 768 bytes back
Round trip time was 0.012369 milliseconds in repetition 419
tcp_ping received 768 bytes back
Round trip time was 0.01247 milliseconds in repetition 420
tcp_ping received 768 bytes back
Round trip time was 0.012245 milliseconds in repetition 421
tcp_ping received 768 bytes back
Round trip time was 0.01254 milliseconds in repetition 422
tcp_ping received 768 bytes back
Round trip time was 0.012429 milliseconds in repetition 423
tcp_ping received 768 bytes back
Round trip time was 0.012227 milliseconds in repetition 424
tcp_ping received 768 bytes back
Round trip time was 0.01204 milliseconds in repetition 425
tcp_ping received 768 bytes back
Round trip time was 0.01218 milliseconds in repetition 426
tcp_ping received 768 bytes back
Round trip time was 0.016025 milliseconds in repetition 427
tcp_ping received 768 bytes back
Round trip time was 0.013039 milliseconds in repetition 428
tcp_ping received 768 bytes back
Round trip time was 0.012338 milliseconds in repetition 429
tcp_ping received 768 bytes back
Round trip time was 0.012475 milliseconds in repetition 430
tcp_ping received 768 bytes back
Round trip time was 0.012183 milliseconds in repetition 431
tcp_ping received 768 bytes back
Round trip time was 0.012625 milliseconds in repetition 432
tcp_ping received 768 bytes back
Round trip time was 0.012314 milliseconds in repetition 433
tcp_ping received 768 bytes back
Round trip time was 0.012336 milliseconds in repetition 434
tcp_ping received 768 bytes back
Round trip time was 0.012396 milliseconds in repetition 435
tcp_ping received 768 bytes back
Round trip time was 0.012315 milliseconds in repetition 436
tcp_ping received 768 bytes back
Round trip time was 0.012283 milliseconds in repetition 437
tcp_ping received 768 bytes back
Round trip time was 0.012441 milliseconds in repetition 438
tcp_ping received 768 bytes back
Round trip time was 0.012397 milliseconds in repetition 439
tcp_ping received 768 bytes back
Round trip time was 0.012391 milliseconds in repetition 440
tcp_ping received 768 bytes back
Round trip time was 0.012334 milliseconds in repetition 441
tcp_ping received 768 bytes back
Round trip time was 0.013219 milliseconds in repetition 442
tcp_ping received 768 bytes back
Round trip time was 0.012411 milliseconds in repetition 443
tcp_ping received 768 bytes back
Round trip time was 0.012596 milliseconds in repetition 444
tcp_ping received 768 bytes back
Round trip time was 0.012345 milliseconds in repetition 445
tcp_ping received 768 bytes back
Round trip time was 0.012396 milliseconds in repetition 446
tcp_ping received 768 bytes back
Round trip time was 0.012138 milliseconds in repetition 447
tcp_ping received 768 bytes back
Round trip time was 0.012186 milliseconds in repetition 448
tcp_ping received 768 bytes back
Round trip time was 0.012262 milliseconds in repetition 449
tcp_ping received 768 bytes back
Round trip time was 0.012469 milliseconds in repetition 450
tcp_ping received 768 bytes back
Round trip time was 0.01223 milliseconds in repetition 451
tcp_ping received 768 bytes back
Round trip time was 0.012397 milliseconds in repetition 452
tcp_ping received 768 bytes back
Round trip time was 0.012199 milliseconds in repetition 453
tcp_ping received 768 bytes back
Round trip time was 0.012474 milliseconds in repetition 454
tcp_ping received 768 bytes back
Round trip time was 0.012263 milliseconds in repetition 455
tcp_ping received 768 bytes back
Round trip time was 0.012203 milliseconds in repetition 456
tcp_ping received 768 bytes back
Round trip time was 0.012037 milliseconds in repetition 457
tcp_ping received 768 bytes back
Round trip time was 0.012348 milliseconds in repetition 458
tcp_ping received 768 bytes back
Round trip time was 0.012297 milliseconds in repetition 459
tcp_ping received 768 bytes back
Round trip time was 0.012116 milliseconds in repetition 460
tcp_ping received 768 bytes back
Round trip time was 0.012192 milliseconds in repetition 461
tcp_ping received 768 bytes back
Round trip time was 0.012387 milliseconds in repetition 462
tcp_ping received 768 bytes back
Round trip time was 0.012351 milliseconds in repetition 463
tcp_ping received 768 bytes back
Round trip time was 0.01263 milliseconds in repetition 464
tcp_ping received 768 bytes back
Round trip time was 0.012263 milliseconds in repetition 465
tcp_ping received 768 bytes back
Round trip time was 0.01226 milliseconds in repetition 466
tcp_ping received 768 bytes back
Round trip time was 0.011899 milliseconds in repetition 467
tcp_ping received 768 bytes back
Round trip time was 0.01219 milliseconds in repetition 468
tcp_ping received 768 bytes back
Round trip time was 0.01218 milliseconds in repetition 469
tcp_ping received 768 bytes back
Round trip time was 0.016151 milliseconds in repetition 470
tcp_ping received 768 bytes back
Round trip time was 0.013272 milliseconds in repetition 471
tcp_ping received 768 bytes back
Round trip time was 0.012434 milliseconds in repetition 472
tcp_ping received 768 bytes back
Round trip time was 0.012055 milliseconds in repetition 473
tcp_ping received 768 bytes back
Round trip time was 0.012292 milliseconds in repetition 474
tcp_ping received 768 bytes back
Round trip time was 0.012213 milliseconds in repetition 475
tcp_ping received 768 bytes back
Round trip time was 0.012463 milliseconds in repetition 476
tcp_ping received 768 bytes back
Round trip time was 0.01218 milliseconds in repetition 477
tcp_ping received 768 bytes back
Round trip time was 0.012402 milliseconds in repetition 478
tcp_ping received 768 bytes back
Round trip time was 0.012356 milliseconds in repetition 479
tcp_ping received 768 bytes back
Round trip time was 0.012337 milliseconds in repetition 480
tcp_ping received 768 bytes back
Round trip time was 0.012105 milliseconds in repetition 481
tcp_ping received 768 bytes back
Round trip time was 0.012467 milliseconds in repetition 482
tcp_ping received 768 bytes back
Round trip time was 0.011972 milliseconds in repetition 483
tcp_ping received 768 bytes back
Round trip time was 0.01226 milliseconds in repetition 484
tcp_ping received 768 bytes back
Round trip time was 0.012205 milliseconds in repetition 485
tcp_ping received 768 bytes back
Round trip time was 0.01344 milliseconds in repetition 486
tcp_ping received 768 bytes back
Round trip time was 0.012741 milliseconds in repetition 487
tcp_ping received 768 bytes back
Round trip time was 0.012316 milliseconds in repetition 488
tcp_ping received 768 bytes back
Round trip time was 0.01197 milliseconds in repetition 489
tcp_ping received 768 bytes back
Round trip time was 0.012139 milliseconds in repetition 490
tcp_ping received 768 bytes back
Round trip time was 0.012569 milliseconds in repetition 491
tcp_ping received 768 bytes back
Round trip time was 0.012287 milliseconds in repetition 492
tcp_ping received 768 bytes back
Round trip time was 0.012298 milliseconds in repetition 493
tcp_ping received 768 bytes back
Round trip time was 0.012536 milliseconds in repetition 494
tcp_ping received 768 bytes back
Round trip time was 0.012525 milliseconds in repetition 495
tcp_ping received 768 bytes back
Round trip time was 0.012412 milliseconds in repetition 496
tcp_ping received 768 bytes back
Round trip time was 0.012222 milliseconds in repetition 497
tcp_ping received 768 bytes back
Round trip time was 0.012322 milliseconds in repetition 498
tcp_ping received 768 bytes back
Round trip time was 0.012463 milliseconds in repetition 499
tcp_ping received 768 bytes back
Round trip time was 0.012294 milliseconds in repetition 500
tcp_ping received 768 bytes back
Round trip time was 0.012229 milliseconds in repetition 501

 ... clock resolution was 1e-06
TCP Ping:  Statistics over 501 repetitions of 768 byte messages

RTT : percentile 10: 0.012138, median: 0.012497, percentile 90: 0.016025, average: 0.0134771, variance: 6.59354e-06

RTT histogram:
0.0118985 248
0.0130847 123
0.014271 69
0.0154572 11
0.0166435 19
0.0178297 8
0.019016 7
0.0202022 4
0.0213885 3
0.0225747 1
0.023761 3
0.0249472 1
0.0261335 2
0.0273197 0
0.028506 0
0.0296922 0
0.0308785 0
0.0320647 0
0.033251 0
0.0344372 0
0.0356235 2

   median Throughput : 122909 KB/s   overall Throughput : 113971 KB/s

