TCP Ping trying to connect to server localhost (127.0.0.1) on port 1492
 ... connected to Pong server: asking for 501 repetitions of 131072 bytes TCP messages
 ... Pong server agreed:-)
tcp_ping received 131072 bytes back
Round trip time was 0.493903 milliseconds in repetition 1
tcp_ping received 131072 bytes back
Round trip time was 41.2186 milliseconds in repetition 2
tcp_ping received 131072 bytes back
Round trip time was 0.656625 milliseconds in repetition 3
tcp_ping received 131072 bytes back
Round trip time was 0.649214 milliseconds in repetition 4
tcp_ping received 131072 bytes back
Round trip time was 0.65108 milliseconds in repetition 5
tcp_ping received 131072 bytes back
Round trip time was 0.633584 milliseconds in repetition 6
tcp_ping received 131072 bytes back
Round trip time was 0.641113 milliseconds in repetition 7
tcp_ping received 131072 bytes back
Round trip time was 0.669108 milliseconds in repetition 8
tcp_ping received 131072 bytes back
Round trip time was 0.646002 milliseconds in repetition 9
tcp_ping received 131072 bytes back
Round trip time was 0.647007 milliseconds in repetition 10
tcp_ping received 131072 bytes back
Round trip time was 0.616596 milliseconds in repetition 11
tcp_ping received 131072 bytes back
Round trip time was 0.594989 milliseconds in repetition 12
tcp_ping received 131072 bytes back
Round trip time was 0.621083 milliseconds in repetition 13
tcp_ping received 131072 bytes back
Round trip time was 0.61517 milliseconds in repetition 14
tcp_ping received 131072 bytes back
Round trip time was 0.623291 milliseconds in repetition 15
tcp_ping received 131072 bytes back
Round trip time was 0.585095 milliseconds in repetition 16
tcp_ping received 131072 bytes back
Round trip time was 0.581441 milliseconds in repetition 17
tcp_ping received 131072 bytes back
Round trip time was 0.581921 milliseconds in repetition 18
tcp_ping received 131072 bytes back
Round trip time was 0.57971 milliseconds in repetition 19
tcp_ping received 131072 bytes back
Round trip time was 0.578323 milliseconds in repetition 20
tcp_ping received 131072 bytes back
Round trip time was 0.585483 milliseconds in repetition 21
tcp_ping received 131072 bytes back
Round trip time was 0.581322 milliseconds in repetition 22
tcp_ping received 131072 bytes back
Round trip time was 0.592826 milliseconds in repetition 23
tcp_ping received 131072 bytes back
Round trip time was 0.579021 milliseconds in repetition 24
tcp_ping received 131072 bytes back
Round trip time was 0.57947 milliseconds in repetition 25
tcp_ping received 131072 bytes back
Round trip time was 0.578606 milliseconds in repetition 26
tcp_ping received 131072 bytes back
Round trip time was 0.580805 milliseconds in repetition 27
tcp_ping received 131072 bytes back
Round trip time was 0.584714 milliseconds in repetition 28
tcp_ping received 131072 bytes back
Round trip time was 0.579757 milliseconds in repetition 29
tcp_ping received 131072 bytes back
Round trip time was 0.577003 milliseconds in repetition 30
tcp_ping received 131072 bytes back
Round trip time was 0.577896 milliseconds in repetition 31
tcp_ping received 131072 bytes back
Round trip time was 0.578538 milliseconds in repetition 32
tcp_ping received 131072 bytes back
Round trip time was 0.578243 milliseconds in repetition 33
tcp_ping received 131072 bytes back
Round trip time was 0.579309 milliseconds in repetition 34
tcp_ping received 131072 bytes back
Round trip time was 0.582801 milliseconds in repetition 35
tcp_ping received 131072 bytes back
Round trip time was 0.583431 milliseconds in repetition 36
tcp_ping received 131072 bytes back
Round trip time was 0.579207 milliseconds in repetition 37
tcp_ping received 131072 bytes back
Round trip time was 0.580367 milliseconds in repetition 38
tcp_ping received 131072 bytes back
Round trip time was 0.581003 milliseconds in repetition 39
tcp_ping received 131072 bytes back
Round trip time was 0.541799 milliseconds in repetition 40
tcp_ping received 131072 bytes back
Round trip time was 0.599834 milliseconds in repetition 41
tcp_ping received 131072 bytes back
Round trip time was 0.588522 milliseconds in repetition 42
tcp_ping received 131072 bytes back
Round trip time was 0.584458 milliseconds in repetition 43
tcp_ping received 131072 bytes back
Round trip time was 0.570487 milliseconds in repetition 44
tcp_ping received 131072 bytes back
Round trip time was 0.558529 milliseconds in repetition 45
tcp_ping received 131072 bytes back
Round trip time was 0.585076 milliseconds in repetition 46
tcp_ping received 131072 bytes back
Round trip time was 0.580423 milliseconds in repetition 47
tcp_ping received 131072 bytes back
Round trip time was 0.579862 milliseconds in repetition 48
tcp_ping received 131072 bytes back
Round trip time was 0.586312 milliseconds in repetition 49
tcp_ping received 131072 bytes back
Round trip time was 0.582856 milliseconds in repetition 50
tcp_ping received 131072 bytes back
Round trip time was 0.583098 milliseconds in repetition 51
tcp_ping received 131072 bytes back
Round trip time was 0.582823 milliseconds in repetition 52
tcp_ping received 131072 bytes back
Round trip time was 0.582456 milliseconds in repetition 53
tcp_ping received 131072 bytes back
Round trip time was 0.58035 milliseconds in repetition 54
tcp_ping received 131072 bytes back
Round trip time was 0.581331 milliseconds in repetition 55
tcp_ping received 131072 bytes back
Round trip time was 0.588759 milliseconds in repetition 56
tcp_ping received 131072 bytes back
Round trip time was 0.58325 milliseconds in repetition 57
tcp_ping received 131072 bytes back
Round trip time was 0.583722 milliseconds in repetition 58
tcp_ping received 131072 bytes back
Round trip time was 0.582906 milliseconds in repetition 59
tcp_ping received 131072 bytes back
Round trip time was 0.582182 milliseconds in repetition 60
tcp_ping received 131072 bytes back
Round trip time was 0.618739 milliseconds in repetition 61
tcp_ping received 131072 bytes back
Round trip time was 0.622651 milliseconds in repetition 62
tcp_ping received 131072 bytes back
Round trip time was 0.614649 milliseconds in repetition 63
tcp_ping received 131072 bytes back
Round trip time was 0.611221 milliseconds in repetition 64
tcp_ping received 131072 bytes back
Round trip time was 0.615999 milliseconds in repetition 65
tcp_ping received 131072 bytes back
Round trip time was 0.619288 milliseconds in repetition 66
tcp_ping received 131072 bytes back
Round trip time was 0.586318 milliseconds in repetition 67
tcp_ping received 131072 bytes back
Round trip time was 0.544939 milliseconds in repetition 68
tcp_ping received 131072 bytes back
Round trip time was 0.627456 milliseconds in repetition 69
tcp_ping received 131072 bytes back
Round trip time was 0.563514 milliseconds in repetition 70
tcp_ping received 131072 bytes back
Round trip time was 0.590247 milliseconds in repetition 71
tcp_ping received 131072 bytes back
Round trip time was 0.570111 milliseconds in repetition 72
tcp_ping received 131072 bytes back
Round trip time was 0.554453 milliseconds in repetition 73
tcp_ping received 131072 bytes back
Round trip time was 0.52343 milliseconds in repetition 74
tcp_ping received 131072 bytes back
Round trip time was 0.604948 milliseconds in repetition 75
tcp_ping received 131072 bytes back
Round trip time was 0.440323 milliseconds in repetition 76
tcp_ping received 131072 bytes back
Round trip time was 0.405086 milliseconds in repetition 77
tcp_ping received 131072 bytes back
Round trip time was 0.402859 milliseconds in repetition 78
tcp_ping received 131072 bytes back
Round trip time was 0.402474 milliseconds in repetition 79
tcp_ping received 131072 bytes back
Round trip time was 0.40144 milliseconds in repetition 80
tcp_ping received 131072 bytes back
Round trip time was 0.401443 milliseconds in repetition 81
tcp_ping received 131072 bytes back
Round trip time was 0.402923 milliseconds in repetition 82
tcp_ping received 131072 bytes back
Round trip time was 0.401317 milliseconds in repetition 83
tcp_ping received 131072 bytes back
Round trip time was 0.407519 milliseconds in repetition 84
tcp_ping received 131072 bytes back
Round trip time was 0.402232 milliseconds in repetition 85
tcp_ping received 131072 bytes back
Round trip time was 0.407155 milliseconds in repetition 86
tcp_ping received 131072 bytes back
Round trip time was 0.402452 milliseconds in repetition 87
tcp_ping received 131072 bytes back
Round trip time was 0.401384 milliseconds in repetition 88
tcp_ping received 131072 bytes back
Round trip time was 0.401404 milliseconds in repetition 89
tcp_ping received 131072 bytes back
Round trip time was 0.404665 milliseconds in repetition 90
tcp_ping received 131072 bytes back
Round trip time was 0.415165 milliseconds in repetition 91
tcp_ping received 131072 bytes back
Round trip time was 0.403301 milliseconds in repetition 92
tcp_ping received 131072 bytes back
Round trip time was 0.40124 milliseconds in repetition 93
tcp_ping received 131072 bytes back
Round trip time was 0.401221 milliseconds in repetition 94
tcp_ping received 131072 bytes back
Round trip time was 0.404595 milliseconds in repetition 95
tcp_ping received 131072 bytes back
Round trip time was 0.407554 milliseconds in repetition 96
tcp_ping received 131072 bytes back
Round trip time was 0.40396 milliseconds in repetition 97
tcp_ping received 131072 bytes back
Round trip time was 0.418332 milliseconds in repetition 98
tcp_ping received 131072 bytes back
Round trip time was 0.403458 milliseconds in repetition 99
tcp_ping received 131072 bytes back
Round trip time was 0.403397 milliseconds in repetition 100
tcp_ping received 131072 bytes back
Round trip time was 0.400964 milliseconds in repetition 101
tcp_ping received 131072 bytes back
Round trip time was 0.400585 milliseconds in repetition 102
tcp_ping received 131072 bytes back
Round trip time was 0.40091 milliseconds in repetition 103
tcp_ping received 131072 bytes back
Round trip time was 0.401695 milliseconds in repetition 104
tcp_ping received 131072 bytes back
Round trip time was 0.407717 milliseconds in repetition 105
tcp_ping received 131072 bytes back
Round trip time was 0.407432 milliseconds in repetition 106
tcp_ping received 131072 bytes back
Round trip time was 0.41309 milliseconds in repetition 107
tcp_ping received 131072 bytes back
Round trip time was 0.404126 milliseconds in repetition 108
tcp_ping received 131072 bytes back
Round trip time was 0.40496 milliseconds in repetition 109
tcp_ping received 131072 bytes back
Round trip time was 0.401205 milliseconds in repetition 110
tcp_ping received 131072 bytes back
Round trip time was 0.40068 milliseconds in repetition 111
tcp_ping received 131072 bytes back
Round trip time was 0.400627 milliseconds in repetition 112
tcp_ping received 131072 bytes back
Round trip time was 0.400813 milliseconds in repetition 113
tcp_ping received 131072 bytes back
Round trip time was 0.40116 milliseconds in repetition 114
tcp_ping received 131072 bytes back
Round trip time was 0.409122 milliseconds in repetition 115
tcp_ping received 131072 bytes back
Round trip time was 0.402575 milliseconds in repetition 116
tcp_ping received 131072 bytes back
Round trip time was 0.401004 milliseconds in repetition 117
tcp_ping received 131072 bytes back
Round trip time was 0.401511 milliseconds in repetition 118
tcp_ping received 131072 bytes back
Round trip time was 0.401516 milliseconds in repetition 119
tcp_ping received 131072 bytes back
Round trip time was 0.402197 milliseconds in repetition 120
tcp_ping received 131072 bytes back
Round trip time was 0.402233 milliseconds in repetition 121
tcp_ping received 131072 bytes back
Round trip time was 0.402157 milliseconds in repetition 122
tcp_ping received 131072 bytes back
Round trip time was 0.403372 milliseconds in repetition 123
tcp_ping received 131072 bytes back
Round trip time was 0.402157 milliseconds in repetition 124
tcp_ping received 131072 bytes back
Round trip time was 0.408283 milliseconds in repetition 125
tcp_ping received 131072 bytes back
Round trip time was 0.404368 milliseconds in repetition 126
tcp_ping received 131072 bytes back
Round trip time was 0.406781 milliseconds in repetition 127
tcp_ping received 131072 bytes back
Round trip time was 0.403032 milliseconds in repetition 128
tcp_ping received 131072 bytes back
Round trip time was 0.40329 milliseconds in repetition 129
tcp_ping received 131072 bytes back
Round trip time was 0.411963 milliseconds in repetition 130
tcp_ping received 131072 bytes back
Round trip time was 0.403306 milliseconds in repetition 131
tcp_ping received 131072 bytes back
Round trip time was 0.402399 milliseconds in repetition 132
tcp_ping received 131072 bytes back
Round trip time was 0.402383 milliseconds in repetition 133
tcp_ping received 131072 bytes back
Round trip time was 0.402935 milliseconds in repetition 134
tcp_ping received 131072 bytes back
Round trip time was 0.408514 milliseconds in repetition 135
tcp_ping received 131072 bytes back
Round trip time was 0.403431 milliseconds in repetition 136
tcp_ping received 131072 bytes back
Round trip time was 0.40189 milliseconds in repetition 137
tcp_ping received 131072 bytes back
Round trip time was 0.403616 milliseconds in repetition 138
tcp_ping received 131072 bytes back
Round trip time was 0.402304 milliseconds in repetition 139
tcp_ping received 131072 bytes back
Round trip time was 0.402343 milliseconds in repetition 140
tcp_ping received 131072 bytes back
Round trip time was 0.402009 milliseconds in repetition 141
tcp_ping received 131072 bytes back
Round trip time was 0.402238 milliseconds in repetition 142
tcp_ping received 131072 bytes back
Round trip time was 0.408551 milliseconds in repetition 143
tcp_ping received 131072 bytes back
Round trip time was 0.402313 milliseconds in repetition 144
tcp_ping received 131072 bytes back
Round trip time was 0.406186 milliseconds in repetition 145
tcp_ping received 131072 bytes back
Round trip time was 0.401689 milliseconds in repetition 146
tcp_ping received 131072 bytes back
Round trip time was 0.413635 milliseconds in repetition 147
tcp_ping received 131072 bytes back
Round trip time was 0.407374 milliseconds in repetition 148
tcp_ping received 131072 bytes back
Round trip time was 0.404702 milliseconds in repetition 149
tcp_ping received 131072 bytes back
Round trip time was 0.401392 milliseconds in repetition 150
tcp_ping received 131072 bytes back
Round trip time was 0.401919 milliseconds in repetition 151
tcp_ping received 131072 bytes back
Round trip time was 0.400758 milliseconds in repetition 152
tcp_ping received 131072 bytes back
Round trip time was 0.401377 milliseconds in repetition 153
tcp_ping received 131072 bytes back
Round trip time was 0.409904 milliseconds in repetition 154
tcp_ping received 131072 bytes back
Round trip time was 0.403573 milliseconds in repetition 155
tcp_ping received 131072 bytes back
Round trip time was 0.401181 milliseconds in repetition 156
tcp_ping received 131072 bytes back
Round trip time was 0.400371 milliseconds in repetition 157
tcp_ping received 131072 bytes back
Round trip time was 0.400999 milliseconds in repetition 158
tcp_ping received 131072 bytes back
Round trip time was 0.400525 milliseconds in repetition 159
tcp_ping received 131072 bytes back
Round trip time was 0.400542 milliseconds in repetition 160
tcp_ping received 131072 bytes back
Round trip time was 0.400353 milliseconds in repetition 161
tcp_ping received 131072 bytes back
Round trip time was 0.40077 milliseconds in repetition 162
tcp_ping received 131072 bytes back
Round trip time was 0.401131 milliseconds in repetition 163
tcp_ping received 131072 bytes back
Round trip time was 0.403472 milliseconds in repetition 164
tcp_ping received 131072 bytes back
Round trip time was 0.400878 milliseconds in repetition 165
tcp_ping received 131072 bytes back
Round trip time was 0.400766 milliseconds in repetition 166
tcp_ping received 131072 bytes back
Round trip time was 0.400768 milliseconds in repetition 167
tcp_ping received 131072 bytes back
Round trip time was 0.400502 milliseconds in repetition 168
tcp_ping received 131072 bytes back
Round trip time was 0.400488 milliseconds in repetition 169
tcp_ping received 131072 bytes back
Round trip time was 0.401015 milliseconds in repetition 170
tcp_ping received 131072 bytes back
Round trip time was 0.401582 milliseconds in repetition 171
tcp_ping received 131072 bytes back
Round trip time was 0.412286 milliseconds in repetition 172
tcp_ping received 131072 bytes back
Round trip time was 0.406765 milliseconds in repetition 173
tcp_ping received 131072 bytes back
Round trip time was 0.408042 milliseconds in repetition 174
tcp_ping received 131072 bytes back
Round trip time was 0.403749 milliseconds in repetition 175
tcp_ping received 131072 bytes back
Round trip time was 0.623652 milliseconds in repetition 176
tcp_ping received 131072 bytes back
Round trip time was 0.650369 milliseconds in repetition 177
tcp_ping received 131072 bytes back
Round trip time was 0.653867 milliseconds in repetition 178
tcp_ping received 131072 bytes back
Round trip time was 0.424882 milliseconds in repetition 179
tcp_ping received 131072 bytes back
Round trip time was 0.404012 milliseconds in repetition 180
tcp_ping received 131072 bytes back
Round trip time was 0.402064 milliseconds in repetition 181
tcp_ping received 131072 bytes back
Round trip time was 0.408206 milliseconds in repetition 182
tcp_ping received 131072 bytes back
Round trip time was 0.403198 milliseconds in repetition 183
tcp_ping received 131072 bytes back
Round trip time was 0.400966 milliseconds in repetition 184
tcp_ping received 131072 bytes back
Round trip time was 0.400841 milliseconds in repetition 185
tcp_ping received 131072 bytes back
Round trip time was 0.401273 milliseconds in repetition 186
tcp_ping received 131072 bytes back
Round trip time was 0.400599 milliseconds in repetition 187
tcp_ping received 131072 bytes back
Round trip time was 0.401652 milliseconds in repetition 188
tcp_ping received 131072 bytes back
Round trip time was 0.400712 milliseconds in repetition 189
tcp_ping received 131072 bytes back
Round trip time was 0.400091 milliseconds in repetition 190
tcp_ping received 131072 bytes back
Round trip time was 0.40091 milliseconds in repetition 191
tcp_ping received 131072 bytes back
Round trip time was 0.40745 milliseconds in repetition 192
tcp_ping received 131072 bytes back
Round trip time was 0.401635 milliseconds in repetition 193
tcp_ping received 131072 bytes back
Round trip time was 0.401112 milliseconds in repetition 194
tcp_ping received 131072 bytes back
Round trip time was 0.401212 milliseconds in repetition 195
tcp_ping received 131072 bytes back
Round trip time was 0.403591 milliseconds in repetition 196
tcp_ping received 131072 bytes back
Round trip time was 0.400587 milliseconds in repetition 197
tcp_ping received 131072 bytes back
Round trip time was 0.401801 milliseconds in repetition 198
tcp_ping received 131072 bytes back
Round trip time was 0.401622 milliseconds in repetition 199
tcp_ping received 131072 bytes back
Round trip time was 0.401642 milliseconds in repetition 200
tcp_ping received 131072 bytes back
Round trip time was 0.40256 milliseconds in repetition 201
tcp_ping received 131072 bytes back
Round trip time was 0.40793 milliseconds in repetition 202
tcp_ping received 131072 bytes back
Round trip time was 0.403037 milliseconds in repetition 203
tcp_ping received 131072 bytes back
Round trip time was 0.401728 milliseconds in repetition 204
tcp_ping received 131072 bytes back
Round trip time was 0.401912 milliseconds in repetition 205
tcp_ping received 131072 bytes back
Round trip time was 0.402409 milliseconds in repetition 206
tcp_ping received 131072 bytes back
Round trip time was 0.402244 milliseconds in repetition 207
tcp_ping received 131072 bytes back
Round trip time was 0.401703 milliseconds in repetition 208
tcp_ping received 131072 bytes back
Round trip time was 0.401408 milliseconds in repetition 209
tcp_ping received 131072 bytes back
Round trip time was 0.401625 milliseconds in repetition 210
tcp_ping received 131072 bytes back
Round trip time was 0.402076 milliseconds in repetition 211
tcp_ping received 131072 bytes back
Round trip time was 0.408148 milliseconds in repetition 212
tcp_ping received 131072 bytes back
Round trip time was 0.402966 milliseconds in repetition 213
tcp_ping received 131072 bytes back
Round trip time was 0.402427 milliseconds in repetition 214
tcp_ping received 131072 bytes back
Round trip time was 0.402685 milliseconds in repetition 215
tcp_ping received 131072 bytes back
Round trip time was 0.401965 milliseconds in repetition 216
tcp_ping received 131072 bytes back
Round trip time was 0.401929 milliseconds in repetition 217
tcp_ping received 131072 bytes back
Round trip time was 0.402437 milliseconds in repetition 218
tcp_ping received 131072 bytes back
Round trip time was 0.403927 milliseconds in repetition 219
tcp_ping received 131072 bytes back
Round trip time was 0.417309 milliseconds in repetition 220
tcp_ping received 131072 bytes back
Round trip time was 0.40472 milliseconds in repetition 221
tcp_ping received 131072 bytes back
Round trip time was 0.423316 milliseconds in repetition 222
tcp_ping received 131072 bytes back
Round trip time was 0.40383 milliseconds in repetition 223
tcp_ping received 131072 bytes back
Round trip time was 0.403619 milliseconds in repetition 224
tcp_ping received 131072 bytes back
Round trip time was 0.40505 milliseconds in repetition 225
tcp_ping received 131072 bytes back
Round trip time was 0.402166 milliseconds in repetition 226
tcp_ping received 131072 bytes back
Round trip time was 0.401518 milliseconds in repetition 227
tcp_ping received 131072 bytes back
Round trip time was 0.401247 milliseconds in repetition 228
tcp_ping received 131072 bytes back
Round trip time was 0.401643 milliseconds in repetition 229
tcp_ping received 131072 bytes back
Round trip time was 0.400962 milliseconds in repetition 230
tcp_ping received 131072 bytes back
Round trip time was 0.406497 milliseconds in repetition 231
tcp_ping received 131072 bytes back
Round trip time was 0.402599 milliseconds in repetition 232
tcp_ping received 131072 bytes back
Round trip time was 0.40111 milliseconds in repetition 233
tcp_ping received 131072 bytes back
Round trip time was 0.401007 milliseconds in repetition 234
tcp_ping received 131072 bytes back
Round trip time was 0.401338 milliseconds in repetition 235
tcp_ping received 131072 bytes back
Round trip time was 0.401935 milliseconds in repetition 236
tcp_ping received 131072 bytes back
Round trip time was 0.40134 milliseconds in repetition 237
tcp_ping received 131072 bytes back
Round trip time was 0.401005 milliseconds in repetition 238
tcp_ping received 131072 bytes back
Round trip time was 0.400683 milliseconds in repetition 239
tcp_ping received 131072 bytes back
Round trip time was 0.401447 milliseconds in repetition 240
tcp_ping received 131072 bytes back
Round trip time was 0.406687 milliseconds in repetition 241
tcp_ping received 131072 bytes back
Round trip time was 0.401994 milliseconds in repetition 242
tcp_ping received 131072 bytes back
Round trip time was 0.400953 milliseconds in repetition 243
tcp_ping received 131072 bytes back
Round trip time was 0.41086 milliseconds in repetition 244
tcp_ping received 131072 bytes back
Round trip time was 0.404404 milliseconds in repetition 245
tcp_ping received 131072 bytes back
Round trip time was 0.404884 milliseconds in repetition 246
tcp_ping received 131072 bytes back
Round trip time was 0.401108 milliseconds in repetition 247
tcp_ping received 131072 bytes back
Round trip time was 0.40321 milliseconds in repetition 248
tcp_ping received 131072 bytes back
Round trip time was 0.401178 milliseconds in repetition 249
tcp_ping received 131072 bytes back
Round trip time was 0.40073 milliseconds in repetition 250
tcp_ping received 131072 bytes back
Round trip time was 0.409185 milliseconds in repetition 251
tcp_ping received 131072 bytes back
Round trip time was 0.402535 milliseconds in repetition 252
tcp_ping received 131072 bytes back
Round trip time was 0.401344 milliseconds in repetition 253
tcp_ping received 131072 bytes back
Round trip time was 0.400747 milliseconds in repetition 254
tcp_ping received 131072 bytes back
Round trip time was 0.401532 milliseconds in repetition 255
tcp_ping received 131072 bytes back
Round trip time was 0.401429 milliseconds in repetition 256
tcp_ping received 131072 bytes back
Round trip time was 0.401783 milliseconds in repetition 257
tcp_ping received 131072 bytes back
Round trip time was 0.401613 milliseconds in repetition 258
tcp_ping received 131072 bytes back
Round trip time was 0.401023 milliseconds in repetition 259
tcp_ping received 131072 bytes back
Round trip time was 0.400936 milliseconds in repetition 260
tcp_ping received 131072 bytes back
Round trip time was 0.404002 milliseconds in repetition 261
tcp_ping received 131072 bytes back
Round trip time was 0.401992 milliseconds in repetition 262
tcp_ping received 131072 bytes back
Round trip time was 0.401557 milliseconds in repetition 263
tcp_ping received 131072 bytes back
Round trip time was 0.400766 milliseconds in repetition 264
tcp_ping received 131072 bytes back
Round trip time was 0.401955 milliseconds in repetition 265
tcp_ping received 131072 bytes back
Round trip time was 0.401821 milliseconds in repetition 266
tcp_ping received 131072 bytes back
Round trip time was 0.401075 milliseconds in repetition 267
tcp_ping received 131072 bytes back
Round trip time was 0.400506 milliseconds in repetition 268
tcp_ping received 131072 bytes back
Round trip time was 0.401331 milliseconds in repetition 269
tcp_ping received 131072 bytes back
Round trip time was 0.404638 milliseconds in repetition 270
tcp_ping received 131072 bytes back
Round trip time was 0.404548 milliseconds in repetition 271
tcp_ping received 131072 bytes back
Round trip time was 0.40191 milliseconds in repetition 272
tcp_ping received 131072 bytes back
Round trip time was 0.401399 milliseconds in repetition 273
tcp_ping received 131072 bytes back
Round trip time was 0.401115 milliseconds in repetition 274
tcp_ping received 131072 bytes back
Round trip time was 0.400749 milliseconds in repetition 275
tcp_ping received 131072 bytes back
Round trip time was 0.40092 milliseconds in repetition 276
tcp_ping received 131072 bytes back
Round trip time was 0.401303 milliseconds in repetition 277
tcp_ping received 131072 bytes back
Round trip time was 0.404947 milliseconds in repetition 278
tcp_ping received 131072 bytes back
Round trip time was 0.403727 milliseconds in repetition 279
tcp_ping received 131072 bytes back
Round trip time was 0.401905 milliseconds in repetition 280
tcp_ping received 131072 bytes back
Round trip time was 0.40519 milliseconds in repetition 281
tcp_ping received 131072 bytes back
Round trip time was 0.402624 milliseconds in repetition 282
tcp_ping received 131072 bytes back
Round trip time was 0.401811 milliseconds in repetition 283
tcp_ping received 131072 bytes back
Round trip time was 0.402707 milliseconds in repetition 284
tcp_ping received 131072 bytes back
Round trip time was 0.402247 milliseconds in repetition 285
tcp_ping received 131072 bytes back
Round trip time was 0.401884 milliseconds in repetition 286
tcp_ping received 131072 bytes back
Round trip time was 0.401589 milliseconds in repetition 287
tcp_ping received 131072 bytes back
Round trip time was 0.402671 milliseconds in repetition 288
tcp_ping received 131072 bytes back
Round trip time was 0.404185 milliseconds in repetition 289
tcp_ping received 131072 bytes back
Round trip time was 0.403183 milliseconds in repetition 290
tcp_ping received 131072 bytes back
Round trip time was 0.40602 milliseconds in repetition 291
tcp_ping received 131072 bytes back
Round trip time was 0.403184 milliseconds in repetition 292
tcp_ping received 131072 bytes back
Round trip time was 0.402207 milliseconds in repetition 293
tcp_ping received 131072 bytes back
Round trip time was 0.415753 milliseconds in repetition 294
tcp_ping received 131072 bytes back
Round trip time was 0.405082 milliseconds in repetition 295
tcp_ping received 131072 bytes back
Round trip time was 0.405695 milliseconds in repetition 296
tcp_ping received 131072 bytes back
Round trip time was 0.402759 milliseconds in repetition 297
tcp_ping received 131072 bytes back
Round trip time was 0.402297 milliseconds in repetition 298
tcp_ping received 131072 bytes back
Round trip time was 0.402859 milliseconds in repetition 299
tcp_ping received 131072 bytes back
Round trip time was 0.407579 milliseconds in repetition 300
tcp_ping received 131072 bytes back
Round trip time was 0.403515 milliseconds in repetition 301
tcp_ping received 131072 bytes back
Round trip time was 0.435492 milliseconds in repetition 302
tcp_ping received 131072 bytes back
Round trip time was 0.403241 milliseconds in repetition 303
tcp_ping received 131072 bytes back
Round trip time was 0.402125 milliseconds in repetition 304
tcp_ping received 131072 bytes back
Round trip time was 0.411228 milliseconds in repetition 305
tcp_ping received 131072 bytes back
Round trip time was 0.403305 milliseconds in repetition 306
tcp_ping received 131072 bytes back
Round trip time was 0.401441 milliseconds in repetition 307
tcp_ping received 131072 bytes back
Round trip time was 0.400688 milliseconds in repetition 308
tcp_ping received 131072 bytes back
Round trip time was 0.401013 milliseconds in repetition 309
tcp_ping received 131072 bytes back
Round trip time was 0.406595 milliseconds in repetition 310
tcp_ping received 131072 bytes back
Round trip time was 0.402399 milliseconds in repetition 311
tcp_ping received 131072 bytes back
Round trip time was 0.400579 milliseconds in repetition 312
tcp_ping received 131072 bytes back
Round trip time was 0.401061 milliseconds in repetition 313
tcp_ping received 131072 bytes back
Round trip time was 0.400985 milliseconds in repetition 314
tcp_ping received 131072 bytes back
Round trip time was 0.400674 milliseconds in repetition 315
tcp_ping received 131072 bytes back
Round trip time was 0.400679 milliseconds in repetition 316
tcp_ping received 131072 bytes back
Round trip time was 0.40106 milliseconds in repetition 317
tcp_ping received 131072 bytes back
Round trip time was 0.411184 milliseconds in repetition 318
tcp_ping received 131072 bytes back
Round trip time was 0.411982 milliseconds in repetition 319
tcp_ping received 131072 bytes back
Round trip time was 0.406862 milliseconds in repetition 320
tcp_ping received 131072 bytes back
Round trip time was 0.402766 milliseconds in repetition 321
tcp_ping received 131072 bytes back
Round trip time was 0.400945 milliseconds in repetition 322
tcp_ping received 131072 bytes back
Round trip time was 0.400653 milliseconds in repetition 323
tcp_ping received 131072 bytes back
Round trip time was 0.40068 milliseconds in repetition 324
tcp_ping received 131072 bytes back
Round trip time was 0.401499 milliseconds in repetition 325
tcp_ping received 131072 bytes back
Round trip time was 0.401229 milliseconds in repetition 326
tcp_ping received 131072 bytes back
Round trip time was 0.400826 milliseconds in repetition 327
tcp_ping received 131072 bytes back
Round trip time was 0.401175 milliseconds in repetition 328
tcp_ping received 131072 bytes back
Round trip time was 0.401173 milliseconds in repetition 329
tcp_ping received 131072 bytes back
Round trip time was 0.403827 milliseconds in repetition 330
tcp_ping received 131072 bytes back
Round trip time was 0.402075 milliseconds in repetition 331
tcp_ping received 131072 bytes back
Round trip time was 0.40093 milliseconds in repetition 332
tcp_ping received 131072 bytes back
Round trip time was 0.401234 milliseconds in repetition 333
tcp_ping received 131072 bytes back
Round trip time was 0.401108 milliseconds in repetition 334
tcp_ping received 131072 bytes back
Round trip time was 0.403342 milliseconds in repetition 335
tcp_ping received 131072 bytes back
Round trip time was 0.400886 milliseconds in repetition 336
tcp_ping received 131072 bytes back
Round trip time was 0.400745 milliseconds in repetition 337
tcp_ping received 131072 bytes back
Round trip time was 0.400873 milliseconds in repetition 338
tcp_ping received 131072 bytes back
Round trip time was 0.400667 milliseconds in repetition 339
tcp_ping received 131072 bytes back
Round trip time was 0.404192 milliseconds in repetition 340
tcp_ping received 131072 bytes back
Round trip time was 0.40231 milliseconds in repetition 341
tcp_ping received 131072 bytes back
Round trip time was 0.403273 milliseconds in repetition 342
tcp_ping received 131072 bytes back
Round trip time was 0.404923 milliseconds in repetition 343
tcp_ping received 131072 bytes back
Round trip time was 0.404008 milliseconds in repetition 344
tcp_ping received 131072 bytes back
Round trip time was 0.40099 milliseconds in repetition 345
tcp_ping received 131072 bytes back
Round trip time was 0.401024 milliseconds in repetition 346
tcp_ping received 131072 bytes back
Round trip time was 0.401265 milliseconds in repetition 347
tcp_ping received 131072 bytes back
Round trip time was 0.400964 milliseconds in repetition 348
tcp_ping received 131072 bytes back
Round trip time was 0.400846 milliseconds in repetition 349
tcp_ping received 131072 bytes back
Round trip time was 0.404726 milliseconds in repetition 350
tcp_ping received 131072 bytes back
Round trip time was 0.403333 milliseconds in repetition 351
tcp_ping received 131072 bytes back
Round trip time was 0.4007 milliseconds in repetition 352
tcp_ping received 131072 bytes back
Round trip time was 0.400812 milliseconds in repetition 353
tcp_ping received 131072 bytes back
Round trip time was 0.400472 milliseconds in repetition 354
tcp_ping received 131072 bytes back
Round trip time was 0.401064 milliseconds in repetition 355
tcp_ping received 131072 bytes back
Round trip time was 0.400702 milliseconds in repetition 356
tcp_ping received 131072 bytes back
Round trip time was 0.400584 milliseconds in repetition 357
tcp_ping received 131072 bytes back
Round trip time was 0.400989 milliseconds in repetition 358
tcp_ping received 131072 bytes back
Round trip time was 0.402036 milliseconds in repetition 359
tcp_ping received 131072 bytes back
Round trip time was 0.406887 milliseconds in repetition 360
tcp_ping received 131072 bytes back
Round trip time was 0.402377 milliseconds in repetition 361
tcp_ping received 131072 bytes back
Round trip time was 0.404124 milliseconds in repetition 362
tcp_ping received 131072 bytes back
Round trip time was 0.401869 milliseconds in repetition 363
tcp_ping received 131072 bytes back
Round trip time was 0.402149 milliseconds in repetition 364
tcp_ping received 131072 bytes back
Round trip time was 0.402871 milliseconds in repetition 365
tcp_ping received 131072 bytes back
Round trip time was 0.401806 milliseconds in repetition 366
tcp_ping received 131072 bytes back
Round trip time was 0.402232 milliseconds in repetition 367
tcp_ping received 131072 bytes back
Round trip time was 0.414577 milliseconds in repetition 368
tcp_ping received 131072 bytes back
Round trip time was 0.413017 milliseconds in repetition 369
tcp_ping received 131072 bytes back
Round trip time was 0.409312 milliseconds in repetition 370
tcp_ping received 131072 bytes back
Round trip time was 0.40464 milliseconds in repetition 371
tcp_ping received 131072 bytes back
Round trip time was 0.402367 milliseconds in repetition 372
tcp_ping received 131072 bytes back
Round trip time was 0.401488 milliseconds in repetition 373
tcp_ping received 131072 bytes back
Round trip time was 0.401478 milliseconds in repetition 374
tcp_ping received 131072 bytes back
Round trip time was 0.401919 milliseconds in repetition 375
tcp_ping received 131072 bytes back
Round trip time was 0.402177 milliseconds in repetition 376
tcp_ping received 131072 bytes back
Round trip time was 0.40237 milliseconds in repetition 377
tcp_ping received 131072 bytes back
Round trip time was 0.402527 milliseconds in repetition 378
tcp_ping received 131072 bytes back
Round trip time was 0.40601 milliseconds in repetition 379
tcp_ping received 131072 bytes back
Round trip time was 0.403004 milliseconds in repetition 380
tcp_ping received 131072 bytes back
Round trip time was 0.402165 milliseconds in repetition 381
tcp_ping received 131072 bytes back
Round trip time was 0.402872 milliseconds in repetition 382
tcp_ping received 131072 bytes back
Round trip time was 0.402481 milliseconds in repetition 383
tcp_ping received 131072 bytes back
Round trip time was 0.40247 milliseconds in repetition 384
tcp_ping received 131072 bytes back
Round trip time was 0.402874 milliseconds in repetition 385
tcp_ping received 131072 bytes back
Round trip time was 0.415036 milliseconds in repetition 386
tcp_ping received 131072 bytes back
Round trip time was 0.40906 milliseconds in repetition 387
tcp_ping received 131072 bytes back
Round trip time was 0.401261 milliseconds in repetition 388
tcp_ping received 131072 bytes back
Round trip time was 0.403753 milliseconds in repetition 389
tcp_ping received 131072 bytes back
Round trip time was 0.401463 milliseconds in repetition 390
tcp_ping received 131072 bytes back
Round trip time was 0.400574 milliseconds in repetition 391
tcp_ping received 131072 bytes back
Round trip time was 0.409231 milliseconds in repetition 392
tcp_ping received 131072 bytes back
Round trip time was 0.412592 milliseconds in repetition 393
tcp_ping received 131072 bytes back
Round trip time was 0.401514 milliseconds in repetition 394
tcp_ping received 131072 bytes back
Round trip time was 0.40269 milliseconds in repetition 395
tcp_ping received 131072 bytes back
Round trip time was 0.400984 milliseconds in repetition 396
tcp_ping received 131072 bytes back
Round trip time was 0.400995 milliseconds in repetition 397
tcp_ping received 131072 bytes back
Round trip time was 0.403135 milliseconds in repetition 398
tcp_ping received 131072 bytes back
Round trip time was 0.406841 milliseconds in repetition 399
tcp_ping received 131072 bytes back
Round trip time was 0.414794 milliseconds in repetition 400
tcp_ping received 131072 bytes back
Round trip time was 0.393545 milliseconds in repetition 401
tcp_ping received 131072 bytes back
Round trip time was 0.393032 milliseconds in repetition 402
tcp_ping received 131072 bytes back
Round trip time was 0.392818 milliseconds in repetition 403
tcp_ping received 131072 bytes back
Round trip time was 0.392384 milliseconds in repetition 404
tcp_ping received 131072 bytes back
Round trip time was 0.393134 milliseconds in repetition 405
tcp_ping received 131072 bytes back
Round trip time was 0.392926 milliseconds in repetition 406
tcp_ping received 131072 bytes back
Round trip time was 0.392388 milliseconds in repetition 407
tcp_ping received 131072 bytes back
Round trip time was 0.392279 milliseconds in repetition 408
tcp_ping received 131072 bytes back
Round trip time was 0.439105 milliseconds in repetition 409
tcp_ping received 131072 bytes back
Round trip time was 0.393896 milliseconds in repetition 410
tcp_ping received 131072 bytes back
Round trip time was 0.392839 milliseconds in repetition 411
tcp_ping received 131072 bytes back
Round trip time was 0.392909 milliseconds in repetition 412
tcp_ping received 131072 bytes back
Round trip time was 0.394568 milliseconds in repetition 413
tcp_ping received 131072 bytes back
Round trip time was 0.393845 milliseconds in repetition 414
tcp_ping received 131072 bytes back
Round trip time was 0.393069 milliseconds in repetition 415
tcp_ping received 131072 bytes back
Round trip time was 0.39504 milliseconds in repetition 416
tcp_ping received 131072 bytes back
Round trip time was 0.395879 milliseconds in repetition 417
tcp_ping received 131072 bytes back
Round trip time was 0.452066 milliseconds in repetition 418
tcp_ping received 131072 bytes back
Round trip time was 0.423413 milliseconds in repetition 419
tcp_ping received 131072 bytes back
Round trip time was 0.394646 milliseconds in repetition 420
tcp_ping received 131072 bytes back
Round trip time was 0.392686 milliseconds in repetition 421
tcp_ping received 131072 bytes back
Round trip time was 0.392921 milliseconds in repetition 422
tcp_ping received 131072 bytes back
Round trip time was 0.393558 milliseconds in repetition 423
tcp_ping received 131072 bytes back
Round trip time was 0.393261 milliseconds in repetition 424
tcp_ping received 131072 bytes back
Round trip time was 0.392559 milliseconds in repetition 425
tcp_ping received 131072 bytes back
Round trip time was 0.392875 milliseconds in repetition 426
tcp_ping received 131072 bytes back
Round trip time was 0.392538 milliseconds in repetition 427
tcp_ping received 131072 bytes back
Round trip time was 0.394408 milliseconds in repetition 428
tcp_ping received 131072 bytes back
Round trip time was 0.43356 milliseconds in repetition 429
tcp_ping received 131072 bytes back
Round trip time was 0.393385 milliseconds in repetition 430
tcp_ping received 131072 bytes back
Round trip time was 0.392837 milliseconds in repetition 431
tcp_ping received 131072 bytes back
Round trip time was 0.392449 milliseconds in repetition 432
tcp_ping received 131072 bytes back
Round trip time was 0.3924 milliseconds in repetition 433
tcp_ping received 131072 bytes back
Round trip time was 0.392725 milliseconds in repetition 434
tcp_ping received 131072 bytes back
Round trip time was 0.393059 milliseconds in repetition 435
tcp_ping received 131072 bytes back
Round trip time was 0.392949 milliseconds in repetition 436
tcp_ping received 131072 bytes back
Round trip time was 0.392931 milliseconds in repetition 437
tcp_ping received 131072 bytes back
Round trip time was 0.39404 milliseconds in repetition 438
tcp_ping received 131072 bytes back
Round trip time was 0.435269 milliseconds in repetition 439
tcp_ping received 131072 bytes back
Round trip time was 0.393866 milliseconds in repetition 440
tcp_ping received 131072 bytes back
Round trip time was 0.392838 milliseconds in repetition 441
tcp_ping received 131072 bytes back
Round trip time was 0.401447 milliseconds in repetition 442
tcp_ping received 131072 bytes back
Round trip time was 0.405064 milliseconds in repetition 443
tcp_ping received 131072 bytes back
Round trip time was 0.394389 milliseconds in repetition 444
tcp_ping received 131072 bytes back
Round trip time was 0.395491 milliseconds in repetition 445
tcp_ping received 131072 bytes back
Round trip time was 0.393211 milliseconds in repetition 446
tcp_ping received 131072 bytes back
Round trip time was 0.393533 milliseconds in repetition 447
tcp_ping received 131072 bytes back
Round trip time was 0.394182 milliseconds in repetition 448
tcp_ping received 131072 bytes back
Round trip time was 0.435733 milliseconds in repetition 449
tcp_ping received 131072 bytes back
Round trip time was 0.396202 milliseconds in repetition 450
tcp_ping received 131072 bytes back
Round trip time was 0.395461 milliseconds in repetition 451
tcp_ping received 131072 bytes back
Round trip time was 0.394803 milliseconds in repetition 452
tcp_ping received 131072 bytes back
Round trip time was 0.394331 milliseconds in repetition 453
tcp_ping received 131072 bytes back
Round trip time was 0.393387 milliseconds in repetition 454
tcp_ping received 131072 bytes back
Round trip time was 0.393911 milliseconds in repetition 455
tcp_ping received 131072 bytes back
Round trip time was 0.393923 milliseconds in repetition 456
tcp_ping received 131072 bytes back
Round trip time was 0.393693 milliseconds in repetition 457
tcp_ping received 131072 bytes back
Round trip time was 0.393644 milliseconds in repetition 458
tcp_ping received 131072 bytes back
Round trip time was 0.443004 milliseconds in repetition 459
tcp_ping received 131072 bytes back
Round trip time was 0.395032 milliseconds in repetition 460
tcp_ping received 131072 bytes back
Round trip time was 0.393709 milliseconds in repetition 461
tcp_ping received 131072 bytes back
Round trip time was 0.400743 milliseconds in repetition 462
tcp_ping received 131072 bytes back
Round trip time was 0.394333 milliseconds in repetition 463
tcp_ping received 131072 bytes back
Round trip time was 0.393172 milliseconds in repetition 464
tcp_ping received 131072 bytes back
Round trip time was 0.392838 milliseconds in repetition 465
tcp_ping received 131072 bytes back
Round trip time was 0.452309 milliseconds in repetition 466
tcp_ping received 131072 bytes back
Round trip time was 0.504544 milliseconds in repetition 467
tcp_ping received 131072 bytes back
Round trip time was 0.443951 milliseconds in repetition 468
tcp_ping received 131072 bytes back
Round trip time was 0.431833 milliseconds in repetition 469
tcp_ping received 131072 bytes back
Round trip time was 0.394338 milliseconds in repetition 470
tcp_ping received 131072 bytes back
Round trip time was 0.432339 milliseconds in repetition 471
tcp_ping received 131072 bytes back
Round trip time was 0.396437 milliseconds in repetition 472
tcp_ping received 131072 bytes back
Round trip time was 0.39334 milliseconds in repetition 473
tcp_ping received 131072 bytes back
Round trip time was 0.394775 milliseconds in repetition 474
tcp_ping received 131072 bytes back
Round trip time was 0.392913 milliseconds in repetition 475
tcp_ping received 131072 bytes back
Round trip time was 0.393038 milliseconds in repetition 476
tcp_ping received 131072 bytes back
Round trip time was 0.395009 milliseconds in repetition 477
tcp_ping received 131072 bytes back
Round trip time was 0.443094 milliseconds in repetition 478
tcp_ping received 131072 bytes back
Round trip time was 0.394263 milliseconds in repetition 479
tcp_ping received 131072 bytes back
Round trip time was 0.392491 milliseconds in repetition 480
tcp_ping received 131072 bytes back
Round trip time was 0.392451 milliseconds in repetition 481
tcp_ping received 131072 bytes back
Round trip time was 0.393299 milliseconds in repetition 482
tcp_ping received 131072 bytes back
Round trip time was 0.393131 milliseconds in repetition 483
tcp_ping received 131072 bytes back
Round trip time was 0.392684 milliseconds in repetition 484
tcp_ping received 131072 bytes back
Round trip time was 0.392761 milliseconds in repetition 485
tcp_ping received 131072 bytes back
Round trip time was 0.392653 milliseconds in repetition 486
tcp_ping received 131072 bytes back
Round trip time was 0.392417 milliseconds in repetition 487
tcp_ping received 131072 bytes back
Round trip time was 0.442762 milliseconds in repetition 488
tcp_ping received 131072 bytes back
Round trip time was 0.393171 milliseconds in repetition 489
tcp_ping received 131072 bytes back
Round trip time was 0.392491 milliseconds in repetition 490
tcp_ping received 131072 bytes back
Round trip time was 0.394225 milliseconds in repetition 491
tcp_ping received 131072 bytes back
Round trip time was 0.396274 milliseconds in repetition 492
tcp_ping received 131072 bytes back
Round trip time was 0.395 milliseconds in repetition 493
tcp_ping received 131072 bytes back
Round trip time was 0.392974 milliseconds in repetition 494
tcp_ping received 131072 bytes back
Round trip time was 0.392528 milliseconds in repetition 495
tcp_ping received 131072 bytes back
Round trip time was 0.392511 milliseconds in repetition 496
tcp_ping received 131072 bytes back
Round trip time was 0.392679 milliseconds in repetition 497
tcp_ping received 131072 bytes back
Round trip time was 0.446372 milliseconds in repetition 498
tcp_ping received 131072 bytes back
Round trip time was 0.394057 milliseconds in repetition 499
tcp_ping received 131072 bytes back
Round trip time was 0.392438 milliseconds in repetition 500
tcp_ping received 131072 bytes back
Round trip time was 0.392497 milliseconds in repetition 501

 ... clock resolution was 1e-06
TCP Ping:  Statistics over 501 repetitions of 131072 byte messages

RTT : percentile 10: 0.393558, median: 0.402207, percentile 90: 0.581322, average: 0.513759, variance: 3.32535

RTT histogram:
0.392278 500
2.43359 0
4.47491 0
6.51623 0
8.55754 0
10.5989 0
12.6402 0
14.6815 0
16.7228 0
18.7641 0
20.8054 0
22.8468 0
24.8881 0
26.9294 0
28.9707 0
31.012 0
33.0533 0
35.0946 0
37.136 0
39.1773 0
41.2186 1

   median Throughput : 651764 KB/s   overall Throughput : 510247 KB/s

