TCP Ping trying to connect to server localhost (127.0.0.1) on port 1492
 ... connected to Pong server: asking for 501 repetitions of 256 bytes TCP messages
 ... Pong server agreed:-)
tcp_ping received 256 bytes back
Round trip time was 0.057794 milliseconds in repetition 1
tcp_ping received 256 bytes back
Round trip time was 0.04865 milliseconds in repetition 2
tcp_ping received 256 bytes back
Round trip time was 0.048194 milliseconds in repetition 3
tcp_ping received 256 bytes back
Round trip time was 0.047619 milliseconds in repetition 4
tcp_ping received 256 bytes back
Round trip time was 0.048112 milliseconds in repetition 5
tcp_ping received 256 bytes back
Round trip time was 0.047962 milliseconds in repetition 6
tcp_ping received 256 bytes back
Round trip time was 0.047506 milliseconds in repetition 7
tcp_ping received 256 bytes back
Round trip time was 0.047451 milliseconds in repetition 8
tcp_ping received 256 bytes back
Round trip time was 0.047385 milliseconds in repetition 9
tcp_ping received 256 bytes back
Round trip time was 0.047329 milliseconds in repetition 10
tcp_ping received 256 bytes back
Round trip time was 0.047297 milliseconds in repetition 11
tcp_ping received 256 bytes back
Round trip time was 0.047354 milliseconds in repetition 12
tcp_ping received 256 bytes back
Round trip time was 0.049992 milliseconds in repetition 13
tcp_ping received 256 bytes back
Round trip time was 0.047316 milliseconds in repetition 14
tcp_ping received 256 bytes back
Round trip time was 0.047421 milliseconds in repetition 15
tcp_ping received 256 bytes back
Round trip time was 0.047878 milliseconds in repetition 16
tcp_ping received 256 bytes back
Round trip time was 0.047008 milliseconds in repetition 17
tcp_ping received 256 bytes back
Round trip time was 0.048098 milliseconds in repetition 18
tcp_ping received 256 bytes back
Round trip time was 0.046935 milliseconds in repetition 19
tcp_ping received 256 bytes back
Round trip time was 0.046833 milliseconds in repetition 20
tcp_ping received 256 bytes back
Round trip time was 0.047018 milliseconds in repetition 21
tcp_ping received 256 bytes back
Round trip time was 0.046922 milliseconds in repetition 22
tcp_ping received 256 bytes back
Round trip time was 0.047112 milliseconds in repetition 23
tcp_ping received 256 bytes back
Round trip time was 0.050333 milliseconds in repetition 24
tcp_ping received 256 bytes back
Round trip time was 0.047411 milliseconds in repetition 25
tcp_ping received 256 bytes back
Round trip time was 0.046892 milliseconds in repetition 26
tcp_ping received 256 bytes back
Round trip time was 0.047269 milliseconds in repetition 27
tcp_ping received 256 bytes back
Round trip time was 0.046548 milliseconds in repetition 28
tcp_ping received 256 bytes back
Round trip time was 0.046974 milliseconds in repetition 29
tcp_ping received 256 bytes back
Round trip time was 0.048889 milliseconds in repetition 30
tcp_ping received 256 bytes back
Round trip time was 0.046786 milliseconds in repetition 31
tcp_ping received 256 bytes back
Round trip time was 0.047088 milliseconds in repetition 32
tcp_ping received 256 bytes back
Round trip time was 0.047244 milliseconds in repetition 33
tcp_ping received 256 bytes back
Round trip time was 0.046866 milliseconds in repetition 34
tcp_ping received 256 bytes back
Round trip time was 0.047203 milliseconds in repetition 35
tcp_ping received 256 bytes back
Round trip time was 0.047149 milliseconds in repetition 36
tcp_ping received 256 bytes back
Round trip time was 0.049917 milliseconds in repetition 37
tcp_ping received 256 bytes back
Round trip time was 0.047575 milliseconds in repetition 38
tcp_ping received 256 bytes back
Round trip time was 0.047236 milliseconds in repetition 39
tcp_ping received 256 bytes back
Round trip time was 0.046866 milliseconds in repetition 40
tcp_ping received 256 bytes back
Round trip time was 0.047569 milliseconds in repetition 41
tcp_ping received 256 bytes back
Round trip time was 0.047163 milliseconds in repetition 42
tcp_ping received 256 bytes back
Round trip time was 0.046822 milliseconds in repetition 43
tcp_ping received 256 bytes back
Round trip time was 0.101672 milliseconds in repetition 44
tcp_ping received 256 bytes back
Round trip time was 0.062508 milliseconds in repetition 45
tcp_ping received 256 bytes back
Round trip time was 0.058373 milliseconds in repetition 46
tcp_ping received 256 bytes back
Round trip time was 0.057947 milliseconds in repetition 47
tcp_ping received 256 bytes back
Round trip time was 0.059639 milliseconds in repetition 48
tcp_ping received 256 bytes back
Round trip time was 0.0572 milliseconds in repetition 49
tcp_ping received 256 bytes back
Round trip time was 0.055652 milliseconds in repetition 50
tcp_ping received 256 bytes back
Round trip time was 0.054497 milliseconds in repetition 51
tcp_ping received 256 bytes back
Round trip time was 0.055119 milliseconds in repetition 52
tcp_ping received 256 bytes back
Round trip time was 0.056026 milliseconds in repetition 53
tcp_ping received 256 bytes back
Round trip time was 0.060486 milliseconds in repetition 54
tcp_ping received 256 bytes back
Round trip time was 0.056858 milliseconds in repetition 55
tcp_ping received 256 bytes back
Round trip time was 0.056664 milliseconds in repetition 56
tcp_ping received 256 bytes back
Round trip time was 0.055944 milliseconds in repetition 57
tcp_ping received 256 bytes back
Round trip time was 0.056664 milliseconds in repetition 58
tcp_ping received 256 bytes back
Round trip time was 0.05534 milliseconds in repetition 59
tcp_ping received 256 bytes back
Round trip time was 0.055413 milliseconds in repetition 60
tcp_ping received 256 bytes back
Round trip time was 0.056617 milliseconds in repetition 61
tcp_ping received 256 bytes back
Round trip time was 0.056593 milliseconds in repetition 62
tcp_ping received 256 bytes back
Round trip time was 0.055677 milliseconds in repetition 63
tcp_ping received 256 bytes back
Round trip time was 0.077146 milliseconds in repetition 64
tcp_ping received 256 bytes back
Round trip time was 0.170263 milliseconds in repetition 65
tcp_ping received 256 bytes back
Round trip time was 0.091077 milliseconds in repetition 66
tcp_ping received 256 bytes back
Round trip time was 0.101703 milliseconds in repetition 67
tcp_ping received 256 bytes back
Round trip time was 0.064095 milliseconds in repetition 68
tcp_ping received 256 bytes back
Round trip time was 0.064114 milliseconds in repetition 69
tcp_ping received 256 bytes back
Round trip time was 0.068111 milliseconds in repetition 70
tcp_ping received 256 bytes back
Round trip time was 0.079099 milliseconds in repetition 71
tcp_ping received 256 bytes back
Round trip time was 0.067919 milliseconds in repetition 72
tcp_ping received 256 bytes back
Round trip time was 0.06085 milliseconds in repetition 73
tcp_ping received 256 bytes back
Round trip time was 0.061414 milliseconds in repetition 74
tcp_ping received 256 bytes back
Round trip time was 0.061925 milliseconds in repetition 75
tcp_ping received 256 bytes back
Round trip time was 0.062109 milliseconds in repetition 76
tcp_ping received 256 bytes back
Round trip time was 0.059743 milliseconds in repetition 77
tcp_ping received 256 bytes back
Round trip time was 0.061593 milliseconds in repetition 78
tcp_ping received 256 bytes back
Round trip time was 0.060576 milliseconds in repetition 79
tcp_ping received 256 bytes back
Round trip time was 0.070842 milliseconds in repetition 80
tcp_ping received 256 bytes back
Round trip time was 0.062437 milliseconds in repetition 81
tcp_ping received 256 bytes back
Round trip time was 0.062219 milliseconds in repetition 82
tcp_ping received 256 bytes back
Round trip time was 0.061192 milliseconds in repetition 83
tcp_ping received 256 bytes back
Round trip time was 0.061494 milliseconds in repetition 84
tcp_ping received 256 bytes back
Round trip time was 0.060735 milliseconds in repetition 85
tcp_ping received 256 bytes back
Round trip time was 0.061812 milliseconds in repetition 86
tcp_ping received 256 bytes back
Round trip time was 0.068841 milliseconds in repetition 87
tcp_ping received 256 bytes back
Round trip time was 0.08193 milliseconds in repetition 88
tcp_ping received 256 bytes back
Round trip time was 0.095244 milliseconds in repetition 89
tcp_ping received 256 bytes back
Round trip time was 0.080523 milliseconds in repetition 90
tcp_ping received 256 bytes back
Round trip time was 0.072452 milliseconds in repetition 91
tcp_ping received 256 bytes back
Round trip time was 0.076105 milliseconds in repetition 92
tcp_ping received 256 bytes back
Round trip time was 0.086334 milliseconds in repetition 93
tcp_ping received 256 bytes back
Round trip time was 0.076708 milliseconds in repetition 94
tcp_ping received 256 bytes back
Round trip time was 0.071603 milliseconds in repetition 95
tcp_ping received 256 bytes back
Round trip time was 0.067659 milliseconds in repetition 96
tcp_ping received 256 bytes back
Round trip time was 0.065952 milliseconds in repetition 97
tcp_ping received 256 bytes back
Round trip time was 0.06572 milliseconds in repetition 98
tcp_ping received 256 bytes back
Round trip time was 0.067381 milliseconds in repetition 99
tcp_ping received 256 bytes back
Round trip time was 0.067298 milliseconds in repetition 100
tcp_ping received 256 bytes back
Round trip time was 0.067631 milliseconds in repetition 101
tcp_ping received 256 bytes back
Round trip time was 0.067678 milliseconds in repetition 102
tcp_ping received 256 bytes back
Round trip time was 0.065728 milliseconds in repetition 103
tcp_ping received 256 bytes back
Round trip time was 0.061291 milliseconds in repetition 104
tcp_ping received 256 bytes back
Round trip time was 0.06464 milliseconds in repetition 105
tcp_ping received 256 bytes back
Round trip time was 0.068033 milliseconds in repetition 106
tcp_ping received 256 bytes back
Round trip time was 0.071413 milliseconds in repetition 107
tcp_ping received 256 bytes back
Round trip time was 0.070649 milliseconds in repetition 108
tcp_ping received 256 bytes back
Round trip time was 0.069769 milliseconds in repetition 109
tcp_ping received 256 bytes back
Round trip time was 0.070966 milliseconds in repetition 110
tcp_ping received 256 bytes back
Round trip time was 0.071197 milliseconds in repetition 111
tcp_ping received 256 bytes back
Round trip time was 0.071209 milliseconds in repetition 112
tcp_ping received 256 bytes back
Round trip time was 0.071399 milliseconds in repetition 113
tcp_ping received 256 bytes back
Round trip time was 0.069242 milliseconds in repetition 114
tcp_ping received 256 bytes back
Round trip time was 0.067198 milliseconds in repetition 115
tcp_ping received 256 bytes back
Round trip time was 0.067755 milliseconds in repetition 116
tcp_ping received 256 bytes back
Round trip time was 0.068085 milliseconds in repetition 117
tcp_ping received 256 bytes back
Round trip time was 0.06834 milliseconds in repetition 118
tcp_ping received 256 bytes back
Round trip time was 0.067937 milliseconds in repetition 119
tcp_ping received 256 bytes back
Round trip time was 0.067504 milliseconds in repetition 120
tcp_ping received 256 bytes back
Round trip time was 0.071702 milliseconds in repetition 121
tcp_ping received 256 bytes back
Round trip time was 0.075691 milliseconds in repetition 122
tcp_ping received 256 bytes back
Round trip time was 0.064784 milliseconds in repetition 123
tcp_ping received 256 bytes back
Round trip time was 0.065218 milliseconds in repetition 124
tcp_ping received 256 bytes back
Round trip time was 0.063247 milliseconds in repetition 125
tcp_ping received 256 bytes back
Round trip time was 0.066316 milliseconds in repetition 126
tcp_ping received 256 bytes back
Round trip time was 0.070588 milliseconds in repetition 127
tcp_ping received 256 bytes back
Round trip time was 0.062993 milliseconds in repetition 128
tcp_ping received 256 bytes back
Round trip time was 0.064368 milliseconds in repetition 129
tcp_ping received 256 bytes back
Round trip time was 0.062753 milliseconds in repetition 130
tcp_ping received 256 bytes back
Round trip time was 0.064342 milliseconds in repetition 131
tcp_ping received 256 bytes back
Round trip time was 0.064239 milliseconds in repetition 132
tcp_ping received 256 bytes back
Round trip time was 0.077197 milliseconds in repetition 133
tcp_ping received 256 bytes back
Round trip time was 0.058395 milliseconds in repetition 134
tcp_ping received 256 bytes back
Round trip time was 0.071604 milliseconds in repetition 135
tcp_ping received 256 bytes back
Round trip time was 0.071842 milliseconds in repetition 136
tcp_ping received 256 bytes back
Round trip time was 0.058614 milliseconds in repetition 137
tcp_ping received 256 bytes back
Round trip time was 0.057353 milliseconds in repetition 138
tcp_ping received 256 bytes back
Round trip time was 0.056204 milliseconds in repetition 139
tcp_ping received 256 bytes back
Round trip time was 0.055305 milliseconds in repetition 140
tcp_ping received 256 bytes back
Round trip time was 0.055471 milliseconds in repetition 141
tcp_ping received 256 bytes back
Round trip time was 0.053992 milliseconds in repetition 142
tcp_ping received 256 bytes back
Round trip time was 0.055668 milliseconds in repetition 143
tcp_ping received 256 bytes back
Round trip time was 0.054025 milliseconds in repetition 144
tcp_ping received 256 bytes back
Round trip time was 0.052832 milliseconds in repetition 145
tcp_ping received 256 bytes back
Round trip time was 0.055439 milliseconds in repetition 146
tcp_ping received 256 bytes back
Round trip time was 0.054798 milliseconds in repetition 147
tcp_ping received 256 bytes back
Round trip time was 0.053615 milliseconds in repetition 148
tcp_ping received 256 bytes back
Round trip time was 0.058645 milliseconds in repetition 149
tcp_ping received 256 bytes back
Round trip time was 0.053683 milliseconds in repetition 150
tcp_ping received 256 bytes back
Round trip time was 0.052515 milliseconds in repetition 151
tcp_ping received 256 bytes back
Round trip time was 0.052243 milliseconds in repetition 152
tcp_ping received 256 bytes back
Round trip time was 0.051594 milliseconds in repetition 153
tcp_ping received 256 bytes back
Round trip time was 0.051408 milliseconds in repetition 154
tcp_ping received 256 bytes back
Round trip time was 0.050752 milliseconds in repetition 155
tcp_ping received 256 bytes back
Round trip time was 0.051301 milliseconds in repetition 156
tcp_ping received 256 bytes back
Round trip time was 0.054084 milliseconds in repetition 157
tcp_ping received 256 bytes back
Round trip time was 0.057963 milliseconds in repetition 158
tcp_ping received 256 bytes back
Round trip time was 0.055857 milliseconds in repetition 159
tcp_ping received 256 bytes back
Round trip time was 0.048035 milliseconds in repetition 160
tcp_ping received 256 bytes back
Round trip time was 0.04701 milliseconds in repetition 161
tcp_ping received 256 bytes back
Round trip time was 0.046735 milliseconds in repetition 162
tcp_ping received 256 bytes back
Round trip time was 0.046998 milliseconds in repetition 163
tcp_ping received 256 bytes back
Round trip time was 0.046545 milliseconds in repetition 164
tcp_ping received 256 bytes back
Round trip time was 0.047002 milliseconds in repetition 165
tcp_ping received 256 bytes back
Round trip time was 0.046904 milliseconds in repetition 166
tcp_ping received 256 bytes back
Round trip time was 0.04791 milliseconds in repetition 167
tcp_ping received 256 bytes back
Round trip time was 0.046862 milliseconds in repetition 168
tcp_ping received 256 bytes back
Round trip time was 0.046586 milliseconds in repetition 169
tcp_ping received 256 bytes back
Round trip time was 0.047192 milliseconds in repetition 170
tcp_ping received 256 bytes back
Round trip time was 0.046946 milliseconds in repetition 171
tcp_ping received 256 bytes back
Round trip time was 0.047201 milliseconds in repetition 172
tcp_ping received 256 bytes back
Round trip time was 0.047282 milliseconds in repetition 173
tcp_ping received 256 bytes back
Round trip time was 0.047441 milliseconds in repetition 174
tcp_ping received 256 bytes back
Round trip time was 0.051002 milliseconds in repetition 175
tcp_ping received 256 bytes back
Round trip time was 0.053648 milliseconds in repetition 176
tcp_ping received 256 bytes back
Round trip time was 0.079548 milliseconds in repetition 177
tcp_ping received 256 bytes back
Round trip time was 0.072947 milliseconds in repetition 178
tcp_ping received 256 bytes back
Round trip time was 0.058148 milliseconds in repetition 179
tcp_ping received 256 bytes back
Round trip time was 0.056755 milliseconds in repetition 180
tcp_ping received 256 bytes back
Round trip time was 0.059191 milliseconds in repetition 181
tcp_ping received 256 bytes back
Round trip time was 0.054512 milliseconds in repetition 182
tcp_ping received 256 bytes back
Round trip time was 0.052359 milliseconds in repetition 183
tcp_ping received 256 bytes back
Round trip time was 0.052325 milliseconds in repetition 184
tcp_ping received 256 bytes back
Round trip time was 0.05346 milliseconds in repetition 185
tcp_ping received 256 bytes back
Round trip time was 0.052442 milliseconds in repetition 186
tcp_ping received 256 bytes back
Round trip time was 0.051805 milliseconds in repetition 187
tcp_ping received 256 bytes back
Round trip time was 0.052107 milliseconds in repetition 188
tcp_ping received 256 bytes back
Round trip time was 0.052309 milliseconds in repetition 189
tcp_ping received 256 bytes back
Round trip time was 0.052601 milliseconds in repetition 190
tcp_ping received 256 bytes back
Round trip time was 0.052501 milliseconds in repetition 191
tcp_ping received 256 bytes back
Round trip time was 0.055096 milliseconds in repetition 192
tcp_ping received 256 bytes back
Round trip time was 0.052776 milliseconds in repetition 193
tcp_ping received 256 bytes back
Round trip time was 0.05254 milliseconds in repetition 194
tcp_ping received 256 bytes back
Round trip time was 0.052557 milliseconds in repetition 195
tcp_ping received 256 bytes back
Round trip time was 0.052243 milliseconds in repetition 196
tcp_ping received 256 bytes back
Round trip time was 0.060927 milliseconds in repetition 197
tcp_ping received 256 bytes back
Round trip time was 0.055887 milliseconds in repetition 198
tcp_ping received 256 bytes back
Round trip time was 0.052359 milliseconds in repetition 199
tcp_ping received 256 bytes back
Round trip time was 0.052488 milliseconds in repetition 200
tcp_ping received 256 bytes back
Round trip time was 0.05406 milliseconds in repetition 201
tcp_ping received 256 bytes back
Round trip time was 0.057138 milliseconds in repetition 202
tcp_ping received 256 bytes back
Round trip time was 0.058921 milliseconds in repetition 203
tcp_ping received 256 bytes back
Round trip time was 0.058862 milliseconds in repetition 204
tcp_ping received 256 bytes back
Round trip time was 0.060798 milliseconds in repetition 205
tcp_ping received 256 bytes back
Round trip time was 0.059552 milliseconds in repetition 206
tcp_ping received 256 bytes back
Round trip time was 0.060878 milliseconds in repetition 207
tcp_ping received 256 bytes back
Round trip time was 0.060558 milliseconds in repetition 208
tcp_ping received 256 bytes back
Round trip time was 0.063158 milliseconds in repetition 209
tcp_ping received 256 bytes back
Round trip time was 0.061808 milliseconds in repetition 210
tcp_ping received 256 bytes back
Round trip time was 0.061656 milliseconds in repetition 211
tcp_ping received 256 bytes back
Round trip time was 0.060331 milliseconds in repetition 212
tcp_ping received 256 bytes back
Round trip time was 0.062765 milliseconds in repetition 213
tcp_ping received 256 bytes back
Round trip time was 0.060415 milliseconds in repetition 214
tcp_ping received 256 bytes back
Round trip time was 0.078156 milliseconds in repetition 215
tcp_ping received 256 bytes back
Round trip time was 0.060324 milliseconds in repetition 216
tcp_ping received 256 bytes back
Round trip time was 0.061086 milliseconds in repetition 217
tcp_ping received 256 bytes back
Round trip time was 0.054163 milliseconds in repetition 218
tcp_ping received 256 bytes back
Round trip time was 0.053232 milliseconds in repetition 219
tcp_ping received 256 bytes back
Round trip time was 0.055382 milliseconds in repetition 220
tcp_ping received 256 bytes back
Round trip time was 0.073721 milliseconds in repetition 221
tcp_ping received 256 bytes back
Round trip time was 0.109186 milliseconds in repetition 222
tcp_ping received 256 bytes back
Round trip time was 0.058536 milliseconds in repetition 223
tcp_ping received 256 bytes back
Round trip time was 0.102772 milliseconds in repetition 224
tcp_ping received 256 bytes back
Round trip time was 0.091277 milliseconds in repetition 225
tcp_ping received 256 bytes back
Round trip time was 0.080063 milliseconds in repetition 226
tcp_ping received 256 bytes back
Round trip time was 0.078545 milliseconds in repetition 227
tcp_ping received 256 bytes back
Round trip time was 0.066199 milliseconds in repetition 228
tcp_ping received 256 bytes back
Round trip time was 0.063808 milliseconds in repetition 229
tcp_ping received 256 bytes back
Round trip time was 0.073233 milliseconds in repetition 230
tcp_ping received 256 bytes back
Round trip time was 0.072875 milliseconds in repetition 231
tcp_ping received 256 bytes back
Round trip time was 0.070587 milliseconds in repetition 232
tcp_ping received 256 bytes back
Round trip time was 0.079557 milliseconds in repetition 233
tcp_ping received 256 bytes back
Round trip time was 0.068309 milliseconds in repetition 234
tcp_ping received 256 bytes back
Round trip time was 0.05815 milliseconds in repetition 235
tcp_ping received 256 bytes back
Round trip time was 0.054494 milliseconds in repetition 236
tcp_ping received 256 bytes back
Round trip time was 0.054501 milliseconds in repetition 237
tcp_ping received 256 bytes back
Round trip time was 0.054792 milliseconds in repetition 238
tcp_ping received 256 bytes back
Round trip time was 0.057971 milliseconds in repetition 239
tcp_ping received 256 bytes back
Round trip time was 0.056055 milliseconds in repetition 240
tcp_ping received 256 bytes back
Round trip time was 0.055558 milliseconds in repetition 241
tcp_ping received 256 bytes back
Round trip time was 0.05464 milliseconds in repetition 242
tcp_ping received 256 bytes back
Round trip time was 0.055526 milliseconds in repetition 243
tcp_ping received 256 bytes back
Round trip time was 0.056963 milliseconds in repetition 244
tcp_ping received 256 bytes back
Round trip time was 0.054947 milliseconds in repetition 245
tcp_ping received 256 bytes back
Round trip time was 0.055117 milliseconds in repetition 246
tcp_ping received 256 bytes back
Round trip time was 0.057647 milliseconds in repetition 247
tcp_ping received 256 bytes back
Round trip time was 0.056433 milliseconds in repetition 248
tcp_ping received 256 bytes back
Round trip time was 0.067401 milliseconds in repetition 249
tcp_ping received 256 bytes back
Round trip time was 0.07512 milliseconds in repetition 250
tcp_ping received 256 bytes back
Round trip time was 0.08295 milliseconds in repetition 251
tcp_ping received 256 bytes back
Round trip time was 0.062414 milliseconds in repetition 252
tcp_ping received 256 bytes back
Round trip time was 0.07027 milliseconds in repetition 253
tcp_ping received 256 bytes back
Round trip time was 0.060871 milliseconds in repetition 254
tcp_ping received 256 bytes back
Round trip time was 0.082132 milliseconds in repetition 255
tcp_ping received 256 bytes back
Round trip time was 0.072855 milliseconds in repetition 256
tcp_ping received 256 bytes back
Round trip time was 0.070558 milliseconds in repetition 257
tcp_ping received 256 bytes back
Round trip time was 0.05728 milliseconds in repetition 258
tcp_ping received 256 bytes back
Round trip time was 0.066177 milliseconds in repetition 259
tcp_ping received 256 bytes back
Round trip time was 0.054479 milliseconds in repetition 260
tcp_ping received 256 bytes back
Round trip time was 0.048435 milliseconds in repetition 261
tcp_ping received 256 bytes back
Round trip time was 0.047676 milliseconds in repetition 262
tcp_ping received 256 bytes back
Round trip time was 0.079891 milliseconds in repetition 263
tcp_ping received 256 bytes back
Round trip time was 0.083397 milliseconds in repetition 264
tcp_ping received 256 bytes back
Round trip time was 0.294492 milliseconds in repetition 265
tcp_ping received 256 bytes back
Round trip time was 0.10883 milliseconds in repetition 266
tcp_ping received 256 bytes back
Round trip time was 0.102062 milliseconds in repetition 267
tcp_ping received 256 bytes back
Round trip time was 0.072872 milliseconds in repetition 268
tcp_ping received 256 bytes back
Round trip time was 0.112093 milliseconds in repetition 269
tcp_ping received 256 bytes back
Round trip time was 0.065019 milliseconds in repetition 270
tcp_ping received 256 bytes back
Round trip time was 0.07415 milliseconds in repetition 271
tcp_ping received 256 bytes back
Round trip time was 0.058391 milliseconds in repetition 272
tcp_ping received 256 bytes back
Round trip time was 0.06686 milliseconds in repetition 273
tcp_ping received 256 bytes back
Round trip time was 0.06053 milliseconds in repetition 274
tcp_ping received 256 bytes back
Round trip time was 0.068224 milliseconds in repetition 275
tcp_ping received 256 bytes back
Round trip time was 0.058205 milliseconds in repetition 276
tcp_ping received 256 bytes back
Round trip time was 0.059183 milliseconds in repetition 277
tcp_ping received 256 bytes back
Round trip time was 0.065152 milliseconds in repetition 278
tcp_ping received 256 bytes back
Round trip time was 0.067687 milliseconds in repetition 279
tcp_ping received 256 bytes back
Round trip time was 0.091815 milliseconds in repetition 280
tcp_ping received 256 bytes back
Round trip time was 0.085847 milliseconds in repetition 281
tcp_ping received 256 bytes back
Round trip time was 0.103481 milliseconds in repetition 282
tcp_ping received 256 bytes back
Round trip time was 0.085445 milliseconds in repetition 283
tcp_ping received 256 bytes back
Round trip time was 0.157139 milliseconds in repetition 284
tcp_ping received 256 bytes back
Round trip time was 0.14933 milliseconds in repetition 285
tcp_ping received 256 bytes back
Round trip time was 0.171698 milliseconds in repetition 286
tcp_ping received 256 bytes back
Round trip time was 0.140484 milliseconds in repetition 287
tcp_ping received 256 bytes back
Round trip time was 0.070728 milliseconds in repetition 288
tcp_ping received 256 bytes back
Round trip time was 0.160228 milliseconds in repetition 289
tcp_ping received 256 bytes back
Round trip time was 0.079109 milliseconds in repetition 290
tcp_ping received 256 bytes back
Round trip time was 0.066708 milliseconds in repetition 291
tcp_ping received 256 bytes back
Round trip time was 0.137416 milliseconds in repetition 292
tcp_ping received 256 bytes back
Round trip time was 0.081153 milliseconds in repetition 293
tcp_ping received 256 bytes back
Round trip time was 0.071972 milliseconds in repetition 294
tcp_ping received 256 bytes back
Round trip time was 0.083176 milliseconds in repetition 295
tcp_ping received 256 bytes back
Round trip time was 0.071229 milliseconds in repetition 296
tcp_ping received 256 bytes back
Round trip time was 0.056517 milliseconds in repetition 297
tcp_ping received 256 bytes back
Round trip time was 0.083453 milliseconds in repetition 298
tcp_ping received 256 bytes back
Round trip time was 0.060352 milliseconds in repetition 299
tcp_ping received 256 bytes back
Round trip time was 0.053493 milliseconds in repetition 300
tcp_ping received 256 bytes back
Round trip time was 0.081793 milliseconds in repetition 301
tcp_ping received 256 bytes back
Round trip time was 0.060707 milliseconds in repetition 302
tcp_ping received 256 bytes back
Round trip time was 0.057422 milliseconds in repetition 303
tcp_ping received 256 bytes back
Round trip time was 0.112174 milliseconds in repetition 304
tcp_ping received 256 bytes back
Round trip time was 0.04686 milliseconds in repetition 305
tcp_ping received 256 bytes back
Round trip time was 0.044232 milliseconds in repetition 306
tcp_ping received 256 bytes back
Round trip time was 0.043834 milliseconds in repetition 307
tcp_ping received 256 bytes back
Round trip time was 0.043732 milliseconds in repetition 308
tcp_ping received 256 bytes back
Round trip time was 0.063748 milliseconds in repetition 309
tcp_ping received 256 bytes back
Round trip time was 0.059922 milliseconds in repetition 310
tcp_ping received 256 bytes back
Round trip time was 0.056176 milliseconds in repetition 311
tcp_ping received 256 bytes back
Round trip time was 0.047379 milliseconds in repetition 312
tcp_ping received 256 bytes back
Round trip time was 0.044974 milliseconds in repetition 313
tcp_ping received 256 bytes back
Round trip time was 0.044154 milliseconds in repetition 314
tcp_ping received 256 bytes back
Round trip time was 0.043634 milliseconds in repetition 315
tcp_ping received 256 bytes back
Round trip time was 0.044 milliseconds in repetition 316
tcp_ping received 256 bytes back
Round trip time was 0.043646 milliseconds in repetition 317
tcp_ping received 256 bytes back
Round trip time was 0.04422 milliseconds in repetition 318
tcp_ping received 256 bytes back
Round trip time was 0.044525 milliseconds in repetition 319
tcp_ping received 256 bytes back
Round trip time was 0.043258 milliseconds in repetition 320
tcp_ping received 256 bytes back
Round trip time was 0.043574 milliseconds in repetition 321
tcp_ping received 256 bytes back
Round trip time was 0.043244 milliseconds in repetition 322
tcp_ping received 256 bytes back
Round trip time was 0.043827 milliseconds in repetition 323
tcp_ping received 256 bytes back
Round trip time was 0.043951 milliseconds in repetition 324
tcp_ping received 256 bytes back
Round trip time was 0.043394 milliseconds in repetition 325
tcp_ping received 256 bytes back
Round trip time was 0.043518 milliseconds in repetition 326
tcp_ping received 256 bytes back
Round trip time was 0.044076 milliseconds in repetition 327
tcp_ping received 256 bytes back
Round trip time was 0.043822 milliseconds in repetition 328
tcp_ping received 256 bytes back
Round trip time was 0.044228 milliseconds in repetition 329
tcp_ping received 256 bytes back
Round trip time was 0.043505 milliseconds in repetition 330
tcp_ping received 256 bytes back
Round trip time was 0.043096 milliseconds in repetition 331
tcp_ping received 256 bytes back
Round trip time was 0.043438 milliseconds in repetition 332
tcp_ping received 256 bytes back
Round trip time was 0.043429 milliseconds in repetition 333
tcp_ping received 256 bytes back
Round trip time was 0.043702 milliseconds in repetition 334
tcp_ping received 256 bytes back
Round trip time was 0.044039 milliseconds in repetition 335
tcp_ping received 256 bytes back
Round trip time was 0.043269 milliseconds in repetition 336
tcp_ping received 256 bytes back
Round trip time was 0.04315 milliseconds in repetition 337
tcp_ping received 256 bytes back
Round trip time was 0.043529 milliseconds in repetition 338
tcp_ping received 256 bytes back
Round trip time was 0.04359 milliseconds in repetition 339
tcp_ping received 256 bytes back
Round trip time was 0.04343 milliseconds in repetition 340
tcp_ping received 256 bytes back
Round trip time was 0.043175 milliseconds in repetition 341
tcp_ping received 256 bytes back
Round trip time was 0.043169 milliseconds in repetition 342
tcp_ping received 256 bytes back
Round trip time was 0.044891 milliseconds in repetition 343
tcp_ping received 256 bytes back
Round trip time was 0.044131 milliseconds in repetition 344
tcp_ping received 256 bytes back
Round trip time was 0.045367 milliseconds in repetition 345
tcp_ping received 256 bytes back
Round trip time was 0.046214 milliseconds in repetition 346
tcp_ping received 256 bytes back
Round trip time was 0.044921 milliseconds in repetition 347
tcp_ping received 256 bytes back
Round trip time was 0.044401 milliseconds in repetition 348
tcp_ping received 256 bytes back
Round trip time was 0.044355 milliseconds in repetition 349
tcp_ping received 256 bytes back
Round trip time was 0.043242 milliseconds in repetition 350
tcp_ping received 256 bytes back
Round trip time was 0.043651 milliseconds in repetition 351
tcp_ping received 256 bytes back
Round trip time was 0.043749 milliseconds in repetition 352
tcp_ping received 256 bytes back
Round trip time was 0.091881 milliseconds in repetition 353
tcp_ping received 256 bytes back
Round trip time was 0.038615 milliseconds in repetition 354
tcp_ping received 256 bytes back
Round trip time was 0.050778 milliseconds in repetition 355
tcp_ping received 256 bytes back
Round trip time was 0.047638 milliseconds in repetition 356
tcp_ping received 256 bytes back
Round trip time was 0.044691 milliseconds in repetition 357
tcp_ping received 256 bytes back
Round trip time was 0.04457 milliseconds in repetition 358
tcp_ping received 256 bytes back
Round trip time was 0.044413 milliseconds in repetition 359
tcp_ping received 256 bytes back
Round trip time was 0.044439 milliseconds in repetition 360
tcp_ping received 256 bytes back
Round trip time was 0.04419 milliseconds in repetition 361
tcp_ping received 256 bytes back
Round trip time was 0.097132 milliseconds in repetition 362
tcp_ping received 256 bytes back
Round trip time was 0.049413 milliseconds in repetition 363
tcp_ping received 256 bytes back
Round trip time was 0.044221 milliseconds in repetition 364
tcp_ping received 256 bytes back
Round trip time was 0.043861 milliseconds in repetition 365
tcp_ping received 256 bytes back
Round trip time was 0.044249 milliseconds in repetition 366
tcp_ping received 256 bytes back
Round trip time was 0.044047 milliseconds in repetition 367
tcp_ping received 256 bytes back
Round trip time was 0.043857 milliseconds in repetition 368
tcp_ping received 256 bytes back
Round trip time was 0.044092 milliseconds in repetition 369
tcp_ping received 256 bytes back
Round trip time was 0.044062 milliseconds in repetition 370
tcp_ping received 256 bytes back
Round trip time was 0.043912 milliseconds in repetition 371
tcp_ping received 256 bytes back
Round trip time was 0.044015 milliseconds in repetition 372
tcp_ping received 256 bytes back
Round trip time was 0.046519 milliseconds in repetition 373
tcp_ping received 256 bytes back
Round trip time was 0.044956 milliseconds in repetition 374
tcp_ping received 256 bytes back
Round trip time was 0.044483 milliseconds in repetition 375
tcp_ping received 256 bytes back
Round trip time was 0.044023 milliseconds in repetition 376
tcp_ping received 256 bytes back
Round trip time was 0.044201 milliseconds in repetition 377
tcp_ping received 256 bytes back
Round trip time was 0.044329 milliseconds in repetition 378
tcp_ping received 256 bytes back
Round trip time was 0.044277 milliseconds in repetition 379
tcp_ping received 256 bytes back
Round trip time was 0.044052 milliseconds in repetition 380
tcp_ping received 256 bytes back
Round trip time was 0.044209 milliseconds in repetition 381
tcp_ping received 256 bytes back
Round trip time was 0.044285 milliseconds in repetition 382
tcp_ping received 256 bytes back
Round trip time was 0.044048 milliseconds in repetition 383
tcp_ping received 256 bytes back
Round trip time was 0.044373 milliseconds in repetition 384
tcp_ping received 256 bytes back
Round trip time was 0.044601 milliseconds in repetition 385
tcp_ping received 256 bytes back
Round trip time was 0.044405 milliseconds in repetition 386
tcp_ping received 256 bytes back
Round trip time was 0.044559 milliseconds in repetition 387
tcp_ping received 256 bytes back
Round trip time was 0.044565 milliseconds in repetition 388
tcp_ping received 256 bytes back
Round trip time was 0.044135 milliseconds in repetition 389
tcp_ping received 256 bytes back
Round trip time was 0.044556 milliseconds in repetition 390
tcp_ping received 256 bytes back
Round trip time was 0.044663 milliseconds in repetition 391
tcp_ping received 256 bytes back
Round trip time was 0.044373 milliseconds in repetition 392
tcp_ping received 256 bytes back
Round trip time was 0.044636 milliseconds in repetition 393
tcp_ping received 256 bytes back
Round trip time was 0.044477 milliseconds in repetition 394
tcp_ping received 256 bytes back
Round trip time was 0.047148 milliseconds in repetition 395
tcp_ping received 256 bytes back
Round trip time was 0.091283 milliseconds in repetition 396
tcp_ping received 256 bytes back
Round trip time was 0.067468 milliseconds in repetition 397
tcp_ping received 256 bytes back
Round trip time was 0.060602 milliseconds in repetition 398
tcp_ping received 256 bytes back
Round trip time was 0.046211 milliseconds in repetition 399
tcp_ping received 256 bytes back
Round trip time was 0.045269 milliseconds in repetition 400
tcp_ping received 256 bytes back
Round trip time was 0.04481 milliseconds in repetition 401
tcp_ping received 256 bytes back
Round trip time was 0.044577 milliseconds in repetition 402
tcp_ping received 256 bytes back
Round trip time was 0.045186 milliseconds in repetition 403
tcp_ping received 256 bytes back
Round trip time was 0.044506 milliseconds in repetition 404
tcp_ping received 256 bytes back
Round trip time was 0.044464 milliseconds in repetition 405
tcp_ping received 256 bytes back
Round trip time was 0.044412 milliseconds in repetition 406
tcp_ping received 256 bytes back
Round trip time was 0.044622 milliseconds in repetition 407
tcp_ping received 256 bytes back
Round trip time was 0.04452 milliseconds in repetition 408
tcp_ping received 256 bytes back
Round trip time was 0.044657 milliseconds in repetition 409
tcp_ping received 256 bytes back
Round trip time was 0.04467 milliseconds in repetition 410
tcp_ping received 256 bytes back
Round trip time was 0.045018 milliseconds in repetition 411
tcp_ping received 256 bytes back
Round trip time was 0.044488 milliseconds in repetition 412
tcp_ping received 256 bytes back
Round trip time was 0.044754 milliseconds in repetition 413
tcp_ping received 256 bytes back
Round trip time was 0.047543 milliseconds in repetition 414
tcp_ping received 256 bytes back
Round trip time was 0.045514 milliseconds in repetition 415
tcp_ping received 256 bytes back
Round trip time was 0.044989 milliseconds in repetition 416
tcp_ping received 256 bytes back
Round trip time was 0.045184 milliseconds in repetition 417
tcp_ping received 256 bytes back
Round trip time was 0.045652 milliseconds in repetition 418
tcp_ping received 256 bytes back
Round trip time was 0.045918 milliseconds in repetition 419
tcp_ping received 256 bytes back
Round trip time was 0.045487 milliseconds in repetition 420
tcp_ping received 256 bytes back
Round trip time was 0.045329 milliseconds in repetition 421
tcp_ping received 256 bytes back
Round trip time was 0.04563 milliseconds in repetition 422
tcp_ping received 256 bytes back
Round trip time was 0.045597 milliseconds in repetition 423
tcp_ping received 256 bytes back
Round trip time was 0.045199 milliseconds in repetition 424
tcp_ping received 256 bytes back
Round trip time was 0.045081 milliseconds in repetition 425
tcp_ping received 256 bytes back
Round trip time was 0.045293 milliseconds in repetition 426
tcp_ping received 256 bytes back
Round trip time was 0.045351 milliseconds in repetition 427
tcp_ping received 256 bytes back
Round trip time was 0.045587 milliseconds in repetition 428
tcp_ping received 256 bytes back
Round trip time was 0.045441 milliseconds in repetition 429
tcp_ping received 256 bytes back
Round trip time was 0.045592 milliseconds in repetition 430
tcp_ping received 256 bytes back
Round trip time was 0.045764 milliseconds in repetition 431
tcp_ping received 256 bytes back
Round trip time was 0.044704 milliseconds in repetition 432
tcp_ping received 256 bytes back
Round trip time was 0.04598 milliseconds in repetition 433
tcp_ping received 256 bytes back
Round trip time was 0.045599 milliseconds in repetition 434
tcp_ping received 256 bytes back
Round trip time was 0.0493 milliseconds in repetition 435
tcp_ping received 256 bytes back
Round trip time was 0.049459 milliseconds in repetition 436
tcp_ping received 256 bytes back
Round trip time was 0.04641 milliseconds in repetition 437
tcp_ping received 256 bytes back
Round trip time was 0.045906 milliseconds in repetition 438
tcp_ping received 256 bytes back
Round trip time was 0.046262 milliseconds in repetition 439
tcp_ping received 256 bytes back
Round trip time was 0.045857 milliseconds in repetition 440
tcp_ping received 256 bytes back
Round trip time was 0.045782 milliseconds in repetition 441
tcp_ping received 256 bytes back
Round trip time was 0.088535 milliseconds in repetition 442
tcp_ping received 256 bytes back
Round trip time was 0.050802 milliseconds in repetition 443
tcp_ping received 256 bytes back
Round trip time was 0.046231 milliseconds in repetition 444
tcp_ping received 256 bytes back
Round trip time was 0.045457 milliseconds in repetition 445
tcp_ping received 256 bytes back
Round trip time was 0.045487 milliseconds in repetition 446
tcp_ping received 256 bytes back
Round trip time was 0.045802 milliseconds in repetition 447
tcp_ping received 256 bytes back
Round trip time was 0.045333 milliseconds in repetition 448
tcp_ping received 256 bytes back
Round trip time was 0.045994 milliseconds in repetition 449
tcp_ping received 256 bytes back
Round trip time was 0.0452 milliseconds in repetition 450
tcp_ping received 256 bytes back
Round trip time was 0.045256 milliseconds in repetition 451
tcp_ping received 256 bytes back
Round trip time was 0.045239 milliseconds in repetition 452
tcp_ping received 256 bytes back
Round trip time was 0.045201 milliseconds in repetition 453
tcp_ping received 256 bytes back
Round trip time was 0.04531 milliseconds in repetition 454
tcp_ping received 256 bytes back
Round trip time was 0.048503 milliseconds in repetition 455
tcp_ping received 256 bytes back
Round trip time was 0.050378 milliseconds in repetition 456
tcp_ping received 256 bytes back
Round trip time was 0.045133 milliseconds in repetition 457
tcp_ping received 256 bytes back
Round trip time was 0.045302 milliseconds in repetition 458
tcp_ping received 256 bytes back
Round trip time was 0.045159 milliseconds in repetition 459
tcp_ping received 256 bytes back
Round trip time was 0.045323 milliseconds in repetition 460
tcp_ping received 256 bytes back
Round trip time was 0.045276 milliseconds in repetition 461
tcp_ping received 256 bytes back
Round trip time was 0.045554 milliseconds in repetition 462
tcp_ping received 256 bytes back
Round trip time was 0.045668 milliseconds in repetition 463
tcp_ping received 256 bytes back
Round trip time was 0.045271 milliseconds in repetition 464
tcp_ping received 256 bytes back
Round trip time was 0.046075 milliseconds in repetition 465
tcp_ping received 256 bytes back
Round trip time was 0.05126 milliseconds in repetition 466
tcp_ping received 256 bytes back
Round trip time was 0.045279 milliseconds in repetition 467
tcp_ping received 256 bytes back
Round trip time was 0.044063 milliseconds in repetition 468
tcp_ping received 256 bytes back
Round trip time was 0.04533 milliseconds in repetition 469
tcp_ping received 256 bytes back
Round trip time was 0.045536 milliseconds in repetition 470
tcp_ping received 256 bytes back
Round trip time was 0.045547 milliseconds in repetition 471
tcp_ping received 256 bytes back
Round trip time was 0.045569 milliseconds in repetition 472
tcp_ping received 256 bytes back
Round trip time was 0.045541 milliseconds in repetition 473
tcp_ping received 256 bytes back
Round trip time was 0.045757 milliseconds in repetition 474
tcp_ping received 256 bytes back
Round trip time was 0.04529 milliseconds in repetition 475
tcp_ping received 256 bytes back
Round trip time was 0.052865 milliseconds in repetition 476
tcp_ping received 256 bytes back
Round trip time was 0.051357 milliseconds in repetition 477
tcp_ping received 256 bytes back
Round trip time was 0.045088 milliseconds in repetition 478
tcp_ping received 256 bytes back
Round trip time was 0.045364 milliseconds in repetition 479
tcp_ping received 256 bytes back
Round trip time was 0.045045 milliseconds in repetition 480
tcp_ping received 256 bytes back
Round trip time was 0.045385 milliseconds in repetition 481
tcp_ping received 256 bytes back
Round trip time was 0.045361 milliseconds in repetition 482
tcp_ping received 256 bytes back
Round trip time was 0.045236 milliseconds in repetition 483
tcp_ping received 256 bytes back
Round trip time was 0.045468 milliseconds in repetition 484
tcp_ping received 256 bytes back
Round trip time was 0.045408 milliseconds in repetition 485
tcp_ping received 256 bytes back
Round trip time was 0.08063 milliseconds in repetition 486
tcp_ping received 256 bytes back
Round trip time was 0.049963 milliseconds in repetition 487
tcp_ping received 256 bytes back
Round trip time was 0.045835 milliseconds in repetition 488
tcp_ping received 256 bytes back
Round trip time was 0.045402 milliseconds in repetition 489
tcp_ping received 256 bytes back
Round trip time was 0.045442 milliseconds in repetition 490
tcp_ping received 256 bytes back
Round trip time was 0.045494 milliseconds in repetition 491
tcp_ping received 256 bytes back
Round trip time was 0.045628 milliseconds in repetition 492
tcp_ping received 256 bytes back
Round trip time was 0.046034 milliseconds in repetition 493
tcp_ping received 256 bytes back
Round trip time was 0.045342 milliseconds in repetition 494
tcp_ping received 256 bytes back
Round trip time was 0.070936 milliseconds in repetition 495
tcp_ping received 256 bytes back
Round trip time was 0.05586 milliseconds in repetition 496
tcp_ping received 256 bytes back
Round trip time was 0.050634 milliseconds in repetition 497
tcp_ping received 256 bytes back
Round trip time was 0.050691 milliseconds in repetition 498
tcp_ping received 256 bytes back
Round trip time was 0.051142 milliseconds in repetition 499
tcp_ping received 256 bytes back
Round trip time was 0.102146 milliseconds in repetition 500
tcp_ping received 256 bytes back
Round trip time was 0.084048 milliseconds in repetition 501

 ... clock resolution was 1e-06
TCP Ping:  Statistics over 501 repetitions of 256 byte messages

RTT : percentile 10: 0.044228, median: 0.052309, percentile 90: 0.076708, average: 0.0578713, variance: 0.000434097

RTT histogram:
0.0386145 91
0.0514084 231
0.0642023 102
0.0769962 45
0.0897901 13
0.102584 8
0.115378 3
0.128172 0
0.140966 2
0.15376 2
0.166553 3
0.179347 0
0.192141 0
0.204935 0
0.217729 0
0.230523 0
0.243317 0
0.256111 0
0.268905 0
0.281699 0
0.294493 1

   median Throughput : 9787.99 KB/s   overall Throughput : 8847.22 KB/s

