TCP Ping trying to connect to server localhost (127.0.0.1) on port 1492
 ... connected to Pong server: asking for 501 repetitions of 128 bytes TCP messages
 ... Pong server agreed:-)
tcp_ping received 128 bytes back
Round trip time was 0.050665 milliseconds in repetition 1
tcp_ping received 128 bytes back
Round trip time was 0.045829 milliseconds in repetition 2
tcp_ping received 128 bytes back
Round trip time was 0.041437 milliseconds in repetition 3
tcp_ping received 128 bytes back
Round trip time was 0.040606 milliseconds in repetition 4
tcp_ping received 128 bytes back
Round trip time was 0.041316 milliseconds in repetition 5
tcp_ping received 128 bytes back
Round trip time was 0.040084 milliseconds in repetition 6
tcp_ping received 128 bytes back
Round trip time was 0.040787 milliseconds in repetition 7
tcp_ping received 128 bytes back
Round trip time was 0.03986 milliseconds in repetition 8
tcp_ping received 128 bytes back
Round trip time was 0.04126 milliseconds in repetition 9
tcp_ping received 128 bytes back
Round trip time was 0.040059 milliseconds in repetition 10
tcp_ping received 128 bytes back
Round trip time was 0.04122 milliseconds in repetition 11
tcp_ping received 128 bytes back
Round trip time was 0.041263 milliseconds in repetition 12
tcp_ping received 128 bytes back
Round trip time was 0.04032 milliseconds in repetition 13
tcp_ping received 128 bytes back
Round trip time was 0.04089 milliseconds in repetition 14
tcp_ping received 128 bytes back
Round trip time was 0.039925 milliseconds in repetition 15
tcp_ping received 128 bytes back
Round trip time was 0.040679 milliseconds in repetition 16
tcp_ping received 128 bytes back
Round trip time was 0.040714 milliseconds in repetition 17
tcp_ping received 128 bytes back
Round trip time was 0.040228 milliseconds in repetition 18
tcp_ping received 128 bytes back
Round trip time was 0.041457 milliseconds in repetition 19
tcp_ping received 128 bytes back
Round trip time was 0.03998 milliseconds in repetition 20
tcp_ping received 128 bytes back
Round trip time was 0.040747 milliseconds in repetition 21
tcp_ping received 128 bytes back
Round trip time was 0.03974 milliseconds in repetition 22
tcp_ping received 128 bytes back
Round trip time was 0.041065 milliseconds in repetition 23
tcp_ping received 128 bytes back
Round trip time was 0.040001 milliseconds in repetition 24
tcp_ping received 128 bytes back
Round trip time was 0.040631 milliseconds in repetition 25
tcp_ping received 128 bytes back
Round trip time was 0.040229 milliseconds in repetition 26
tcp_ping received 128 bytes back
Round trip time was 0.043387 milliseconds in repetition 27
tcp_ping received 128 bytes back
Round trip time was 0.040786 milliseconds in repetition 28
tcp_ping received 128 bytes back
Round trip time was 0.039878 milliseconds in repetition 29
tcp_ping received 128 bytes back
Round trip time was 0.040636 milliseconds in repetition 30
tcp_ping received 128 bytes back
Round trip time was 0.039914 milliseconds in repetition 31
tcp_ping received 128 bytes back
Round trip time was 0.040705 milliseconds in repetition 32
tcp_ping received 128 bytes back
Round trip time was 0.039982 milliseconds in repetition 33
tcp_ping received 128 bytes back
Round trip time was 0.040838 milliseconds in repetition 34
tcp_ping received 128 bytes back
Round trip time was 0.040178 milliseconds in repetition 35
tcp_ping received 128 bytes back
Round trip time was 0.040941 milliseconds in repetition 36
tcp_ping received 128 bytes back
Round trip time was 0.040763 milliseconds in repetition 37
tcp_ping received 128 bytes back
Round trip time was 0.040303 milliseconds in repetition 38
tcp_ping received 128 bytes back
Round trip time was 0.040472 milliseconds in repetition 39
tcp_ping received 128 bytes back
Round trip time was 0.039855 milliseconds in repetition 40
tcp_ping received 128 bytes back
Round trip time was 0.040493 milliseconds in repetition 41
tcp_ping received 128 bytes back
Round trip time was 0.04055 milliseconds in repetition 42
tcp_ping received 128 bytes back
Round trip time was 0.040268 milliseconds in repetition 43
tcp_ping received 128 bytes back
Round trip time was 0.078812 milliseconds in repetition 44
tcp_ping received 128 bytes back
Round trip time was 0.04391 milliseconds in repetition 45
tcp_ping received 128 bytes back
Round trip time was 0.041507 milliseconds in repetition 46
tcp_ping received 128 bytes back
Round trip time was 0.042281 milliseconds in repetition 47
tcp_ping received 128 bytes back
Round trip time was 0.042187 milliseconds in repetition 48
tcp_ping received 128 bytes back
Round trip time was 0.042047 milliseconds in repetition 49
tcp_ping received 128 bytes back
Round trip time was 0.043924 milliseconds in repetition 50
tcp_ping received 128 bytes back
Round trip time was 0.041442 milliseconds in repetition 51
tcp_ping received 128 bytes back
Round trip time was 0.041563 milliseconds in repetition 52
tcp_ping received 128 bytes back
Round trip time was 0.041818 milliseconds in repetition 53
tcp_ping received 128 bytes back
Round trip time was 0.041207 milliseconds in repetition 54
tcp_ping received 128 bytes back
Round trip time was 0.041323 milliseconds in repetition 55
tcp_ping received 128 bytes back
Round trip time was 0.041242 milliseconds in repetition 56
tcp_ping received 128 bytes back
Round trip time was 0.041299 milliseconds in repetition 57
tcp_ping received 128 bytes back
Round trip time was 0.041375 milliseconds in repetition 58
tcp_ping received 128 bytes back
Round trip time was 0.04121 milliseconds in repetition 59
tcp_ping received 128 bytes back
Round trip time was 0.041076 milliseconds in repetition 60
tcp_ping received 128 bytes back
Round trip time was 0.041665 milliseconds in repetition 61
tcp_ping received 128 bytes back
Round trip time was 0.041187 milliseconds in repetition 62
tcp_ping received 128 bytes back
Round trip time was 0.041473 milliseconds in repetition 63
tcp_ping received 128 bytes back
Round trip time was 0.041354 milliseconds in repetition 64
tcp_ping received 128 bytes back
Round trip time was 0.04118 milliseconds in repetition 65
tcp_ping received 128 bytes back
Round trip time was 0.041229 milliseconds in repetition 66
tcp_ping received 128 bytes back
Round trip time was 0.040981 milliseconds in repetition 67
tcp_ping received 128 bytes back
Round trip time was 0.041052 milliseconds in repetition 68
tcp_ping received 128 bytes back
Round trip time was 0.041185 milliseconds in repetition 69
tcp_ping received 128 bytes back
Round trip time was 0.041633 milliseconds in repetition 70
tcp_ping received 128 bytes back
Round trip time was 0.041528 milliseconds in repetition 71
tcp_ping received 128 bytes back
Round trip time was 0.042234 milliseconds in repetition 72
tcp_ping received 128 bytes back
Round trip time was 0.041406 milliseconds in repetition 73
tcp_ping received 128 bytes back
Round trip time was 0.04136 milliseconds in repetition 74
tcp_ping received 128 bytes back
Round trip time was 0.041553 milliseconds in repetition 75
tcp_ping received 128 bytes back
Round trip time was 0.041465 milliseconds in repetition 76
tcp_ping received 128 bytes back
Round trip time was 0.040981 milliseconds in repetition 77
tcp_ping received 128 bytes back
Round trip time was 0.041493 milliseconds in repetition 78
tcp_ping received 128 bytes back
Round trip time was 0.041752 milliseconds in repetition 79
tcp_ping received 128 bytes back
Round trip time was 0.041731 milliseconds in repetition 80
tcp_ping received 128 bytes back
Round trip time was 0.041365 milliseconds in repetition 81
tcp_ping received 128 bytes back
Round trip time was 0.041797 milliseconds in repetition 82
tcp_ping received 128 bytes back
Round trip time was 0.041364 milliseconds in repetition 83
tcp_ping received 128 bytes back
Round trip time was 0.087151 milliseconds in repetition 84
tcp_ping received 128 bytes back
Round trip time was 0.069536 milliseconds in repetition 85
tcp_ping received 128 bytes back
Round trip time was 0.055546 milliseconds in repetition 86
tcp_ping received 128 bytes back
Round trip time was 0.047347 milliseconds in repetition 87
tcp_ping received 128 bytes back
Round trip time was 0.049697 milliseconds in repetition 88
tcp_ping received 128 bytes back
Round trip time was 0.059312 milliseconds in repetition 89
tcp_ping received 128 bytes back
Round trip time was 0.065441 milliseconds in repetition 90
tcp_ping received 128 bytes back
Round trip time was 0.048393 milliseconds in repetition 91
tcp_ping received 128 bytes back
Round trip time was 0.051466 milliseconds in repetition 92
tcp_ping received 128 bytes back
Round trip time was 0.046826 milliseconds in repetition 93
tcp_ping received 128 bytes back
Round trip time was 0.0434 milliseconds in repetition 94
tcp_ping received 128 bytes back
Round trip time was 0.04405 milliseconds in repetition 95
tcp_ping received 128 bytes back
Round trip time was 0.072447 milliseconds in repetition 96
tcp_ping received 128 bytes back
Round trip time was 0.062011 milliseconds in repetition 97
tcp_ping received 128 bytes back
Round trip time was 0.057324 milliseconds in repetition 98
tcp_ping received 128 bytes back
Round trip time was 0.067779 milliseconds in repetition 99
tcp_ping received 128 bytes back
Round trip time was 0.061375 milliseconds in repetition 100
tcp_ping received 128 bytes back
Round trip time was 0.049114 milliseconds in repetition 101
tcp_ping received 128 bytes back
Round trip time was 0.047743 milliseconds in repetition 102
tcp_ping received 128 bytes back
Round trip time was 0.04755 milliseconds in repetition 103
tcp_ping received 128 bytes back
Round trip time was 0.049587 milliseconds in repetition 104
tcp_ping received 128 bytes back
Round trip time was 0.047331 milliseconds in repetition 105
tcp_ping received 128 bytes back
Round trip time was 0.047268 milliseconds in repetition 106
tcp_ping received 128 bytes back
Round trip time was 0.045939 milliseconds in repetition 107
tcp_ping received 128 bytes back
Round trip time was 0.047063 milliseconds in repetition 108
tcp_ping received 128 bytes back
Round trip time was 0.048054 milliseconds in repetition 109
tcp_ping received 128 bytes back
Round trip time was 0.052156 milliseconds in repetition 110
tcp_ping received 128 bytes back
Round trip time was 0.055445 milliseconds in repetition 111
tcp_ping received 128 bytes back
Round trip time was 0.052678 milliseconds in repetition 112
tcp_ping received 128 bytes back
Round trip time was 0.052943 milliseconds in repetition 113
tcp_ping received 128 bytes back
Round trip time was 0.073861 milliseconds in repetition 114
tcp_ping received 128 bytes back
Round trip time was 0.060524 milliseconds in repetition 115
tcp_ping received 128 bytes back
Round trip time was 0.045172 milliseconds in repetition 116
tcp_ping received 128 bytes back
Round trip time was 0.043501 milliseconds in repetition 117
tcp_ping received 128 bytes back
Round trip time was 0.069906 milliseconds in repetition 118
tcp_ping received 128 bytes back
Round trip time was 0.074945 milliseconds in repetition 119
tcp_ping received 128 bytes back
Round trip time was 0.063873 milliseconds in repetition 120
tcp_ping received 128 bytes back
Round trip time was 0.06318 milliseconds in repetition 121
tcp_ping received 128 bytes back
Round trip time was 0.070878 milliseconds in repetition 122
tcp_ping received 128 bytes back
Round trip time was 0.064934 milliseconds in repetition 123
tcp_ping received 128 bytes back
Round trip time was 0.071153 milliseconds in repetition 124
tcp_ping received 128 bytes back
Round trip time was 0.066909 milliseconds in repetition 125
tcp_ping received 128 bytes back
Round trip time was 0.066122 milliseconds in repetition 126
tcp_ping received 128 bytes back
Round trip time was 0.059386 milliseconds in repetition 127
tcp_ping received 128 bytes back
Round trip time was 0.061062 milliseconds in repetition 128
tcp_ping received 128 bytes back
Round trip time was 0.055173 milliseconds in repetition 129
tcp_ping received 128 bytes back
Round trip time was 0.063552 milliseconds in repetition 130
tcp_ping received 128 bytes back
Round trip time was 0.084368 milliseconds in repetition 131
tcp_ping received 128 bytes back
Round trip time was 0.055954 milliseconds in repetition 132
tcp_ping received 128 bytes back
Round trip time was 0.062306 milliseconds in repetition 133
tcp_ping received 128 bytes back
Round trip time was 0.050737 milliseconds in repetition 134
tcp_ping received 128 bytes back
Round trip time was 0.055067 milliseconds in repetition 135
tcp_ping received 128 bytes back
Round trip time was 0.057106 milliseconds in repetition 136
tcp_ping received 128 bytes back
Round trip time was 0.089002 milliseconds in repetition 137
tcp_ping received 128 bytes back
Round trip time was 0.095383 milliseconds in repetition 138
tcp_ping received 128 bytes back
Round trip time was 0.081916 milliseconds in repetition 139
tcp_ping received 128 bytes back
Round trip time was 0.05699 milliseconds in repetition 140
tcp_ping received 128 bytes back
Round trip time was 0.043272 milliseconds in repetition 141
tcp_ping received 128 bytes back
Round trip time was 0.087191 milliseconds in repetition 142
tcp_ping received 128 bytes back
Round trip time was 0.05216 milliseconds in repetition 143
tcp_ping received 128 bytes back
Round trip time was 0.050426 milliseconds in repetition 144
tcp_ping received 128 bytes back
Round trip time was 0.047569 milliseconds in repetition 145
tcp_ping received 128 bytes back
Round trip time was 0.052566 milliseconds in repetition 146
tcp_ping received 128 bytes back
Round trip time was 0.068206 milliseconds in repetition 147
tcp_ping received 128 bytes back
Round trip time was 0.071014 milliseconds in repetition 148
tcp_ping received 128 bytes back
Round trip time was 0.070529 milliseconds in repetition 149
tcp_ping received 128 bytes back
Round trip time was 0.120194 milliseconds in repetition 150
tcp_ping received 128 bytes back
Round trip time was 0.114148 milliseconds in repetition 151
tcp_ping received 128 bytes back
Round trip time was 0.077245 milliseconds in repetition 152
tcp_ping received 128 bytes back
Round trip time was 0.052885 milliseconds in repetition 153
tcp_ping received 128 bytes back
Round trip time was 0.042372 milliseconds in repetition 154
tcp_ping received 128 bytes back
Round trip time was 0.065245 milliseconds in repetition 155
tcp_ping received 128 bytes back
Round trip time was 0.048656 milliseconds in repetition 156
tcp_ping received 128 bytes back
Round trip time was 0.055455 milliseconds in repetition 157
tcp_ping received 128 bytes back
Round trip time was 0.083689 milliseconds in repetition 158
tcp_ping received 128 bytes back
Round trip time was 0.049974 milliseconds in repetition 159
tcp_ping received 128 bytes back
Round trip time was 0.081134 milliseconds in repetition 160
tcp_ping received 128 bytes back
Round trip time was 0.050515 milliseconds in repetition 161
tcp_ping received 128 bytes back
Round trip time was 0.052084 milliseconds in repetition 162
tcp_ping received 128 bytes back
Round trip time was 0.050211 milliseconds in repetition 163
tcp_ping received 128 bytes back
Round trip time was 0.042191 milliseconds in repetition 164
tcp_ping received 128 bytes back
Round trip time was 0.042471 milliseconds in repetition 165
tcp_ping received 128 bytes back
Round trip time was 0.052731 milliseconds in repetition 166
tcp_ping received 128 bytes back
Round trip time was 0.045872 milliseconds in repetition 167
tcp_ping received 128 bytes back
Round trip time was 0.043234 milliseconds in repetition 168
tcp_ping received 128 bytes back
Round trip time was 0.04274 milliseconds in repetition 169
tcp_ping received 128 bytes back
Round trip time was 0.042938 milliseconds in repetition 170
tcp_ping received 128 bytes back
Round trip time was 0.042783 milliseconds in repetition 171
tcp_ping received 128 bytes back
Round trip time was 0.042777 milliseconds in repetition 172
tcp_ping received 128 bytes back
Round trip time was 0.042624 milliseconds in repetition 173
tcp_ping received 128 bytes back
Round trip time was 0.04225 milliseconds in repetition 174
tcp_ping received 128 bytes back
Round trip time was 0.04349 milliseconds in repetition 175
tcp_ping received 128 bytes back
Round trip time was 0.042722 milliseconds in repetition 176
tcp_ping received 128 bytes back
Round trip time was 0.04312 milliseconds in repetition 177
tcp_ping received 128 bytes back
Round trip time was 0.043124 milliseconds in repetition 178
tcp_ping received 128 bytes back
Round trip time was 0.042795 milliseconds in repetition 179
tcp_ping received 128 bytes back
Round trip time was 0.042367 milliseconds in repetition 180
tcp_ping received 128 bytes back
Round trip time was 0.042632 milliseconds in repetition 181
tcp_ping received 128 bytes back
Round trip time was 0.043355 milliseconds in repetition 182
tcp_ping received 128 bytes back
Round trip time was 0.043003 milliseconds in repetition 183
tcp_ping received 128 bytes back
Round trip time was 0.04289 milliseconds in repetition 184
tcp_ping received 128 bytes back
Round trip time was 0.042122 milliseconds in repetition 185
tcp_ping received 128 bytes back
Round trip time was 0.042437 milliseconds in repetition 186
tcp_ping received 128 bytes back
Round trip time was 0.042039 milliseconds in repetition 187
tcp_ping received 128 bytes back
Round trip time was 0.042228 milliseconds in repetition 188
tcp_ping received 128 bytes back
Round trip time was 0.042161 milliseconds in repetition 189
tcp_ping received 128 bytes back
Round trip time was 0.042152 milliseconds in repetition 190
tcp_ping received 128 bytes back
Round trip time was 0.042378 milliseconds in repetition 191
tcp_ping received 128 bytes back
Round trip time was 0.042629 milliseconds in repetition 192
tcp_ping received 128 bytes back
Round trip time was 0.042106 milliseconds in repetition 193
tcp_ping received 128 bytes back
Round trip time was 0.042095 milliseconds in repetition 194
tcp_ping received 128 bytes back
Round trip time was 0.067995 milliseconds in repetition 195
tcp_ping received 128 bytes back
Round trip time was 0.065024 milliseconds in repetition 196
tcp_ping received 128 bytes back
Round trip time was 0.050678 milliseconds in repetition 197
tcp_ping received 128 bytes back
Round trip time was 0.045735 milliseconds in repetition 198
tcp_ping received 128 bytes back
Round trip time was 0.047251 milliseconds in repetition 199
tcp_ping received 128 bytes back
Round trip time was 0.043008 milliseconds in repetition 200
tcp_ping received 128 bytes back
Round trip time was 0.062112 milliseconds in repetition 201
tcp_ping received 128 bytes back
Round trip time was 0.045488 milliseconds in repetition 202
tcp_ping received 128 bytes back
Round trip time was 0.048695 milliseconds in repetition 203
tcp_ping received 128 bytes back
Round trip time was 0.061612 milliseconds in repetition 204
tcp_ping received 128 bytes back
Round trip time was 0.064638 milliseconds in repetition 205
tcp_ping received 128 bytes back
Round trip time was 0.062792 milliseconds in repetition 206
tcp_ping received 128 bytes back
Round trip time was 0.051981 milliseconds in repetition 207
tcp_ping received 128 bytes back
Round trip time was 0.043999 milliseconds in repetition 208
tcp_ping received 128 bytes back
Round trip time was 0.043608 milliseconds in repetition 209
tcp_ping received 128 bytes back
Round trip time was 0.04939 milliseconds in repetition 210
tcp_ping received 128 bytes back
Round trip time was 0.04461 milliseconds in repetition 211
tcp_ping received 128 bytes back
Round trip time was 0.062919 milliseconds in repetition 212
tcp_ping received 128 bytes back
Round trip time was 0.049844 milliseconds in repetition 213
tcp_ping received 128 bytes back
Round trip time was 0.043488 milliseconds in repetition 214
tcp_ping received 128 bytes back
Round trip time was 0.042301 milliseconds in repetition 215
tcp_ping received 128 bytes back
Round trip time was 0.083334 milliseconds in repetition 216
tcp_ping received 128 bytes back
Round trip time was 0.068994 milliseconds in repetition 217
tcp_ping received 128 bytes back
Round trip time was 0.071763 milliseconds in repetition 218
tcp_ping received 128 bytes back
Round trip time was 0.07831 milliseconds in repetition 219
tcp_ping received 128 bytes back
Round trip time was 0.048829 milliseconds in repetition 220
tcp_ping received 128 bytes back
Round trip time was 0.052048 milliseconds in repetition 221
tcp_ping received 128 bytes back
Round trip time was 0.049137 milliseconds in repetition 222
tcp_ping received 128 bytes back
Round trip time was 0.049136 milliseconds in repetition 223
tcp_ping received 128 bytes back
Round trip time was 0.043848 milliseconds in repetition 224
tcp_ping received 128 bytes back
Round trip time was 0.042593 milliseconds in repetition 225
tcp_ping received 128 bytes back
Round trip time was 0.042216 milliseconds in repetition 226
tcp_ping received 128 bytes back
Round trip time was 0.042163 milliseconds in repetition 227
tcp_ping received 128 bytes back
Round trip time was 0.043671 milliseconds in repetition 228
tcp_ping received 128 bytes back
Round trip time was 0.042404 milliseconds in repetition 229
tcp_ping received 128 bytes back
Round trip time was 0.042226 milliseconds in repetition 230
tcp_ping received 128 bytes back
Round trip time was 0.042029 milliseconds in repetition 231
tcp_ping received 128 bytes back
Round trip time was 0.042543 milliseconds in repetition 232
tcp_ping received 128 bytes back
Round trip time was 0.042908 milliseconds in repetition 233
tcp_ping received 128 bytes back
Round trip time was 0.043797 milliseconds in repetition 234
tcp_ping received 128 bytes back
Round trip time was 0.043167 milliseconds in repetition 235
tcp_ping received 128 bytes back
Round trip time was 0.04245 milliseconds in repetition 236
tcp_ping received 128 bytes back
Round trip time was 0.042359 milliseconds in repetition 237
tcp_ping received 128 bytes back
Round trip time was 0.042646 milliseconds in repetition 238
tcp_ping received 128 bytes back
Round trip time was 0.042327 milliseconds in repetition 239
tcp_ping received 128 bytes back
Round trip time was 0.042124 milliseconds in repetition 240
tcp_ping received 128 bytes back
Round trip time was 0.042372 milliseconds in repetition 241
tcp_ping received 128 bytes back
Round trip time was 0.042649 milliseconds in repetition 242
tcp_ping received 128 bytes back
Round trip time was 0.041928 milliseconds in repetition 243
tcp_ping received 128 bytes back
Round trip time was 0.042563 milliseconds in repetition 244
tcp_ping received 128 bytes back
Round trip time was 0.042706 milliseconds in repetition 245
tcp_ping received 128 bytes back
Round trip time was 0.043246 milliseconds in repetition 246
tcp_ping received 128 bytes back
Round trip time was 0.042146 milliseconds in repetition 247
tcp_ping received 128 bytes back
Round trip time was 0.044939 milliseconds in repetition 248
tcp_ping received 128 bytes back
Round trip time was 0.04291 milliseconds in repetition 249
tcp_ping received 128 bytes back
Round trip time was 0.042379 milliseconds in repetition 250
tcp_ping received 128 bytes back
Round trip time was 0.042327 milliseconds in repetition 251
tcp_ping received 128 bytes back
Round trip time was 0.042457 milliseconds in repetition 252
tcp_ping received 128 bytes back
Round trip time was 0.051148 milliseconds in repetition 253
tcp_ping received 128 bytes back
Round trip time was 0.046339 milliseconds in repetition 254
tcp_ping received 128 bytes back
Round trip time was 0.04568 milliseconds in repetition 255
tcp_ping received 128 bytes back
Round trip time was 0.077451 milliseconds in repetition 256
tcp_ping received 128 bytes back
Round trip time was 0.058507 milliseconds in repetition 257
tcp_ping received 128 bytes back
Round trip time was 0.049772 milliseconds in repetition 258
tcp_ping received 128 bytes back
Round trip time was 0.04925 milliseconds in repetition 259
tcp_ping received 128 bytes back
Round trip time was 0.04299 milliseconds in repetition 260
tcp_ping received 128 bytes back
Round trip time was 0.042314 milliseconds in repetition 261
tcp_ping received 128 bytes back
Round trip time was 0.042216 milliseconds in repetition 262
tcp_ping received 128 bytes back
Round trip time was 0.042579 milliseconds in repetition 263
tcp_ping received 128 bytes back
Round trip time was 0.053108 milliseconds in repetition 264
tcp_ping received 128 bytes back
Round trip time was 0.046275 milliseconds in repetition 265
tcp_ping received 128 bytes back
Round trip time was 0.051022 milliseconds in repetition 266
tcp_ping received 128 bytes back
Round trip time was 0.045888 milliseconds in repetition 267
tcp_ping received 128 bytes back
Round trip time was 0.04257 milliseconds in repetition 268
tcp_ping received 128 bytes back
Round trip time was 0.0423 milliseconds in repetition 269
tcp_ping received 128 bytes back
Round trip time was 0.042149 milliseconds in repetition 270
tcp_ping received 128 bytes back
Round trip time was 0.042128 milliseconds in repetition 271
tcp_ping received 128 bytes back
Round trip time was 0.042161 milliseconds in repetition 272
tcp_ping received 128 bytes back
Round trip time was 0.04229 milliseconds in repetition 273
tcp_ping received 128 bytes back
Round trip time was 0.042139 milliseconds in repetition 274
tcp_ping received 128 bytes back
Round trip time was 0.04211 milliseconds in repetition 275
tcp_ping received 128 bytes back
Round trip time was 0.042402 milliseconds in repetition 276
tcp_ping received 128 bytes back
Round trip time was 0.043128 milliseconds in repetition 277
tcp_ping received 128 bytes back
Round trip time was 0.043105 milliseconds in repetition 278
tcp_ping received 128 bytes back
Round trip time was 0.042121 milliseconds in repetition 279
tcp_ping received 128 bytes back
Round trip time was 0.041917 milliseconds in repetition 280
tcp_ping received 128 bytes back
Round trip time was 0.04197 milliseconds in repetition 281
tcp_ping received 128 bytes back
Round trip time was 0.042213 milliseconds in repetition 282
tcp_ping received 128 bytes back
Round trip time was 0.042005 milliseconds in repetition 283
tcp_ping received 128 bytes back
Round trip time was 0.042112 milliseconds in repetition 284
tcp_ping received 128 bytes back
Round trip time was 0.041909 milliseconds in repetition 285
tcp_ping received 128 bytes back
Round trip time was 0.04269 milliseconds in repetition 286
tcp_ping received 128 bytes back
Round trip time was 0.04193 milliseconds in repetition 287
tcp_ping received 128 bytes back
Round trip time was 0.043348 milliseconds in repetition 288
tcp_ping received 128 bytes back
Round trip time was 0.069035 milliseconds in repetition 289
tcp_ping received 128 bytes back
Round trip time was 0.081386 milliseconds in repetition 290
tcp_ping received 128 bytes back
Round trip time was 0.049193 milliseconds in repetition 291
tcp_ping received 128 bytes back
Round trip time was 0.054905 milliseconds in repetition 292
tcp_ping received 128 bytes back
Round trip time was 0.052241 milliseconds in repetition 293
tcp_ping received 128 bytes back
Round trip time was 0.050936 milliseconds in repetition 294
tcp_ping received 128 bytes back
Round trip time was 0.05359 milliseconds in repetition 295
tcp_ping received 128 bytes back
Round trip time was 0.046665 milliseconds in repetition 296
tcp_ping received 128 bytes back
Round trip time was 0.062669 milliseconds in repetition 297
tcp_ping received 128 bytes back
Round trip time was 0.052693 milliseconds in repetition 298
tcp_ping received 128 bytes back
Round trip time was 0.060711 milliseconds in repetition 299
tcp_ping received 128 bytes back
Round trip time was 0.052615 milliseconds in repetition 300
tcp_ping received 128 bytes back
Round trip time was 0.050281 milliseconds in repetition 301
tcp_ping received 128 bytes back
Round trip time was 0.046255 milliseconds in repetition 302
tcp_ping received 128 bytes back
Round trip time was 0.042713 milliseconds in repetition 303
tcp_ping received 128 bytes back
Round trip time was 0.041162 milliseconds in repetition 304
tcp_ping received 128 bytes back
Round trip time was 0.063576 milliseconds in repetition 305
tcp_ping received 128 bytes back
Round trip time was 0.057601 milliseconds in repetition 306
tcp_ping received 128 bytes back
Round trip time was 0.054991 milliseconds in repetition 307
tcp_ping received 128 bytes back
Round trip time was 0.058013 milliseconds in repetition 308
tcp_ping received 128 bytes back
Round trip time was 0.059582 milliseconds in repetition 309
tcp_ping received 128 bytes back
Round trip time was 0.05317 milliseconds in repetition 310
tcp_ping received 128 bytes back
Round trip time was 0.044832 milliseconds in repetition 311
tcp_ping received 128 bytes back
Round trip time was 0.041463 milliseconds in repetition 312
tcp_ping received 128 bytes back
Round trip time was 0.041044 milliseconds in repetition 313
tcp_ping received 128 bytes back
Round trip time was 0.041137 milliseconds in repetition 314
tcp_ping received 128 bytes back
Round trip time was 0.041413 milliseconds in repetition 315
tcp_ping received 128 bytes back
Round trip time was 0.042598 milliseconds in repetition 316
tcp_ping received 128 bytes back
Round trip time was 0.052292 milliseconds in repetition 317
tcp_ping received 128 bytes back
Round trip time was 0.041673 milliseconds in repetition 318
tcp_ping received 128 bytes back
Round trip time was 0.041415 milliseconds in repetition 319
tcp_ping received 128 bytes back
Round trip time was 0.040858 milliseconds in repetition 320
tcp_ping received 128 bytes back
Round trip time was 0.041035 milliseconds in repetition 321
tcp_ping received 128 bytes back
Round trip time was 0.041085 milliseconds in repetition 322
tcp_ping received 128 bytes back
Round trip time was 0.041318 milliseconds in repetition 323
tcp_ping received 128 bytes back
Round trip time was 0.040791 milliseconds in repetition 324
tcp_ping received 128 bytes back
Round trip time was 0.041168 milliseconds in repetition 325
tcp_ping received 128 bytes back
Round trip time was 0.042146 milliseconds in repetition 326
tcp_ping received 128 bytes back
Round trip time was 0.041233 milliseconds in repetition 327
tcp_ping received 128 bytes back
Round trip time was 0.040981 milliseconds in repetition 328
tcp_ping received 128 bytes back
Round trip time was 0.040713 milliseconds in repetition 329
tcp_ping received 128 bytes back
Round trip time was 0.040836 milliseconds in repetition 330
tcp_ping received 128 bytes back
Round trip time was 0.04103 milliseconds in repetition 331
tcp_ping received 128 bytes back
Round trip time was 0.040757 milliseconds in repetition 332
tcp_ping received 128 bytes back
Round trip time was 0.040886 milliseconds in repetition 333
tcp_ping received 128 bytes back
Round trip time was 0.041215 milliseconds in repetition 334
tcp_ping received 128 bytes back
Round trip time was 0.040839 milliseconds in repetition 335
tcp_ping received 128 bytes back
Round trip time was 0.040978 milliseconds in repetition 336
tcp_ping received 128 bytes back
Round trip time was 0.042808 milliseconds in repetition 337
tcp_ping received 128 bytes back
Round trip time was 0.042461 milliseconds in repetition 338
tcp_ping received 128 bytes back
Round trip time was 0.040898 milliseconds in repetition 339
tcp_ping received 128 bytes back
Round trip time was 0.040896 milliseconds in repetition 340
tcp_ping received 128 bytes back
Round trip time was 0.04112 milliseconds in repetition 341
tcp_ping received 128 bytes back
Round trip time was 0.044235 milliseconds in repetition 342
tcp_ping received 128 bytes back
Round trip time was 0.040896 milliseconds in repetition 343
tcp_ping received 128 bytes back
Round trip time was 0.040897 milliseconds in repetition 344
tcp_ping received 128 bytes back
Round trip time was 0.040777 milliseconds in repetition 345
tcp_ping received 128 bytes back
Round trip time was 0.040942 milliseconds in repetition 346
tcp_ping received 128 bytes back
Round trip time was 0.041716 milliseconds in repetition 347
tcp_ping received 128 bytes back
Round trip time was 0.041759 milliseconds in repetition 348
tcp_ping received 128 bytes back
Round trip time was 0.041789 milliseconds in repetition 349
tcp_ping received 128 bytes back
Round trip time was 0.040888 milliseconds in repetition 350
tcp_ping received 128 bytes back
Round trip time was 0.041223 milliseconds in repetition 351
tcp_ping received 128 bytes back
Round trip time was 0.040908 milliseconds in repetition 352
tcp_ping received 128 bytes back
Round trip time was 0.041092 milliseconds in repetition 353
tcp_ping received 128 bytes back
Round trip time was 0.043078 milliseconds in repetition 354
tcp_ping received 128 bytes back
Round trip time was 0.044046 milliseconds in repetition 355
tcp_ping received 128 bytes back
Round trip time was 0.043119 milliseconds in repetition 356
tcp_ping received 128 bytes back
Round trip time was 0.07906 milliseconds in repetition 357
tcp_ping received 128 bytes back
Round trip time was 0.048517 milliseconds in repetition 358
tcp_ping received 128 bytes back
Round trip time was 0.042629 milliseconds in repetition 359
tcp_ping received 128 bytes back
Round trip time was 0.042386 milliseconds in repetition 360
tcp_ping received 128 bytes back
Round trip time was 0.041608 milliseconds in repetition 361
tcp_ping received 128 bytes back
Round trip time was 0.040844 milliseconds in repetition 362
tcp_ping received 128 bytes back
Round trip time was 0.041066 milliseconds in repetition 363
tcp_ping received 128 bytes back
Round trip time was 0.041547 milliseconds in repetition 364
tcp_ping received 128 bytes back
Round trip time was 0.041048 milliseconds in repetition 365
tcp_ping received 128 bytes back
Round trip time was 0.041708 milliseconds in repetition 366
tcp_ping received 128 bytes back
Round trip time was 0.040995 milliseconds in repetition 367
tcp_ping received 128 bytes back
Round trip time was 0.04128 milliseconds in repetition 368
tcp_ping received 128 bytes back
Round trip time was 0.041491 milliseconds in repetition 369
tcp_ping received 128 bytes back
Round trip time was 0.041155 milliseconds in repetition 370
tcp_ping received 128 bytes back
Round trip time was 0.041733 milliseconds in repetition 371
tcp_ping received 128 bytes back
Round trip time was 0.04109 milliseconds in repetition 372
tcp_ping received 128 bytes back
Round trip time was 0.041193 milliseconds in repetition 373
tcp_ping received 128 bytes back
Round trip time was 0.041376 milliseconds in repetition 374
tcp_ping received 128 bytes back
Round trip time was 0.04123 milliseconds in repetition 375
tcp_ping received 128 bytes back
Round trip time was 0.041257 milliseconds in repetition 376
tcp_ping received 128 bytes back
Round trip time was 0.041072 milliseconds in repetition 377
tcp_ping received 128 bytes back
Round trip time was 0.041419 milliseconds in repetition 378
tcp_ping received 128 bytes back
Round trip time was 0.041172 milliseconds in repetition 379
tcp_ping received 128 bytes back
Round trip time was 0.041344 milliseconds in repetition 380
tcp_ping received 128 bytes back
Round trip time was 0.04211 milliseconds in repetition 381
tcp_ping received 128 bytes back
Round trip time was 0.042088 milliseconds in repetition 382
tcp_ping received 128 bytes back
Round trip time was 0.043066 milliseconds in repetition 383
tcp_ping received 128 bytes back
Round trip time was 0.041863 milliseconds in repetition 384
tcp_ping received 128 bytes back
Round trip time was 0.041293 milliseconds in repetition 385
tcp_ping received 128 bytes back
Round trip time was 0.041434 milliseconds in repetition 386
tcp_ping received 128 bytes back
Round trip time was 0.041011 milliseconds in repetition 387
tcp_ping received 128 bytes back
Round trip time was 0.04101 milliseconds in repetition 388
tcp_ping received 128 bytes back
Round trip time was 0.041094 milliseconds in repetition 389
tcp_ping received 128 bytes back
Round trip time was 0.041317 milliseconds in repetition 390
tcp_ping received 128 bytes back
Round trip time was 0.041447 milliseconds in repetition 391
tcp_ping received 128 bytes back
Round trip time was 0.041431 milliseconds in repetition 392
tcp_ping received 128 bytes back
Round trip time was 0.041836 milliseconds in repetition 393
tcp_ping received 128 bytes back
Round trip time was 0.041701 milliseconds in repetition 394
tcp_ping received 128 bytes back
Round trip time was 0.04205 milliseconds in repetition 395
tcp_ping received 128 bytes back
Round trip time was 0.041827 milliseconds in repetition 396
tcp_ping received 128 bytes back
Round trip time was 0.041407 milliseconds in repetition 397
tcp_ping received 128 bytes back
Round trip time was 0.043773 milliseconds in repetition 398
tcp_ping received 128 bytes back
Round trip time was 0.043148 milliseconds in repetition 399
tcp_ping received 128 bytes back
Round trip time was 0.043657 milliseconds in repetition 400
tcp_ping received 128 bytes back
Round trip time was 0.041422 milliseconds in repetition 401
tcp_ping received 128 bytes back
Round trip time was 0.041682 milliseconds in repetition 402
tcp_ping received 128 bytes back
Round trip time was 0.042239 milliseconds in repetition 403
tcp_ping received 128 bytes back
Round trip time was 0.042215 milliseconds in repetition 404
tcp_ping received 128 bytes back
Round trip time was 0.042399 milliseconds in repetition 405
tcp_ping received 128 bytes back
Round trip time was 0.041893 milliseconds in repetition 406
tcp_ping received 128 bytes back
Round trip time was 0.041469 milliseconds in repetition 407
tcp_ping received 128 bytes back
Round trip time was 0.041415 milliseconds in repetition 408
tcp_ping received 128 bytes back
Round trip time was 0.04152 milliseconds in repetition 409
tcp_ping received 128 bytes back
Round trip time was 0.042146 milliseconds in repetition 410
tcp_ping received 128 bytes back
Round trip time was 0.046741 milliseconds in repetition 411
tcp_ping received 128 bytes back
Round trip time was 0.042081 milliseconds in repetition 412
tcp_ping received 128 bytes back
Round trip time was 0.041175 milliseconds in repetition 413
tcp_ping received 128 bytes back
Round trip time was 0.041732 milliseconds in repetition 414
tcp_ping received 128 bytes back
Round trip time was 0.041188 milliseconds in repetition 415
tcp_ping received 128 bytes back
Round trip time was 0.041158 milliseconds in repetition 416
tcp_ping received 128 bytes back
Round trip time was 0.042017 milliseconds in repetition 417
tcp_ping received 128 bytes back
Round trip time was 0.041563 milliseconds in repetition 418
tcp_ping received 128 bytes back
Round trip time was 0.041748 milliseconds in repetition 419
tcp_ping received 128 bytes back
Round trip time was 0.041506 milliseconds in repetition 420
tcp_ping received 128 bytes back
Round trip time was 0.041122 milliseconds in repetition 421
tcp_ping received 128 bytes back
Round trip time was 0.041289 milliseconds in repetition 422
tcp_ping received 128 bytes back
Round trip time was 0.041522 milliseconds in repetition 423
tcp_ping received 128 bytes back
Round trip time was 0.04167 milliseconds in repetition 424
tcp_ping received 128 bytes back
Round trip time was 0.0431 milliseconds in repetition 425
tcp_ping received 128 bytes back
Round trip time was 0.084197 milliseconds in repetition 426
tcp_ping received 128 bytes back
Round trip time was 0.059509 milliseconds in repetition 427
tcp_ping received 128 bytes back
Round trip time was 0.054404 milliseconds in repetition 428
tcp_ping received 128 bytes back
Round trip time was 0.053233 milliseconds in repetition 429
tcp_ping received 128 bytes back
Round trip time was 0.046675 milliseconds in repetition 430
tcp_ping received 128 bytes back
Round trip time was 0.045722 milliseconds in repetition 431
tcp_ping received 128 bytes back
Round trip time was 0.04562 milliseconds in repetition 432
tcp_ping received 128 bytes back
Round trip time was 0.045401 milliseconds in repetition 433
tcp_ping received 128 bytes back
Round trip time was 0.045517 milliseconds in repetition 434
tcp_ping received 128 bytes back
Round trip time was 0.044645 milliseconds in repetition 435
tcp_ping received 128 bytes back
Round trip time was 0.046158 milliseconds in repetition 436
tcp_ping received 128 bytes back
Round trip time was 0.047459 milliseconds in repetition 437
tcp_ping received 128 bytes back
Round trip time was 0.048841 milliseconds in repetition 438
tcp_ping received 128 bytes back
Round trip time was 0.048801 milliseconds in repetition 439
tcp_ping received 128 bytes back
Round trip time was 0.047929 milliseconds in repetition 440
tcp_ping received 128 bytes back
Round trip time was 0.05977 milliseconds in repetition 441
tcp_ping received 128 bytes back
Round trip time was 0.06587 milliseconds in repetition 442
tcp_ping received 128 bytes back
Round trip time was 0.057368 milliseconds in repetition 443
tcp_ping received 128 bytes back
Round trip time was 0.050551 milliseconds in repetition 444
tcp_ping received 128 bytes back
Round trip time was 0.046572 milliseconds in repetition 445
tcp_ping received 128 bytes back
Round trip time was 0.047605 milliseconds in repetition 446
tcp_ping received 128 bytes back
Round trip time was 0.047481 milliseconds in repetition 447
tcp_ping received 128 bytes back
Round trip time was 0.048258 milliseconds in repetition 448
tcp_ping received 128 bytes back
Round trip time was 0.046937 milliseconds in repetition 449
tcp_ping received 128 bytes back
Round trip time was 0.047157 milliseconds in repetition 450
tcp_ping received 128 bytes back
Round trip time was 0.047312 milliseconds in repetition 451
tcp_ping received 128 bytes back
Round trip time was 0.046876 milliseconds in repetition 452
tcp_ping received 128 bytes back
Round trip time was 0.046977 milliseconds in repetition 453
tcp_ping received 128 bytes back
Round trip time was 0.048366 milliseconds in repetition 454
tcp_ping received 128 bytes back
Round trip time was 0.050831 milliseconds in repetition 455
tcp_ping received 128 bytes back
Round trip time was 0.0512 milliseconds in repetition 456
tcp_ping received 128 bytes back
Round trip time was 0.049203 milliseconds in repetition 457
tcp_ping received 128 bytes back
Round trip time was 0.050323 milliseconds in repetition 458
tcp_ping received 128 bytes back
Round trip time was 0.087132 milliseconds in repetition 459
tcp_ping received 128 bytes back
Round trip time was 0.055456 milliseconds in repetition 460
tcp_ping received 128 bytes back
Round trip time was 0.062194 milliseconds in repetition 461
tcp_ping received 128 bytes back
Round trip time was 0.060079 milliseconds in repetition 462
tcp_ping received 128 bytes back
Round trip time was 0.04588 milliseconds in repetition 463
tcp_ping received 128 bytes back
Round trip time was 0.049003 milliseconds in repetition 464
tcp_ping received 128 bytes back
Round trip time was 0.136718 milliseconds in repetition 465
tcp_ping received 128 bytes back
Round trip time was 0.046195 milliseconds in repetition 466
tcp_ping received 128 bytes back
Round trip time was 0.042122 milliseconds in repetition 467
tcp_ping received 128 bytes back
Round trip time was 0.041717 milliseconds in repetition 468
tcp_ping received 128 bytes back
Round trip time was 0.04167 milliseconds in repetition 469
tcp_ping received 128 bytes back
Round trip time was 0.041289 milliseconds in repetition 470
tcp_ping received 128 bytes back
Round trip time was 0.041254 milliseconds in repetition 471
tcp_ping received 128 bytes back
Round trip time was 0.041855 milliseconds in repetition 472
tcp_ping received 128 bytes back
Round trip time was 0.041498 milliseconds in repetition 473
tcp_ping received 128 bytes back
Round trip time was 0.042004 milliseconds in repetition 474
tcp_ping received 128 bytes back
Round trip time was 0.042816 milliseconds in repetition 475
tcp_ping received 128 bytes back
Round trip time was 0.042568 milliseconds in repetition 476
tcp_ping received 128 bytes back
Round trip time was 0.041778 milliseconds in repetition 477
tcp_ping received 128 bytes back
Round trip time was 0.041432 milliseconds in repetition 478
tcp_ping received 128 bytes back
Round trip time was 0.041666 milliseconds in repetition 479
tcp_ping received 128 bytes back
Round trip time was 0.041368 milliseconds in repetition 480
tcp_ping received 128 bytes back
Round trip time was 0.042507 milliseconds in repetition 481
tcp_ping received 128 bytes back
Round trip time was 0.041658 milliseconds in repetition 482
tcp_ping received 128 bytes back
Round trip time was 0.041831 milliseconds in repetition 483
tcp_ping received 128 bytes back
Round trip time was 0.042136 milliseconds in repetition 484
tcp_ping received 128 bytes back
Round trip time was 0.042248 milliseconds in repetition 485
tcp_ping received 128 bytes back
Round trip time was 0.054985 milliseconds in repetition 486
tcp_ping received 128 bytes back
Round trip time was 0.052231 milliseconds in repetition 487
tcp_ping received 128 bytes back
Round trip time was 0.048671 milliseconds in repetition 488
tcp_ping received 128 bytes back
Round trip time was 0.04315 milliseconds in repetition 489
tcp_ping received 128 bytes back
Round trip time was 0.043222 milliseconds in repetition 490
tcp_ping received 128 bytes back
Round trip time was 0.047304 milliseconds in repetition 491
tcp_ping received 128 bytes back
Round trip time was 0.047023 milliseconds in repetition 492
tcp_ping received 128 bytes back
Round trip time was 0.04502 milliseconds in repetition 493
tcp_ping received 128 bytes back
Round trip time was 0.055067 milliseconds in repetition 494
tcp_ping received 128 bytes back
Round trip time was 0.056426 milliseconds in repetition 495
tcp_ping received 128 bytes back
Round trip time was 0.047232 milliseconds in repetition 496
tcp_ping received 128 bytes back
Round trip time was 0.047394 milliseconds in repetition 497
tcp_ping received 128 bytes back
Round trip time was 0.048782 milliseconds in repetition 498
tcp_ping received 128 bytes back
Round trip time was 0.044289 milliseconds in repetition 499
tcp_ping received 128 bytes back
Round trip time was 0.083985 milliseconds in repetition 500
tcp_ping received 128 bytes back
Round trip time was 0.066315 milliseconds in repetition 501

 ... clock resolution was 1e-06
TCP Ping:  Statistics over 501 repetitions of 128 byte messages

RTT : percentile 10: 0.040981, median: 0.042629, percentile 90: 0.062792, average: 0.0480046, variance: 0.000137931

RTT histogram:
0.0397395 206
0.0445884 131
0.0494374 58
0.0542863 32
0.0591353 17
0.0639842 20
0.0688332 12
0.0736822 4
0.0785311 5
0.0833801 8
0.088229 4
0.093078 1
0.0979269 0
0.102776 0
0.107625 0
0.112474 1
0.117323 0
0.122172 1
0.127021 0
0.13187 0
0.136719 1

   median Throughput : 6005.3 KB/s   overall Throughput : 5332.82 KB/s

