TCP Ping trying to connect to server localhost (127.0.0.1) on port 1492
 ... connected to Pong server: asking for 501 repetitions of 1024 bytes TCP messages
 ... Pong server agreed:-)
tcp_ping received 1024 bytes back
Round trip time was 0.053569 milliseconds in repetition 1
tcp_ping received 1024 bytes back
Round trip time was 0.044472 milliseconds in repetition 2
tcp_ping received 1024 bytes back
Round trip time was 0.043344 milliseconds in repetition 3
tcp_ping received 1024 bytes back
Round trip time was 0.042928 milliseconds in repetition 4
tcp_ping received 1024 bytes back
Round trip time was 0.043179 milliseconds in repetition 5
tcp_ping received 1024 bytes back
Round trip time was 0.04334 milliseconds in repetition 6
tcp_ping received 1024 bytes back
Round trip time was 0.042996 milliseconds in repetition 7
tcp_ping received 1024 bytes back
Round trip time was 0.043167 milliseconds in repetition 8
tcp_ping received 1024 bytes back
Round trip time was 0.043363 milliseconds in repetition 9
tcp_ping received 1024 bytes back
Round trip time was 0.043193 milliseconds in repetition 10
tcp_ping received 1024 bytes back
Round trip time was 0.043732 milliseconds in repetition 11
tcp_ping received 1024 bytes back
Round trip time was 0.044012 milliseconds in repetition 12
tcp_ping received 1024 bytes back
Round trip time was 0.044125 milliseconds in repetition 13
tcp_ping received 1024 bytes back
Round trip time was 0.04321 milliseconds in repetition 14
tcp_ping received 1024 bytes back
Round trip time was 0.043951 milliseconds in repetition 15
tcp_ping received 1024 bytes back
Round trip time was 0.043262 milliseconds in repetition 16
tcp_ping received 1024 bytes back
Round trip time was 0.043041 milliseconds in repetition 17
tcp_ping received 1024 bytes back
Round trip time was 0.043291 milliseconds in repetition 18
tcp_ping received 1024 bytes back
Round trip time was 0.043385 milliseconds in repetition 19
tcp_ping received 1024 bytes back
Round trip time was 0.043514 milliseconds in repetition 20
tcp_ping received 1024 bytes back
Round trip time was 0.043654 milliseconds in repetition 21
tcp_ping received 1024 bytes back
Round trip time was 0.043065 milliseconds in repetition 22
tcp_ping received 1024 bytes back
Round trip time was 0.068755 milliseconds in repetition 23
tcp_ping received 1024 bytes back
Round trip time was 0.046758 milliseconds in repetition 24
tcp_ping received 1024 bytes back
Round trip time was 0.044537 milliseconds in repetition 25
tcp_ping received 1024 bytes back
Round trip time was 0.043953 milliseconds in repetition 26
tcp_ping received 1024 bytes back
Round trip time was 0.043923 milliseconds in repetition 27
tcp_ping received 1024 bytes back
Round trip time was 0.043848 milliseconds in repetition 28
tcp_ping received 1024 bytes back
Round trip time was 0.04342 milliseconds in repetition 29
tcp_ping received 1024 bytes back
Round trip time was 0.044143 milliseconds in repetition 30
tcp_ping received 1024 bytes back
Round trip time was 0.043278 milliseconds in repetition 31
tcp_ping received 1024 bytes back
Round trip time was 0.043186 milliseconds in repetition 32
tcp_ping received 1024 bytes back
Round trip time was 0.043865 milliseconds in repetition 33
tcp_ping received 1024 bytes back
Round trip time was 0.04873 milliseconds in repetition 34
tcp_ping received 1024 bytes back
Round trip time was 0.079624 milliseconds in repetition 35
tcp_ping received 1024 bytes back
Round trip time was 0.072503 milliseconds in repetition 36
tcp_ping received 1024 bytes back
Round trip time was 0.056846 milliseconds in repetition 37
tcp_ping received 1024 bytes back
Round trip time was 0.063913 milliseconds in repetition 38
tcp_ping received 1024 bytes back
Round trip time was 0.07459 milliseconds in repetition 39
tcp_ping received 1024 bytes back
Round trip time was 0.064477 milliseconds in repetition 40
tcp_ping received 1024 bytes back
Round trip time was 0.055496 milliseconds in repetition 41
tcp_ping received 1024 bytes back
Round trip time was 0.048051 milliseconds in repetition 42
tcp_ping received 1024 bytes back
Round trip time was 0.050133 milliseconds in repetition 43
tcp_ping received 1024 bytes back
Round trip time was 0.073891 milliseconds in repetition 44
tcp_ping received 1024 bytes back
Round trip time was 0.05349 milliseconds in repetition 45
tcp_ping received 1024 bytes back
Round trip time was 0.117649 milliseconds in repetition 46
tcp_ping received 1024 bytes back
Round trip time was 0.070918 milliseconds in repetition 47
tcp_ping received 1024 bytes back
Round trip time was 0.054997 milliseconds in repetition 48
tcp_ping received 1024 bytes back
Round trip time was 0.053457 milliseconds in repetition 49
tcp_ping received 1024 bytes back
Round trip time was 0.05745 milliseconds in repetition 50
tcp_ping received 1024 bytes back
Round trip time was 0.059632 milliseconds in repetition 51
tcp_ping received 1024 bytes back
Round trip time was 0.057188 milliseconds in repetition 52
tcp_ping received 1024 bytes back
Round trip time was 0.054742 milliseconds in repetition 53
tcp_ping received 1024 bytes back
Round trip time was 0.05541 milliseconds in repetition 54
tcp_ping received 1024 bytes back
Round trip time was 0.059902 milliseconds in repetition 55
tcp_ping received 1024 bytes back
Round trip time was 0.045521 milliseconds in repetition 56
tcp_ping received 1024 bytes back
Round trip time was 0.044049 milliseconds in repetition 57
tcp_ping received 1024 bytes back
Round trip time was 0.043815 milliseconds in repetition 58
tcp_ping received 1024 bytes back
Round trip time was 0.044425 milliseconds in repetition 59
tcp_ping received 1024 bytes back
Round trip time was 0.043992 milliseconds in repetition 60
tcp_ping received 1024 bytes back
Round trip time was 0.06694 milliseconds in repetition 61
tcp_ping received 1024 bytes back
Round trip time was 0.054716 milliseconds in repetition 62
tcp_ping received 1024 bytes back
Round trip time was 0.045603 milliseconds in repetition 63
tcp_ping received 1024 bytes back
Round trip time was 0.043482 milliseconds in repetition 64
tcp_ping received 1024 bytes back
Round trip time was 0.044456 milliseconds in repetition 65
tcp_ping received 1024 bytes back
Round trip time was 0.044842 milliseconds in repetition 66
tcp_ping received 1024 bytes back
Round trip time was 0.045687 milliseconds in repetition 67
tcp_ping received 1024 bytes back
Round trip time was 0.047571 milliseconds in repetition 68
tcp_ping received 1024 bytes back
Round trip time was 0.052176 milliseconds in repetition 69
tcp_ping received 1024 bytes back
Round trip time was 0.073625 milliseconds in repetition 70
tcp_ping received 1024 bytes back
Round trip time was 0.051925 milliseconds in repetition 71
tcp_ping received 1024 bytes back
Round trip time was 0.050953 milliseconds in repetition 72
tcp_ping received 1024 bytes back
Round trip time was 0.059558 milliseconds in repetition 73
tcp_ping received 1024 bytes back
Round trip time was 0.064346 milliseconds in repetition 74
tcp_ping received 1024 bytes back
Round trip time was 0.056565 milliseconds in repetition 75
tcp_ping received 1024 bytes back
Round trip time was 0.072441 milliseconds in repetition 76
tcp_ping received 1024 bytes back
Round trip time was 0.07088 milliseconds in repetition 77
tcp_ping received 1024 bytes back
Round trip time was 0.073685 milliseconds in repetition 78
tcp_ping received 1024 bytes back
Round trip time was 0.149022 milliseconds in repetition 79
tcp_ping received 1024 bytes back
Round trip time was 0.132953 milliseconds in repetition 80
tcp_ping received 1024 bytes back
Round trip time was 0.089492 milliseconds in repetition 81
tcp_ping received 1024 bytes back
Round trip time was 0.08178 milliseconds in repetition 82
tcp_ping received 1024 bytes back
Round trip time was 0.09697 milliseconds in repetition 83
tcp_ping received 1024 bytes back
Round trip time was 0.074011 milliseconds in repetition 84
tcp_ping received 1024 bytes back
Round trip time was 0.121907 milliseconds in repetition 85
tcp_ping received 1024 bytes back
Round trip time was 0.069553 milliseconds in repetition 86
tcp_ping received 1024 bytes back
Round trip time was 0.053638 milliseconds in repetition 87
tcp_ping received 1024 bytes back
Round trip time was 0.074632 milliseconds in repetition 88
tcp_ping received 1024 bytes back
Round trip time was 0.04997 milliseconds in repetition 89
tcp_ping received 1024 bytes back
Round trip time was 0.057265 milliseconds in repetition 90
tcp_ping received 1024 bytes back
Round trip time was 0.054903 milliseconds in repetition 91
tcp_ping received 1024 bytes back
Round trip time was 0.060173 milliseconds in repetition 92
tcp_ping received 1024 bytes back
Round trip time was 0.082887 milliseconds in repetition 93
tcp_ping received 1024 bytes back
Round trip time was 0.116507 milliseconds in repetition 94
tcp_ping received 1024 bytes back
Round trip time was 0.132639 milliseconds in repetition 95
tcp_ping received 1024 bytes back
Round trip time was 0.064012 milliseconds in repetition 96
tcp_ping received 1024 bytes back
Round trip time was 0.061532 milliseconds in repetition 97
tcp_ping received 1024 bytes back
Round trip time was 0.057198 milliseconds in repetition 98
tcp_ping received 1024 bytes back
Round trip time was 0.084995 milliseconds in repetition 99
tcp_ping received 1024 bytes back
Round trip time was 0.111548 milliseconds in repetition 100
tcp_ping received 1024 bytes back
Round trip time was 0.100916 milliseconds in repetition 101
tcp_ping received 1024 bytes back
Round trip time was 0.073457 milliseconds in repetition 102
tcp_ping received 1024 bytes back
Round trip time was 0.075069 milliseconds in repetition 103
tcp_ping received 1024 bytes back
Round trip time was 0.061795 milliseconds in repetition 104
tcp_ping received 1024 bytes back
Round trip time was 0.049337 milliseconds in repetition 105
tcp_ping received 1024 bytes back
Round trip time was 0.046325 milliseconds in repetition 106
tcp_ping received 1024 bytes back
Round trip time was 0.058096 milliseconds in repetition 107
tcp_ping received 1024 bytes back
Round trip time was 0.062548 milliseconds in repetition 108
tcp_ping received 1024 bytes back
Round trip time was 0.057336 milliseconds in repetition 109
tcp_ping received 1024 bytes back
Round trip time was 0.056625 milliseconds in repetition 110
tcp_ping received 1024 bytes back
Round trip time was 0.051893 milliseconds in repetition 111
tcp_ping received 1024 bytes back
Round trip time was 0.066573 milliseconds in repetition 112
tcp_ping received 1024 bytes back
Round trip time was 0.056185 milliseconds in repetition 113
tcp_ping received 1024 bytes back
Round trip time was 0.046295 milliseconds in repetition 114
tcp_ping received 1024 bytes back
Round trip time was 0.063481 milliseconds in repetition 115
tcp_ping received 1024 bytes back
Round trip time was 0.053539 milliseconds in repetition 116
tcp_ping received 1024 bytes back
Round trip time was 0.066786 milliseconds in repetition 117
tcp_ping received 1024 bytes back
Round trip time was 0.060405 milliseconds in repetition 118
tcp_ping received 1024 bytes back
Round trip time was 0.051823 milliseconds in repetition 119
tcp_ping received 1024 bytes back
Round trip time was 0.046079 milliseconds in repetition 120
tcp_ping received 1024 bytes back
Round trip time was 0.045776 milliseconds in repetition 121
tcp_ping received 1024 bytes back
Round trip time was 0.045181 milliseconds in repetition 122
tcp_ping received 1024 bytes back
Round trip time was 0.045069 milliseconds in repetition 123
tcp_ping received 1024 bytes back
Round trip time was 0.049536 milliseconds in repetition 124
tcp_ping received 1024 bytes back
Round trip time was 0.053145 milliseconds in repetition 125
tcp_ping received 1024 bytes back
Round trip time was 0.044232 milliseconds in repetition 126
tcp_ping received 1024 bytes back
Round trip time was 0.043839 milliseconds in repetition 127
tcp_ping received 1024 bytes back
Round trip time was 0.043744 milliseconds in repetition 128
tcp_ping received 1024 bytes back
Round trip time was 0.043874 milliseconds in repetition 129
tcp_ping received 1024 bytes back
Round trip time was 0.043697 milliseconds in repetition 130
tcp_ping received 1024 bytes back
Round trip time was 0.044215 milliseconds in repetition 131
tcp_ping received 1024 bytes back
Round trip time was 0.070424 milliseconds in repetition 132
tcp_ping received 1024 bytes back
Round trip time was 0.048992 milliseconds in repetition 133
tcp_ping received 1024 bytes back
Round trip time was 0.044895 milliseconds in repetition 134
tcp_ping received 1024 bytes back
Round trip time was 0.043852 milliseconds in repetition 135
tcp_ping received 1024 bytes back
Round trip time was 0.056324 milliseconds in repetition 136
tcp_ping received 1024 bytes back
Round trip time was 0.049642 milliseconds in repetition 137
tcp_ping received 1024 bytes back
Round trip time was 0.045747 milliseconds in repetition 138
tcp_ping received 1024 bytes back
Round trip time was 0.043956 milliseconds in repetition 139
tcp_ping received 1024 bytes back
Round trip time was 0.043738 milliseconds in repetition 140
tcp_ping received 1024 bytes back
Round trip time was 0.043664 milliseconds in repetition 141
tcp_ping received 1024 bytes back
Round trip time was 0.043428 milliseconds in repetition 142
tcp_ping received 1024 bytes back
Round trip time was 0.044027 milliseconds in repetition 143
tcp_ping received 1024 bytes back
Round trip time was 0.043602 milliseconds in repetition 144
tcp_ping received 1024 bytes back
Round trip time was 0.043463 milliseconds in repetition 145
tcp_ping received 1024 bytes back
Round trip time was 0.043341 milliseconds in repetition 146
tcp_ping received 1024 bytes back
Round trip time was 0.043457 milliseconds in repetition 147
tcp_ping received 1024 bytes back
Round trip time was 0.043505 milliseconds in repetition 148
tcp_ping received 1024 bytes back
Round trip time was 0.044276 milliseconds in repetition 149
tcp_ping received 1024 bytes back
Round trip time was 0.043661 milliseconds in repetition 150
tcp_ping received 1024 bytes back
Round trip time was 0.043691 milliseconds in repetition 151
tcp_ping received 1024 bytes back
Round trip time was 0.043326 milliseconds in repetition 152
tcp_ping received 1024 bytes back
Round trip time was 0.043612 milliseconds in repetition 153
tcp_ping received 1024 bytes back
Round trip time was 0.043845 milliseconds in repetition 154
tcp_ping received 1024 bytes back
Round trip time was 0.043634 milliseconds in repetition 155
tcp_ping received 1024 bytes back
Round trip time was 0.043739 milliseconds in repetition 156
tcp_ping received 1024 bytes back
Round trip time was 0.044079 milliseconds in repetition 157
tcp_ping received 1024 bytes back
Round trip time was 0.043679 milliseconds in repetition 158
tcp_ping received 1024 bytes back
Round trip time was 0.043731 milliseconds in repetition 159
tcp_ping received 1024 bytes back
Round trip time was 0.043383 milliseconds in repetition 160
tcp_ping received 1024 bytes back
Round trip time was 0.043706 milliseconds in repetition 161
tcp_ping received 1024 bytes back
Round trip time was 0.043456 milliseconds in repetition 162
tcp_ping received 1024 bytes back
Round trip time was 0.047926 milliseconds in repetition 163
tcp_ping received 1024 bytes back
Round trip time was 0.043331 milliseconds in repetition 164
tcp_ping received 1024 bytes back
Round trip time was 0.04312 milliseconds in repetition 165
tcp_ping received 1024 bytes back
Round trip time was 0.043417 milliseconds in repetition 166
tcp_ping received 1024 bytes back
Round trip time was 0.043308 milliseconds in repetition 167
tcp_ping received 1024 bytes back
Round trip time was 0.043872 milliseconds in repetition 168
tcp_ping received 1024 bytes back
Round trip time was 0.043736 milliseconds in repetition 169
tcp_ping received 1024 bytes back
Round trip time was 0.044047 milliseconds in repetition 170
tcp_ping received 1024 bytes back
Round trip time was 0.043423 milliseconds in repetition 171
tcp_ping received 1024 bytes back
Round trip time was 0.043943 milliseconds in repetition 172
tcp_ping received 1024 bytes back
Round trip time was 0.043504 milliseconds in repetition 173
tcp_ping received 1024 bytes back
Round trip time was 0.044151 milliseconds in repetition 174
tcp_ping received 1024 bytes back
Round trip time was 0.078502 milliseconds in repetition 175
tcp_ping received 1024 bytes back
Round trip time was 0.047862 milliseconds in repetition 176
tcp_ping received 1024 bytes back
Round trip time was 0.044076 milliseconds in repetition 177
tcp_ping received 1024 bytes back
Round trip time was 0.043691 milliseconds in repetition 178
tcp_ping received 1024 bytes back
Round trip time was 0.043886 milliseconds in repetition 179
tcp_ping received 1024 bytes back
Round trip time was 0.043588 milliseconds in repetition 180
tcp_ping received 1024 bytes back
Round trip time was 0.043747 milliseconds in repetition 181
tcp_ping received 1024 bytes back
Round trip time was 0.04359 milliseconds in repetition 182
tcp_ping received 1024 bytes back
Round trip time was 0.044789 milliseconds in repetition 183
tcp_ping received 1024 bytes back
Round trip time was 0.043841 milliseconds in repetition 184
tcp_ping received 1024 bytes back
Round trip time was 0.044022 milliseconds in repetition 185
tcp_ping received 1024 bytes back
Round trip time was 0.043856 milliseconds in repetition 186
tcp_ping received 1024 bytes back
Round trip time was 0.046591 milliseconds in repetition 187
tcp_ping received 1024 bytes back
Round trip time was 0.054211 milliseconds in repetition 188
tcp_ping received 1024 bytes back
Round trip time was 0.044138 milliseconds in repetition 189
tcp_ping received 1024 bytes back
Round trip time was 0.04415 milliseconds in repetition 190
tcp_ping received 1024 bytes back
Round trip time was 0.043929 milliseconds in repetition 191
tcp_ping received 1024 bytes back
Round trip time was 0.043782 milliseconds in repetition 192
tcp_ping received 1024 bytes back
Round trip time was 0.043859 milliseconds in repetition 193
tcp_ping received 1024 bytes back
Round trip time was 0.043822 milliseconds in repetition 194
tcp_ping received 1024 bytes back
Round trip time was 0.043392 milliseconds in repetition 195
tcp_ping received 1024 bytes back
Round trip time was 0.043846 milliseconds in repetition 196
tcp_ping received 1024 bytes back
Round trip time was 0.044076 milliseconds in repetition 197
tcp_ping received 1024 bytes back
Round trip time was 0.044141 milliseconds in repetition 198
tcp_ping received 1024 bytes back
Round trip time was 0.043504 milliseconds in repetition 199
tcp_ping received 1024 bytes back
Round trip time was 0.044047 milliseconds in repetition 200
tcp_ping received 1024 bytes back
Round trip time was 0.043895 milliseconds in repetition 201
tcp_ping received 1024 bytes back
Round trip time was 0.044355 milliseconds in repetition 202
tcp_ping received 1024 bytes back
Round trip time was 0.04674 milliseconds in repetition 203
tcp_ping received 1024 bytes back
Round trip time was 0.04388 milliseconds in repetition 204
tcp_ping received 1024 bytes back
Round trip time was 0.043864 milliseconds in repetition 205
tcp_ping received 1024 bytes back
Round trip time was 0.04349 milliseconds in repetition 206
tcp_ping received 1024 bytes back
Round trip time was 0.043843 milliseconds in repetition 207
tcp_ping received 1024 bytes back
Round trip time was 0.043966 milliseconds in repetition 208
tcp_ping received 1024 bytes back
Round trip time was 0.044199 milliseconds in repetition 209
tcp_ping received 1024 bytes back
Round trip time was 0.043907 milliseconds in repetition 210
tcp_ping received 1024 bytes back
Round trip time was 0.043877 milliseconds in repetition 211
tcp_ping received 1024 bytes back
Round trip time was 0.043748 milliseconds in repetition 212
tcp_ping received 1024 bytes back
Round trip time was 0.043465 milliseconds in repetition 213
tcp_ping received 1024 bytes back
Round trip time was 0.044865 milliseconds in repetition 214
tcp_ping received 1024 bytes back
Round trip time was 0.043615 milliseconds in repetition 215
tcp_ping received 1024 bytes back
Round trip time was 0.043824 milliseconds in repetition 216
tcp_ping received 1024 bytes back
Round trip time was 0.043536 milliseconds in repetition 217
tcp_ping received 1024 bytes back
Round trip time was 0.043685 milliseconds in repetition 218
tcp_ping received 1024 bytes back
Round trip time was 0.086127 milliseconds in repetition 219
tcp_ping received 1024 bytes back
Round trip time was 0.047658 milliseconds in repetition 220
tcp_ping received 1024 bytes back
Round trip time was 0.043772 milliseconds in repetition 221
tcp_ping received 1024 bytes back
Round trip time was 0.044167 milliseconds in repetition 222
tcp_ping received 1024 bytes back
Round trip time was 0.043915 milliseconds in repetition 223
tcp_ping received 1024 bytes back
Round trip time was 0.043701 milliseconds in repetition 224
tcp_ping received 1024 bytes back
Round trip time was 0.043628 milliseconds in repetition 225
tcp_ping received 1024 bytes back
Round trip time was 0.043299 milliseconds in repetition 226
tcp_ping received 1024 bytes back
Round trip time was 0.044549 milliseconds in repetition 227
tcp_ping received 1024 bytes back
Round trip time was 0.044709 milliseconds in repetition 228
tcp_ping received 1024 bytes back
Round trip time was 0.043661 milliseconds in repetition 229
tcp_ping received 1024 bytes back
Round trip time was 0.044878 milliseconds in repetition 230
tcp_ping received 1024 bytes back
Round trip time was 0.046424 milliseconds in repetition 231
tcp_ping received 1024 bytes back
Round trip time was 0.043933 milliseconds in repetition 232
tcp_ping received 1024 bytes back
Round trip time was 0.043426 milliseconds in repetition 233
tcp_ping received 1024 bytes back
Round trip time was 0.044603 milliseconds in repetition 234
tcp_ping received 1024 bytes back
Round trip time was 0.044197 milliseconds in repetition 235
tcp_ping received 1024 bytes back
Round trip time was 0.070017 milliseconds in repetition 236
tcp_ping received 1024 bytes back
Round trip time was 0.051207 milliseconds in repetition 237
tcp_ping received 1024 bytes back
Round trip time was 0.044896 milliseconds in repetition 238
tcp_ping received 1024 bytes back
Round trip time was 0.045315 milliseconds in repetition 239
tcp_ping received 1024 bytes back
Round trip time was 0.044338 milliseconds in repetition 240
tcp_ping received 1024 bytes back
Round trip time was 0.044626 milliseconds in repetition 241
tcp_ping received 1024 bytes back
Round trip time was 0.045786 milliseconds in repetition 242
tcp_ping received 1024 bytes back
Round trip time was 0.048611 milliseconds in repetition 243
tcp_ping received 1024 bytes back
Round trip time was 0.04442 milliseconds in repetition 244
tcp_ping received 1024 bytes back
Round trip time was 0.044187 milliseconds in repetition 245
tcp_ping received 1024 bytes back
Round trip time was 0.044477 milliseconds in repetition 246
tcp_ping received 1024 bytes back
Round trip time was 0.043952 milliseconds in repetition 247
tcp_ping received 1024 bytes back
Round trip time was 0.045154 milliseconds in repetition 248
tcp_ping received 1024 bytes back
Round trip time was 0.047295 milliseconds in repetition 249
tcp_ping received 1024 bytes back
Round trip time was 0.044081 milliseconds in repetition 250
tcp_ping received 1024 bytes back
Round trip time was 0.045415 milliseconds in repetition 251
tcp_ping received 1024 bytes back
Round trip time was 0.076018 milliseconds in repetition 252
tcp_ping received 1024 bytes back
Round trip time was 0.059332 milliseconds in repetition 253
tcp_ping received 1024 bytes back
Round trip time was 0.063099 milliseconds in repetition 254
tcp_ping received 1024 bytes back
Round trip time was 0.048882 milliseconds in repetition 255
tcp_ping received 1024 bytes back
Round trip time was 0.047517 milliseconds in repetition 256
tcp_ping received 1024 bytes back
Round trip time was 0.048332 milliseconds in repetition 257
tcp_ping received 1024 bytes back
Round trip time was 0.04849 milliseconds in repetition 258
tcp_ping received 1024 bytes back
Round trip time was 0.047747 milliseconds in repetition 259
tcp_ping received 1024 bytes back
Round trip time was 0.044806 milliseconds in repetition 260
tcp_ping received 1024 bytes back
Round trip time was 0.045379 milliseconds in repetition 261
tcp_ping received 1024 bytes back
Round trip time was 0.053662 milliseconds in repetition 262
tcp_ping received 1024 bytes back
Round trip time was 0.05293 milliseconds in repetition 263
tcp_ping received 1024 bytes back
Round trip time was 0.045508 milliseconds in repetition 264
tcp_ping received 1024 bytes back
Round trip time was 0.048507 milliseconds in repetition 265
tcp_ping received 1024 bytes back
Round trip time was 0.051354 milliseconds in repetition 266
tcp_ping received 1024 bytes back
Round trip time was 0.044739 milliseconds in repetition 267
tcp_ping received 1024 bytes back
Round trip time was 0.043681 milliseconds in repetition 268
tcp_ping received 1024 bytes back
Round trip time was 0.047347 milliseconds in repetition 269
tcp_ping received 1024 bytes back
Round trip time was 0.046684 milliseconds in repetition 270
tcp_ping received 1024 bytes back
Round trip time was 0.046546 milliseconds in repetition 271
tcp_ping received 1024 bytes back
Round trip time was 0.047069 milliseconds in repetition 272
tcp_ping received 1024 bytes back
Round trip time was 0.046634 milliseconds in repetition 273
tcp_ping received 1024 bytes back
Round trip time was 0.045726 milliseconds in repetition 274
tcp_ping received 1024 bytes back
Round trip time was 0.054141 milliseconds in repetition 275
tcp_ping received 1024 bytes back
Round trip time was 0.044678 milliseconds in repetition 276
tcp_ping received 1024 bytes back
Round trip time was 0.060581 milliseconds in repetition 277
tcp_ping received 1024 bytes back
Round trip time was 0.04836 milliseconds in repetition 278
tcp_ping received 1024 bytes back
Round trip time was 0.074874 milliseconds in repetition 279
tcp_ping received 1024 bytes back
Round trip time was 0.061743 milliseconds in repetition 280
tcp_ping received 1024 bytes back
Round trip time was 0.068052 milliseconds in repetition 281
tcp_ping received 1024 bytes back
Round trip time was 0.067988 milliseconds in repetition 282
tcp_ping received 1024 bytes back
Round trip time was 0.064732 milliseconds in repetition 283
tcp_ping received 1024 bytes back
Round trip time was 0.128948 milliseconds in repetition 284
tcp_ping received 1024 bytes back
Round trip time was 0.146634 milliseconds in repetition 285
tcp_ping received 1024 bytes back
Round trip time was 0.196696 milliseconds in repetition 286
tcp_ping received 1024 bytes back
Round trip time was 0.156879 milliseconds in repetition 287
tcp_ping received 1024 bytes back
Round trip time was 0.171628 milliseconds in repetition 288
tcp_ping received 1024 bytes back
Round trip time was 0.122995 milliseconds in repetition 289
tcp_ping received 1024 bytes back
Round trip time was 0.129409 milliseconds in repetition 290
tcp_ping received 1024 bytes back
Round trip time was 0.125727 milliseconds in repetition 291
tcp_ping received 1024 bytes back
Round trip time was 0.164538 milliseconds in repetition 292
tcp_ping received 1024 bytes back
Round trip time was 0.072516 milliseconds in repetition 293
tcp_ping received 1024 bytes back
Round trip time was 0.128042 milliseconds in repetition 294
tcp_ping received 1024 bytes back
Round trip time was 0.119074 milliseconds in repetition 295
tcp_ping received 1024 bytes back
Round trip time was 0.131078 milliseconds in repetition 296
tcp_ping received 1024 bytes back
Round trip time was 0.056556 milliseconds in repetition 297
tcp_ping received 1024 bytes back
Round trip time was 0.065434 milliseconds in repetition 298
tcp_ping received 1024 bytes back
Round trip time was 0.062621 milliseconds in repetition 299
tcp_ping received 1024 bytes back
Round trip time was 0.051424 milliseconds in repetition 300
tcp_ping received 1024 bytes back
Round trip time was 0.055264 milliseconds in repetition 301
tcp_ping received 1024 bytes back
Round trip time was 0.084136 milliseconds in repetition 302
tcp_ping received 1024 bytes back
Round trip time was 0.076754 milliseconds in repetition 303
tcp_ping received 1024 bytes back
Round trip time was 0.065083 milliseconds in repetition 304
tcp_ping received 1024 bytes back
Round trip time was 0.055947 milliseconds in repetition 305
tcp_ping received 1024 bytes back
Round trip time was 0.052998 milliseconds in repetition 306
tcp_ping received 1024 bytes back
Round trip time was 0.048616 milliseconds in repetition 307
tcp_ping received 1024 bytes back
Round trip time was 0.067352 milliseconds in repetition 308
tcp_ping received 1024 bytes back
Round trip time was 0.044029 milliseconds in repetition 309
tcp_ping received 1024 bytes back
Round trip time was 0.043604 milliseconds in repetition 310
tcp_ping received 1024 bytes back
Round trip time was 0.043381 milliseconds in repetition 311
tcp_ping received 1024 bytes back
Round trip time was 0.043583 milliseconds in repetition 312
tcp_ping received 1024 bytes back
Round trip time was 0.044212 milliseconds in repetition 313
tcp_ping received 1024 bytes back
Round trip time was 0.043269 milliseconds in repetition 314
tcp_ping received 1024 bytes back
Round trip time was 0.04294 milliseconds in repetition 315
tcp_ping received 1024 bytes back
Round trip time was 0.043858 milliseconds in repetition 316
tcp_ping received 1024 bytes back
Round trip time was 0.043429 milliseconds in repetition 317
tcp_ping received 1024 bytes back
Round trip time was 0.04592 milliseconds in repetition 318
tcp_ping received 1024 bytes back
Round trip time was 0.043057 milliseconds in repetition 319
tcp_ping received 1024 bytes back
Round trip time was 0.043089 milliseconds in repetition 320
tcp_ping received 1024 bytes back
Round trip time was 0.043263 milliseconds in repetition 321
tcp_ping received 1024 bytes back
Round trip time was 0.043366 milliseconds in repetition 322
tcp_ping received 1024 bytes back
Round trip time was 0.043299 milliseconds in repetition 323
tcp_ping received 1024 bytes back
Round trip time was 0.043718 milliseconds in repetition 324
tcp_ping received 1024 bytes back
Round trip time was 0.04312 milliseconds in repetition 325
tcp_ping received 1024 bytes back
Round trip time was 0.067796 milliseconds in repetition 326
tcp_ping received 1024 bytes back
Round trip time was 0.055657 milliseconds in repetition 327
tcp_ping received 1024 bytes back
Round trip time was 0.076355 milliseconds in repetition 328
tcp_ping received 1024 bytes back
Round trip time was 0.071974 milliseconds in repetition 329
tcp_ping received 1024 bytes back
Round trip time was 0.065869 milliseconds in repetition 330
tcp_ping received 1024 bytes back
Round trip time was 0.079613 milliseconds in repetition 331
tcp_ping received 1024 bytes back
Round trip time was 0.20991 milliseconds in repetition 332
tcp_ping received 1024 bytes back
Round trip time was 0.053993 milliseconds in repetition 333
tcp_ping received 1024 bytes back
Round trip time was 0.046663 milliseconds in repetition 334
tcp_ping received 1024 bytes back
Round trip time was 0.048731 milliseconds in repetition 335
tcp_ping received 1024 bytes back
Round trip time was 0.057793 milliseconds in repetition 336
tcp_ping received 1024 bytes back
Round trip time was 0.04858 milliseconds in repetition 337
tcp_ping received 1024 bytes back
Round trip time was 0.054105 milliseconds in repetition 338
tcp_ping received 1024 bytes back
Round trip time was 0.049159 milliseconds in repetition 339
tcp_ping received 1024 bytes back
Round trip time was 0.045981 milliseconds in repetition 340
tcp_ping received 1024 bytes back
Round trip time was 0.04642 milliseconds in repetition 341
tcp_ping received 1024 bytes back
Round trip time was 0.056622 milliseconds in repetition 342
tcp_ping received 1024 bytes back
Round trip time was 0.054509 milliseconds in repetition 343
tcp_ping received 1024 bytes back
Round trip time was 0.047696 milliseconds in repetition 344
tcp_ping received 1024 bytes back
Round trip time was 0.045207 milliseconds in repetition 345
tcp_ping received 1024 bytes back
Round trip time was 0.046532 milliseconds in repetition 346
tcp_ping received 1024 bytes back
Round trip time was 0.045392 milliseconds in repetition 347
tcp_ping received 1024 bytes back
Round trip time was 0.047488 milliseconds in repetition 348
tcp_ping received 1024 bytes back
Round trip time was 0.070098 milliseconds in repetition 349
tcp_ping received 1024 bytes back
Round trip time was 0.061074 milliseconds in repetition 350
tcp_ping received 1024 bytes back
Round trip time was 0.052331 milliseconds in repetition 351
tcp_ping received 1024 bytes back
Round trip time was 0.052396 milliseconds in repetition 352
tcp_ping received 1024 bytes back
Round trip time was 0.047592 milliseconds in repetition 353
tcp_ping received 1024 bytes back
Round trip time was 0.048454 milliseconds in repetition 354
tcp_ping received 1024 bytes back
Round trip time was 0.053047 milliseconds in repetition 355
tcp_ping received 1024 bytes back
Round trip time was 0.047953 milliseconds in repetition 356
tcp_ping received 1024 bytes back
Round trip time was 0.046835 milliseconds in repetition 357
tcp_ping received 1024 bytes back
Round trip time was 0.047503 milliseconds in repetition 358
tcp_ping received 1024 bytes back
Round trip time was 0.049647 milliseconds in repetition 359
tcp_ping received 1024 bytes back
Round trip time was 0.053734 milliseconds in repetition 360
tcp_ping received 1024 bytes back
Round trip time was 0.048968 milliseconds in repetition 361
tcp_ping received 1024 bytes back
Round trip time was 0.047986 milliseconds in repetition 362
tcp_ping received 1024 bytes back
Round trip time was 0.047711 milliseconds in repetition 363
tcp_ping received 1024 bytes back
Round trip time was 0.048553 milliseconds in repetition 364
tcp_ping received 1024 bytes back
Round trip time was 0.048095 milliseconds in repetition 365
tcp_ping received 1024 bytes back
Round trip time was 0.048859 milliseconds in repetition 366
tcp_ping received 1024 bytes back
Round trip time was 0.058621 milliseconds in repetition 367
tcp_ping received 1024 bytes back
Round trip time was 0.057941 milliseconds in repetition 368
tcp_ping received 1024 bytes back
Round trip time was 0.070882 milliseconds in repetition 369
tcp_ping received 1024 bytes back
Round trip time was 0.089525 milliseconds in repetition 370
tcp_ping received 1024 bytes back
Round trip time was 0.087212 milliseconds in repetition 371
tcp_ping received 1024 bytes back
Round trip time was 0.111456 milliseconds in repetition 372
tcp_ping received 1024 bytes back
Round trip time was 0.070856 milliseconds in repetition 373
tcp_ping received 1024 bytes back
Round trip time was 0.048066 milliseconds in repetition 374
tcp_ping received 1024 bytes back
Round trip time was 0.051164 milliseconds in repetition 375
tcp_ping received 1024 bytes back
Round trip time was 0.048472 milliseconds in repetition 376
tcp_ping received 1024 bytes back
Round trip time was 0.046133 milliseconds in repetition 377
tcp_ping received 1024 bytes back
Round trip time was 0.054141 milliseconds in repetition 378
tcp_ping received 1024 bytes back
Round trip time was 0.05036 milliseconds in repetition 379
tcp_ping received 1024 bytes back
Round trip time was 0.051208 milliseconds in repetition 380
tcp_ping received 1024 bytes back
Round trip time was 0.051118 milliseconds in repetition 381
tcp_ping received 1024 bytes back
Round trip time was 0.052332 milliseconds in repetition 382
tcp_ping received 1024 bytes back
Round trip time was 0.052608 milliseconds in repetition 383
tcp_ping received 1024 bytes back
Round trip time was 0.050371 milliseconds in repetition 384
tcp_ping received 1024 bytes back
Round trip time was 0.049309 milliseconds in repetition 385
tcp_ping received 1024 bytes back
Round trip time was 0.049467 milliseconds in repetition 386
tcp_ping received 1024 bytes back
Round trip time was 0.053879 milliseconds in repetition 387
tcp_ping received 1024 bytes back
Round trip time was 0.045987 milliseconds in repetition 388
tcp_ping received 1024 bytes back
Round trip time was 0.045301 milliseconds in repetition 389
tcp_ping received 1024 bytes back
Round trip time was 0.046251 milliseconds in repetition 390
tcp_ping received 1024 bytes back
Round trip time was 0.04546 milliseconds in repetition 391
tcp_ping received 1024 bytes back
Round trip time was 0.045224 milliseconds in repetition 392
tcp_ping received 1024 bytes back
Round trip time was 0.112829 milliseconds in repetition 393
tcp_ping received 1024 bytes back
Round trip time was 0.059455 milliseconds in repetition 394
tcp_ping received 1024 bytes back
Round trip time was 0.047904 milliseconds in repetition 395
tcp_ping received 1024 bytes back
Round trip time was 0.046004 milliseconds in repetition 396
tcp_ping received 1024 bytes back
Round trip time was 0.045733 milliseconds in repetition 397
tcp_ping received 1024 bytes back
Round trip time was 0.046231 milliseconds in repetition 398
tcp_ping received 1024 bytes back
Round trip time was 0.04698 milliseconds in repetition 399
tcp_ping received 1024 bytes back
Round trip time was 0.047316 milliseconds in repetition 400
tcp_ping received 1024 bytes back
Round trip time was 0.063388 milliseconds in repetition 401
tcp_ping received 1024 bytes back
Round trip time was 0.054864 milliseconds in repetition 402
tcp_ping received 1024 bytes back
Round trip time was 0.050885 milliseconds in repetition 403
tcp_ping received 1024 bytes back
Round trip time was 0.047588 milliseconds in repetition 404
tcp_ping received 1024 bytes back
Round trip time was 0.046752 milliseconds in repetition 405
tcp_ping received 1024 bytes back
Round trip time was 0.047875 milliseconds in repetition 406
tcp_ping received 1024 bytes back
Round trip time was 0.056408 milliseconds in repetition 407
tcp_ping received 1024 bytes back
Round trip time was 0.084055 milliseconds in repetition 408
tcp_ping received 1024 bytes back
Round trip time was 0.073382 milliseconds in repetition 409
tcp_ping received 1024 bytes back
Round trip time was 0.051027 milliseconds in repetition 410
tcp_ping received 1024 bytes back
Round trip time was 0.060574 milliseconds in repetition 411
tcp_ping received 1024 bytes back
Round trip time was 0.062976 milliseconds in repetition 412
tcp_ping received 1024 bytes back
Round trip time was 0.153178 milliseconds in repetition 413
tcp_ping received 1024 bytes back
Round trip time was 0.069004 milliseconds in repetition 414
tcp_ping received 1024 bytes back
Round trip time was 0.064463 milliseconds in repetition 415
tcp_ping received 1024 bytes back
Round trip time was 0.061191 milliseconds in repetition 416
tcp_ping received 1024 bytes back
Round trip time was 0.069382 milliseconds in repetition 417
tcp_ping received 1024 bytes back
Round trip time was 0.066852 milliseconds in repetition 418
tcp_ping received 1024 bytes back
Round trip time was 0.062562 milliseconds in repetition 419
tcp_ping received 1024 bytes back
Round trip time was 0.08815 milliseconds in repetition 420
tcp_ping received 1024 bytes back
Round trip time was 0.050889 milliseconds in repetition 421
tcp_ping received 1024 bytes back
Round trip time was 0.055214 milliseconds in repetition 422
tcp_ping received 1024 bytes back
Round trip time was 0.051691 milliseconds in repetition 423
tcp_ping received 1024 bytes back
Round trip time was 0.054708 milliseconds in repetition 424
tcp_ping received 1024 bytes back
Round trip time was 0.054916 milliseconds in repetition 425
tcp_ping received 1024 bytes back
Round trip time was 0.0459 milliseconds in repetition 426
tcp_ping received 1024 bytes back
Round trip time was 0.103662 milliseconds in repetition 427
tcp_ping received 1024 bytes back
Round trip time was 0.079955 milliseconds in repetition 428
tcp_ping received 1024 bytes back
Round trip time was 0.06541 milliseconds in repetition 429
tcp_ping received 1024 bytes back
Round trip time was 0.064099 milliseconds in repetition 430
tcp_ping received 1024 bytes back
Round trip time was 0.068921 milliseconds in repetition 431
tcp_ping received 1024 bytes back
Round trip time was 0.057322 milliseconds in repetition 432
tcp_ping received 1024 bytes back
Round trip time was 0.057537 milliseconds in repetition 433
tcp_ping received 1024 bytes back
Round trip time was 0.063102 milliseconds in repetition 434
tcp_ping received 1024 bytes back
Round trip time was 0.126869 milliseconds in repetition 435
tcp_ping received 1024 bytes back
Round trip time was 0.112371 milliseconds in repetition 436
tcp_ping received 1024 bytes back
Round trip time was 0.429028 milliseconds in repetition 437
tcp_ping received 1024 bytes back
Round trip time was 0.150088 milliseconds in repetition 438
tcp_ping received 1024 bytes back
Round trip time was 0.199894 milliseconds in repetition 439
tcp_ping received 1024 bytes back
Round trip time was 0.071228 milliseconds in repetition 440
tcp_ping received 1024 bytes back
Round trip time was 0.052171 milliseconds in repetition 441
tcp_ping received 1024 bytes back
Round trip time was 0.055973 milliseconds in repetition 442
tcp_ping received 1024 bytes back
Round trip time was 0.069397 milliseconds in repetition 443
tcp_ping received 1024 bytes back
Round trip time was 0.068261 milliseconds in repetition 444
tcp_ping received 1024 bytes back
Round trip time was 0.05406 milliseconds in repetition 445
tcp_ping received 1024 bytes back
Round trip time was 0.048595 milliseconds in repetition 446
tcp_ping received 1024 bytes back
Round trip time was 0.047642 milliseconds in repetition 447
tcp_ping received 1024 bytes back
Round trip time was 0.047923 milliseconds in repetition 448
tcp_ping received 1024 bytes back
Round trip time was 0.047802 milliseconds in repetition 449
tcp_ping received 1024 bytes back
Round trip time was 0.048399 milliseconds in repetition 450
tcp_ping received 1024 bytes back
Round trip time was 0.047417 milliseconds in repetition 451
tcp_ping received 1024 bytes back
Round trip time was 0.051345 milliseconds in repetition 452
tcp_ping received 1024 bytes back
Round trip time was 0.044205 milliseconds in repetition 453
tcp_ping received 1024 bytes back
Round trip time was 0.044334 milliseconds in repetition 454
tcp_ping received 1024 bytes back
Round trip time was 0.044133 milliseconds in repetition 455
tcp_ping received 1024 bytes back
Round trip time was 0.044341 milliseconds in repetition 456
tcp_ping received 1024 bytes back
Round trip time was 0.044108 milliseconds in repetition 457
tcp_ping received 1024 bytes back
Round trip time was 0.044142 milliseconds in repetition 458
tcp_ping received 1024 bytes back
Round trip time was 0.045044 milliseconds in repetition 459
tcp_ping received 1024 bytes back
Round trip time was 0.045287 milliseconds in repetition 460
tcp_ping received 1024 bytes back
Round trip time was 0.091824 milliseconds in repetition 461
tcp_ping received 1024 bytes back
Round trip time was 0.051035 milliseconds in repetition 462
tcp_ping received 1024 bytes back
Round trip time was 0.044279 milliseconds in repetition 463
tcp_ping received 1024 bytes back
Round trip time was 0.044538 milliseconds in repetition 464
tcp_ping received 1024 bytes back
Round trip time was 0.044468 milliseconds in repetition 465
tcp_ping received 1024 bytes back
Round trip time was 0.043959 milliseconds in repetition 466
tcp_ping received 1024 bytes back
Round trip time was 0.048124 milliseconds in repetition 467
tcp_ping received 1024 bytes back
Round trip time was 0.043231 milliseconds in repetition 468
tcp_ping received 1024 bytes back
Round trip time was 0.043165 milliseconds in repetition 469
tcp_ping received 1024 bytes back
Round trip time was 0.045317 milliseconds in repetition 470
tcp_ping received 1024 bytes back
Round trip time was 0.047543 milliseconds in repetition 471
tcp_ping received 1024 bytes back
Round trip time was 0.043639 milliseconds in repetition 472
tcp_ping received 1024 bytes back
Round trip time was 0.043746 milliseconds in repetition 473
tcp_ping received 1024 bytes back
Round trip time was 0.043374 milliseconds in repetition 474
tcp_ping received 1024 bytes back
Round trip time was 0.04366 milliseconds in repetition 475
tcp_ping received 1024 bytes back
Round trip time was 0.043405 milliseconds in repetition 476
tcp_ping received 1024 bytes back
Round trip time was 0.042692 milliseconds in repetition 477
tcp_ping received 1024 bytes back
Round trip time was 0.043663 milliseconds in repetition 478
tcp_ping received 1024 bytes back
Round trip time was 0.043517 milliseconds in repetition 479
tcp_ping received 1024 bytes back
Round trip time was 0.076265 milliseconds in repetition 480
tcp_ping received 1024 bytes back
Round trip time was 0.0492 milliseconds in repetition 481
tcp_ping received 1024 bytes back
Round trip time was 0.04378 milliseconds in repetition 482
tcp_ping received 1024 bytes back
Round trip time was 0.043032 milliseconds in repetition 483
tcp_ping received 1024 bytes back
Round trip time was 0.044115 milliseconds in repetition 484
tcp_ping received 1024 bytes back
Round trip time was 0.042979 milliseconds in repetition 485
tcp_ping received 1024 bytes back
Round trip time was 0.043035 milliseconds in repetition 486
tcp_ping received 1024 bytes back
Round trip time was 0.043735 milliseconds in repetition 487
tcp_ping received 1024 bytes back
Round trip time was 0.043154 milliseconds in repetition 488
tcp_ping received 1024 bytes back
Round trip time was 0.043104 milliseconds in repetition 489
tcp_ping received 1024 bytes back
Round trip time was 0.043236 milliseconds in repetition 490
tcp_ping received 1024 bytes back
Round trip time was 0.043717 milliseconds in repetition 491
tcp_ping received 1024 bytes back
Round trip time was 0.043551 milliseconds in repetition 492
tcp_ping received 1024 bytes back
Round trip time was 0.042977 milliseconds in repetition 493
tcp_ping received 1024 bytes back
Round trip time was 0.042776 milliseconds in repetition 494
tcp_ping received 1024 bytes back
Round trip time was 0.043286 milliseconds in repetition 495
tcp_ping received 1024 bytes back
Round trip time was 0.043474 milliseconds in repetition 496
tcp_ping received 1024 bytes back
Round trip time was 0.043624 milliseconds in repetition 497
tcp_ping received 1024 bytes back
Round trip time was 0.043216 milliseconds in repetition 498
tcp_ping received 1024 bytes back
Round trip time was 0.043153 milliseconds in repetition 499
tcp_ping received 1024 bytes back
Round trip time was 0.043225 milliseconds in repetition 500
tcp_ping received 1024 bytes back
Round trip time was 0.043164 milliseconds in repetition 501

 ... clock resolution was 1e-06
TCP Ping:  Statistics over 501 repetitions of 1024 byte messages

RTT : percentile 10: 0.043405, median: 0.047316, percentile 90: 0.075069, average: 0.0570584, variance: 0.000836444

RTT histogram:
0.0426915 327
0.0620084 110
0.0813252 32
0.100642 4
0.119959 14
0.139276 4
0.158593 5
0.177909 1
0.197226 2
0.216543 1
0.23586 0
0.255177 0
0.274494 0
0.293811 0
0.313127 0
0.332444 0
0.351761 0
0.371078 0
0.390395 0
0.409712 0
0.429028 1

   median Throughput : 43283.5 KB/s   overall Throughput : 35893.1 KB/s

