TCP Ping trying to connect to server localhost (127.0.0.1) on port 1492
 ... connected to Pong server: asking for 501 repetitions of 6144 bytes TCP messages
 ... Pong server agreed:-)
tcp_ping received 6144 bytes back
Round trip time was 0.03886 milliseconds in repetition 1
tcp_ping received 6144 bytes back
Round trip time was 0.031073 milliseconds in repetition 2
tcp_ping received 6144 bytes back
Round trip time was 0.029524 milliseconds in repetition 3
tcp_ping received 6144 bytes back
Round trip time was 0.028818 milliseconds in repetition 4
tcp_ping received 6144 bytes back
Round trip time was 0.028574 milliseconds in repetition 5
tcp_ping received 6144 bytes back
Round trip time was 0.033375 milliseconds in repetition 6
tcp_ping received 6144 bytes back
Round trip time was 0.029936 milliseconds in repetition 7
tcp_ping received 6144 bytes back
Round trip time was 0.029276 milliseconds in repetition 8
tcp_ping received 6144 bytes back
Round trip time was 0.02913 milliseconds in repetition 9
tcp_ping received 6144 bytes back
Round trip time was 0.028939 milliseconds in repetition 10
tcp_ping received 6144 bytes back
Round trip time was 0.033463 milliseconds in repetition 11
tcp_ping received 6144 bytes back
Round trip time was 0.034506 milliseconds in repetition 12
tcp_ping received 6144 bytes back
Round trip time was 0.029051 milliseconds in repetition 13
tcp_ping received 6144 bytes back
Round trip time was 0.029481 milliseconds in repetition 14
tcp_ping received 6144 bytes back
Round trip time was 0.029006 milliseconds in repetition 15
tcp_ping received 6144 bytes back
Round trip time was 0.028713 milliseconds in repetition 16
tcp_ping received 6144 bytes back
Round trip time was 0.030553 milliseconds in repetition 17
tcp_ping received 6144 bytes back
Round trip time was 0.031073 milliseconds in repetition 18
tcp_ping received 6144 bytes back
Round trip time was 0.029526 milliseconds in repetition 19
tcp_ping received 6144 bytes back
Round trip time was 0.029094 milliseconds in repetition 20
tcp_ping received 6144 bytes back
Round trip time was 0.028568 milliseconds in repetition 21
tcp_ping received 6144 bytes back
Round trip time was 0.031022 milliseconds in repetition 22
tcp_ping received 6144 bytes back
Round trip time was 0.031473 milliseconds in repetition 23
tcp_ping received 6144 bytes back
Round trip time was 0.038291 milliseconds in repetition 24
tcp_ping received 6144 bytes back
Round trip time was 0.030479 milliseconds in repetition 25
tcp_ping received 6144 bytes back
Round trip time was 0.028694 milliseconds in repetition 26
tcp_ping received 6144 bytes back
Round trip time was 0.028609 milliseconds in repetition 27
tcp_ping received 6144 bytes back
Round trip time was 0.030107 milliseconds in repetition 28
tcp_ping received 6144 bytes back
Round trip time was 0.030801 milliseconds in repetition 29
tcp_ping received 6144 bytes back
Round trip time was 0.028736 milliseconds in repetition 30
tcp_ping received 6144 bytes back
Round trip time was 0.028657 milliseconds in repetition 31
tcp_ping received 6144 bytes back
Round trip time was 0.028601 milliseconds in repetition 32
tcp_ping received 6144 bytes back
Round trip time was 0.030138 milliseconds in repetition 33
tcp_ping received 6144 bytes back
Round trip time was 0.030292 milliseconds in repetition 34
tcp_ping received 6144 bytes back
Round trip time was 0.02937 milliseconds in repetition 35
tcp_ping received 6144 bytes back
Round trip time was 0.028676 milliseconds in repetition 36
tcp_ping received 6144 bytes back
Round trip time was 0.029 milliseconds in repetition 37
tcp_ping received 6144 bytes back
Round trip time was 0.031033 milliseconds in repetition 38
tcp_ping received 6144 bytes back
Round trip time was 0.030917 milliseconds in repetition 39
tcp_ping received 6144 bytes back
Round trip time was 0.029318 milliseconds in repetition 40
tcp_ping received 6144 bytes back
Round trip time was 0.028672 milliseconds in repetition 41
tcp_ping received 6144 bytes back
Round trip time was 0.028276 milliseconds in repetition 42
tcp_ping received 6144 bytes back
Round trip time was 0.028781 milliseconds in repetition 43
tcp_ping received 6144 bytes back
Round trip time was 0.032373 milliseconds in repetition 44
tcp_ping received 6144 bytes back
Round trip time was 0.031158 milliseconds in repetition 45
tcp_ping received 6144 bytes back
Round trip time was 0.028986 milliseconds in repetition 46
tcp_ping received 6144 bytes back
Round trip time was 0.028457 milliseconds in repetition 47
tcp_ping received 6144 bytes back
Round trip time was 0.028754 milliseconds in repetition 48
tcp_ping received 6144 bytes back
Round trip time was 0.030714 milliseconds in repetition 49
tcp_ping received 6144 bytes back
Round trip time was 0.030528 milliseconds in repetition 50
tcp_ping received 6144 bytes back
Round trip time was 0.029076 milliseconds in repetition 51
tcp_ping received 6144 bytes back
Round trip time was 0.028607 milliseconds in repetition 52
tcp_ping received 6144 bytes back
Round trip time was 0.028825 milliseconds in repetition 53
tcp_ping received 6144 bytes back
Round trip time was 0.030501 milliseconds in repetition 54
tcp_ping received 6144 bytes back
Round trip time was 0.030658 milliseconds in repetition 55
tcp_ping received 6144 bytes back
Round trip time was 0.03048 milliseconds in repetition 56
tcp_ping received 6144 bytes back
Round trip time was 0.03218 milliseconds in repetition 57
tcp_ping received 6144 bytes back
Round trip time was 0.031213 milliseconds in repetition 58
tcp_ping received 6144 bytes back
Round trip time was 0.028967 milliseconds in repetition 59
tcp_ping received 6144 bytes back
Round trip time was 0.030141 milliseconds in repetition 60
tcp_ping received 6144 bytes back
Round trip time was 0.030864 milliseconds in repetition 61
tcp_ping received 6144 bytes back
Round trip time was 0.028664 milliseconds in repetition 62
tcp_ping received 6144 bytes back
Round trip time was 0.028355 milliseconds in repetition 63
tcp_ping received 6144 bytes back
Round trip time was 0.028523 milliseconds in repetition 64
tcp_ping received 6144 bytes back
Round trip time was 0.030728 milliseconds in repetition 65
tcp_ping received 6144 bytes back
Round trip time was 0.030593 milliseconds in repetition 66
tcp_ping received 6144 bytes back
Round trip time was 0.029605 milliseconds in repetition 67
tcp_ping received 6144 bytes back
Round trip time was 0.0284 milliseconds in repetition 68
tcp_ping received 6144 bytes back
Round trip time was 0.028437 milliseconds in repetition 69
tcp_ping received 6144 bytes back
Round trip time was 0.030355 milliseconds in repetition 70
tcp_ping received 6144 bytes back
Round trip time was 0.030605 milliseconds in repetition 71
tcp_ping received 6144 bytes back
Round trip time was 0.029052 milliseconds in repetition 72
tcp_ping received 6144 bytes back
Round trip time was 0.028753 milliseconds in repetition 73
tcp_ping received 6144 bytes back
Round trip time was 0.028667 milliseconds in repetition 74
tcp_ping received 6144 bytes back
Round trip time was 0.028723 milliseconds in repetition 75
tcp_ping received 6144 bytes back
Round trip time was 0.03008 milliseconds in repetition 76
tcp_ping received 6144 bytes back
Round trip time was 0.030725 milliseconds in repetition 77
tcp_ping received 6144 bytes back
Round trip time was 0.02881 milliseconds in repetition 78
tcp_ping received 6144 bytes back
Round trip time was 0.028243 milliseconds in repetition 79
tcp_ping received 6144 bytes back
Round trip time was 0.028687 milliseconds in repetition 80
tcp_ping received 6144 bytes back
Round trip time was 0.030525 milliseconds in repetition 81
tcp_ping received 6144 bytes back
Round trip time was 0.030772 milliseconds in repetition 82
tcp_ping received 6144 bytes back
Round trip time was 0.029232 milliseconds in repetition 83
tcp_ping received 6144 bytes back
Round trip time was 0.028753 milliseconds in repetition 84
tcp_ping received 6144 bytes back
Round trip time was 0.028666 milliseconds in repetition 85
tcp_ping received 6144 bytes back
Round trip time was 0.030321 milliseconds in repetition 86
tcp_ping received 6144 bytes back
Round trip time was 0.030217 milliseconds in repetition 87
tcp_ping received 6144 bytes back
Round trip time was 0.031158 milliseconds in repetition 88
tcp_ping received 6144 bytes back
Round trip time was 0.028741 milliseconds in repetition 89
tcp_ping received 6144 bytes back
Round trip time was 0.028532 milliseconds in repetition 90
tcp_ping received 6144 bytes back
Round trip time was 0.02873 milliseconds in repetition 91
tcp_ping received 6144 bytes back
Round trip time was 0.03043 milliseconds in repetition 92
tcp_ping received 6144 bytes back
Round trip time was 0.030687 milliseconds in repetition 93
tcp_ping received 6144 bytes back
Round trip time was 0.028584 milliseconds in repetition 94
tcp_ping received 6144 bytes back
Round trip time was 0.028208 milliseconds in repetition 95
tcp_ping received 6144 bytes back
Round trip time was 0.028716 milliseconds in repetition 96
tcp_ping received 6144 bytes back
Round trip time was 0.030098 milliseconds in repetition 97
tcp_ping received 6144 bytes back
Round trip time was 0.030236 milliseconds in repetition 98
tcp_ping received 6144 bytes back
Round trip time was 0.029225 milliseconds in repetition 99
tcp_ping received 6144 bytes back
Round trip time was 0.028735 milliseconds in repetition 100
tcp_ping received 6144 bytes back
Round trip time was 0.028705 milliseconds in repetition 101
tcp_ping received 6144 bytes back
Round trip time was 0.030612 milliseconds in repetition 102
tcp_ping received 6144 bytes back
Round trip time was 0.030128 milliseconds in repetition 103
tcp_ping received 6144 bytes back
Round trip time was 0.029362 milliseconds in repetition 104
tcp_ping received 6144 bytes back
Round trip time was 0.030371 milliseconds in repetition 105
tcp_ping received 6144 bytes back
Round trip time was 0.055984 milliseconds in repetition 106
tcp_ping received 6144 bytes back
Round trip time was 0.032257 milliseconds in repetition 107
tcp_ping received 6144 bytes back
Round trip time was 0.031238 milliseconds in repetition 108
tcp_ping received 6144 bytes back
Round trip time was 0.030891 milliseconds in repetition 109
tcp_ping received 6144 bytes back
Round trip time was 0.028834 milliseconds in repetition 110
tcp_ping received 6144 bytes back
Round trip time was 0.028604 milliseconds in repetition 111
tcp_ping received 6144 bytes back
Round trip time was 0.029087 milliseconds in repetition 112
tcp_ping received 6144 bytes back
Round trip time was 0.03054 milliseconds in repetition 113
tcp_ping received 6144 bytes back
Round trip time was 0.030805 milliseconds in repetition 114
tcp_ping received 6144 bytes back
Round trip time was 0.02958 milliseconds in repetition 115
tcp_ping received 6144 bytes back
Round trip time was 0.029075 milliseconds in repetition 116
tcp_ping received 6144 bytes back
Round trip time was 0.028785 milliseconds in repetition 117
tcp_ping received 6144 bytes back
Round trip time was 0.030702 milliseconds in repetition 118
tcp_ping received 6144 bytes back
Round trip time was 0.030793 milliseconds in repetition 119
tcp_ping received 6144 bytes back
Round trip time was 0.029661 milliseconds in repetition 120
tcp_ping received 6144 bytes back
Round trip time was 0.029349 milliseconds in repetition 121
tcp_ping received 6144 bytes back
Round trip time was 0.028614 milliseconds in repetition 122
tcp_ping received 6144 bytes back
Round trip time was 0.029053 milliseconds in repetition 123
tcp_ping received 6144 bytes back
Round trip time was 0.030716 milliseconds in repetition 124
tcp_ping received 6144 bytes back
Round trip time was 0.030942 milliseconds in repetition 125
tcp_ping received 6144 bytes back
Round trip time was 0.0291 milliseconds in repetition 126
tcp_ping received 6144 bytes back
Round trip time was 0.02851 milliseconds in repetition 127
tcp_ping received 6144 bytes back
Round trip time was 0.028875 milliseconds in repetition 128
tcp_ping received 6144 bytes back
Round trip time was 0.030315 milliseconds in repetition 129
tcp_ping received 6144 bytes back
Round trip time was 0.031388 milliseconds in repetition 130
tcp_ping received 6144 bytes back
Round trip time was 0.039126 milliseconds in repetition 131
tcp_ping received 6144 bytes back
Round trip time was 0.045226 milliseconds in repetition 132
tcp_ping received 6144 bytes back
Round trip time was 0.045774 milliseconds in repetition 133
tcp_ping received 6144 bytes back
Round trip time was 0.047057 milliseconds in repetition 134
tcp_ping received 6144 bytes back
Round trip time was 0.042571 milliseconds in repetition 135
tcp_ping received 6144 bytes back
Round trip time was 0.030389 milliseconds in repetition 136
tcp_ping received 6144 bytes back
Round trip time was 0.028897 milliseconds in repetition 137
tcp_ping received 6144 bytes back
Round trip time was 0.028815 milliseconds in repetition 138
tcp_ping received 6144 bytes back
Round trip time was 0.028374 milliseconds in repetition 139
tcp_ping received 6144 bytes back
Round trip time was 0.030884 milliseconds in repetition 140
tcp_ping received 6144 bytes back
Round trip time was 0.030989 milliseconds in repetition 141
tcp_ping received 6144 bytes back
Round trip time was 0.028464 milliseconds in repetition 142
tcp_ping received 6144 bytes back
Round trip time was 0.028482 milliseconds in repetition 143
tcp_ping received 6144 bytes back
Round trip time was 0.028541 milliseconds in repetition 144
tcp_ping received 6144 bytes back
Round trip time was 0.030136 milliseconds in repetition 145
tcp_ping received 6144 bytes back
Round trip time was 0.035089 milliseconds in repetition 146
tcp_ping received 6144 bytes back
Round trip time was 0.029338 milliseconds in repetition 147
tcp_ping received 6144 bytes back
Round trip time was 0.029174 milliseconds in repetition 148
tcp_ping received 6144 bytes back
Round trip time was 0.028588 milliseconds in repetition 149
tcp_ping received 6144 bytes back
Round trip time was 0.030224 milliseconds in repetition 150
tcp_ping received 6144 bytes back
Round trip time was 0.030602 milliseconds in repetition 151
tcp_ping received 6144 bytes back
Round trip time was 0.029051 milliseconds in repetition 152
tcp_ping received 6144 bytes back
Round trip time was 0.029287 milliseconds in repetition 153
tcp_ping received 6144 bytes back
Round trip time was 0.028457 milliseconds in repetition 154
tcp_ping received 6144 bytes back
Round trip time was 0.028375 milliseconds in repetition 155
tcp_ping received 6144 bytes back
Round trip time was 0.030544 milliseconds in repetition 156
tcp_ping received 6144 bytes back
Round trip time was 0.030625 milliseconds in repetition 157
tcp_ping received 6144 bytes back
Round trip time was 0.028922 milliseconds in repetition 158
tcp_ping received 6144 bytes back
Round trip time was 0.02989 milliseconds in repetition 159
tcp_ping received 6144 bytes back
Round trip time was 0.042723 milliseconds in repetition 160
tcp_ping received 6144 bytes back
Round trip time was 0.040996 milliseconds in repetition 161
tcp_ping received 6144 bytes back
Round trip time was 0.040962 milliseconds in repetition 162
tcp_ping received 6144 bytes back
Round trip time was 0.041468 milliseconds in repetition 163
tcp_ping received 6144 bytes back
Round trip time was 0.039742 milliseconds in repetition 164
tcp_ping received 6144 bytes back
Round trip time was 0.040139 milliseconds in repetition 165
tcp_ping received 6144 bytes back
Round trip time was 0.033569 milliseconds in repetition 166
tcp_ping received 6144 bytes back
Round trip time was 0.03106 milliseconds in repetition 167
tcp_ping received 6144 bytes back
Round trip time was 0.029395 milliseconds in repetition 168
tcp_ping received 6144 bytes back
Round trip time was 0.028847 milliseconds in repetition 169
tcp_ping received 6144 bytes back
Round trip time was 0.03004 milliseconds in repetition 170
tcp_ping received 6144 bytes back
Round trip time was 0.0323 milliseconds in repetition 171
tcp_ping received 6144 bytes back
Round trip time was 0.033771 milliseconds in repetition 172
tcp_ping received 6144 bytes back
Round trip time was 0.041394 milliseconds in repetition 173
tcp_ping received 6144 bytes back
Round trip time was 0.045135 milliseconds in repetition 174
tcp_ping received 6144 bytes back
Round trip time was 0.047405 milliseconds in repetition 175
tcp_ping received 6144 bytes back
Round trip time was 0.046129 milliseconds in repetition 176
tcp_ping received 6144 bytes back
Round trip time was 0.045004 milliseconds in repetition 177
tcp_ping received 6144 bytes back
Round trip time was 0.035425 milliseconds in repetition 178
tcp_ping received 6144 bytes back
Round trip time was 0.032418 milliseconds in repetition 179
tcp_ping received 6144 bytes back
Round trip time was 0.172244 milliseconds in repetition 180
tcp_ping received 6144 bytes back
Round trip time was 0.0387 milliseconds in repetition 181
tcp_ping received 6144 bytes back
Round trip time was 0.035017 milliseconds in repetition 182
tcp_ping received 6144 bytes back
Round trip time was 0.034089 milliseconds in repetition 183
tcp_ping received 6144 bytes back
Round trip time was 0.034647 milliseconds in repetition 184
tcp_ping received 6144 bytes back
Round trip time was 0.033623 milliseconds in repetition 185
tcp_ping received 6144 bytes back
Round trip time was 0.031806 milliseconds in repetition 186
tcp_ping received 6144 bytes back
Round trip time was 0.031347 milliseconds in repetition 187
tcp_ping received 6144 bytes back
Round trip time was 0.033465 milliseconds in repetition 188
tcp_ping received 6144 bytes back
Round trip time was 0.032418 milliseconds in repetition 189
tcp_ping received 6144 bytes back
Round trip time was 0.029059 milliseconds in repetition 190
tcp_ping received 6144 bytes back
Round trip time was 0.028455 milliseconds in repetition 191
tcp_ping received 6144 bytes back
Round trip time was 0.028526 milliseconds in repetition 192
tcp_ping received 6144 bytes back
Round trip time was 0.030387 milliseconds in repetition 193
tcp_ping received 6144 bytes back
Round trip time was 0.030432 milliseconds in repetition 194
tcp_ping received 6144 bytes back
Round trip time was 0.028691 milliseconds in repetition 195
tcp_ping received 6144 bytes back
Round trip time was 0.028841 milliseconds in repetition 196
tcp_ping received 6144 bytes back
Round trip time was 0.028468 milliseconds in repetition 197
tcp_ping received 6144 bytes back
Round trip time was 0.030326 milliseconds in repetition 198
tcp_ping received 6144 bytes back
Round trip time was 0.030433 milliseconds in repetition 199
tcp_ping received 6144 bytes back
Round trip time was 0.028999 milliseconds in repetition 200
tcp_ping received 6144 bytes back
Round trip time was 0.028702 milliseconds in repetition 201
tcp_ping received 6144 bytes back
Round trip time was 0.028251 milliseconds in repetition 202
tcp_ping received 6144 bytes back
Round trip time was 0.028177 milliseconds in repetition 203
tcp_ping received 6144 bytes back
Round trip time was 0.030438 milliseconds in repetition 204
tcp_ping received 6144 bytes back
Round trip time was 0.030523 milliseconds in repetition 205
tcp_ping received 6144 bytes back
Round trip time was 0.028749 milliseconds in repetition 206
tcp_ping received 6144 bytes back
Round trip time was 0.028366 milliseconds in repetition 207
tcp_ping received 6144 bytes back
Round trip time was 0.028502 milliseconds in repetition 208
tcp_ping received 6144 bytes back
Round trip time was 0.030279 milliseconds in repetition 209
tcp_ping received 6144 bytes back
Round trip time was 0.030707 milliseconds in repetition 210
tcp_ping received 6144 bytes back
Round trip time was 0.02914 milliseconds in repetition 211
tcp_ping received 6144 bytes back
Round trip time was 0.029147 milliseconds in repetition 212
tcp_ping received 6144 bytes back
Round trip time was 0.02876 milliseconds in repetition 213
tcp_ping received 6144 bytes back
Round trip time was 0.030234 milliseconds in repetition 214
tcp_ping received 6144 bytes back
Round trip time was 0.030227 milliseconds in repetition 215
tcp_ping received 6144 bytes back
Round trip time was 0.029294 milliseconds in repetition 216
tcp_ping received 6144 bytes back
Round trip time was 0.028977 milliseconds in repetition 217
tcp_ping received 6144 bytes back
Round trip time was 0.028522 milliseconds in repetition 218
tcp_ping received 6144 bytes back
Round trip time was 0.030392 milliseconds in repetition 219
tcp_ping received 6144 bytes back
Round trip time was 0.031056 milliseconds in repetition 220
tcp_ping received 6144 bytes back
Round trip time was 0.030589 milliseconds in repetition 221
tcp_ping received 6144 bytes back
Round trip time was 0.028752 milliseconds in repetition 222
tcp_ping received 6144 bytes back
Round trip time was 0.028315 milliseconds in repetition 223
tcp_ping received 6144 bytes back
Round trip time was 0.028461 milliseconds in repetition 224
tcp_ping received 6144 bytes back
Round trip time was 0.030304 milliseconds in repetition 225
tcp_ping received 6144 bytes back
Round trip time was 0.030287 milliseconds in repetition 226
tcp_ping received 6144 bytes back
Round trip time was 0.028785 milliseconds in repetition 227
tcp_ping received 6144 bytes back
Round trip time was 0.028799 milliseconds in repetition 228
tcp_ping received 6144 bytes back
Round trip time was 0.028325 milliseconds in repetition 229
tcp_ping received 6144 bytes back
Round trip time was 0.030162 milliseconds in repetition 230
tcp_ping received 6144 bytes back
Round trip time was 0.034074 milliseconds in repetition 231
tcp_ping received 6144 bytes back
Round trip time was 0.031878 milliseconds in repetition 232
tcp_ping received 6144 bytes back
Round trip time was 0.029053 milliseconds in repetition 233
tcp_ping received 6144 bytes back
Round trip time was 0.028651 milliseconds in repetition 234
tcp_ping received 6144 bytes back
Round trip time was 0.028202 milliseconds in repetition 235
tcp_ping received 6144 bytes back
Round trip time was 0.030758 milliseconds in repetition 236
tcp_ping received 6144 bytes back
Round trip time was 0.030457 milliseconds in repetition 237
tcp_ping received 6144 bytes back
Round trip time was 0.028868 milliseconds in repetition 238
tcp_ping received 6144 bytes back
Round trip time was 0.028416 milliseconds in repetition 239
tcp_ping received 6144 bytes back
Round trip time was 0.02846 milliseconds in repetition 240
tcp_ping received 6144 bytes back
Round trip time was 0.030667 milliseconds in repetition 241
tcp_ping received 6144 bytes back
Round trip time was 0.030154 milliseconds in repetition 242
tcp_ping received 6144 bytes back
Round trip time was 0.028678 milliseconds in repetition 243
tcp_ping received 6144 bytes back
Round trip time was 0.028793 milliseconds in repetition 244
tcp_ping received 6144 bytes back
Round trip time was 0.028384 milliseconds in repetition 245
tcp_ping received 6144 bytes back
Round trip time was 0.029968 milliseconds in repetition 246
tcp_ping received 6144 bytes back
Round trip time was 0.030296 milliseconds in repetition 247
tcp_ping received 6144 bytes back
Round trip time was 0.028725 milliseconds in repetition 248
tcp_ping received 6144 bytes back
Round trip time was 0.028894 milliseconds in repetition 249
tcp_ping received 6144 bytes back
Round trip time was 0.028314 milliseconds in repetition 250
tcp_ping received 6144 bytes back
Round trip time was 0.028275 milliseconds in repetition 251
tcp_ping received 6144 bytes back
Round trip time was 0.030591 milliseconds in repetition 252
tcp_ping received 6144 bytes back
Round trip time was 0.03042 milliseconds in repetition 253
tcp_ping received 6144 bytes back
Round trip time was 0.028624 milliseconds in repetition 254
tcp_ping received 6144 bytes back
Round trip time was 0.161093 milliseconds in repetition 255
tcp_ping received 6144 bytes back
Round trip time was 0.033343 milliseconds in repetition 256
tcp_ping received 6144 bytes back
Round trip time was 0.03098 milliseconds in repetition 257
tcp_ping received 6144 bytes back
Round trip time was 0.030944 milliseconds in repetition 258
tcp_ping received 6144 bytes back
Round trip time was 0.029333 milliseconds in repetition 259
tcp_ping received 6144 bytes back
Round trip time was 0.028406 milliseconds in repetition 260
tcp_ping received 6144 bytes back
Round trip time was 0.028152 milliseconds in repetition 261
tcp_ping received 6144 bytes back
Round trip time was 0.032563 milliseconds in repetition 262
tcp_ping received 6144 bytes back
Round trip time was 0.08801 milliseconds in repetition 263
tcp_ping received 6144 bytes back
Round trip time was 0.031052 milliseconds in repetition 264
tcp_ping received 6144 bytes back
Round trip time was 0.029277 milliseconds in repetition 265
tcp_ping received 6144 bytes back
Round trip time was 0.028348 milliseconds in repetition 266
tcp_ping received 6144 bytes back
Round trip time was 0.028405 milliseconds in repetition 267
tcp_ping received 6144 bytes back
Round trip time was 0.030064 milliseconds in repetition 268
tcp_ping received 6144 bytes back
Round trip time was 0.030588 milliseconds in repetition 269
tcp_ping received 6144 bytes back
Round trip time was 0.028823 milliseconds in repetition 270
tcp_ping received 6144 bytes back
Round trip time was 0.028378 milliseconds in repetition 271
tcp_ping received 6144 bytes back
Round trip time was 0.028312 milliseconds in repetition 272
tcp_ping received 6144 bytes back
Round trip time was 0.030279 milliseconds in repetition 273
tcp_ping received 6144 bytes back
Round trip time was 0.030347 milliseconds in repetition 274
tcp_ping received 6144 bytes back
Round trip time was 0.028989 milliseconds in repetition 275
tcp_ping received 6144 bytes back
Round trip time was 0.028456 milliseconds in repetition 276
tcp_ping received 6144 bytes back
Round trip time was 0.028571 milliseconds in repetition 277
tcp_ping received 6144 bytes back
Round trip time was 0.030561 milliseconds in repetition 278
tcp_ping received 6144 bytes back
Round trip time was 0.030662 milliseconds in repetition 279
tcp_ping received 6144 bytes back
Round trip time was 0.028806 milliseconds in repetition 280
tcp_ping received 6144 bytes back
Round trip time was 0.028767 milliseconds in repetition 281
tcp_ping received 6144 bytes back
Round trip time was 0.028459 milliseconds in repetition 282
tcp_ping received 6144 bytes back
Round trip time was 0.028497 milliseconds in repetition 283
tcp_ping received 6144 bytes back
Round trip time was 0.030078 milliseconds in repetition 284
tcp_ping received 6144 bytes back
Round trip time was 0.030407 milliseconds in repetition 285
tcp_ping received 6144 bytes back
Round trip time was 0.028856 milliseconds in repetition 286
tcp_ping received 6144 bytes back
Round trip time was 0.028259 milliseconds in repetition 287
tcp_ping received 6144 bytes back
Round trip time was 0.028445 milliseconds in repetition 288
tcp_ping received 6144 bytes back
Round trip time was 0.030208 milliseconds in repetition 289
tcp_ping received 6144 bytes back
Round trip time was 0.030183 milliseconds in repetition 290
tcp_ping received 6144 bytes back
Round trip time was 0.028951 milliseconds in repetition 291
tcp_ping received 6144 bytes back
Round trip time was 0.028484 milliseconds in repetition 292
tcp_ping received 6144 bytes back
Round trip time was 0.028623 milliseconds in repetition 293
tcp_ping received 6144 bytes back
Round trip time was 0.062951 milliseconds in repetition 294
tcp_ping received 6144 bytes back
Round trip time was 0.073615 milliseconds in repetition 295
tcp_ping received 6144 bytes back
Round trip time was 0.041631 milliseconds in repetition 296
tcp_ping received 6144 bytes back
Round trip time was 0.035301 milliseconds in repetition 297
tcp_ping received 6144 bytes back
Round trip time was 0.080787 milliseconds in repetition 298
tcp_ping received 6144 bytes back
Round trip time was 0.068507 milliseconds in repetition 299
tcp_ping received 6144 bytes back
Round trip time was 0.073132 milliseconds in repetition 300
tcp_ping received 6144 bytes back
Round trip time was 0.036648 milliseconds in repetition 301
tcp_ping received 6144 bytes back
Round trip time was 0.0295 milliseconds in repetition 302
tcp_ping received 6144 bytes back
Round trip time was 0.029073 milliseconds in repetition 303
tcp_ping received 6144 bytes back
Round trip time was 0.028636 milliseconds in repetition 304
tcp_ping received 6144 bytes back
Round trip time was 0.030671 milliseconds in repetition 305
tcp_ping received 6144 bytes back
Round trip time was 0.032602 milliseconds in repetition 306
tcp_ping received 6144 bytes back
Round trip time was 0.029935 milliseconds in repetition 307
tcp_ping received 6144 bytes back
Round trip time was 0.030929 milliseconds in repetition 308
tcp_ping received 6144 bytes back
Round trip time was 0.031675 milliseconds in repetition 309
tcp_ping received 6144 bytes back
Round trip time was 0.03087 milliseconds in repetition 310
tcp_ping received 6144 bytes back
Round trip time was 0.031019 milliseconds in repetition 311
tcp_ping received 6144 bytes back
Round trip time was 0.028634 milliseconds in repetition 312
tcp_ping received 6144 bytes back
Round trip time was 0.029023 milliseconds in repetition 313
tcp_ping received 6144 bytes back
Round trip time was 0.028593 milliseconds in repetition 314
tcp_ping received 6144 bytes back
Round trip time was 0.028506 milliseconds in repetition 315
tcp_ping received 6144 bytes back
Round trip time was 0.030606 milliseconds in repetition 316
tcp_ping received 6144 bytes back
Round trip time was 0.030854 milliseconds in repetition 317
tcp_ping received 6144 bytes back
Round trip time was 0.028813 milliseconds in repetition 318
tcp_ping received 6144 bytes back
Round trip time was 0.028481 milliseconds in repetition 319
tcp_ping received 6144 bytes back
Round trip time was 0.028244 milliseconds in repetition 320
tcp_ping received 6144 bytes back
Round trip time was 0.030816 milliseconds in repetition 321
tcp_ping received 6144 bytes back
Round trip time was 0.030722 milliseconds in repetition 322
tcp_ping received 6144 bytes back
Round trip time was 0.02893 milliseconds in repetition 323
tcp_ping received 6144 bytes back
Round trip time was 0.028774 milliseconds in repetition 324
tcp_ping received 6144 bytes back
Round trip time was 0.028918 milliseconds in repetition 325
tcp_ping received 6144 bytes back
Round trip time was 0.030185 milliseconds in repetition 326
tcp_ping received 6144 bytes back
Round trip time was 0.030448 milliseconds in repetition 327
tcp_ping received 6144 bytes back
Round trip time was 0.028714 milliseconds in repetition 328
tcp_ping received 6144 bytes back
Round trip time was 0.028809 milliseconds in repetition 329
tcp_ping received 6144 bytes back
Round trip time was 0.028486 milliseconds in repetition 330
tcp_ping received 6144 bytes back
Round trip time was 0.028406 milliseconds in repetition 331
tcp_ping received 6144 bytes back
Round trip time was 0.030345 milliseconds in repetition 332
tcp_ping received 6144 bytes back
Round trip time was 0.057826 milliseconds in repetition 333
tcp_ping received 6144 bytes back
Round trip time was 0.030251 milliseconds in repetition 334
tcp_ping received 6144 bytes back
Round trip time was 0.028774 milliseconds in repetition 335
tcp_ping received 6144 bytes back
Round trip time was 0.028598 milliseconds in repetition 336
tcp_ping received 6144 bytes back
Round trip time was 0.030284 milliseconds in repetition 337
tcp_ping received 6144 bytes back
Round trip time was 0.030446 milliseconds in repetition 338
tcp_ping received 6144 bytes back
Round trip time was 0.028873 milliseconds in repetition 339
tcp_ping received 6144 bytes back
Round trip time was 0.02886 milliseconds in repetition 340
tcp_ping received 6144 bytes back
Round trip time was 0.028423 milliseconds in repetition 341
tcp_ping received 6144 bytes back
Round trip time was 0.030361 milliseconds in repetition 342
tcp_ping received 6144 bytes back
Round trip time was 0.030383 milliseconds in repetition 343
tcp_ping received 6144 bytes back
Round trip time was 0.028982 milliseconds in repetition 344
tcp_ping received 6144 bytes back
Round trip time was 0.028866 milliseconds in repetition 345
tcp_ping received 6144 bytes back
Round trip time was 0.028315 milliseconds in repetition 346
tcp_ping received 6144 bytes back
Round trip time was 0.028319 milliseconds in repetition 347
tcp_ping received 6144 bytes back
Round trip time was 0.030674 milliseconds in repetition 348
tcp_ping received 6144 bytes back
Round trip time was 0.030554 milliseconds in repetition 349
tcp_ping received 6144 bytes back
Round trip time was 0.030743 milliseconds in repetition 350
tcp_ping received 6144 bytes back
Round trip time was 0.028744 milliseconds in repetition 351
tcp_ping received 6144 bytes back
Round trip time was 0.029017 milliseconds in repetition 352
tcp_ping received 6144 bytes back
Round trip time was 0.030489 milliseconds in repetition 353
tcp_ping received 6144 bytes back
Round trip time was 0.030532 milliseconds in repetition 354
tcp_ping received 6144 bytes back
Round trip time was 0.028747 milliseconds in repetition 355
tcp_ping received 6144 bytes back
Round trip time was 0.028781 milliseconds in repetition 356
tcp_ping received 6144 bytes back
Round trip time was 0.031805 milliseconds in repetition 357
tcp_ping received 6144 bytes back
Round trip time was 0.03795 milliseconds in repetition 358
tcp_ping received 6144 bytes back
Round trip time was 0.031893 milliseconds in repetition 359
tcp_ping received 6144 bytes back
Round trip time was 0.029117 milliseconds in repetition 360
tcp_ping received 6144 bytes back
Round trip time was 0.028945 milliseconds in repetition 361
tcp_ping received 6144 bytes back
Round trip time was 0.028355 milliseconds in repetition 362
tcp_ping received 6144 bytes back
Round trip time was 0.02838 milliseconds in repetition 363
tcp_ping received 6144 bytes back
Round trip time was 0.030695 milliseconds in repetition 364
tcp_ping received 6144 bytes back
Round trip time was 0.030914 milliseconds in repetition 365
tcp_ping received 6144 bytes back
Round trip time was 0.029106 milliseconds in repetition 366
tcp_ping received 6144 bytes back
Round trip time was 0.028509 milliseconds in repetition 367
tcp_ping received 6144 bytes back
Round trip time was 0.028547 milliseconds in repetition 368
tcp_ping received 6144 bytes back
Round trip time was 0.041297 milliseconds in repetition 369
tcp_ping received 6144 bytes back
Round trip time was 0.03294 milliseconds in repetition 370
tcp_ping received 6144 bytes back
Round trip time was 0.02934 milliseconds in repetition 371
tcp_ping received 6144 bytes back
Round trip time was 0.028586 milliseconds in repetition 372
tcp_ping received 6144 bytes back
Round trip time was 0.02852 milliseconds in repetition 373
tcp_ping received 6144 bytes back
Round trip time was 0.030382 milliseconds in repetition 374
tcp_ping received 6144 bytes back
Round trip time was 0.030402 milliseconds in repetition 375
tcp_ping received 6144 bytes back
Round trip time was 0.029249 milliseconds in repetition 376
tcp_ping received 6144 bytes back
Round trip time was 0.029024 milliseconds in repetition 377
tcp_ping received 6144 bytes back
Round trip time was 0.028421 milliseconds in repetition 378
tcp_ping received 6144 bytes back
Round trip time was 0.029056 milliseconds in repetition 379
tcp_ping received 6144 bytes back
Round trip time was 0.030422 milliseconds in repetition 380
tcp_ping received 6144 bytes back
Round trip time was 0.030616 milliseconds in repetition 381
tcp_ping received 6144 bytes back
Round trip time was 0.028845 milliseconds in repetition 382
tcp_ping received 6144 bytes back
Round trip time was 0.028419 milliseconds in repetition 383
tcp_ping received 6144 bytes back
Round trip time was 0.028489 milliseconds in repetition 384
tcp_ping received 6144 bytes back
Round trip time was 0.030553 milliseconds in repetition 385
tcp_ping received 6144 bytes back
Round trip time was 0.030551 milliseconds in repetition 386
tcp_ping received 6144 bytes back
Round trip time was 0.029129 milliseconds in repetition 387
tcp_ping received 6144 bytes back
Round trip time was 0.028879 milliseconds in repetition 388
tcp_ping received 6144 bytes back
Round trip time was 0.028544 milliseconds in repetition 389
tcp_ping received 6144 bytes back
Round trip time was 0.0303 milliseconds in repetition 390
tcp_ping received 6144 bytes back
Round trip time was 0.030482 milliseconds in repetition 391
tcp_ping received 6144 bytes back
Round trip time was 0.029055 milliseconds in repetition 392
tcp_ping received 6144 bytes back
Round trip time was 0.03108 milliseconds in repetition 393
tcp_ping received 6144 bytes back
Round trip time was 0.029299 milliseconds in repetition 394
tcp_ping received 6144 bytes back
Round trip time was 0.029105 milliseconds in repetition 395
tcp_ping received 6144 bytes back
Round trip time was 0.030175 milliseconds in repetition 396
tcp_ping received 6144 bytes back
Round trip time was 0.030622 milliseconds in repetition 397
tcp_ping received 6144 bytes back
Round trip time was 0.029354 milliseconds in repetition 398
tcp_ping received 6144 bytes back
Round trip time was 0.067714 milliseconds in repetition 399
tcp_ping received 6144 bytes back
Round trip time was 0.031708 milliseconds in repetition 400
tcp_ping received 6144 bytes back
Round trip time was 0.031208 milliseconds in repetition 401
tcp_ping received 6144 bytes back
Round trip time was 0.031382 milliseconds in repetition 402
tcp_ping received 6144 bytes back
Round trip time was 0.029842 milliseconds in repetition 403
tcp_ping received 6144 bytes back
Round trip time was 0.029074 milliseconds in repetition 404
tcp_ping received 6144 bytes back
Round trip time was 0.028857 milliseconds in repetition 405
tcp_ping received 6144 bytes back
Round trip time was 0.030611 milliseconds in repetition 406
tcp_ping received 6144 bytes back
Round trip time was 0.030992 milliseconds in repetition 407
tcp_ping received 6144 bytes back
Round trip time was 0.029247 milliseconds in repetition 408
tcp_ping received 6144 bytes back
Round trip time was 0.028867 milliseconds in repetition 409
tcp_ping received 6144 bytes back
Round trip time was 0.028509 milliseconds in repetition 410
tcp_ping received 6144 bytes back
Round trip time was 0.02937 milliseconds in repetition 411
tcp_ping received 6144 bytes back
Round trip time was 0.030559 milliseconds in repetition 412
tcp_ping received 6144 bytes back
Round trip time was 0.030693 milliseconds in repetition 413
tcp_ping received 6144 bytes back
Round trip time was 0.028717 milliseconds in repetition 414
tcp_ping received 6144 bytes back
Round trip time was 0.028557 milliseconds in repetition 415
tcp_ping received 6144 bytes back
Round trip time was 0.028422 milliseconds in repetition 416
tcp_ping received 6144 bytes back
Round trip time was 0.030533 milliseconds in repetition 417
tcp_ping received 6144 bytes back
Round trip time was 0.03051 milliseconds in repetition 418
tcp_ping received 6144 bytes back
Round trip time was 0.029431 milliseconds in repetition 419
tcp_ping received 6144 bytes back
Round trip time was 0.028513 milliseconds in repetition 420
tcp_ping received 6144 bytes back
Round trip time was 0.028356 milliseconds in repetition 421
tcp_ping received 6144 bytes back
Round trip time was 0.030078 milliseconds in repetition 422
tcp_ping received 6144 bytes back
Round trip time was 0.0306 milliseconds in repetition 423
tcp_ping received 6144 bytes back
Round trip time was 0.02896 milliseconds in repetition 424
tcp_ping received 6144 bytes back
Round trip time was 0.028596 milliseconds in repetition 425
tcp_ping received 6144 bytes back
Round trip time was 0.02835 milliseconds in repetition 426
tcp_ping received 6144 bytes back
Round trip time was 0.028986 milliseconds in repetition 427
tcp_ping received 6144 bytes back
Round trip time was 0.030378 milliseconds in repetition 428
tcp_ping received 6144 bytes back
Round trip time was 0.030636 milliseconds in repetition 429
tcp_ping received 6144 bytes back
Round trip time was 0.028658 milliseconds in repetition 430
tcp_ping received 6144 bytes back
Round trip time was 0.028661 milliseconds in repetition 431
tcp_ping received 6144 bytes back
Round trip time was 0.028595 milliseconds in repetition 432
tcp_ping received 6144 bytes back
Round trip time was 0.030223 milliseconds in repetition 433
tcp_ping received 6144 bytes back
Round trip time was 0.030407 milliseconds in repetition 434
tcp_ping received 6144 bytes back
Round trip time was 0.029864 milliseconds in repetition 435
tcp_ping received 6144 bytes back
Round trip time was 0.028494 milliseconds in repetition 436
tcp_ping received 6144 bytes back
Round trip time was 0.030283 milliseconds in repetition 437
tcp_ping received 6144 bytes back
Round trip time was 0.031032 milliseconds in repetition 438
tcp_ping received 6144 bytes back
Round trip time was 0.030543 milliseconds in repetition 439
tcp_ping received 6144 bytes back
Round trip time was 0.028758 milliseconds in repetition 440
tcp_ping received 6144 bytes back
Round trip time was 0.02879 milliseconds in repetition 441
tcp_ping received 6144 bytes back
Round trip time was 0.028731 milliseconds in repetition 442
tcp_ping received 6144 bytes back
Round trip time was 0.029055 milliseconds in repetition 443
tcp_ping received 6144 bytes back
Round trip time was 0.030752 milliseconds in repetition 444
tcp_ping received 6144 bytes back
Round trip time was 0.030658 milliseconds in repetition 445
tcp_ping received 6144 bytes back
Round trip time was 0.028955 milliseconds in repetition 446
tcp_ping received 6144 bytes back
Round trip time was 0.028521 milliseconds in repetition 447
tcp_ping received 6144 bytes back
Round trip time was 0.028269 milliseconds in repetition 448
tcp_ping received 6144 bytes back
Round trip time was 0.03031 milliseconds in repetition 449
tcp_ping received 6144 bytes back
Round trip time was 0.030761 milliseconds in repetition 450
tcp_ping received 6144 bytes back
Round trip time was 0.02931 milliseconds in repetition 451
tcp_ping received 6144 bytes back
Round trip time was 0.028546 milliseconds in repetition 452
tcp_ping received 6144 bytes back
Round trip time was 0.028452 milliseconds in repetition 453
tcp_ping received 6144 bytes back
Round trip time was 0.030558 milliseconds in repetition 454
tcp_ping received 6144 bytes back
Round trip time was 0.030404 milliseconds in repetition 455
tcp_ping received 6144 bytes back
Round trip time was 0.028714 milliseconds in repetition 456
tcp_ping received 6144 bytes back
Round trip time was 0.028667 milliseconds in repetition 457
tcp_ping received 6144 bytes back
Round trip time was 0.028602 milliseconds in repetition 458
tcp_ping received 6144 bytes back
Round trip time was 0.028958 milliseconds in repetition 459
tcp_ping received 6144 bytes back
Round trip time was 0.03048 milliseconds in repetition 460
tcp_ping received 6144 bytes back
Round trip time was 0.030452 milliseconds in repetition 461
tcp_ping received 6144 bytes back
Round trip time was 0.028874 milliseconds in repetition 462
tcp_ping received 6144 bytes back
Round trip time was 0.028474 milliseconds in repetition 463
tcp_ping received 6144 bytes back
Round trip time was 0.028318 milliseconds in repetition 464
tcp_ping received 6144 bytes back
Round trip time was 0.031841 milliseconds in repetition 465
tcp_ping received 6144 bytes back
Round trip time was 0.033443 milliseconds in repetition 466
tcp_ping received 6144 bytes back
Round trip time was 0.029531 milliseconds in repetition 467
tcp_ping received 6144 bytes back
Round trip time was 0.028416 milliseconds in repetition 468
tcp_ping received 6144 bytes back
Round trip time was 0.028391 milliseconds in repetition 469
tcp_ping received 6144 bytes back
Round trip time was 0.030485 milliseconds in repetition 470
tcp_ping received 6144 bytes back
Round trip time was 0.030769 milliseconds in repetition 471
tcp_ping received 6144 bytes back
Round trip time was 0.028965 milliseconds in repetition 472
tcp_ping received 6144 bytes back
Round trip time was 0.028659 milliseconds in repetition 473
tcp_ping received 6144 bytes back
Round trip time was 0.029134 milliseconds in repetition 474
tcp_ping received 6144 bytes back
Round trip time was 0.02893 milliseconds in repetition 475
tcp_ping received 6144 bytes back
Round trip time was 0.030109 milliseconds in repetition 476
tcp_ping received 6144 bytes back
Round trip time was 0.03038 milliseconds in repetition 477
tcp_ping received 6144 bytes back
Round trip time was 0.028865 milliseconds in repetition 478
tcp_ping received 6144 bytes back
Round trip time was 0.02841 milliseconds in repetition 479
tcp_ping received 6144 bytes back
Round trip time was 0.028626 milliseconds in repetition 480
tcp_ping received 6144 bytes back
Round trip time was 0.032146 milliseconds in repetition 481
tcp_ping received 6144 bytes back
Round trip time was 0.031123 milliseconds in repetition 482
tcp_ping received 6144 bytes back
Round trip time was 0.029185 milliseconds in repetition 483
tcp_ping received 6144 bytes back
Round trip time was 0.02855 milliseconds in repetition 484
tcp_ping received 6144 bytes back
Round trip time was 0.028509 milliseconds in repetition 485
tcp_ping received 6144 bytes back
Round trip time was 0.030456 milliseconds in repetition 486
tcp_ping received 6144 bytes back
Round trip time was 0.030509 milliseconds in repetition 487
tcp_ping received 6144 bytes back
Round trip time was 0.029113 milliseconds in repetition 488
tcp_ping received 6144 bytes back
Round trip time was 0.028915 milliseconds in repetition 489
tcp_ping received 6144 bytes back
Round trip time was 0.028408 milliseconds in repetition 490
tcp_ping received 6144 bytes back
Round trip time was 0.028611 milliseconds in repetition 491
tcp_ping received 6144 bytes back
Round trip time was 0.030366 milliseconds in repetition 492
tcp_ping received 6144 bytes back
Round trip time was 0.036029 milliseconds in repetition 493
tcp_ping received 6144 bytes back
Round trip time was 0.0312 milliseconds in repetition 494
tcp_ping received 6144 bytes back
Round trip time was 0.028641 milliseconds in repetition 495
tcp_ping received 6144 bytes back
Round trip time was 0.02894 milliseconds in repetition 496
tcp_ping received 6144 bytes back
Round trip time was 0.030507 milliseconds in repetition 497
tcp_ping received 6144 bytes back
Round trip time was 0.030746 milliseconds in repetition 498
tcp_ping received 6144 bytes back
Round trip time was 0.02912 milliseconds in repetition 499
tcp_ping received 6144 bytes back
Round trip time was 0.042644 milliseconds in repetition 500
tcp_ping received 6144 bytes back
Round trip time was 0.030786 milliseconds in repetition 501

 ... clock resolution was 1e-06
TCP Ping:  Statistics over 501 repetitions of 6144 byte messages

RTT : percentile 10: 0.02846, median: 0.029431, percentile 90: 0.033375, average: 0.0316064, variance: 0.000111629

RTT histogram:
0.0281515 434
0.0353561 37
0.0425608 17
0.0497654 2
0.0569701 2
0.0641747 2
0.0713794 3
0.078584 1
0.0857887 1
0.0929933 0
0.100198 0
0.107403 0
0.114607 0
0.121812 0
0.129017 0
0.136221 0
0.143426 0
0.150631 0
0.157835 1
0.16504 0
0.172244 1

   median Throughput : 417519 KB/s   overall Throughput : 388782 KB/s

