TCP Ping trying to connect to server localhost (127.0.0.1) on port 1492
 ... connected to Pong server: asking for 501 repetitions of 98304 bytes TCP messages
 ... Pong server agreed:-)
tcp_ping received 98304 bytes back
Round trip time was 0.461616 milliseconds in repetition 1
tcp_ping received 98304 bytes back
Round trip time was 0.382437 milliseconds in repetition 2
tcp_ping received 98304 bytes back
Round trip time was 0.351526 milliseconds in repetition 3
tcp_ping received 98304 bytes back
Round trip time was 0.36208 milliseconds in repetition 4
tcp_ping received 98304 bytes back
Round trip time was 0.331127 milliseconds in repetition 5
tcp_ping received 98304 bytes back
Round trip time was 0.367106 milliseconds in repetition 6
tcp_ping received 98304 bytes back
Round trip time was 0.331287 milliseconds in repetition 7
tcp_ping received 98304 bytes back
Round trip time was 0.334237 milliseconds in repetition 8
tcp_ping received 98304 bytes back
Round trip time was 0.351986 milliseconds in repetition 9
tcp_ping received 98304 bytes back
Round trip time was 0.373018 milliseconds in repetition 10
tcp_ping received 98304 bytes back
Round trip time was 0.359294 milliseconds in repetition 11
tcp_ping received 98304 bytes back
Round trip time was 0.374271 milliseconds in repetition 12
tcp_ping received 98304 bytes back
Round trip time was 0.385586 milliseconds in repetition 13
tcp_ping received 98304 bytes back
Round trip time was 0.36872 milliseconds in repetition 14
tcp_ping received 98304 bytes back
Round trip time was 0.365382 milliseconds in repetition 15
tcp_ping received 98304 bytes back
Round trip time was 0.37947 milliseconds in repetition 16
tcp_ping received 98304 bytes back
Round trip time was 0.414726 milliseconds in repetition 17
tcp_ping received 98304 bytes back
Round trip time was 0.393266 milliseconds in repetition 18
tcp_ping received 98304 bytes back
Round trip time was 0.366986 milliseconds in repetition 19
tcp_ping received 98304 bytes back
Round trip time was 0.515342 milliseconds in repetition 20
tcp_ping received 98304 bytes back
Round trip time was 0.363767 milliseconds in repetition 21
tcp_ping received 98304 bytes back
Round trip time was 0.352512 milliseconds in repetition 22
tcp_ping received 98304 bytes back
Round trip time was 0.384387 milliseconds in repetition 23
tcp_ping received 98304 bytes back
Round trip time was 0.374968 milliseconds in repetition 24
tcp_ping received 98304 bytes back
Round trip time was 0.402934 milliseconds in repetition 25
tcp_ping received 98304 bytes back
Round trip time was 0.373215 milliseconds in repetition 26
tcp_ping received 98304 bytes back
Round trip time was 0.367462 milliseconds in repetition 27
tcp_ping received 98304 bytes back
Round trip time was 0.44692 milliseconds in repetition 28
tcp_ping received 98304 bytes back
Round trip time was 0.367791 milliseconds in repetition 29
tcp_ping received 98304 bytes back
Round trip time was 0.550848 milliseconds in repetition 30
tcp_ping received 98304 bytes back
Round trip time was 0.53662 milliseconds in repetition 31
tcp_ping received 98304 bytes back
Round trip time was 0.815941 milliseconds in repetition 32
tcp_ping received 98304 bytes back
Round trip time was 0.415802 milliseconds in repetition 33
tcp_ping received 98304 bytes back
Round trip time was 0.77179 milliseconds in repetition 34
tcp_ping received 98304 bytes back
Round trip time was 0.726975 milliseconds in repetition 35
tcp_ping received 98304 bytes back
Round trip time was 0.427637 milliseconds in repetition 36
tcp_ping received 98304 bytes back
Round trip time was 0.510002 milliseconds in repetition 37
tcp_ping received 98304 bytes back
Round trip time was 0.393472 milliseconds in repetition 38
tcp_ping received 98304 bytes back
Round trip time was 0.387112 milliseconds in repetition 39
tcp_ping received 98304 bytes back
Round trip time was 0.406301 milliseconds in repetition 40
tcp_ping received 98304 bytes back
Round trip time was 0.468893 milliseconds in repetition 41
tcp_ping received 98304 bytes back
Round trip time was 0.393248 milliseconds in repetition 42
tcp_ping received 98304 bytes back
Round trip time was 0.447172 milliseconds in repetition 43
tcp_ping received 98304 bytes back
Round trip time was 0.397612 milliseconds in repetition 44
tcp_ping received 98304 bytes back
Round trip time was 0.377092 milliseconds in repetition 45
tcp_ping received 98304 bytes back
Round trip time was 0.364906 milliseconds in repetition 46
tcp_ping received 98304 bytes back
Round trip time was 0.364665 milliseconds in repetition 47
tcp_ping received 98304 bytes back
Round trip time was 0.360711 milliseconds in repetition 48
tcp_ping received 98304 bytes back
Round trip time was 0.351498 milliseconds in repetition 49
tcp_ping received 98304 bytes back
Round trip time was 0.358516 milliseconds in repetition 50
tcp_ping received 98304 bytes back
Round trip time was 0.356339 milliseconds in repetition 51
tcp_ping received 98304 bytes back
Round trip time was 0.352687 milliseconds in repetition 52
tcp_ping received 98304 bytes back
Round trip time was 0.382304 milliseconds in repetition 53
tcp_ping received 98304 bytes back
Round trip time was 0.388673 milliseconds in repetition 54
tcp_ping received 98304 bytes back
Round trip time was 0.361166 milliseconds in repetition 55
tcp_ping received 98304 bytes back
Round trip time was 0.369352 milliseconds in repetition 56
tcp_ping received 98304 bytes back
Round trip time was 0.373795 milliseconds in repetition 57
tcp_ping received 98304 bytes back
Round trip time was 0.390396 milliseconds in repetition 58
tcp_ping received 98304 bytes back
Round trip time was 0.381204 milliseconds in repetition 59
tcp_ping received 98304 bytes back
Round trip time was 0.385544 milliseconds in repetition 60
tcp_ping received 98304 bytes back
Round trip time was 0.455636 milliseconds in repetition 61
tcp_ping received 98304 bytes back
Round trip time was 0.693062 milliseconds in repetition 62
tcp_ping received 98304 bytes back
Round trip time was 0.536141 milliseconds in repetition 63
tcp_ping received 98304 bytes back
Round trip time was 0.480203 milliseconds in repetition 64
tcp_ping received 98304 bytes back
Round trip time was 0.441609 milliseconds in repetition 65
tcp_ping received 98304 bytes back
Round trip time was 0.395036 milliseconds in repetition 66
tcp_ping received 98304 bytes back
Round trip time was 0.466877 milliseconds in repetition 67
tcp_ping received 98304 bytes back
Round trip time was 0.421774 milliseconds in repetition 68
tcp_ping received 98304 bytes back
Round trip time was 0.603978 milliseconds in repetition 69
tcp_ping received 98304 bytes back
Round trip time was 0.605448 milliseconds in repetition 70
tcp_ping received 98304 bytes back
Round trip time was 0.782192 milliseconds in repetition 71
tcp_ping received 98304 bytes back
Round trip time was 0.547433 milliseconds in repetition 72
tcp_ping received 98304 bytes back
Round trip time was 0.581073 milliseconds in repetition 73
tcp_ping received 98304 bytes back
Round trip time was 0.444333 milliseconds in repetition 74
tcp_ping received 98304 bytes back
Round trip time was 0.486746 milliseconds in repetition 75
tcp_ping received 98304 bytes back
Round trip time was 0.50253 milliseconds in repetition 76
tcp_ping received 98304 bytes back
Round trip time was 0.39706 milliseconds in repetition 77
tcp_ping received 98304 bytes back
Round trip time was 0.386932 milliseconds in repetition 78
tcp_ping received 98304 bytes back
Round trip time was 0.434285 milliseconds in repetition 79
tcp_ping received 98304 bytes back
Round trip time was 0.34875 milliseconds in repetition 80
tcp_ping received 98304 bytes back
Round trip time was 0.376947 milliseconds in repetition 81
tcp_ping received 98304 bytes back
Round trip time was 0.378085 milliseconds in repetition 82
tcp_ping received 98304 bytes back
Round trip time was 0.372518 milliseconds in repetition 83
tcp_ping received 98304 bytes back
Round trip time was 0.370297 milliseconds in repetition 84
tcp_ping received 98304 bytes back
Round trip time was 0.400708 milliseconds in repetition 85
tcp_ping received 98304 bytes back
Round trip time was 0.408452 milliseconds in repetition 86
tcp_ping received 98304 bytes back
Round trip time was 0.539975 milliseconds in repetition 87
tcp_ping received 98304 bytes back
Round trip time was 0.462707 milliseconds in repetition 88
tcp_ping received 98304 bytes back
Round trip time was 0.361694 milliseconds in repetition 89
tcp_ping received 98304 bytes back
Round trip time was 0.378981 milliseconds in repetition 90
tcp_ping received 98304 bytes back
Round trip time was 0.376806 milliseconds in repetition 91
tcp_ping received 98304 bytes back
Round trip time was 0.375553 milliseconds in repetition 92
tcp_ping received 98304 bytes back
Round trip time was 0.359829 milliseconds in repetition 93
tcp_ping received 98304 bytes back
Round trip time was 0.503769 milliseconds in repetition 94
tcp_ping received 98304 bytes back
Round trip time was 0.401675 milliseconds in repetition 95
tcp_ping received 98304 bytes back
Round trip time was 0.378267 milliseconds in repetition 96
tcp_ping received 98304 bytes back
Round trip time was 0.37995 milliseconds in repetition 97
tcp_ping received 98304 bytes back
Round trip time was 0.368596 milliseconds in repetition 98
tcp_ping received 98304 bytes back
Round trip time was 0.342188 milliseconds in repetition 99
tcp_ping received 98304 bytes back
Round trip time was 0.396753 milliseconds in repetition 100
tcp_ping received 98304 bytes back
Round trip time was 0.37494 milliseconds in repetition 101
tcp_ping received 98304 bytes back
Round trip time was 0.435116 milliseconds in repetition 102
tcp_ping received 98304 bytes back
Round trip time was 0.455063 milliseconds in repetition 103
tcp_ping received 98304 bytes back
Round trip time was 0.344151 milliseconds in repetition 104
tcp_ping received 98304 bytes back
Round trip time was 0.385093 milliseconds in repetition 105
tcp_ping received 98304 bytes back
Round trip time was 0.394629 milliseconds in repetition 106
tcp_ping received 98304 bytes back
Round trip time was 0.372545 milliseconds in repetition 107
tcp_ping received 98304 bytes back
Round trip time was 0.382755 milliseconds in repetition 108
tcp_ping received 98304 bytes back
Round trip time was 0.387654 milliseconds in repetition 109
tcp_ping received 98304 bytes back
Round trip time was 0.366816 milliseconds in repetition 110
tcp_ping received 98304 bytes back
Round trip time was 0.419824 milliseconds in repetition 111
tcp_ping received 98304 bytes back
Round trip time was 0.4967 milliseconds in repetition 112
tcp_ping received 98304 bytes back
Round trip time was 0.416278 milliseconds in repetition 113
tcp_ping received 98304 bytes back
Round trip time was 0.929047 milliseconds in repetition 114
tcp_ping received 98304 bytes back
Round trip time was 0.842524 milliseconds in repetition 115
tcp_ping received 98304 bytes back
Round trip time was 0.43502 milliseconds in repetition 116
tcp_ping received 98304 bytes back
Round trip time was 0.43309 milliseconds in repetition 117
tcp_ping received 98304 bytes back
Round trip time was 0.428784 milliseconds in repetition 118
tcp_ping received 98304 bytes back
Round trip time was 0.42053 milliseconds in repetition 119
tcp_ping received 98304 bytes back
Round trip time was 0.355761 milliseconds in repetition 120
tcp_ping received 98304 bytes back
Round trip time was 0.379259 milliseconds in repetition 121
tcp_ping received 98304 bytes back
Round trip time was 0.354128 milliseconds in repetition 122
tcp_ping received 98304 bytes back
Round trip time was 0.384225 milliseconds in repetition 123
tcp_ping received 98304 bytes back
Round trip time was 0.379665 milliseconds in repetition 124
tcp_ping received 98304 bytes back
Round trip time was 0.390586 milliseconds in repetition 125
tcp_ping received 98304 bytes back
Round trip time was 0.363495 milliseconds in repetition 126
tcp_ping received 98304 bytes back
Round trip time was 0.372846 milliseconds in repetition 127
tcp_ping received 98304 bytes back
Round trip time was 0.517972 milliseconds in repetition 128
tcp_ping received 98304 bytes back
Round trip time was 0.541096 milliseconds in repetition 129
tcp_ping received 98304 bytes back
Round trip time was 0.467408 milliseconds in repetition 130
tcp_ping received 98304 bytes back
Round trip time was 0.425154 milliseconds in repetition 131
tcp_ping received 98304 bytes back
Round trip time was 0.490416 milliseconds in repetition 132
tcp_ping received 98304 bytes back
Round trip time was 0.397276 milliseconds in repetition 133
tcp_ping received 98304 bytes back
Round trip time was 0.400609 milliseconds in repetition 134
tcp_ping received 98304 bytes back
Round trip time was 0.400174 milliseconds in repetition 135
tcp_ping received 98304 bytes back
Round trip time was 0.390449 milliseconds in repetition 136
tcp_ping received 98304 bytes back
Round trip time was 0.369595 milliseconds in repetition 137
tcp_ping received 98304 bytes back
Round trip time was 0.37599 milliseconds in repetition 138
tcp_ping received 98304 bytes back
Round trip time was 0.400845 milliseconds in repetition 139
tcp_ping received 98304 bytes back
Round trip time was 0.379635 milliseconds in repetition 140
tcp_ping received 98304 bytes back
Round trip time was 0.358408 milliseconds in repetition 141
tcp_ping received 98304 bytes back
Round trip time was 0.373303 milliseconds in repetition 142
tcp_ping received 98304 bytes back
Round trip time was 0.403016 milliseconds in repetition 143
tcp_ping received 98304 bytes back
Round trip time was 0.757215 milliseconds in repetition 144
tcp_ping received 98304 bytes back
Round trip time was 0.637313 milliseconds in repetition 145
tcp_ping received 98304 bytes back
Round trip time was 0.505873 milliseconds in repetition 146
tcp_ping received 98304 bytes back
Round trip time was 0.406168 milliseconds in repetition 147
tcp_ping received 98304 bytes back
Round trip time was 0.416033 milliseconds in repetition 148
tcp_ping received 98304 bytes back
Round trip time was 0.358359 milliseconds in repetition 149
tcp_ping received 98304 bytes back
Round trip time was 0.384697 milliseconds in repetition 150
tcp_ping received 98304 bytes back
Round trip time was 0.465798 milliseconds in repetition 151
tcp_ping received 98304 bytes back
Round trip time was 0.38543 milliseconds in repetition 152
tcp_ping received 98304 bytes back
Round trip time was 0.368984 milliseconds in repetition 153
tcp_ping received 98304 bytes back
Round trip time was 0.376702 milliseconds in repetition 154
tcp_ping received 98304 bytes back
Round trip time was 0.385601 milliseconds in repetition 155
tcp_ping received 98304 bytes back
Round trip time was 0.49004 milliseconds in repetition 156
tcp_ping received 98304 bytes back
Round trip time was 0.466196 milliseconds in repetition 157
tcp_ping received 98304 bytes back
Round trip time was 0.432973 milliseconds in repetition 158
tcp_ping received 98304 bytes back
Round trip time was 0.563186 milliseconds in repetition 159
tcp_ping received 98304 bytes back
Round trip time was 0.458078 milliseconds in repetition 160
tcp_ping received 98304 bytes back
Round trip time was 0.642621 milliseconds in repetition 161
tcp_ping received 98304 bytes back
Round trip time was 0.598356 milliseconds in repetition 162
tcp_ping received 98304 bytes back
Round trip time was 0.519008 milliseconds in repetition 163
tcp_ping received 98304 bytes back
Round trip time was 0.600251 milliseconds in repetition 164
tcp_ping received 98304 bytes back
Round trip time was 0.487686 milliseconds in repetition 165
tcp_ping received 98304 bytes back
Round trip time was 0.474744 milliseconds in repetition 166
tcp_ping received 98304 bytes back
Round trip time was 0.429768 milliseconds in repetition 167
tcp_ping received 98304 bytes back
Round trip time was 0.412485 milliseconds in repetition 168
tcp_ping received 98304 bytes back
Round trip time was 0.405424 milliseconds in repetition 169
tcp_ping received 98304 bytes back
Round trip time was 0.398461 milliseconds in repetition 170
tcp_ping received 98304 bytes back
Round trip time was 0.362678 milliseconds in repetition 171
tcp_ping received 98304 bytes back
Round trip time was 0.449994 milliseconds in repetition 172
tcp_ping received 98304 bytes back
Round trip time was 0.484208 milliseconds in repetition 173
tcp_ping received 98304 bytes back
Round trip time was 0.417099 milliseconds in repetition 174
tcp_ping received 98304 bytes back
Round trip time was 0.477098 milliseconds in repetition 175
tcp_ping received 98304 bytes back
Round trip time was 0.373031 milliseconds in repetition 176
tcp_ping received 98304 bytes back
Round trip time was 0.396351 milliseconds in repetition 177
tcp_ping received 98304 bytes back
Round trip time was 0.377669 milliseconds in repetition 178
tcp_ping received 98304 bytes back
Round trip time was 0.375312 milliseconds in repetition 179
tcp_ping received 98304 bytes back
Round trip time was 0.374882 milliseconds in repetition 180
tcp_ping received 98304 bytes back
Round trip time was 0.381448 milliseconds in repetition 181
tcp_ping received 98304 bytes back
Round trip time was 0.375256 milliseconds in repetition 182
tcp_ping received 98304 bytes back
Round trip time was 0.399306 milliseconds in repetition 183
tcp_ping received 98304 bytes back
Round trip time was 0.355029 milliseconds in repetition 184
tcp_ping received 98304 bytes back
Round trip time was 0.395687 milliseconds in repetition 185
tcp_ping received 98304 bytes back
Round trip time was 0.360599 milliseconds in repetition 186
tcp_ping received 98304 bytes back
Round trip time was 0.376482 milliseconds in repetition 187
tcp_ping received 98304 bytes back
Round trip time was 0.364057 milliseconds in repetition 188
tcp_ping received 98304 bytes back
Round trip time was 0.396665 milliseconds in repetition 189
tcp_ping received 98304 bytes back
Round trip time was 0.450844 milliseconds in repetition 190
tcp_ping received 98304 bytes back
Round trip time was 0.432689 milliseconds in repetition 191
tcp_ping received 98304 bytes back
Round trip time was 0.399638 milliseconds in repetition 192
tcp_ping received 98304 bytes back
Round trip time was 0.414689 milliseconds in repetition 193
tcp_ping received 98304 bytes back
Round trip time was 0.418433 milliseconds in repetition 194
tcp_ping received 98304 bytes back
Round trip time was 0.417911 milliseconds in repetition 195
tcp_ping received 98304 bytes back
Round trip time was 0.402081 milliseconds in repetition 196
tcp_ping received 98304 bytes back
Round trip time was 0.541275 milliseconds in repetition 197
tcp_ping received 98304 bytes back
Round trip time was 0.415257 milliseconds in repetition 198
tcp_ping received 98304 bytes back
Round trip time was 0.461373 milliseconds in repetition 199
tcp_ping received 98304 bytes back
Round trip time was 0.666093 milliseconds in repetition 200
tcp_ping received 98304 bytes back
Round trip time was 0.707203 milliseconds in repetition 201
tcp_ping received 98304 bytes back
Round trip time was 0.845947 milliseconds in repetition 202
tcp_ping received 98304 bytes back
Round trip time was 0.60065 milliseconds in repetition 203
tcp_ping received 98304 bytes back
Round trip time was 0.428891 milliseconds in repetition 204
tcp_ping received 98304 bytes back
Round trip time was 0.371562 milliseconds in repetition 205
tcp_ping received 98304 bytes back
Round trip time was 0.408168 milliseconds in repetition 206
tcp_ping received 98304 bytes back
Round trip time was 0.363337 milliseconds in repetition 207
tcp_ping received 98304 bytes back
Round trip time was 0.400578 milliseconds in repetition 208
tcp_ping received 98304 bytes back
Round trip time was 0.35778 milliseconds in repetition 209
tcp_ping received 98304 bytes back
Round trip time was 0.393645 milliseconds in repetition 210
tcp_ping received 98304 bytes back
Round trip time was 0.378023 milliseconds in repetition 211
tcp_ping received 98304 bytes back
Round trip time was 0.401876 milliseconds in repetition 212
tcp_ping received 98304 bytes back
Round trip time was 0.451642 milliseconds in repetition 213
tcp_ping received 98304 bytes back
Round trip time was 0.403097 milliseconds in repetition 214
tcp_ping received 98304 bytes back
Round trip time was 0.366636 milliseconds in repetition 215
tcp_ping received 98304 bytes back
Round trip time was 0.483831 milliseconds in repetition 216
tcp_ping received 98304 bytes back
Round trip time was 0.445207 milliseconds in repetition 217
tcp_ping received 98304 bytes back
Round trip time was 0.507621 milliseconds in repetition 218
tcp_ping received 98304 bytes back
Round trip time was 0.512179 milliseconds in repetition 219
tcp_ping received 98304 bytes back
Round trip time was 0.468193 milliseconds in repetition 220
tcp_ping received 98304 bytes back
Round trip time was 0.399452 milliseconds in repetition 221
tcp_ping received 98304 bytes back
Round trip time was 0.772282 milliseconds in repetition 222
tcp_ping received 98304 bytes back
Round trip time was 0.537046 milliseconds in repetition 223
tcp_ping received 98304 bytes back
Round trip time was 0.581474 milliseconds in repetition 224
tcp_ping received 98304 bytes back
Round trip time was 0.45048 milliseconds in repetition 225
tcp_ping received 98304 bytes back
Round trip time was 0.437759 milliseconds in repetition 226
tcp_ping received 98304 bytes back
Round trip time was 0.360949 milliseconds in repetition 227
tcp_ping received 98304 bytes back
Round trip time was 0.358884 milliseconds in repetition 228
tcp_ping received 98304 bytes back
Round trip time was 0.508127 milliseconds in repetition 229
tcp_ping received 98304 bytes back
Round trip time was 0.477479 milliseconds in repetition 230
tcp_ping received 98304 bytes back
Round trip time was 0.585817 milliseconds in repetition 231
tcp_ping received 98304 bytes back
Round trip time was 0.422983 milliseconds in repetition 232
tcp_ping received 98304 bytes back
Round trip time was 0.413057 milliseconds in repetition 233
tcp_ping received 98304 bytes back
Round trip time was 0.430892 milliseconds in repetition 234
tcp_ping received 98304 bytes back
Round trip time was 0.512333 milliseconds in repetition 235
tcp_ping received 98304 bytes back
Round trip time was 0.405714 milliseconds in repetition 236
tcp_ping received 98304 bytes back
Round trip time was 0.403857 milliseconds in repetition 237
tcp_ping received 98304 bytes back
Round trip time was 0.36959 milliseconds in repetition 238
tcp_ping received 98304 bytes back
Round trip time was 0.379471 milliseconds in repetition 239
tcp_ping received 98304 bytes back
Round trip time was 0.375462 milliseconds in repetition 240
tcp_ping received 98304 bytes back
Round trip time was 0.421474 milliseconds in repetition 241
tcp_ping received 98304 bytes back
Round trip time was 0.373285 milliseconds in repetition 242
tcp_ping received 98304 bytes back
Round trip time was 0.380361 milliseconds in repetition 243
tcp_ping received 98304 bytes back
Round trip time was 0.359186 milliseconds in repetition 244
tcp_ping received 98304 bytes back
Round trip time was 0.360241 milliseconds in repetition 245
tcp_ping received 98304 bytes back
Round trip time was 0.38732 milliseconds in repetition 246
tcp_ping received 98304 bytes back
Round trip time was 0.38488 milliseconds in repetition 247
tcp_ping received 98304 bytes back
Round trip time was 0.392393 milliseconds in repetition 248
tcp_ping received 98304 bytes back
Round trip time was 0.366773 milliseconds in repetition 249
tcp_ping received 98304 bytes back
Round trip time was 0.368734 milliseconds in repetition 250
tcp_ping received 98304 bytes back
Round trip time was 0.395645 milliseconds in repetition 251
tcp_ping received 98304 bytes back
Round trip time was 0.399875 milliseconds in repetition 252
tcp_ping received 98304 bytes back
Round trip time was 0.375792 milliseconds in repetition 253
tcp_ping received 98304 bytes back
Round trip time was 0.361317 milliseconds in repetition 254
tcp_ping received 98304 bytes back
Round trip time was 0.355297 milliseconds in repetition 255
tcp_ping received 98304 bytes back
Round trip time was 0.37309 milliseconds in repetition 256
tcp_ping received 98304 bytes back
Round trip time was 0.354134 milliseconds in repetition 257
tcp_ping received 98304 bytes back
Round trip time was 0.354922 milliseconds in repetition 258
tcp_ping received 98304 bytes back
Round trip time was 0.351177 milliseconds in repetition 259
tcp_ping received 98304 bytes back
Round trip time was 0.412538 milliseconds in repetition 260
tcp_ping received 98304 bytes back
Round trip time was 0.42067 milliseconds in repetition 261
tcp_ping received 98304 bytes back
Round trip time was 0.476301 milliseconds in repetition 262
tcp_ping received 98304 bytes back
Round trip time was 0.414429 milliseconds in repetition 263
tcp_ping received 98304 bytes back
Round trip time was 0.383653 milliseconds in repetition 264
tcp_ping received 98304 bytes back
Round trip time was 0.437475 milliseconds in repetition 265
tcp_ping received 98304 bytes back
Round trip time was 0.389079 milliseconds in repetition 266
tcp_ping received 98304 bytes back
Round trip time was 0.370238 milliseconds in repetition 267
tcp_ping received 98304 bytes back
Round trip time was 0.373852 milliseconds in repetition 268
tcp_ping received 98304 bytes back
Round trip time was 0.429707 milliseconds in repetition 269
tcp_ping received 98304 bytes back
Round trip time was 0.412628 milliseconds in repetition 270
tcp_ping received 98304 bytes back
Round trip time was 0.440516 milliseconds in repetition 271
tcp_ping received 98304 bytes back
Round trip time was 0.406407 milliseconds in repetition 272
tcp_ping received 98304 bytes back
Round trip time was 0.449159 milliseconds in repetition 273
tcp_ping received 98304 bytes back
Round trip time was 0.519641 milliseconds in repetition 274
tcp_ping received 98304 bytes back
Round trip time was 0.428642 milliseconds in repetition 275
tcp_ping received 98304 bytes back
Round trip time was 0.403662 milliseconds in repetition 276
tcp_ping received 98304 bytes back
Round trip time was 0.431748 milliseconds in repetition 277
tcp_ping received 98304 bytes back
Round trip time was 0.495254 milliseconds in repetition 278
tcp_ping received 98304 bytes back
Round trip time was 0.525674 milliseconds in repetition 279
tcp_ping received 98304 bytes back
Round trip time was 0.399563 milliseconds in repetition 280
tcp_ping received 98304 bytes back
Round trip time was 0.427413 milliseconds in repetition 281
tcp_ping received 98304 bytes back
Round trip time was 0.427103 milliseconds in repetition 282
tcp_ping received 98304 bytes back
Round trip time was 0.395352 milliseconds in repetition 283
tcp_ping received 98304 bytes back
Round trip time was 0.403221 milliseconds in repetition 284
tcp_ping received 98304 bytes back
Round trip time was 0.458857 milliseconds in repetition 285
tcp_ping received 98304 bytes back
Round trip time was 0.490822 milliseconds in repetition 286
tcp_ping received 98304 bytes back
Round trip time was 0.416464 milliseconds in repetition 287
tcp_ping received 98304 bytes back
Round trip time was 0.420783 milliseconds in repetition 288
tcp_ping received 98304 bytes back
Round trip time was 0.416347 milliseconds in repetition 289
tcp_ping received 98304 bytes back
Round trip time was 0.421421 milliseconds in repetition 290
tcp_ping received 98304 bytes back
Round trip time was 0.418148 milliseconds in repetition 291
tcp_ping received 98304 bytes back
Round trip time was 0.375848 milliseconds in repetition 292
tcp_ping received 98304 bytes back
Round trip time was 0.368164 milliseconds in repetition 293
tcp_ping received 98304 bytes back
Round trip time was 0.424725 milliseconds in repetition 294
tcp_ping received 98304 bytes back
Round trip time was 0.411358 milliseconds in repetition 295
tcp_ping received 98304 bytes back
Round trip time was 0.36704 milliseconds in repetition 296
tcp_ping received 98304 bytes back
Round trip time was 0.441609 milliseconds in repetition 297
tcp_ping received 98304 bytes back
Round trip time was 0.431101 milliseconds in repetition 298
tcp_ping received 98304 bytes back
Round trip time was 0.445863 milliseconds in repetition 299
tcp_ping received 98304 bytes back
Round trip time was 0.479654 milliseconds in repetition 300
tcp_ping received 98304 bytes back
Round trip time was 0.4463 milliseconds in repetition 301
tcp_ping received 98304 bytes back
Round trip time was 0.384382 milliseconds in repetition 302
tcp_ping received 98304 bytes back
Round trip time was 0.502849 milliseconds in repetition 303
tcp_ping received 98304 bytes back
Round trip time was 0.510949 milliseconds in repetition 304
tcp_ping received 98304 bytes back
Round trip time was 0.428104 milliseconds in repetition 305
tcp_ping received 98304 bytes back
Round trip time was 0.539284 milliseconds in repetition 306
tcp_ping received 98304 bytes back
Round trip time was 0.715813 milliseconds in repetition 307
tcp_ping received 98304 bytes back
Round trip time was 0.941105 milliseconds in repetition 308
tcp_ping received 98304 bytes back
Round trip time was 0.561282 milliseconds in repetition 309
tcp_ping received 98304 bytes back
Round trip time was 0.414388 milliseconds in repetition 310
tcp_ping received 98304 bytes back
Round trip time was 0.387304 milliseconds in repetition 311
tcp_ping received 98304 bytes back
Round trip time was 0.444037 milliseconds in repetition 312
tcp_ping received 98304 bytes back
Round trip time was 0.426387 milliseconds in repetition 313
tcp_ping received 98304 bytes back
Round trip time was 0.52977 milliseconds in repetition 314
tcp_ping received 98304 bytes back
Round trip time was 0.474742 milliseconds in repetition 315
tcp_ping received 98304 bytes back
Round trip time was 0.491697 milliseconds in repetition 316
tcp_ping received 98304 bytes back
Round trip time was 0.426715 milliseconds in repetition 317
tcp_ping received 98304 bytes back
Round trip time was 0.416948 milliseconds in repetition 318
tcp_ping received 98304 bytes back
Round trip time was 0.420468 milliseconds in repetition 319
tcp_ping received 98304 bytes back
Round trip time was 0.373116 milliseconds in repetition 320
tcp_ping received 98304 bytes back
Round trip time was 0.398555 milliseconds in repetition 321
tcp_ping received 98304 bytes back
Round trip time was 0.40246 milliseconds in repetition 322
tcp_ping received 98304 bytes back
Round trip time was 0.391095 milliseconds in repetition 323
tcp_ping received 98304 bytes back
Round trip time was 0.414688 milliseconds in repetition 324
tcp_ping received 98304 bytes back
Round trip time was 0.386694 milliseconds in repetition 325
tcp_ping received 98304 bytes back
Round trip time was 0.399762 milliseconds in repetition 326
tcp_ping received 98304 bytes back
Round trip time was 0.364588 milliseconds in repetition 327
tcp_ping received 98304 bytes back
Round trip time was 0.362949 milliseconds in repetition 328
tcp_ping received 98304 bytes back
Round trip time was 0.359544 milliseconds in repetition 329
tcp_ping received 98304 bytes back
Round trip time was 0.358279 milliseconds in repetition 330
tcp_ping received 98304 bytes back
Round trip time was 0.40448 milliseconds in repetition 331
tcp_ping received 98304 bytes back
Round trip time was 0.398185 milliseconds in repetition 332
tcp_ping received 98304 bytes back
Round trip time was 0.367801 milliseconds in repetition 333
tcp_ping received 98304 bytes back
Round trip time was 0.37756 milliseconds in repetition 334
tcp_ping received 98304 bytes back
Round trip time was 0.456832 milliseconds in repetition 335
tcp_ping received 98304 bytes back
Round trip time was 0.415059 milliseconds in repetition 336
tcp_ping received 98304 bytes back
Round trip time was 0.367739 milliseconds in repetition 337
tcp_ping received 98304 bytes back
Round trip time was 0.409784 milliseconds in repetition 338
tcp_ping received 98304 bytes back
Round trip time was 0.44585 milliseconds in repetition 339
tcp_ping received 98304 bytes back
Round trip time was 0.40672 milliseconds in repetition 340
tcp_ping received 98304 bytes back
Round trip time was 0.368319 milliseconds in repetition 341
tcp_ping received 98304 bytes back
Round trip time was 0.458562 milliseconds in repetition 342
tcp_ping received 98304 bytes back
Round trip time was 0.445949 milliseconds in repetition 343
tcp_ping received 98304 bytes back
Round trip time was 0.384262 milliseconds in repetition 344
tcp_ping received 98304 bytes back
Round trip time was 0.431336 milliseconds in repetition 345
tcp_ping received 98304 bytes back
Round trip time was 0.548377 milliseconds in repetition 346
tcp_ping received 98304 bytes back
Round trip time was 0.497101 milliseconds in repetition 347
tcp_ping received 98304 bytes back
Round trip time was 0.414868 milliseconds in repetition 348
tcp_ping received 98304 bytes back
Round trip time was 0.424033 milliseconds in repetition 349
tcp_ping received 98304 bytes back
Round trip time was 0.423161 milliseconds in repetition 350
tcp_ping received 98304 bytes back
Round trip time was 0.412419 milliseconds in repetition 351
tcp_ping received 98304 bytes back
Round trip time was 0.424299 milliseconds in repetition 352
tcp_ping received 98304 bytes back
Round trip time was 0.434857 milliseconds in repetition 353
tcp_ping received 98304 bytes back
Round trip time was 0.430158 milliseconds in repetition 354
tcp_ping received 98304 bytes back
Round trip time was 0.466028 milliseconds in repetition 355
tcp_ping received 98304 bytes back
Round trip time was 0.462416 milliseconds in repetition 356
tcp_ping received 98304 bytes back
Round trip time was 0.389371 milliseconds in repetition 357
tcp_ping received 98304 bytes back
Round trip time was 0.452433 milliseconds in repetition 358
tcp_ping received 98304 bytes back
Round trip time was 0.4986 milliseconds in repetition 359
tcp_ping received 98304 bytes back
Round trip time was 0.478048 milliseconds in repetition 360
tcp_ping received 98304 bytes back
Round trip time was 0.433009 milliseconds in repetition 361
tcp_ping received 98304 bytes back
Round trip time was 0.383126 milliseconds in repetition 362
tcp_ping received 98304 bytes back
Round trip time was 0.358663 milliseconds in repetition 363
tcp_ping received 98304 bytes back
Round trip time was 0.415182 milliseconds in repetition 364
tcp_ping received 98304 bytes back
Round trip time was 0.399583 milliseconds in repetition 365
tcp_ping received 98304 bytes back
Round trip time was 0.359849 milliseconds in repetition 366
tcp_ping received 98304 bytes back
Round trip time was 0.387838 milliseconds in repetition 367
tcp_ping received 98304 bytes back
Round trip time was 0.473126 milliseconds in repetition 368
tcp_ping received 98304 bytes back
Round trip time was 0.461073 milliseconds in repetition 369
tcp_ping received 98304 bytes back
Round trip time was 0.389653 milliseconds in repetition 370
tcp_ping received 98304 bytes back
Round trip time was 0.411048 milliseconds in repetition 371
tcp_ping received 98304 bytes back
Round trip time was 0.407414 milliseconds in repetition 372
tcp_ping received 98304 bytes back
Round trip time was 0.551368 milliseconds in repetition 373
tcp_ping received 98304 bytes back
Round trip time was 0.486348 milliseconds in repetition 374
tcp_ping received 98304 bytes back
Round trip time was 0.381017 milliseconds in repetition 375
tcp_ping received 98304 bytes back
Round trip time was 0.407675 milliseconds in repetition 376
tcp_ping received 98304 bytes back
Round trip time was 0.399892 milliseconds in repetition 377
tcp_ping received 98304 bytes back
Round trip time was 0.386236 milliseconds in repetition 378
tcp_ping received 98304 bytes back
Round trip time was 0.366081 milliseconds in repetition 379
tcp_ping received 98304 bytes back
Round trip time was 0.393846 milliseconds in repetition 380
tcp_ping received 98304 bytes back
Round trip time was 0.400987 milliseconds in repetition 381
tcp_ping received 98304 bytes back
Round trip time was 0.398375 milliseconds in repetition 382
tcp_ping received 98304 bytes back
Round trip time was 0.379581 milliseconds in repetition 383
tcp_ping received 98304 bytes back
Round trip time was 0.390017 milliseconds in repetition 384
tcp_ping received 98304 bytes back
Round trip time was 0.419127 milliseconds in repetition 385
tcp_ping received 98304 bytes back
Round trip time was 0.400225 milliseconds in repetition 386
tcp_ping received 98304 bytes back
Round trip time was 0.36236 milliseconds in repetition 387
tcp_ping received 98304 bytes back
Round trip time was 0.409831 milliseconds in repetition 388
tcp_ping received 98304 bytes back
Round trip time was 0.50214 milliseconds in repetition 389
tcp_ping received 98304 bytes back
Round trip time was 0.472959 milliseconds in repetition 390
tcp_ping received 98304 bytes back
Round trip time was 0.425172 milliseconds in repetition 391
tcp_ping received 98304 bytes back
Round trip time was 0.728464 milliseconds in repetition 392
tcp_ping received 98304 bytes back
Round trip time was 0.66326 milliseconds in repetition 393
tcp_ping received 98304 bytes back
Round trip time was 0.553022 milliseconds in repetition 394
tcp_ping received 98304 bytes back
Round trip time was 0.439358 milliseconds in repetition 395
tcp_ping received 98304 bytes back
Round trip time was 0.395959 milliseconds in repetition 396
tcp_ping received 98304 bytes back
Round trip time was 0.40241 milliseconds in repetition 397
tcp_ping received 98304 bytes back
Round trip time was 0.478076 milliseconds in repetition 398
tcp_ping received 98304 bytes back
Round trip time was 0.420207 milliseconds in repetition 399
tcp_ping received 98304 bytes back
Round trip time was 0.413243 milliseconds in repetition 400
tcp_ping received 98304 bytes back
Round trip time was 0.408108 milliseconds in repetition 401
tcp_ping received 98304 bytes back
Round trip time was 0.455491 milliseconds in repetition 402
tcp_ping received 98304 bytes back
Round trip time was 0.365869 milliseconds in repetition 403
tcp_ping received 98304 bytes back
Round trip time was 0.387162 milliseconds in repetition 404
tcp_ping received 98304 bytes back
Round trip time was 0.387629 milliseconds in repetition 405
tcp_ping received 98304 bytes back
Round trip time was 0.36979 milliseconds in repetition 406
tcp_ping received 98304 bytes back
Round trip time was 0.391198 milliseconds in repetition 407
tcp_ping received 98304 bytes back
Round trip time was 0.375415 milliseconds in repetition 408
tcp_ping received 98304 bytes back
Round trip time was 0.413863 milliseconds in repetition 409
tcp_ping received 98304 bytes back
Round trip time was 0.454123 milliseconds in repetition 410
tcp_ping received 98304 bytes back
Round trip time was 0.436708 milliseconds in repetition 411
tcp_ping received 98304 bytes back
Round trip time was 0.36164 milliseconds in repetition 412
tcp_ping received 98304 bytes back
Round trip time was 0.373832 milliseconds in repetition 413
tcp_ping received 98304 bytes back
Round trip time was 0.39833 milliseconds in repetition 414
tcp_ping received 98304 bytes back
Round trip time was 0.368668 milliseconds in repetition 415
tcp_ping received 98304 bytes back
Round trip time was 0.360788 milliseconds in repetition 416
tcp_ping received 98304 bytes back
Round trip time was 0.373642 milliseconds in repetition 417
tcp_ping received 98304 bytes back
Round trip time was 0.379919 milliseconds in repetition 418
tcp_ping received 98304 bytes back
Round trip time was 0.381483 milliseconds in repetition 419
tcp_ping received 98304 bytes back
Round trip time was 0.366596 milliseconds in repetition 420
tcp_ping received 98304 bytes back
Round trip time was 0.398648 milliseconds in repetition 421
tcp_ping received 98304 bytes back
Round trip time was 0.359032 milliseconds in repetition 422
tcp_ping received 98304 bytes back
Round trip time was 0.391299 milliseconds in repetition 423
tcp_ping received 98304 bytes back
Round trip time was 0.402108 milliseconds in repetition 424
tcp_ping received 98304 bytes back
Round trip time was 0.402819 milliseconds in repetition 425
tcp_ping received 98304 bytes back
Round trip time was 0.401428 milliseconds in repetition 426
tcp_ping received 98304 bytes back
Round trip time was 0.391833 milliseconds in repetition 427
tcp_ping received 98304 bytes back
Round trip time was 0.373513 milliseconds in repetition 428
tcp_ping received 98304 bytes back
Round trip time was 0.463988 milliseconds in repetition 429
tcp_ping received 98304 bytes back
Round trip time was 0.373207 milliseconds in repetition 430
tcp_ping received 98304 bytes back
Round trip time was 0.412144 milliseconds in repetition 431
tcp_ping received 98304 bytes back
Round trip time was 0.497602 milliseconds in repetition 432
tcp_ping received 98304 bytes back
Round trip time was 0.414499 milliseconds in repetition 433
tcp_ping received 98304 bytes back
Round trip time was 0.392857 milliseconds in repetition 434
tcp_ping received 98304 bytes back
Round trip time was 0.382212 milliseconds in repetition 435
tcp_ping received 98304 bytes back
Round trip time was 0.435437 milliseconds in repetition 436
tcp_ping received 98304 bytes back
Round trip time was 0.390731 milliseconds in repetition 437
tcp_ping received 98304 bytes back
Round trip time was 0.457775 milliseconds in repetition 438
tcp_ping received 98304 bytes back
Round trip time was 0.435551 milliseconds in repetition 439
tcp_ping received 98304 bytes back
Round trip time was 0.405467 milliseconds in repetition 440
tcp_ping received 98304 bytes back
Round trip time was 0.418729 milliseconds in repetition 441
tcp_ping received 98304 bytes back
Round trip time was 0.547819 milliseconds in repetition 442
tcp_ping received 98304 bytes back
Round trip time was 0.432145 milliseconds in repetition 443
tcp_ping received 98304 bytes back
Round trip time was 0.400062 milliseconds in repetition 444
tcp_ping received 98304 bytes back
Round trip time was 0.441197 milliseconds in repetition 445
tcp_ping received 98304 bytes back
Round trip time was 0.413818 milliseconds in repetition 446
tcp_ping received 98304 bytes back
Round trip time was 0.411397 milliseconds in repetition 447
tcp_ping received 98304 bytes back
Round trip time was 0.401044 milliseconds in repetition 448
tcp_ping received 98304 bytes back
Round trip time was 0.400425 milliseconds in repetition 449
tcp_ping received 98304 bytes back
Round trip time was 0.409037 milliseconds in repetition 450
tcp_ping received 98304 bytes back
Round trip time was 0.379051 milliseconds in repetition 451
tcp_ping received 98304 bytes back
Round trip time was 0.409154 milliseconds in repetition 452
tcp_ping received 98304 bytes back
Round trip time was 0.413736 milliseconds in repetition 453
tcp_ping received 98304 bytes back
Round trip time was 0.412705 milliseconds in repetition 454
tcp_ping received 98304 bytes back
Round trip time was 0.411425 milliseconds in repetition 455
tcp_ping received 98304 bytes back
Round trip time was 0.422448 milliseconds in repetition 456
tcp_ping received 98304 bytes back
Round trip time was 0.425283 milliseconds in repetition 457
tcp_ping received 98304 bytes back
Round trip time was 0.418888 milliseconds in repetition 458
tcp_ping received 98304 bytes back
Round trip time was 0.431053 milliseconds in repetition 459
tcp_ping received 98304 bytes back
Round trip time was 0.397549 milliseconds in repetition 460
tcp_ping received 98304 bytes back
Round trip time was 0.42398 milliseconds in repetition 461
tcp_ping received 98304 bytes back
Round trip time was 0.380517 milliseconds in repetition 462
tcp_ping received 98304 bytes back
Round trip time was 0.408823 milliseconds in repetition 463
tcp_ping received 98304 bytes back
Round trip time was 0.401311 milliseconds in repetition 464
tcp_ping received 98304 bytes back
Round trip time was 0.391053 milliseconds in repetition 465
tcp_ping received 98304 bytes back
Round trip time was 0.368901 milliseconds in repetition 466
tcp_ping received 98304 bytes back
Round trip time was 0.392118 milliseconds in repetition 467
tcp_ping received 98304 bytes back
Round trip time was 0.418155 milliseconds in repetition 468
tcp_ping received 98304 bytes back
Round trip time was 0.368014 milliseconds in repetition 469
tcp_ping received 98304 bytes back
Round trip time was 0.389134 milliseconds in repetition 470
tcp_ping received 98304 bytes back
Round trip time was 0.397397 milliseconds in repetition 471
tcp_ping received 98304 bytes back
Round trip time was 0.435332 milliseconds in repetition 472
tcp_ping received 98304 bytes back
Round trip time was 0.817183 milliseconds in repetition 473
tcp_ping received 98304 bytes back
Round trip time was 0.686864 milliseconds in repetition 474
tcp_ping received 98304 bytes back
Round trip time was 0.489011 milliseconds in repetition 475
tcp_ping received 98304 bytes back
Round trip time was 0.424871 milliseconds in repetition 476
tcp_ping received 98304 bytes back
Round trip time was 0.415753 milliseconds in repetition 477
tcp_ping received 98304 bytes back
Round trip time was 0.409367 milliseconds in repetition 478
tcp_ping received 98304 bytes back
Round trip time was 0.398669 milliseconds in repetition 479
tcp_ping received 98304 bytes back
Round trip time was 0.619443 milliseconds in repetition 480
tcp_ping received 98304 bytes back
Round trip time was 0.406304 milliseconds in repetition 481
tcp_ping received 98304 bytes back
Round trip time was 0.437377 milliseconds in repetition 482
tcp_ping received 98304 bytes back
Round trip time was 0.456094 milliseconds in repetition 483
tcp_ping received 98304 bytes back
Round trip time was 0.46712 milliseconds in repetition 484
tcp_ping received 98304 bytes back
Round trip time was 0.424445 milliseconds in repetition 485
tcp_ping received 98304 bytes back
Round trip time was 0.436346 milliseconds in repetition 486
tcp_ping received 98304 bytes back
Round trip time was 0.475339 milliseconds in repetition 487
tcp_ping received 98304 bytes back
Round trip time was 0.439214 milliseconds in repetition 488
tcp_ping received 98304 bytes back
Round trip time was 0.462727 milliseconds in repetition 489
tcp_ping received 98304 bytes back
Round trip time was 0.416876 milliseconds in repetition 490
tcp_ping received 98304 bytes back
Round trip time was 0.397623 milliseconds in repetition 491
tcp_ping received 98304 bytes back
Round trip time was 0.468225 milliseconds in repetition 492
tcp_ping received 98304 bytes back
Round trip time was 0.385442 milliseconds in repetition 493
tcp_ping received 98304 bytes back
Round trip time was 0.417609 milliseconds in repetition 494
tcp_ping received 98304 bytes back
Round trip time was 0.376919 milliseconds in repetition 495
tcp_ping received 98304 bytes back
Round trip time was 0.392076 milliseconds in repetition 496
tcp_ping received 98304 bytes back
Round trip time was 0.360663 milliseconds in repetition 497
tcp_ping received 98304 bytes back
Round trip time was 0.376075 milliseconds in repetition 498
tcp_ping received 98304 bytes back
Round trip time was 0.416357 milliseconds in repetition 499
tcp_ping received 98304 bytes back
Round trip time was 0.400515 milliseconds in repetition 500
tcp_ping received 98304 bytes back
Round trip time was 0.354571 milliseconds in repetition 501

 ... clock resolution was 1e-06
TCP Ping:  Statistics over 501 repetitions of 98304 byte messages

RTT : percentile 10: 0.364057, median: 0.405467, percentile 90: 0.512333, average: 0.42989, variance: 0.0074202

RTT histogram:
0.331126 5
0.361625 111
0.392124 141
0.422623 109
0.453122 46
0.483621 28
0.51412 16
0.544619 14
0.575118 5
0.605617 6
0.636116 2
0.666615 2
0.697114 3
0.727613 3
0.758112 3
0.788611 1
0.81911 2
0.849609 2
0.880108 0
0.910607 0
0.941106 2

   median Throughput : 484893 KB/s   overall Throughput : 457345 KB/s

