TCP Ping trying to connect to server localhost (127.0.0.1) on port 1492
 ... connected to Pong server: asking for 501 repetitions of 16384 bytes TCP messages
 ... Pong server agreed:-)
tcp_ping received 16384 bytes back
Round trip time was 0.128408 milliseconds in repetition 1
tcp_ping received 16384 bytes back
Round trip time was 0.154052 milliseconds in repetition 2
tcp_ping received 16384 bytes back
Round trip time was 0.140479 milliseconds in repetition 3
tcp_ping received 16384 bytes back
Round trip time was 0.11913 milliseconds in repetition 4
tcp_ping received 16384 bytes back
Round trip time was 0.111897 milliseconds in repetition 5
tcp_ping received 16384 bytes back
Round trip time was 0.096767 milliseconds in repetition 6
tcp_ping received 16384 bytes back
Round trip time was 0.091662 milliseconds in repetition 7
tcp_ping received 16384 bytes back
Round trip time was 0.091222 milliseconds in repetition 8
tcp_ping received 16384 bytes back
Round trip time was 0.124725 milliseconds in repetition 9
tcp_ping received 16384 bytes back
Round trip time was 0.099749 milliseconds in repetition 10
tcp_ping received 16384 bytes back
Round trip time was 0.093627 milliseconds in repetition 11
tcp_ping received 16384 bytes back
Round trip time was 0.105125 milliseconds in repetition 12
tcp_ping received 16384 bytes back
Round trip time was 0.098293 milliseconds in repetition 13
tcp_ping received 16384 bytes back
Round trip time was 0.099035 milliseconds in repetition 14
tcp_ping received 16384 bytes back
Round trip time was 0.093243 milliseconds in repetition 15
tcp_ping received 16384 bytes back
Round trip time was 0.090293 milliseconds in repetition 16
tcp_ping received 16384 bytes back
Round trip time was 0.090278 milliseconds in repetition 17
tcp_ping received 16384 bytes back
Round trip time was 0.089169 milliseconds in repetition 18
tcp_ping received 16384 bytes back
Round trip time was 0.090109 milliseconds in repetition 19
tcp_ping received 16384 bytes back
Round trip time was 0.090843 milliseconds in repetition 20
tcp_ping received 16384 bytes back
Round trip time was 0.093432 milliseconds in repetition 21
tcp_ping received 16384 bytes back
Round trip time was 0.098291 milliseconds in repetition 22
tcp_ping received 16384 bytes back
Round trip time was 0.097665 milliseconds in repetition 23
tcp_ping received 16384 bytes back
Round trip time was 0.103819 milliseconds in repetition 24
tcp_ping received 16384 bytes back
Round trip time was 0.098387 milliseconds in repetition 25
tcp_ping received 16384 bytes back
Round trip time was 0.097829 milliseconds in repetition 26
tcp_ping received 16384 bytes back
Round trip time was 0.100742 milliseconds in repetition 27
tcp_ping received 16384 bytes back
Round trip time was 0.092995 milliseconds in repetition 28
tcp_ping received 16384 bytes back
Round trip time was 0.102614 milliseconds in repetition 29
tcp_ping received 16384 bytes back
Round trip time was 0.11729 milliseconds in repetition 30
tcp_ping received 16384 bytes back
Round trip time was 0.095181 milliseconds in repetition 31
tcp_ping received 16384 bytes back
Round trip time was 0.108816 milliseconds in repetition 32
tcp_ping received 16384 bytes back
Round trip time was 0.0924 milliseconds in repetition 33
tcp_ping received 16384 bytes back
Round trip time was 0.08999 milliseconds in repetition 34
tcp_ping received 16384 bytes back
Round trip time was 0.089806 milliseconds in repetition 35
tcp_ping received 16384 bytes back
Round trip time was 0.091333 milliseconds in repetition 36
tcp_ping received 16384 bytes back
Round trip time was 0.09836 milliseconds in repetition 37
tcp_ping received 16384 bytes back
Round trip time was 0.103188 milliseconds in repetition 38
tcp_ping received 16384 bytes back
Round trip time was 0.121287 milliseconds in repetition 39
tcp_ping received 16384 bytes back
Round trip time was 0.093707 milliseconds in repetition 40
tcp_ping received 16384 bytes back
Round trip time was 0.091425 milliseconds in repetition 41
tcp_ping received 16384 bytes back
Round trip time was 0.089118 milliseconds in repetition 42
tcp_ping received 16384 bytes back
Round trip time was 0.104306 milliseconds in repetition 43
tcp_ping received 16384 bytes back
Round trip time was 0.106035 milliseconds in repetition 44
tcp_ping received 16384 bytes back
Round trip time was 0.092695 milliseconds in repetition 45
tcp_ping received 16384 bytes back
Round trip time was 0.09067 milliseconds in repetition 46
tcp_ping received 16384 bytes back
Round trip time was 0.090303 milliseconds in repetition 47
tcp_ping received 16384 bytes back
Round trip time was 0.090681 milliseconds in repetition 48
tcp_ping received 16384 bytes back
Round trip time was 0.088121 milliseconds in repetition 49
tcp_ping received 16384 bytes back
Round trip time was 0.090104 milliseconds in repetition 50
tcp_ping received 16384 bytes back
Round trip time was 0.088844 milliseconds in repetition 51
tcp_ping received 16384 bytes back
Round trip time was 0.106698 milliseconds in repetition 52
tcp_ping received 16384 bytes back
Round trip time was 0.089615 milliseconds in repetition 53
tcp_ping received 16384 bytes back
Round trip time was 0.092613 milliseconds in repetition 54
tcp_ping received 16384 bytes back
Round trip time was 0.1169 milliseconds in repetition 55
tcp_ping received 16384 bytes back
Round trip time was 0.108712 milliseconds in repetition 56
tcp_ping received 16384 bytes back
Round trip time was 0.114013 milliseconds in repetition 57
tcp_ping received 16384 bytes back
Round trip time was 0.107731 milliseconds in repetition 58
tcp_ping received 16384 bytes back
Round trip time was 0.128511 milliseconds in repetition 59
tcp_ping received 16384 bytes back
Round trip time was 0.109354 milliseconds in repetition 60
tcp_ping received 16384 bytes back
Round trip time was 0.141907 milliseconds in repetition 61
tcp_ping received 16384 bytes back
Round trip time was 0.118049 milliseconds in repetition 62
tcp_ping received 16384 bytes back
Round trip time was 0.108942 milliseconds in repetition 63
tcp_ping received 16384 bytes back
Round trip time was 0.100053 milliseconds in repetition 64
tcp_ping received 16384 bytes back
Round trip time was 0.096789 milliseconds in repetition 65
tcp_ping received 16384 bytes back
Round trip time was 0.091787 milliseconds in repetition 66
tcp_ping received 16384 bytes back
Round trip time was 0.095992 milliseconds in repetition 67
tcp_ping received 16384 bytes back
Round trip time was 0.091886 milliseconds in repetition 68
tcp_ping received 16384 bytes back
Round trip time was 0.093244 milliseconds in repetition 69
tcp_ping received 16384 bytes back
Round trip time was 0.093117 milliseconds in repetition 70
tcp_ping received 16384 bytes back
Round trip time was 0.095058 milliseconds in repetition 71
tcp_ping received 16384 bytes back
Round trip time was 0.092384 milliseconds in repetition 72
tcp_ping received 16384 bytes back
Round trip time was 0.097719 milliseconds in repetition 73
tcp_ping received 16384 bytes back
Round trip time was 0.100779 milliseconds in repetition 74
tcp_ping received 16384 bytes back
Round trip time was 0.124537 milliseconds in repetition 75
tcp_ping received 16384 bytes back
Round trip time was 0.111135 milliseconds in repetition 76
tcp_ping received 16384 bytes back
Round trip time was 0.093122 milliseconds in repetition 77
tcp_ping received 16384 bytes back
Round trip time was 0.100286 milliseconds in repetition 78
tcp_ping received 16384 bytes back
Round trip time was 0.101206 milliseconds in repetition 79
tcp_ping received 16384 bytes back
Round trip time was 0.095825 milliseconds in repetition 80
tcp_ping received 16384 bytes back
Round trip time was 0.092712 milliseconds in repetition 81
tcp_ping received 16384 bytes back
Round trip time was 0.091229 milliseconds in repetition 82
tcp_ping received 16384 bytes back
Round trip time was 0.091926 milliseconds in repetition 83
tcp_ping received 16384 bytes back
Round trip time was 0.094636 milliseconds in repetition 84
tcp_ping received 16384 bytes back
Round trip time was 0.095804 milliseconds in repetition 85
tcp_ping received 16384 bytes back
Round trip time was 0.092768 milliseconds in repetition 86
tcp_ping received 16384 bytes back
Round trip time was 0.100133 milliseconds in repetition 87
tcp_ping received 16384 bytes back
Round trip time was 0.098185 milliseconds in repetition 88
tcp_ping received 16384 bytes back
Round trip time was 0.094725 milliseconds in repetition 89
tcp_ping received 16384 bytes back
Round trip time was 0.098546 milliseconds in repetition 90
tcp_ping received 16384 bytes back
Round trip time was 0.10663 milliseconds in repetition 91
tcp_ping received 16384 bytes back
Round trip time was 0.108897 milliseconds in repetition 92
tcp_ping received 16384 bytes back
Round trip time was 0.117317 milliseconds in repetition 93
tcp_ping received 16384 bytes back
Round trip time was 0.18754 milliseconds in repetition 94
tcp_ping received 16384 bytes back
Round trip time was 0.169717 milliseconds in repetition 95
tcp_ping received 16384 bytes back
Round trip time was 0.113594 milliseconds in repetition 96
tcp_ping received 16384 bytes back
Round trip time was 0.10082 milliseconds in repetition 97
tcp_ping received 16384 bytes back
Round trip time was 0.09949 milliseconds in repetition 98
tcp_ping received 16384 bytes back
Round trip time was 0.097611 milliseconds in repetition 99
tcp_ping received 16384 bytes back
Round trip time was 0.097883 milliseconds in repetition 100
tcp_ping received 16384 bytes back
Round trip time was 0.101793 milliseconds in repetition 101
tcp_ping received 16384 bytes back
Round trip time was 0.090583 milliseconds in repetition 102
tcp_ping received 16384 bytes back
Round trip time was 0.091029 milliseconds in repetition 103
tcp_ping received 16384 bytes back
Round trip time was 0.175524 milliseconds in repetition 104
tcp_ping received 16384 bytes back
Round trip time was 0.103152 milliseconds in repetition 105
tcp_ping received 16384 bytes back
Round trip time was 0.097177 milliseconds in repetition 106
tcp_ping received 16384 bytes back
Round trip time was 0.0891 milliseconds in repetition 107
tcp_ping received 16384 bytes back
Round trip time was 0.088074 milliseconds in repetition 108
tcp_ping received 16384 bytes back
Round trip time was 0.12237 milliseconds in repetition 109
tcp_ping received 16384 bytes back
Round trip time was 0.245007 milliseconds in repetition 110
tcp_ping received 16384 bytes back
Round trip time was 0.1096 milliseconds in repetition 111
tcp_ping received 16384 bytes back
Round trip time was 0.107117 milliseconds in repetition 112
tcp_ping received 16384 bytes back
Round trip time was 0.094113 milliseconds in repetition 113
tcp_ping received 16384 bytes back
Round trip time was 0.095007 milliseconds in repetition 114
tcp_ping received 16384 bytes back
Round trip time was 0.089971 milliseconds in repetition 115
tcp_ping received 16384 bytes back
Round trip time was 0.089026 milliseconds in repetition 116
tcp_ping received 16384 bytes back
Round trip time was 0.088964 milliseconds in repetition 117
tcp_ping received 16384 bytes back
Round trip time was 0.088358 milliseconds in repetition 118
tcp_ping received 16384 bytes back
Round trip time was 0.087797 milliseconds in repetition 119
tcp_ping received 16384 bytes back
Round trip time was 0.088385 milliseconds in repetition 120
tcp_ping received 16384 bytes back
Round trip time was 0.091159 milliseconds in repetition 121
tcp_ping received 16384 bytes back
Round trip time was 0.090319 milliseconds in repetition 122
tcp_ping received 16384 bytes back
Round trip time was 0.090411 milliseconds in repetition 123
tcp_ping received 16384 bytes back
Round trip time was 0.090715 milliseconds in repetition 124
tcp_ping received 16384 bytes back
Round trip time was 0.088654 milliseconds in repetition 125
tcp_ping received 16384 bytes back
Round trip time was 0.088732 milliseconds in repetition 126
tcp_ping received 16384 bytes back
Round trip time was 0.087247 milliseconds in repetition 127
tcp_ping received 16384 bytes back
Round trip time was 0.089879 milliseconds in repetition 128
tcp_ping received 16384 bytes back
Round trip time was 0.088003 milliseconds in repetition 129
tcp_ping received 16384 bytes back
Round trip time was 0.101283 milliseconds in repetition 130
tcp_ping received 16384 bytes back
Round trip time was 0.108634 milliseconds in repetition 131
tcp_ping received 16384 bytes back
Round trip time was 0.091112 milliseconds in repetition 132
tcp_ping received 16384 bytes back
Round trip time was 0.090046 milliseconds in repetition 133
tcp_ping received 16384 bytes back
Round trip time was 0.08912 milliseconds in repetition 134
tcp_ping received 16384 bytes back
Round trip time was 0.088245 milliseconds in repetition 135
tcp_ping received 16384 bytes back
Round trip time was 0.091021 milliseconds in repetition 136
tcp_ping received 16384 bytes back
Round trip time was 0.088647 milliseconds in repetition 137
tcp_ping received 16384 bytes back
Round trip time was 0.087187 milliseconds in repetition 138
tcp_ping received 16384 bytes back
Round trip time was 0.087985 milliseconds in repetition 139
tcp_ping received 16384 bytes back
Round trip time was 0.089432 milliseconds in repetition 140
tcp_ping received 16384 bytes back
Round trip time was 0.093857 milliseconds in repetition 141
tcp_ping received 16384 bytes back
Round trip time was 0.100523 milliseconds in repetition 142
tcp_ping received 16384 bytes back
Round trip time was 0.094425 milliseconds in repetition 143
tcp_ping received 16384 bytes back
Round trip time was 0.093755 milliseconds in repetition 144
tcp_ping received 16384 bytes back
Round trip time was 0.092228 milliseconds in repetition 145
tcp_ping received 16384 bytes back
Round trip time was 0.09019 milliseconds in repetition 146
tcp_ping received 16384 bytes back
Round trip time was 0.088821 milliseconds in repetition 147
tcp_ping received 16384 bytes back
Round trip time was 0.091192 milliseconds in repetition 148
tcp_ping received 16384 bytes back
Round trip time was 0.08892 milliseconds in repetition 149
tcp_ping received 16384 bytes back
Round trip time was 0.090009 milliseconds in repetition 150
tcp_ping received 16384 bytes back
Round trip time was 0.091522 milliseconds in repetition 151
tcp_ping received 16384 bytes back
Round trip time was 0.091106 milliseconds in repetition 152
tcp_ping received 16384 bytes back
Round trip time was 0.08997 milliseconds in repetition 153
tcp_ping received 16384 bytes back
Round trip time was 0.093408 milliseconds in repetition 154
tcp_ping received 16384 bytes back
Round trip time was 0.094158 milliseconds in repetition 155
tcp_ping received 16384 bytes back
Round trip time was 0.089981 milliseconds in repetition 156
tcp_ping received 16384 bytes back
Round trip time was 0.089068 milliseconds in repetition 157
tcp_ping received 16384 bytes back
Round trip time was 0.089723 milliseconds in repetition 158
tcp_ping received 16384 bytes back
Round trip time was 0.088474 milliseconds in repetition 159
tcp_ping received 16384 bytes back
Round trip time was 0.08854 milliseconds in repetition 160
tcp_ping received 16384 bytes back
Round trip time was 0.088144 milliseconds in repetition 161
tcp_ping received 16384 bytes back
Round trip time was 0.090159 milliseconds in repetition 162
tcp_ping received 16384 bytes back
Round trip time was 0.089047 milliseconds in repetition 163
tcp_ping received 16384 bytes back
Round trip time was 0.090912 milliseconds in repetition 164
tcp_ping received 16384 bytes back
Round trip time was 0.089254 milliseconds in repetition 165
tcp_ping received 16384 bytes back
Round trip time was 0.09275 milliseconds in repetition 166
tcp_ping received 16384 bytes back
Round trip time was 0.09074 milliseconds in repetition 167
tcp_ping received 16384 bytes back
Round trip time was 0.091532 milliseconds in repetition 168
tcp_ping received 16384 bytes back
Round trip time was 0.094923 milliseconds in repetition 169
tcp_ping received 16384 bytes back
Round trip time was 0.091066 milliseconds in repetition 170
tcp_ping received 16384 bytes back
Round trip time was 0.09594 milliseconds in repetition 171
tcp_ping received 16384 bytes back
Round trip time was 0.097099 milliseconds in repetition 172
tcp_ping received 16384 bytes back
Round trip time was 0.162049 milliseconds in repetition 173
tcp_ping received 16384 bytes back
Round trip time was 0.135682 milliseconds in repetition 174
tcp_ping received 16384 bytes back
Round trip time was 0.200814 milliseconds in repetition 175
tcp_ping received 16384 bytes back
Round trip time was 0.117738 milliseconds in repetition 176
tcp_ping received 16384 bytes back
Round trip time was 0.102512 milliseconds in repetition 177
tcp_ping received 16384 bytes back
Round trip time was 0.119129 milliseconds in repetition 178
tcp_ping received 16384 bytes back
Round trip time was 0.119903 milliseconds in repetition 179
tcp_ping received 16384 bytes back
Round trip time was 0.111533 milliseconds in repetition 180
tcp_ping received 16384 bytes back
Round trip time was 0.160368 milliseconds in repetition 181
tcp_ping received 16384 bytes back
Round trip time was 0.103051 milliseconds in repetition 182
tcp_ping received 16384 bytes back
Round trip time was 0.093584 milliseconds in repetition 183
tcp_ping received 16384 bytes back
Round trip time was 0.096994 milliseconds in repetition 184
tcp_ping received 16384 bytes back
Round trip time was 0.089833 milliseconds in repetition 185
tcp_ping received 16384 bytes back
Round trip time was 0.088438 milliseconds in repetition 186
tcp_ping received 16384 bytes back
Round trip time was 0.089944 milliseconds in repetition 187
tcp_ping received 16384 bytes back
Round trip time was 0.090944 milliseconds in repetition 188
tcp_ping received 16384 bytes back
Round trip time was 0.095179 milliseconds in repetition 189
tcp_ping received 16384 bytes back
Round trip time was 0.092979 milliseconds in repetition 190
tcp_ping received 16384 bytes back
Round trip time was 0.090602 milliseconds in repetition 191
tcp_ping received 16384 bytes back
Round trip time was 0.104893 milliseconds in repetition 192
tcp_ping received 16384 bytes back
Round trip time was 0.0957 milliseconds in repetition 193
tcp_ping received 16384 bytes back
Round trip time was 0.091643 milliseconds in repetition 194
tcp_ping received 16384 bytes back
Round trip time was 0.091114 milliseconds in repetition 195
tcp_ping received 16384 bytes back
Round trip time was 0.091784 milliseconds in repetition 196
tcp_ping received 16384 bytes back
Round trip time was 0.091731 milliseconds in repetition 197
tcp_ping received 16384 bytes back
Round trip time was 0.098063 milliseconds in repetition 198
tcp_ping received 16384 bytes back
Round trip time was 0.124564 milliseconds in repetition 199
tcp_ping received 16384 bytes back
Round trip time was 0.154236 milliseconds in repetition 200
tcp_ping received 16384 bytes back
Round trip time was 0.169623 milliseconds in repetition 201
tcp_ping received 16384 bytes back
Round trip time was 0.140099 milliseconds in repetition 202
tcp_ping received 16384 bytes back
Round trip time was 0.17724 milliseconds in repetition 203
tcp_ping received 16384 bytes back
Round trip time was 0.118818 milliseconds in repetition 204
tcp_ping received 16384 bytes back
Round trip time was 0.112063 milliseconds in repetition 205
tcp_ping received 16384 bytes back
Round trip time was 0.130304 milliseconds in repetition 206
tcp_ping received 16384 bytes back
Round trip time was 0.282316 milliseconds in repetition 207
tcp_ping received 16384 bytes back
Round trip time was 0.290721 milliseconds in repetition 208
tcp_ping received 16384 bytes back
Round trip time was 0.238009 milliseconds in repetition 209
tcp_ping received 16384 bytes back
Round trip time was 0.225393 milliseconds in repetition 210
tcp_ping received 16384 bytes back
Round trip time was 0.236747 milliseconds in repetition 211
tcp_ping received 16384 bytes back
Round trip time was 0.162658 milliseconds in repetition 212
tcp_ping received 16384 bytes back
Round trip time was 0.135563 milliseconds in repetition 213
tcp_ping received 16384 bytes back
Round trip time was 0.11346 milliseconds in repetition 214
tcp_ping received 16384 bytes back
Round trip time was 0.124778 milliseconds in repetition 215
tcp_ping received 16384 bytes back
Round trip time was 0.115024 milliseconds in repetition 216
tcp_ping received 16384 bytes back
Round trip time was 0.106685 milliseconds in repetition 217
tcp_ping received 16384 bytes back
Round trip time was 0.108967 milliseconds in repetition 218
tcp_ping received 16384 bytes back
Round trip time was 0.116566 milliseconds in repetition 219
tcp_ping received 16384 bytes back
Round trip time was 0.147558 milliseconds in repetition 220
tcp_ping received 16384 bytes back
Round trip time was 0.123879 milliseconds in repetition 221
tcp_ping received 16384 bytes back
Round trip time was 0.112059 milliseconds in repetition 222
tcp_ping received 16384 bytes back
Round trip time was 0.108703 milliseconds in repetition 223
tcp_ping received 16384 bytes back
Round trip time was 0.098485 milliseconds in repetition 224
tcp_ping received 16384 bytes back
Round trip time was 0.106864 milliseconds in repetition 225
tcp_ping received 16384 bytes back
Round trip time was 0.110476 milliseconds in repetition 226
tcp_ping received 16384 bytes back
Round trip time was 0.106527 milliseconds in repetition 227
tcp_ping received 16384 bytes back
Round trip time was 0.106449 milliseconds in repetition 228
tcp_ping received 16384 bytes back
Round trip time was 0.108152 milliseconds in repetition 229
tcp_ping received 16384 bytes back
Round trip time was 0.203195 milliseconds in repetition 230
tcp_ping received 16384 bytes back
Round trip time was 0.114587 milliseconds in repetition 231
tcp_ping received 16384 bytes back
Round trip time was 0.136352 milliseconds in repetition 232
tcp_ping received 16384 bytes back
Round trip time was 0.128791 milliseconds in repetition 233
tcp_ping received 16384 bytes back
Round trip time was 0.173997 milliseconds in repetition 234
tcp_ping received 16384 bytes back
Round trip time was 0.094109 milliseconds in repetition 235
tcp_ping received 16384 bytes back
Round trip time was 0.118902 milliseconds in repetition 236
tcp_ping received 16384 bytes back
Round trip time was 0.169431 milliseconds in repetition 237
tcp_ping received 16384 bytes back
Round trip time was 0.101516 milliseconds in repetition 238
tcp_ping received 16384 bytes back
Round trip time was 0.08985 milliseconds in repetition 239
tcp_ping received 16384 bytes back
Round trip time was 0.090553 milliseconds in repetition 240
tcp_ping received 16384 bytes back
Round trip time was 0.094899 milliseconds in repetition 241
tcp_ping received 16384 bytes back
Round trip time was 0.139638 milliseconds in repetition 242
tcp_ping received 16384 bytes back
Round trip time was 0.132907 milliseconds in repetition 243
tcp_ping received 16384 bytes back
Round trip time was 0.13061 milliseconds in repetition 244
tcp_ping received 16384 bytes back
Round trip time was 0.217107 milliseconds in repetition 245
tcp_ping received 16384 bytes back
Round trip time was 0.113894 milliseconds in repetition 246
tcp_ping received 16384 bytes back
Round trip time was 0.112089 milliseconds in repetition 247
tcp_ping received 16384 bytes back
Round trip time was 0.104847 milliseconds in repetition 248
tcp_ping received 16384 bytes back
Round trip time was 0.102771 milliseconds in repetition 249
tcp_ping received 16384 bytes back
Round trip time was 0.10773 milliseconds in repetition 250
tcp_ping received 16384 bytes back
Round trip time was 0.093778 milliseconds in repetition 251
tcp_ping received 16384 bytes back
Round trip time was 0.093852 milliseconds in repetition 252
tcp_ping received 16384 bytes back
Round trip time was 0.093999 milliseconds in repetition 253
tcp_ping received 16384 bytes back
Round trip time was 0.093093 milliseconds in repetition 254
tcp_ping received 16384 bytes back
Round trip time was 0.095072 milliseconds in repetition 255
tcp_ping received 16384 bytes back
Round trip time was 0.112469 milliseconds in repetition 256
tcp_ping received 16384 bytes back
Round trip time was 0.095764 milliseconds in repetition 257
tcp_ping received 16384 bytes back
Round trip time was 0.165749 milliseconds in repetition 258
tcp_ping received 16384 bytes back
Round trip time was 0.114254 milliseconds in repetition 259
tcp_ping received 16384 bytes back
Round trip time was 0.159152 milliseconds in repetition 260
tcp_ping received 16384 bytes back
Round trip time was 0.106396 milliseconds in repetition 261
tcp_ping received 16384 bytes back
Round trip time was 0.095591 milliseconds in repetition 262
tcp_ping received 16384 bytes back
Round trip time was 0.137494 milliseconds in repetition 263
tcp_ping received 16384 bytes back
Round trip time was 0.156891 milliseconds in repetition 264
tcp_ping received 16384 bytes back
Round trip time was 0.16499 milliseconds in repetition 265
tcp_ping received 16384 bytes back
Round trip time was 0.141876 milliseconds in repetition 266
tcp_ping received 16384 bytes back
Round trip time was 0.113384 milliseconds in repetition 267
tcp_ping received 16384 bytes back
Round trip time was 0.111884 milliseconds in repetition 268
tcp_ping received 16384 bytes back
Round trip time was 0.096185 milliseconds in repetition 269
tcp_ping received 16384 bytes back
Round trip time was 0.114667 milliseconds in repetition 270
tcp_ping received 16384 bytes back
Round trip time was 0.09283 milliseconds in repetition 271
tcp_ping received 16384 bytes back
Round trip time was 0.131743 milliseconds in repetition 272
tcp_ping received 16384 bytes back
Round trip time was 0.128255 milliseconds in repetition 273
tcp_ping received 16384 bytes back
Round trip time was 0.098715 milliseconds in repetition 274
tcp_ping received 16384 bytes back
Round trip time was 0.094411 milliseconds in repetition 275
tcp_ping received 16384 bytes back
Round trip time was 0.205758 milliseconds in repetition 276
tcp_ping received 16384 bytes back
Round trip time was 0.290979 milliseconds in repetition 277
tcp_ping received 16384 bytes back
Round trip time was 0.288668 milliseconds in repetition 278
tcp_ping received 16384 bytes back
Round trip time was 0.232631 milliseconds in repetition 279
tcp_ping received 16384 bytes back
Round trip time was 0.841274 milliseconds in repetition 280
tcp_ping received 16384 bytes back
Round trip time was 0.219528 milliseconds in repetition 281
tcp_ping received 16384 bytes back
Round trip time was 0.168639 milliseconds in repetition 282
tcp_ping received 16384 bytes back
Round trip time was 0.248084 milliseconds in repetition 283
tcp_ping received 16384 bytes back
Round trip time was 0.210052 milliseconds in repetition 284
tcp_ping received 16384 bytes back
Round trip time was 0.193628 milliseconds in repetition 285
tcp_ping received 16384 bytes back
Round trip time was 0.154268 milliseconds in repetition 286
tcp_ping received 16384 bytes back
Round trip time was 0.199274 milliseconds in repetition 287
tcp_ping received 16384 bytes back
Round trip time was 0.120403 milliseconds in repetition 288
tcp_ping received 16384 bytes back
Round trip time was 0.130467 milliseconds in repetition 289
tcp_ping received 16384 bytes back
Round trip time was 0.11552 milliseconds in repetition 290
tcp_ping received 16384 bytes back
Round trip time was 0.165678 milliseconds in repetition 291
tcp_ping received 16384 bytes back
Round trip time was 0.19813 milliseconds in repetition 292
tcp_ping received 16384 bytes back
Round trip time was 0.125408 milliseconds in repetition 293
tcp_ping received 16384 bytes back
Round trip time was 0.107537 milliseconds in repetition 294
tcp_ping received 16384 bytes back
Round trip time was 0.101722 milliseconds in repetition 295
tcp_ping received 16384 bytes back
Round trip time was 0.096103 milliseconds in repetition 296
tcp_ping received 16384 bytes back
Round trip time was 0.093874 milliseconds in repetition 297
tcp_ping received 16384 bytes back
Round trip time was 0.093761 milliseconds in repetition 298
tcp_ping received 16384 bytes back
Round trip time was 0.092662 milliseconds in repetition 299
tcp_ping received 16384 bytes back
Round trip time was 0.09332 milliseconds in repetition 300
tcp_ping received 16384 bytes back
Round trip time was 0.095117 milliseconds in repetition 301
tcp_ping received 16384 bytes back
Round trip time was 0.097033 milliseconds in repetition 302
tcp_ping received 16384 bytes back
Round trip time was 0.090556 milliseconds in repetition 303
tcp_ping received 16384 bytes back
Round trip time was 0.089712 milliseconds in repetition 304
tcp_ping received 16384 bytes back
Round trip time was 0.088366 milliseconds in repetition 305
tcp_ping received 16384 bytes back
Round trip time was 0.087874 milliseconds in repetition 306
tcp_ping received 16384 bytes back
Round trip time was 0.08943 milliseconds in repetition 307
tcp_ping received 16384 bytes back
Round trip time was 0.09145 milliseconds in repetition 308
tcp_ping received 16384 bytes back
Round trip time was 0.133141 milliseconds in repetition 309
tcp_ping received 16384 bytes back
Round trip time was 0.103804 milliseconds in repetition 310
tcp_ping received 16384 bytes back
Round trip time was 0.101094 milliseconds in repetition 311
tcp_ping received 16384 bytes back
Round trip time was 0.094232 milliseconds in repetition 312
tcp_ping received 16384 bytes back
Round trip time was 0.096963 milliseconds in repetition 313
tcp_ping received 16384 bytes back
Round trip time was 0.11326 milliseconds in repetition 314
tcp_ping received 16384 bytes back
Round trip time was 0.099577 milliseconds in repetition 315
tcp_ping received 16384 bytes back
Round trip time was 0.102996 milliseconds in repetition 316
tcp_ping received 16384 bytes back
Round trip time was 0.111262 milliseconds in repetition 317
tcp_ping received 16384 bytes back
Round trip time was 0.106379 milliseconds in repetition 318
tcp_ping received 16384 bytes back
Round trip time was 0.132243 milliseconds in repetition 319
tcp_ping received 16384 bytes back
Round trip time was 0.101329 milliseconds in repetition 320
tcp_ping received 16384 bytes back
Round trip time was 0.148235 milliseconds in repetition 321
tcp_ping received 16384 bytes back
Round trip time was 0.098154 milliseconds in repetition 322
tcp_ping received 16384 bytes back
Round trip time was 0.096934 milliseconds in repetition 323
tcp_ping received 16384 bytes back
Round trip time was 0.098628 milliseconds in repetition 324
tcp_ping received 16384 bytes back
Round trip time was 0.092955 milliseconds in repetition 325
tcp_ping received 16384 bytes back
Round trip time was 0.096501 milliseconds in repetition 326
tcp_ping received 16384 bytes back
Round trip time was 0.091215 milliseconds in repetition 327
tcp_ping received 16384 bytes back
Round trip time was 0.088745 milliseconds in repetition 328
tcp_ping received 16384 bytes back
Round trip time was 0.089066 milliseconds in repetition 329
tcp_ping received 16384 bytes back
Round trip time was 0.089174 milliseconds in repetition 330
tcp_ping received 16384 bytes back
Round trip time was 0.089183 milliseconds in repetition 331
tcp_ping received 16384 bytes back
Round trip time was 0.08926 milliseconds in repetition 332
tcp_ping received 16384 bytes back
Round trip time was 0.088986 milliseconds in repetition 333
tcp_ping received 16384 bytes back
Round trip time was 0.08695 milliseconds in repetition 334
tcp_ping received 16384 bytes back
Round trip time was 0.087982 milliseconds in repetition 335
tcp_ping received 16384 bytes back
Round trip time was 0.110945 milliseconds in repetition 336
tcp_ping received 16384 bytes back
Round trip time was 0.092109 milliseconds in repetition 337
tcp_ping received 16384 bytes back
Round trip time was 0.091222 milliseconds in repetition 338
tcp_ping received 16384 bytes back
Round trip time was 0.093969 milliseconds in repetition 339
tcp_ping received 16384 bytes back
Round trip time was 0.105768 milliseconds in repetition 340
tcp_ping received 16384 bytes back
Round trip time was 0.089255 milliseconds in repetition 341
tcp_ping received 16384 bytes back
Round trip time was 0.088768 milliseconds in repetition 342
tcp_ping received 16384 bytes back
Round trip time was 0.088243 milliseconds in repetition 343
tcp_ping received 16384 bytes back
Round trip time was 0.087787 milliseconds in repetition 344
tcp_ping received 16384 bytes back
Round trip time was 0.118869 milliseconds in repetition 345
tcp_ping received 16384 bytes back
Round trip time was 0.14531 milliseconds in repetition 346
tcp_ping received 16384 bytes back
Round trip time was 0.099128 milliseconds in repetition 347
tcp_ping received 16384 bytes back
Round trip time was 0.091817 milliseconds in repetition 348
tcp_ping received 16384 bytes back
Round trip time was 0.08906 milliseconds in repetition 349
tcp_ping received 16384 bytes back
Round trip time was 0.087827 milliseconds in repetition 350
tcp_ping received 16384 bytes back
Round trip time was 0.090406 milliseconds in repetition 351
tcp_ping received 16384 bytes back
Round trip time was 0.089251 milliseconds in repetition 352
tcp_ping received 16384 bytes back
Round trip time was 0.088997 milliseconds in repetition 353
tcp_ping received 16384 bytes back
Round trip time was 0.087695 milliseconds in repetition 354
tcp_ping received 16384 bytes back
Round trip time was 0.086968 milliseconds in repetition 355
tcp_ping received 16384 bytes back
Round trip time was 0.086146 milliseconds in repetition 356
tcp_ping received 16384 bytes back
Round trip time was 0.089473 milliseconds in repetition 357
tcp_ping received 16384 bytes back
Round trip time was 0.088423 milliseconds in repetition 358
tcp_ping received 16384 bytes back
Round trip time was 0.088927 milliseconds in repetition 359
tcp_ping received 16384 bytes back
Round trip time was 0.095197 milliseconds in repetition 360
tcp_ping received 16384 bytes back
Round trip time was 0.151291 milliseconds in repetition 361
tcp_ping received 16384 bytes back
Round trip time was 0.148891 milliseconds in repetition 362
tcp_ping received 16384 bytes back
Round trip time was 0.128029 milliseconds in repetition 363
tcp_ping received 16384 bytes back
Round trip time was 0.102302 milliseconds in repetition 364
tcp_ping received 16384 bytes back
Round trip time was 0.093505 milliseconds in repetition 365
tcp_ping received 16384 bytes back
Round trip time was 0.09839 milliseconds in repetition 366
tcp_ping received 16384 bytes back
Round trip time was 0.157124 milliseconds in repetition 367
tcp_ping received 16384 bytes back
Round trip time was 0.099071 milliseconds in repetition 368
tcp_ping received 16384 bytes back
Round trip time was 0.110486 milliseconds in repetition 369
tcp_ping received 16384 bytes back
Round trip time was 0.126216 milliseconds in repetition 370
tcp_ping received 16384 bytes back
Round trip time was 0.103628 milliseconds in repetition 371
tcp_ping received 16384 bytes back
Round trip time was 0.099152 milliseconds in repetition 372
tcp_ping received 16384 bytes back
Round trip time was 0.097926 milliseconds in repetition 373
tcp_ping received 16384 bytes back
Round trip time was 0.095486 milliseconds in repetition 374
tcp_ping received 16384 bytes back
Round trip time was 0.094679 milliseconds in repetition 375
tcp_ping received 16384 bytes back
Round trip time was 0.095322 milliseconds in repetition 376
tcp_ping received 16384 bytes back
Round trip time was 0.09842 milliseconds in repetition 377
tcp_ping received 16384 bytes back
Round trip time was 0.105506 milliseconds in repetition 378
tcp_ping received 16384 bytes back
Round trip time was 0.107054 milliseconds in repetition 379
tcp_ping received 16384 bytes back
Round trip time was 0.103051 milliseconds in repetition 380
tcp_ping received 16384 bytes back
Round trip time was 0.10673 milliseconds in repetition 381
tcp_ping received 16384 bytes back
Round trip time was 0.117764 milliseconds in repetition 382
tcp_ping received 16384 bytes back
Round trip time was 0.181625 milliseconds in repetition 383
tcp_ping received 16384 bytes back
Round trip time was 0.128238 milliseconds in repetition 384
tcp_ping received 16384 bytes back
Round trip time was 0.15234 milliseconds in repetition 385
tcp_ping received 16384 bytes back
Round trip time was 0.186751 milliseconds in repetition 386
tcp_ping received 16384 bytes back
Round trip time was 0.213479 milliseconds in repetition 387
tcp_ping received 16384 bytes back
Round trip time was 0.161362 milliseconds in repetition 388
tcp_ping received 16384 bytes back
Round trip time was 0.191504 milliseconds in repetition 389
tcp_ping received 16384 bytes back
Round trip time was 0.198395 milliseconds in repetition 390
tcp_ping received 16384 bytes back
Round trip time was 0.481228 milliseconds in repetition 391
tcp_ping received 16384 bytes back
Round trip time was 0.484577 milliseconds in repetition 392
tcp_ping received 16384 bytes back
Round trip time was 0.301964 milliseconds in repetition 393
tcp_ping received 16384 bytes back
Round trip time was 0.232529 milliseconds in repetition 394
tcp_ping received 16384 bytes back
Round trip time was 0.596417 milliseconds in repetition 395
tcp_ping received 16384 bytes back
Round trip time was 0.180104 milliseconds in repetition 396
tcp_ping received 16384 bytes back
Round trip time was 0.111972 milliseconds in repetition 397
tcp_ping received 16384 bytes back
Round trip time was 0.189722 milliseconds in repetition 398
tcp_ping received 16384 bytes back
Round trip time was 0.199021 milliseconds in repetition 399
tcp_ping received 16384 bytes back
Round trip time was 0.157859 milliseconds in repetition 400
tcp_ping received 16384 bytes back
Round trip time was 0.136153 milliseconds in repetition 401
tcp_ping received 16384 bytes back
Round trip time was 0.208803 milliseconds in repetition 402
tcp_ping received 16384 bytes back
Round trip time was 0.11906 milliseconds in repetition 403
tcp_ping received 16384 bytes back
Round trip time was 0.13673 milliseconds in repetition 404
tcp_ping received 16384 bytes back
Round trip time was 0.130864 milliseconds in repetition 405
tcp_ping received 16384 bytes back
Round trip time was 0.144459 milliseconds in repetition 406
tcp_ping received 16384 bytes back
Round trip time was 0.127938 milliseconds in repetition 407
tcp_ping received 16384 bytes back
Round trip time was 0.123464 milliseconds in repetition 408
tcp_ping received 16384 bytes back
Round trip time was 0.300341 milliseconds in repetition 409
tcp_ping received 16384 bytes back
Round trip time was 0.165896 milliseconds in repetition 410
tcp_ping received 16384 bytes back
Round trip time was 0.119694 milliseconds in repetition 411
tcp_ping received 16384 bytes back
Round trip time was 0.105622 milliseconds in repetition 412
tcp_ping received 16384 bytes back
Round trip time was 0.110719 milliseconds in repetition 413
tcp_ping received 16384 bytes back
Round trip time was 0.117529 milliseconds in repetition 414
tcp_ping received 16384 bytes back
Round trip time was 0.11039 milliseconds in repetition 415
tcp_ping received 16384 bytes back
Round trip time was 0.101844 milliseconds in repetition 416
tcp_ping received 16384 bytes back
Round trip time was 0.101431 milliseconds in repetition 417
tcp_ping received 16384 bytes back
Round trip time was 0.110967 milliseconds in repetition 418
tcp_ping received 16384 bytes back
Round trip time was 0.111477 milliseconds in repetition 419
tcp_ping received 16384 bytes back
Round trip time was 0.101632 milliseconds in repetition 420
tcp_ping received 16384 bytes back
Round trip time was 0.100871 milliseconds in repetition 421
tcp_ping received 16384 bytes back
Round trip time was 0.101488 milliseconds in repetition 422
tcp_ping received 16384 bytes back
Round trip time was 0.094829 milliseconds in repetition 423
tcp_ping received 16384 bytes back
Round trip time was 0.093988 milliseconds in repetition 424
tcp_ping received 16384 bytes back
Round trip time was 0.092782 milliseconds in repetition 425
tcp_ping received 16384 bytes back
Round trip time was 0.094823 milliseconds in repetition 426
tcp_ping received 16384 bytes back
Round trip time was 0.089195 milliseconds in repetition 427
tcp_ping received 16384 bytes back
Round trip time was 0.089186 milliseconds in repetition 428
tcp_ping received 16384 bytes back
Round trip time was 0.087455 milliseconds in repetition 429
tcp_ping received 16384 bytes back
Round trip time was 0.090613 milliseconds in repetition 430
tcp_ping received 16384 bytes back
Round trip time was 0.088754 milliseconds in repetition 431
tcp_ping received 16384 bytes back
Round trip time was 0.092356 milliseconds in repetition 432
tcp_ping received 16384 bytes back
Round trip time was 0.08985 milliseconds in repetition 433
tcp_ping received 16384 bytes back
Round trip time was 0.088661 milliseconds in repetition 434
tcp_ping received 16384 bytes back
Round trip time was 0.089983 milliseconds in repetition 435
tcp_ping received 16384 bytes back
Round trip time was 0.088865 milliseconds in repetition 436
tcp_ping received 16384 bytes back
Round trip time was 0.088524 milliseconds in repetition 437
tcp_ping received 16384 bytes back
Round trip time was 0.088825 milliseconds in repetition 438
tcp_ping received 16384 bytes back
Round trip time was 0.091373 milliseconds in repetition 439
tcp_ping received 16384 bytes back
Round trip time was 0.092805 milliseconds in repetition 440
tcp_ping received 16384 bytes back
Round trip time was 0.090036 milliseconds in repetition 441
tcp_ping received 16384 bytes back
Round trip time was 0.088277 milliseconds in repetition 442
tcp_ping received 16384 bytes back
Round trip time was 0.08845 milliseconds in repetition 443
tcp_ping received 16384 bytes back
Round trip time was 0.099643 milliseconds in repetition 444
tcp_ping received 16384 bytes back
Round trip time was 0.121431 milliseconds in repetition 445
tcp_ping received 16384 bytes back
Round trip time was 0.099554 milliseconds in repetition 446
tcp_ping received 16384 bytes back
Round trip time was 0.090326 milliseconds in repetition 447
tcp_ping received 16384 bytes back
Round trip time was 0.094727 milliseconds in repetition 448
tcp_ping received 16384 bytes back
Round trip time was 0.090386 milliseconds in repetition 449
tcp_ping received 16384 bytes back
Round trip time was 0.112289 milliseconds in repetition 450
tcp_ping received 16384 bytes back
Round trip time was 0.09311 milliseconds in repetition 451
tcp_ping received 16384 bytes back
Round trip time was 0.091729 milliseconds in repetition 452
tcp_ping received 16384 bytes back
Round trip time was 0.088666 milliseconds in repetition 453
tcp_ping received 16384 bytes back
Round trip time was 0.088397 milliseconds in repetition 454
tcp_ping received 16384 bytes back
Round trip time was 0.092751 milliseconds in repetition 455
tcp_ping received 16384 bytes back
Round trip time was 0.099753 milliseconds in repetition 456
tcp_ping received 16384 bytes back
Round trip time was 0.096512 milliseconds in repetition 457
tcp_ping received 16384 bytes back
Round trip time was 0.090275 milliseconds in repetition 458
tcp_ping received 16384 bytes back
Round trip time was 0.089442 milliseconds in repetition 459
tcp_ping received 16384 bytes back
Round trip time was 0.096334 milliseconds in repetition 460
tcp_ping received 16384 bytes back
Round trip time was 0.116803 milliseconds in repetition 461
tcp_ping received 16384 bytes back
Round trip time was 0.132652 milliseconds in repetition 462
tcp_ping received 16384 bytes back
Round trip time was 0.556506 milliseconds in repetition 463
tcp_ping received 16384 bytes back
Round trip time was 0.193401 milliseconds in repetition 464
tcp_ping received 16384 bytes back
Round trip time was 0.157494 milliseconds in repetition 465
tcp_ping received 16384 bytes back
Round trip time was 0.146135 milliseconds in repetition 466
tcp_ping received 16384 bytes back
Round trip time was 0.12714 milliseconds in repetition 467
tcp_ping received 16384 bytes back
Round trip time was 0.123876 milliseconds in repetition 468
tcp_ping received 16384 bytes back
Round trip time was 0.219379 milliseconds in repetition 469
tcp_ping received 16384 bytes back
Round trip time was 0.116274 milliseconds in repetition 470
tcp_ping received 16384 bytes back
Round trip time was 0.104356 milliseconds in repetition 471
tcp_ping received 16384 bytes back
Round trip time was 0.109011 milliseconds in repetition 472
tcp_ping received 16384 bytes back
Round trip time was 0.114176 milliseconds in repetition 473
tcp_ping received 16384 bytes back
Round trip time was 0.119266 milliseconds in repetition 474
tcp_ping received 16384 bytes back
Round trip time was 0.092344 milliseconds in repetition 475
tcp_ping received 16384 bytes back
Round trip time was 0.096508 milliseconds in repetition 476
tcp_ping received 16384 bytes back
Round trip time was 0.09245 milliseconds in repetition 477
tcp_ping received 16384 bytes back
Round trip time was 0.091152 milliseconds in repetition 478
tcp_ping received 16384 bytes back
Round trip time was 0.090058 milliseconds in repetition 479
tcp_ping received 16384 bytes back
Round trip time was 0.094828 milliseconds in repetition 480
tcp_ping received 16384 bytes back
Round trip time was 0.088347 milliseconds in repetition 481
tcp_ping received 16384 bytes back
Round trip time was 0.088784 milliseconds in repetition 482
tcp_ping received 16384 bytes back
Round trip time was 0.088708 milliseconds in repetition 483
tcp_ping received 16384 bytes back
Round trip time was 0.087828 milliseconds in repetition 484
tcp_ping received 16384 bytes back
Round trip time was 0.088286 milliseconds in repetition 485
tcp_ping received 16384 bytes back
Round trip time was 0.112296 milliseconds in repetition 486
tcp_ping received 16384 bytes back
Round trip time was 0.122044 milliseconds in repetition 487
tcp_ping received 16384 bytes back
Round trip time was 0.16128 milliseconds in repetition 488
tcp_ping received 16384 bytes back
Round trip time was 0.2235 milliseconds in repetition 489
tcp_ping received 16384 bytes back
Round trip time was 0.153558 milliseconds in repetition 490
tcp_ping received 16384 bytes back
Round trip time was 0.112775 milliseconds in repetition 491
tcp_ping received 16384 bytes back
Round trip time was 0.101821 milliseconds in repetition 492
tcp_ping received 16384 bytes back
Round trip time was 0.136305 milliseconds in repetition 493
tcp_ping received 16384 bytes back
Round trip time was 0.108836 milliseconds in repetition 494
tcp_ping received 16384 bytes back
Round trip time was 0.11586 milliseconds in repetition 495
tcp_ping received 16384 bytes back
Round trip time was 0.102123 milliseconds in repetition 496
tcp_ping received 16384 bytes back
Round trip time was 0.096782 milliseconds in repetition 497
tcp_ping received 16384 bytes back
Round trip time was 0.096298 milliseconds in repetition 498
tcp_ping received 16384 bytes back
Round trip time was 0.130548 milliseconds in repetition 499
tcp_ping received 16384 bytes back
Round trip time was 0.165745 milliseconds in repetition 500
tcp_ping received 16384 bytes back
Round trip time was 0.142137 milliseconds in repetition 501

 ... clock resolution was 1e-06
TCP Ping:  Statistics over 501 repetitions of 16384 byte messages

RTT : percentile 10: 0.088986, median: 0.098628, percentile 90: 0.165678, average: 0.118428, variance: 0.00381731

RTT histogram:
0.0861455 299
0.123902 128
0.161658 35
0.199415 18
0.237171 10
0.274928 4
0.312684 2
0.350441 0
0.388197 0
0.425954 0
0.46371 1
0.501466 1
0.539223 1
0.576979 0
0.614736 1
0.652492 0
0.690249 0
0.728005 0
0.765762 0
0.803518 0
0.841275 1

   median Throughput : 332238 KB/s   overall Throughput : 276692 KB/s

