TCP Ping trying to connect to server localhost (127.0.0.1) on port 1492
 ... connected to Pong server: asking for 501 repetitions of 96 bytes TCP messages
 ... Pong server agreed:-)
tcp_ping received 96 bytes back
Round trip time was 0.0602 milliseconds in repetition 1
tcp_ping received 96 bytes back
Round trip time was 0.045532 milliseconds in repetition 2
tcp_ping received 96 bytes back
Round trip time was 0.04474 milliseconds in repetition 3
tcp_ping received 96 bytes back
Round trip time was 0.044321 milliseconds in repetition 4
tcp_ping received 96 bytes back
Round trip time was 0.044865 milliseconds in repetition 5
tcp_ping received 96 bytes back
Round trip time was 0.045784 milliseconds in repetition 6
tcp_ping received 96 bytes back
Round trip time was 0.044108 milliseconds in repetition 7
tcp_ping received 96 bytes back
Round trip time was 0.044017 milliseconds in repetition 8
tcp_ping received 96 bytes back
Round trip time was 0.044115 milliseconds in repetition 9
tcp_ping received 96 bytes back
Round trip time was 0.044348 milliseconds in repetition 10
tcp_ping received 96 bytes back
Round trip time was 0.044438 milliseconds in repetition 11
tcp_ping received 96 bytes back
Round trip time was 0.044034 milliseconds in repetition 12
tcp_ping received 96 bytes back
Round trip time was 0.044217 milliseconds in repetition 13
tcp_ping received 96 bytes back
Round trip time was 0.044405 milliseconds in repetition 14
tcp_ping received 96 bytes back
Round trip time was 0.044248 milliseconds in repetition 15
tcp_ping received 96 bytes back
Round trip time was 0.043934 milliseconds in repetition 16
tcp_ping received 96 bytes back
Round trip time was 0.044198 milliseconds in repetition 17
tcp_ping received 96 bytes back
Round trip time was 0.044126 milliseconds in repetition 18
tcp_ping received 96 bytes back
Round trip time was 0.044263 milliseconds in repetition 19
tcp_ping received 96 bytes back
Round trip time was 0.044077 milliseconds in repetition 20
tcp_ping received 96 bytes back
Round trip time was 0.043909 milliseconds in repetition 21
tcp_ping received 96 bytes back
Round trip time was 0.044502 milliseconds in repetition 22
tcp_ping received 96 bytes back
Round trip time was 0.044882 milliseconds in repetition 23
tcp_ping received 96 bytes back
Round trip time was 0.044195 milliseconds in repetition 24
tcp_ping received 96 bytes back
Round trip time was 0.044268 milliseconds in repetition 25
tcp_ping received 96 bytes back
Round trip time was 0.044454 milliseconds in repetition 26
tcp_ping received 96 bytes back
Round trip time was 0.046772 milliseconds in repetition 27
tcp_ping received 96 bytes back
Round trip time was 0.044159 milliseconds in repetition 28
tcp_ping received 96 bytes back
Round trip time was 0.044849 milliseconds in repetition 29
tcp_ping received 96 bytes back
Round trip time was 0.044541 milliseconds in repetition 30
tcp_ping received 96 bytes back
Round trip time was 0.04531 milliseconds in repetition 31
tcp_ping received 96 bytes back
Round trip time was 0.044665 milliseconds in repetition 32
tcp_ping received 96 bytes back
Round trip time was 0.04475 milliseconds in repetition 33
tcp_ping received 96 bytes back
Round trip time was 0.045091 milliseconds in repetition 34
tcp_ping received 96 bytes back
Round trip time was 0.044653 milliseconds in repetition 35
tcp_ping received 96 bytes back
Round trip time was 0.0451 milliseconds in repetition 36
tcp_ping received 96 bytes back
Round trip time was 0.044358 milliseconds in repetition 37
tcp_ping received 96 bytes back
Round trip time was 0.045949 milliseconds in repetition 38
tcp_ping received 96 bytes back
Round trip time was 0.044392 milliseconds in repetition 39
tcp_ping received 96 bytes back
Round trip time was 0.044524 milliseconds in repetition 40
tcp_ping received 96 bytes back
Round trip time was 0.044343 milliseconds in repetition 41
tcp_ping received 96 bytes back
Round trip time was 0.044651 milliseconds in repetition 42
tcp_ping received 96 bytes back
Round trip time was 0.044642 milliseconds in repetition 43
tcp_ping received 96 bytes back
Round trip time was 0.044449 milliseconds in repetition 44
tcp_ping received 96 bytes back
Round trip time was 0.07583 milliseconds in repetition 45
tcp_ping received 96 bytes back
Round trip time was 0.071668 milliseconds in repetition 46
tcp_ping received 96 bytes back
Round trip time was 0.059149 milliseconds in repetition 47
tcp_ping received 96 bytes back
Round trip time was 0.053656 milliseconds in repetition 48
tcp_ping received 96 bytes back
Round trip time was 0.056668 milliseconds in repetition 49
tcp_ping received 96 bytes back
Round trip time was 0.058619 milliseconds in repetition 50
tcp_ping received 96 bytes back
Round trip time was 0.049823 milliseconds in repetition 51
tcp_ping received 96 bytes back
Round trip time was 0.044926 milliseconds in repetition 52
tcp_ping received 96 bytes back
Round trip time was 0.044594 milliseconds in repetition 53
tcp_ping received 96 bytes back
Round trip time was 0.044686 milliseconds in repetition 54
tcp_ping received 96 bytes back
Round trip time was 0.045105 milliseconds in repetition 55
tcp_ping received 96 bytes back
Round trip time was 0.044551 milliseconds in repetition 56
tcp_ping received 96 bytes back
Round trip time was 0.045265 milliseconds in repetition 57
tcp_ping received 96 bytes back
Round trip time was 0.045162 milliseconds in repetition 58
tcp_ping received 96 bytes back
Round trip time was 0.044716 milliseconds in repetition 59
tcp_ping received 96 bytes back
Round trip time was 0.044451 milliseconds in repetition 60
tcp_ping received 96 bytes back
Round trip time was 0.044997 milliseconds in repetition 61
tcp_ping received 96 bytes back
Round trip time was 0.0447 milliseconds in repetition 62
tcp_ping received 96 bytes back
Round trip time was 0.044736 milliseconds in repetition 63
tcp_ping received 96 bytes back
Round trip time was 0.044578 milliseconds in repetition 64
tcp_ping received 96 bytes back
Round trip time was 0.044524 milliseconds in repetition 65
tcp_ping received 96 bytes back
Round trip time was 0.044647 milliseconds in repetition 66
tcp_ping received 96 bytes back
Round trip time was 0.047264 milliseconds in repetition 67
tcp_ping received 96 bytes back
Round trip time was 0.045247 milliseconds in repetition 68
tcp_ping received 96 bytes back
Round trip time was 0.045457 milliseconds in repetition 69
tcp_ping received 96 bytes back
Round trip time was 0.045159 milliseconds in repetition 70
tcp_ping received 96 bytes back
Round trip time was 0.044673 milliseconds in repetition 71
tcp_ping received 96 bytes back
Round trip time was 0.044971 milliseconds in repetition 72
tcp_ping received 96 bytes back
Round trip time was 0.044675 milliseconds in repetition 73
tcp_ping received 96 bytes back
Round trip time was 0.045667 milliseconds in repetition 74
tcp_ping received 96 bytes back
Round trip time was 0.045381 milliseconds in repetition 75
tcp_ping received 96 bytes back
Round trip time was 0.045266 milliseconds in repetition 76
tcp_ping received 96 bytes back
Round trip time was 0.045439 milliseconds in repetition 77
tcp_ping received 96 bytes back
Round trip time was 0.049542 milliseconds in repetition 78
tcp_ping received 96 bytes back
Round trip time was 0.05229 milliseconds in repetition 79
tcp_ping received 96 bytes back
Round trip time was 0.05189 milliseconds in repetition 80
tcp_ping received 96 bytes back
Round trip time was 0.051499 milliseconds in repetition 81
tcp_ping received 96 bytes back
Round trip time was 0.052228 milliseconds in repetition 82
tcp_ping received 96 bytes back
Round trip time was 0.051983 milliseconds in repetition 83
tcp_ping received 96 bytes back
Round trip time was 0.048783 milliseconds in repetition 84
tcp_ping received 96 bytes back
Round trip time was 0.046468 milliseconds in repetition 85
tcp_ping received 96 bytes back
Round trip time was 0.046312 milliseconds in repetition 86
tcp_ping received 96 bytes back
Round trip time was 0.050015 milliseconds in repetition 87
tcp_ping received 96 bytes back
Round trip time was 0.046665 milliseconds in repetition 88
tcp_ping received 96 bytes back
Round trip time was 0.046399 milliseconds in repetition 89
tcp_ping received 96 bytes back
Round trip time was 0.079913 milliseconds in repetition 90
tcp_ping received 96 bytes back
Round trip time was 0.055858 milliseconds in repetition 91
tcp_ping received 96 bytes back
Round trip time was 0.046879 milliseconds in repetition 92
tcp_ping received 96 bytes back
Round trip time was 0.04615 milliseconds in repetition 93
tcp_ping received 96 bytes back
Round trip time was 0.045798 milliseconds in repetition 94
tcp_ping received 96 bytes back
Round trip time was 0.046271 milliseconds in repetition 95
tcp_ping received 96 bytes back
Round trip time was 0.045892 milliseconds in repetition 96
tcp_ping received 96 bytes back
Round trip time was 0.046266 milliseconds in repetition 97
tcp_ping received 96 bytes back
Round trip time was 0.046411 milliseconds in repetition 98
tcp_ping received 96 bytes back
Round trip time was 0.046569 milliseconds in repetition 99
tcp_ping received 96 bytes back
Round trip time was 0.046392 milliseconds in repetition 100
tcp_ping received 96 bytes back
Round trip time was 0.047124 milliseconds in repetition 101
tcp_ping received 96 bytes back
Round trip time was 0.047388 milliseconds in repetition 102
tcp_ping received 96 bytes back
Round trip time was 0.048091 milliseconds in repetition 103
tcp_ping received 96 bytes back
Round trip time was 0.050642 milliseconds in repetition 104
tcp_ping received 96 bytes back
Round trip time was 0.049691 milliseconds in repetition 105
tcp_ping received 96 bytes back
Round trip time was 0.05243 milliseconds in repetition 106
tcp_ping received 96 bytes back
Round trip time was 0.075556 milliseconds in repetition 107
tcp_ping received 96 bytes back
Round trip time was 0.068029 milliseconds in repetition 108
tcp_ping received 96 bytes back
Round trip time was 0.071167 milliseconds in repetition 109
tcp_ping received 96 bytes back
Round trip time was 0.061495 milliseconds in repetition 110
tcp_ping received 96 bytes back
Round trip time was 0.06466 milliseconds in repetition 111
tcp_ping received 96 bytes back
Round trip time was 0.06254 milliseconds in repetition 112
tcp_ping received 96 bytes back
Round trip time was 0.062683 milliseconds in repetition 113
tcp_ping received 96 bytes back
Round trip time was 0.063569 milliseconds in repetition 114
tcp_ping received 96 bytes back
Round trip time was 0.062624 milliseconds in repetition 115
tcp_ping received 96 bytes back
Round trip time was 0.081791 milliseconds in repetition 116
tcp_ping received 96 bytes back
Round trip time was 0.08346 milliseconds in repetition 117
tcp_ping received 96 bytes back
Round trip time was 0.070426 milliseconds in repetition 118
tcp_ping received 96 bytes back
Round trip time was 0.067197 milliseconds in repetition 119
tcp_ping received 96 bytes back
Round trip time was 0.056163 milliseconds in repetition 120
tcp_ping received 96 bytes back
Round trip time was 0.052621 milliseconds in repetition 121
tcp_ping received 96 bytes back
Round trip time was 0.05059 milliseconds in repetition 122
tcp_ping received 96 bytes back
Round trip time was 0.059015 milliseconds in repetition 123
tcp_ping received 96 bytes back
Round trip time was 0.060948 milliseconds in repetition 124
tcp_ping received 96 bytes back
Round trip time was 0.063981 milliseconds in repetition 125
tcp_ping received 96 bytes back
Round trip time was 0.057382 milliseconds in repetition 126
tcp_ping received 96 bytes back
Round trip time was 0.050282 milliseconds in repetition 127
tcp_ping received 96 bytes back
Round trip time was 0.044852 milliseconds in repetition 128
tcp_ping received 96 bytes back
Round trip time was 0.046444 milliseconds in repetition 129
tcp_ping received 96 bytes back
Round trip time was 0.046668 milliseconds in repetition 130
tcp_ping received 96 bytes back
Round trip time was 0.046298 milliseconds in repetition 131
tcp_ping received 96 bytes back
Round trip time was 0.045147 milliseconds in repetition 132
tcp_ping received 96 bytes back
Round trip time was 0.046535 milliseconds in repetition 133
tcp_ping received 96 bytes back
Round trip time was 0.078733 milliseconds in repetition 134
tcp_ping received 96 bytes back
Round trip time was 0.054602 milliseconds in repetition 135
tcp_ping received 96 bytes back
Round trip time was 0.049437 milliseconds in repetition 136
tcp_ping received 96 bytes back
Round trip time was 0.044072 milliseconds in repetition 137
tcp_ping received 96 bytes back
Round trip time was 0.043622 milliseconds in repetition 138
tcp_ping received 96 bytes back
Round trip time was 0.043773 milliseconds in repetition 139
tcp_ping received 96 bytes back
Round trip time was 0.043689 milliseconds in repetition 140
tcp_ping received 96 bytes back
Round trip time was 0.043728 milliseconds in repetition 141
tcp_ping received 96 bytes back
Round trip time was 0.04426 milliseconds in repetition 142
tcp_ping received 96 bytes back
Round trip time was 0.044241 milliseconds in repetition 143
tcp_ping received 96 bytes back
Round trip time was 0.044838 milliseconds in repetition 144
tcp_ping received 96 bytes back
Round trip time was 0.04378 milliseconds in repetition 145
tcp_ping received 96 bytes back
Round trip time was 0.043742 milliseconds in repetition 146
tcp_ping received 96 bytes back
Round trip time was 0.043884 milliseconds in repetition 147
tcp_ping received 96 bytes back
Round trip time was 0.044196 milliseconds in repetition 148
tcp_ping received 96 bytes back
Round trip time was 0.04394 milliseconds in repetition 149
tcp_ping received 96 bytes back
Round trip time was 0.044487 milliseconds in repetition 150
tcp_ping received 96 bytes back
Round trip time was 0.043775 milliseconds in repetition 151
tcp_ping received 96 bytes back
Round trip time was 0.04448 milliseconds in repetition 152
tcp_ping received 96 bytes back
Round trip time was 0.044157 milliseconds in repetition 153
tcp_ping received 96 bytes back
Round trip time was 0.043766 milliseconds in repetition 154
tcp_ping received 96 bytes back
Round trip time was 0.043993 milliseconds in repetition 155
tcp_ping received 96 bytes back
Round trip time was 0.043958 milliseconds in repetition 156
tcp_ping received 96 bytes back
Round trip time was 0.044466 milliseconds in repetition 157
tcp_ping received 96 bytes back
Round trip time was 0.044279 milliseconds in repetition 158
tcp_ping received 96 bytes back
Round trip time was 0.045095 milliseconds in repetition 159
tcp_ping received 96 bytes back
Round trip time was 0.043775 milliseconds in repetition 160
tcp_ping received 96 bytes back
Round trip time was 0.050772 milliseconds in repetition 161
tcp_ping received 96 bytes back
Round trip time was 0.050036 milliseconds in repetition 162
tcp_ping received 96 bytes back
Round trip time was 0.046237 milliseconds in repetition 163
tcp_ping received 96 bytes back
Round trip time was 0.044546 milliseconds in repetition 164
tcp_ping received 96 bytes back
Round trip time was 0.043951 milliseconds in repetition 165
tcp_ping received 96 bytes back
Round trip time was 0.043928 milliseconds in repetition 166
tcp_ping received 96 bytes back
Round trip time was 0.06888 milliseconds in repetition 167
tcp_ping received 96 bytes back
Round trip time was 0.052125 milliseconds in repetition 168
tcp_ping received 96 bytes back
Round trip time was 0.044186 milliseconds in repetition 169
tcp_ping received 96 bytes back
Round trip time was 0.043525 milliseconds in repetition 170
tcp_ping received 96 bytes back
Round trip time was 0.043583 milliseconds in repetition 171
tcp_ping received 96 bytes back
Round trip time was 0.04346 milliseconds in repetition 172
tcp_ping received 96 bytes back
Round trip time was 0.043238 milliseconds in repetition 173
tcp_ping received 96 bytes back
Round trip time was 0.043414 milliseconds in repetition 174
tcp_ping received 96 bytes back
Round trip time was 0.042968 milliseconds in repetition 175
tcp_ping received 96 bytes back
Round trip time was 0.043114 milliseconds in repetition 176
tcp_ping received 96 bytes back
Round trip time was 0.043205 milliseconds in repetition 177
tcp_ping received 96 bytes back
Round trip time was 0.04336 milliseconds in repetition 178
tcp_ping received 96 bytes back
Round trip time was 0.054019 milliseconds in repetition 179
tcp_ping received 96 bytes back
Round trip time was 0.062499 milliseconds in repetition 180
tcp_ping received 96 bytes back
Round trip time was 0.052773 milliseconds in repetition 181
tcp_ping received 96 bytes back
Round trip time was 0.047969 milliseconds in repetition 182
tcp_ping received 96 bytes back
Round trip time was 0.059218 milliseconds in repetition 183
tcp_ping received 96 bytes back
Round trip time was 0.051122 milliseconds in repetition 184
tcp_ping received 96 bytes back
Round trip time was 0.044923 milliseconds in repetition 185
tcp_ping received 96 bytes back
Round trip time was 0.043621 milliseconds in repetition 186
tcp_ping received 96 bytes back
Round trip time was 0.043362 milliseconds in repetition 187
tcp_ping received 96 bytes back
Round trip time was 0.043658 milliseconds in repetition 188
tcp_ping received 96 bytes back
Round trip time was 0.043571 milliseconds in repetition 189
tcp_ping received 96 bytes back
Round trip time was 0.043485 milliseconds in repetition 190
tcp_ping received 96 bytes back
Round trip time was 0.045973 milliseconds in repetition 191
tcp_ping received 96 bytes back
Round trip time was 0.044828 milliseconds in repetition 192
tcp_ping received 96 bytes back
Round trip time was 0.04362 milliseconds in repetition 193
tcp_ping received 96 bytes back
Round trip time was 0.043241 milliseconds in repetition 194
tcp_ping received 96 bytes back
Round trip time was 0.04357 milliseconds in repetition 195
tcp_ping received 96 bytes back
Round trip time was 0.043899 milliseconds in repetition 196
tcp_ping received 96 bytes back
Round trip time was 0.043995 milliseconds in repetition 197
tcp_ping received 96 bytes back
Round trip time was 0.043981 milliseconds in repetition 198
tcp_ping received 96 bytes back
Round trip time was 0.044674 milliseconds in repetition 199
tcp_ping received 96 bytes back
Round trip time was 0.123108 milliseconds in repetition 200
tcp_ping received 96 bytes back
Round trip time was 0.073365 milliseconds in repetition 201
tcp_ping received 96 bytes back
Round trip time was 0.059048 milliseconds in repetition 202
tcp_ping received 96 bytes back
Round trip time was 0.06713 milliseconds in repetition 203
tcp_ping received 96 bytes back
Round trip time was 0.055765 milliseconds in repetition 204
tcp_ping received 96 bytes back
Round trip time was 0.064453 milliseconds in repetition 205
tcp_ping received 96 bytes back
Round trip time was 0.069334 milliseconds in repetition 206
tcp_ping received 96 bytes back
Round trip time was 0.0602 milliseconds in repetition 207
tcp_ping received 96 bytes back
Round trip time was 0.059456 milliseconds in repetition 208
tcp_ping received 96 bytes back
Round trip time was 0.059415 milliseconds in repetition 209
tcp_ping received 96 bytes back
Round trip time was 0.060446 milliseconds in repetition 210
tcp_ping received 96 bytes back
Round trip time was 0.067729 milliseconds in repetition 211
tcp_ping received 96 bytes back
Round trip time was 0.063135 milliseconds in repetition 212
tcp_ping received 96 bytes back
Round trip time was 0.062174 milliseconds in repetition 213
tcp_ping received 96 bytes back
Round trip time was 0.060644 milliseconds in repetition 214
tcp_ping received 96 bytes back
Round trip time was 0.057544 milliseconds in repetition 215
tcp_ping received 96 bytes back
Round trip time was 0.063001 milliseconds in repetition 216
tcp_ping received 96 bytes back
Round trip time was 0.069598 milliseconds in repetition 217
tcp_ping received 96 bytes back
Round trip time was 0.060136 milliseconds in repetition 218
tcp_ping received 96 bytes back
Round trip time was 0.091223 milliseconds in repetition 219
tcp_ping received 96 bytes back
Round trip time was 0.065513 milliseconds in repetition 220
tcp_ping received 96 bytes back
Round trip time was 0.051885 milliseconds in repetition 221
tcp_ping received 96 bytes back
Round trip time was 0.049041 milliseconds in repetition 222
tcp_ping received 96 bytes back
Round trip time was 0.050467 milliseconds in repetition 223
tcp_ping received 96 bytes back
Round trip time was 0.067355 milliseconds in repetition 224
tcp_ping received 96 bytes back
Round trip time was 0.053428 milliseconds in repetition 225
tcp_ping received 96 bytes back
Round trip time was 0.071477 milliseconds in repetition 226
tcp_ping received 96 bytes back
Round trip time was 0.070439 milliseconds in repetition 227
tcp_ping received 96 bytes back
Round trip time was 0.055405 milliseconds in repetition 228
tcp_ping received 96 bytes back
Round trip time was 0.054208 milliseconds in repetition 229
tcp_ping received 96 bytes back
Round trip time was 0.059235 milliseconds in repetition 230
tcp_ping received 96 bytes back
Round trip time was 0.066347 milliseconds in repetition 231
tcp_ping received 96 bytes back
Round trip time was 0.056429 milliseconds in repetition 232
tcp_ping received 96 bytes back
Round trip time was 0.051217 milliseconds in repetition 233
tcp_ping received 96 bytes back
Round trip time was 0.058338 milliseconds in repetition 234
tcp_ping received 96 bytes back
Round trip time was 0.06259 milliseconds in repetition 235
tcp_ping received 96 bytes back
Round trip time was 0.057655 milliseconds in repetition 236
tcp_ping received 96 bytes back
Round trip time was 0.064464 milliseconds in repetition 237
tcp_ping received 96 bytes back
Round trip time was 0.05254 milliseconds in repetition 238
tcp_ping received 96 bytes back
Round trip time was 0.0476 milliseconds in repetition 239
tcp_ping received 96 bytes back
Round trip time was 0.048175 milliseconds in repetition 240
tcp_ping received 96 bytes back
Round trip time was 0.048993 milliseconds in repetition 241
tcp_ping received 96 bytes back
Round trip time was 0.048662 milliseconds in repetition 242
tcp_ping received 96 bytes back
Round trip time was 0.049917 milliseconds in repetition 243
tcp_ping received 96 bytes back
Round trip time was 0.051141 milliseconds in repetition 244
tcp_ping received 96 bytes back
Round trip time was 0.050657 milliseconds in repetition 245
tcp_ping received 96 bytes back
Round trip time was 0.049727 milliseconds in repetition 246
tcp_ping received 96 bytes back
Round trip time was 0.049304 milliseconds in repetition 247
tcp_ping received 96 bytes back
Round trip time was 0.048742 milliseconds in repetition 248
tcp_ping received 96 bytes back
Round trip time was 0.048355 milliseconds in repetition 249
tcp_ping received 96 bytes back
Round trip time was 0.050781 milliseconds in repetition 250
tcp_ping received 96 bytes back
Round trip time was 0.052072 milliseconds in repetition 251
tcp_ping received 96 bytes back
Round trip time was 0.052552 milliseconds in repetition 252
tcp_ping received 96 bytes back
Round trip time was 0.051822 milliseconds in repetition 253
tcp_ping received 96 bytes back
Round trip time was 0.049347 milliseconds in repetition 254
tcp_ping received 96 bytes back
Round trip time was 0.050309 milliseconds in repetition 255
tcp_ping received 96 bytes back
Round trip time was 0.050241 milliseconds in repetition 256
tcp_ping received 96 bytes back
Round trip time was 0.048527 milliseconds in repetition 257
tcp_ping received 96 bytes back
Round trip time was 0.051239 milliseconds in repetition 258
tcp_ping received 96 bytes back
Round trip time was 0.050913 milliseconds in repetition 259
tcp_ping received 96 bytes back
Round trip time was 0.049795 milliseconds in repetition 260
tcp_ping received 96 bytes back
Round trip time was 0.050222 milliseconds in repetition 261
tcp_ping received 96 bytes back
Round trip time was 0.050284 milliseconds in repetition 262
tcp_ping received 96 bytes back
Round trip time was 0.051145 milliseconds in repetition 263
tcp_ping received 96 bytes back
Round trip time was 0.050588 milliseconds in repetition 264
tcp_ping received 96 bytes back
Round trip time was 0.050357 milliseconds in repetition 265
tcp_ping received 96 bytes back
Round trip time was 0.052099 milliseconds in repetition 266
tcp_ping received 96 bytes back
Round trip time was 0.050991 milliseconds in repetition 267
tcp_ping received 96 bytes back
Round trip time was 0.091673 milliseconds in repetition 268
tcp_ping received 96 bytes back
Round trip time was 0.056611 milliseconds in repetition 269
tcp_ping received 96 bytes back
Round trip time was 0.049142 milliseconds in repetition 270
tcp_ping received 96 bytes back
Round trip time was 0.048497 milliseconds in repetition 271
tcp_ping received 96 bytes back
Round trip time was 0.048355 milliseconds in repetition 272
tcp_ping received 96 bytes back
Round trip time was 0.048978 milliseconds in repetition 273
tcp_ping received 96 bytes back
Round trip time was 0.048204 milliseconds in repetition 274
tcp_ping received 96 bytes back
Round trip time was 0.0484 milliseconds in repetition 275
tcp_ping received 96 bytes back
Round trip time was 0.048901 milliseconds in repetition 276
tcp_ping received 96 bytes back
Round trip time was 0.048772 milliseconds in repetition 277
tcp_ping received 96 bytes back
Round trip time was 0.048653 milliseconds in repetition 278
tcp_ping received 96 bytes back
Round trip time was 0.048725 milliseconds in repetition 279
tcp_ping received 96 bytes back
Round trip time was 0.048446 milliseconds in repetition 280
tcp_ping received 96 bytes back
Round trip time was 0.049013 milliseconds in repetition 281
tcp_ping received 96 bytes back
Round trip time was 0.04835 milliseconds in repetition 282
tcp_ping received 96 bytes back
Round trip time was 0.048339 milliseconds in repetition 283
tcp_ping received 96 bytes back
Round trip time was 0.050649 milliseconds in repetition 284
tcp_ping received 96 bytes back
Round trip time was 0.047898 milliseconds in repetition 285
tcp_ping received 96 bytes back
Round trip time was 0.048485 milliseconds in repetition 286
tcp_ping received 96 bytes back
Round trip time was 0.048293 milliseconds in repetition 287
tcp_ping received 96 bytes back
Round trip time was 0.048597 milliseconds in repetition 288
tcp_ping received 96 bytes back
Round trip time was 0.048716 milliseconds in repetition 289
tcp_ping received 96 bytes back
Round trip time was 0.049047 milliseconds in repetition 290
tcp_ping received 96 bytes back
Round trip time was 0.048881 milliseconds in repetition 291
tcp_ping received 96 bytes back
Round trip time was 0.050755 milliseconds in repetition 292
tcp_ping received 96 bytes back
Round trip time was 0.049329 milliseconds in repetition 293
tcp_ping received 96 bytes back
Round trip time was 0.049477 milliseconds in repetition 294
tcp_ping received 96 bytes back
Round trip time was 0.051081 milliseconds in repetition 295
tcp_ping received 96 bytes back
Round trip time was 0.050049 milliseconds in repetition 296
tcp_ping received 96 bytes back
Round trip time was 0.0541 milliseconds in repetition 297
tcp_ping received 96 bytes back
Round trip time was 0.061031 milliseconds in repetition 298
tcp_ping received 96 bytes back
Round trip time was 0.06287 milliseconds in repetition 299
tcp_ping received 96 bytes back
Round trip time was 0.077101 milliseconds in repetition 300
tcp_ping received 96 bytes back
Round trip time was 0.079297 milliseconds in repetition 301
tcp_ping received 96 bytes back
Round trip time was 0.055499 milliseconds in repetition 302
tcp_ping received 96 bytes back
Round trip time was 0.05159 milliseconds in repetition 303
tcp_ping received 96 bytes back
Round trip time was 0.054615 milliseconds in repetition 304
tcp_ping received 96 bytes back
Round trip time was 0.046259 milliseconds in repetition 305
tcp_ping received 96 bytes back
Round trip time was 0.050334 milliseconds in repetition 306
tcp_ping received 96 bytes back
Round trip time was 0.048415 milliseconds in repetition 307
tcp_ping received 96 bytes back
Round trip time was 0.09718 milliseconds in repetition 308
tcp_ping received 96 bytes back
Round trip time was 0.085597 milliseconds in repetition 309
tcp_ping received 96 bytes back
Round trip time was 0.086614 milliseconds in repetition 310
tcp_ping received 96 bytes back
Round trip time was 0.08554 milliseconds in repetition 311
tcp_ping received 96 bytes back
Round trip time was 0.079529 milliseconds in repetition 312
tcp_ping received 96 bytes back
Round trip time was 0.07736 milliseconds in repetition 313
tcp_ping received 96 bytes back
Round trip time was 0.07312 milliseconds in repetition 314
tcp_ping received 96 bytes back
Round trip time was 0.074707 milliseconds in repetition 315
tcp_ping received 96 bytes back
Round trip time was 0.056488 milliseconds in repetition 316
tcp_ping received 96 bytes back
Round trip time was 0.046244 milliseconds in repetition 317
tcp_ping received 96 bytes back
Round trip time was 0.044835 milliseconds in repetition 318
tcp_ping received 96 bytes back
Round trip time was 0.045418 milliseconds in repetition 319
tcp_ping received 96 bytes back
Round trip time was 0.072984 milliseconds in repetition 320
tcp_ping received 96 bytes back
Round trip time was 0.053044 milliseconds in repetition 321
tcp_ping received 96 bytes back
Round trip time was 0.045494 milliseconds in repetition 322
tcp_ping received 96 bytes back
Round trip time was 0.046697 milliseconds in repetition 323
tcp_ping received 96 bytes back
Round trip time was 0.059241 milliseconds in repetition 324
tcp_ping received 96 bytes back
Round trip time was 0.048925 milliseconds in repetition 325
tcp_ping received 96 bytes back
Round trip time was 0.045914 milliseconds in repetition 326
tcp_ping received 96 bytes back
Round trip time was 0.077142 milliseconds in repetition 327
tcp_ping received 96 bytes back
Round trip time was 0.073361 milliseconds in repetition 328
tcp_ping received 96 bytes back
Round trip time was 0.089166 milliseconds in repetition 329
tcp_ping received 96 bytes back
Round trip time was 0.06269 milliseconds in repetition 330
tcp_ping received 96 bytes back
Round trip time was 0.081406 milliseconds in repetition 331
tcp_ping received 96 bytes back
Round trip time was 0.048052 milliseconds in repetition 332
tcp_ping received 96 bytes back
Round trip time was 0.268351 milliseconds in repetition 333
tcp_ping received 96 bytes back
Round trip time was 0.1417 milliseconds in repetition 334
tcp_ping received 96 bytes back
Round trip time was 0.1104 milliseconds in repetition 335
tcp_ping received 96 bytes back
Round trip time was 0.150772 milliseconds in repetition 336
tcp_ping received 96 bytes back
Round trip time was 0.063982 milliseconds in repetition 337
tcp_ping received 96 bytes back
Round trip time was 0.108613 milliseconds in repetition 338
tcp_ping received 96 bytes back
Round trip time was 0.068073 milliseconds in repetition 339
tcp_ping received 96 bytes back
Round trip time was 0.046017 milliseconds in repetition 340
tcp_ping received 96 bytes back
Round trip time was 0.043921 milliseconds in repetition 341
tcp_ping received 96 bytes back
Round trip time was 0.043635 milliseconds in repetition 342
tcp_ping received 96 bytes back
Round trip time was 0.043769 milliseconds in repetition 343
tcp_ping received 96 bytes back
Round trip time was 0.043657 milliseconds in repetition 344
tcp_ping received 96 bytes back
Round trip time was 0.044169 milliseconds in repetition 345
tcp_ping received 96 bytes back
Round trip time was 0.043714 milliseconds in repetition 346
tcp_ping received 96 bytes back
Round trip time was 0.044142 milliseconds in repetition 347
tcp_ping received 96 bytes back
Round trip time was 0.043649 milliseconds in repetition 348
tcp_ping received 96 bytes back
Round trip time was 0.043779 milliseconds in repetition 349
tcp_ping received 96 bytes back
Round trip time was 0.04173 milliseconds in repetition 350
tcp_ping received 96 bytes back
Round trip time was 0.043499 milliseconds in repetition 351
tcp_ping received 96 bytes back
Round trip time was 0.043497 milliseconds in repetition 352
tcp_ping received 96 bytes back
Round trip time was 0.043684 milliseconds in repetition 353
tcp_ping received 96 bytes back
Round trip time was 0.043191 milliseconds in repetition 354
tcp_ping received 96 bytes back
Round trip time was 0.043613 milliseconds in repetition 355
tcp_ping received 96 bytes back
Round trip time was 0.043162 milliseconds in repetition 356
tcp_ping received 96 bytes back
Round trip time was 0.051995 milliseconds in repetition 357
tcp_ping received 96 bytes back
Round trip time was 0.049046 milliseconds in repetition 358
tcp_ping received 96 bytes back
Round trip time was 0.051071 milliseconds in repetition 359
tcp_ping received 96 bytes back
Round trip time was 0.044008 milliseconds in repetition 360
tcp_ping received 96 bytes back
Round trip time was 0.044255 milliseconds in repetition 361
tcp_ping received 96 bytes back
Round trip time was 0.043152 milliseconds in repetition 362
tcp_ping received 96 bytes back
Round trip time was 0.043701 milliseconds in repetition 363
tcp_ping received 96 bytes back
Round trip time was 0.043231 milliseconds in repetition 364
tcp_ping received 96 bytes back
Round trip time was 0.043305 milliseconds in repetition 365
tcp_ping received 96 bytes back
Round trip time was 0.043294 milliseconds in repetition 366
tcp_ping received 96 bytes back
Round trip time was 0.043419 milliseconds in repetition 367
tcp_ping received 96 bytes back
Round trip time was 0.043186 milliseconds in repetition 368
tcp_ping received 96 bytes back
Round trip time was 0.043053 milliseconds in repetition 369
tcp_ping received 96 bytes back
Round trip time was 0.043122 milliseconds in repetition 370
tcp_ping received 96 bytes back
Round trip time was 0.043561 milliseconds in repetition 371
tcp_ping received 96 bytes back
Round trip time was 0.043096 milliseconds in repetition 372
tcp_ping received 96 bytes back
Round trip time was 0.043458 milliseconds in repetition 373
tcp_ping received 96 bytes back
Round trip time was 0.04311 milliseconds in repetition 374
tcp_ping received 96 bytes back
Round trip time was 0.043048 milliseconds in repetition 375
tcp_ping received 96 bytes back
Round trip time was 0.043141 milliseconds in repetition 376
tcp_ping received 96 bytes back
Round trip time was 0.043201 milliseconds in repetition 377
tcp_ping received 96 bytes back
Round trip time was 0.043788 milliseconds in repetition 378
tcp_ping received 96 bytes back
Round trip time was 0.043473 milliseconds in repetition 379
tcp_ping received 96 bytes back
Round trip time was 0.043343 milliseconds in repetition 380
tcp_ping received 96 bytes back
Round trip time was 0.043108 milliseconds in repetition 381
tcp_ping received 96 bytes back
Round trip time was 0.043592 milliseconds in repetition 382
tcp_ping received 96 bytes back
Round trip time was 0.044156 milliseconds in repetition 383
tcp_ping received 96 bytes back
Round trip time was 0.046184 milliseconds in repetition 384
tcp_ping received 96 bytes back
Round trip time was 0.044702 milliseconds in repetition 385
tcp_ping received 96 bytes back
Round trip time was 0.044939 milliseconds in repetition 386
tcp_ping received 96 bytes back
Round trip time was 0.044092 milliseconds in repetition 387
tcp_ping received 96 bytes back
Round trip time was 0.044419 milliseconds in repetition 388
tcp_ping received 96 bytes back
Round trip time was 0.043711 milliseconds in repetition 389
tcp_ping received 96 bytes back
Round trip time was 0.044549 milliseconds in repetition 390
tcp_ping received 96 bytes back
Round trip time was 0.044052 milliseconds in repetition 391
tcp_ping received 96 bytes back
Round trip time was 0.043569 milliseconds in repetition 392
tcp_ping received 96 bytes back
Round trip time was 0.043941 milliseconds in repetition 393
tcp_ping received 96 bytes back
Round trip time was 0.043843 milliseconds in repetition 394
tcp_ping received 96 bytes back
Round trip time was 0.044152 milliseconds in repetition 395
tcp_ping received 96 bytes back
Round trip time was 0.044143 milliseconds in repetition 396
tcp_ping received 96 bytes back
Round trip time was 0.047254 milliseconds in repetition 397
tcp_ping received 96 bytes back
Round trip time was 0.044021 milliseconds in repetition 398
tcp_ping received 96 bytes back
Round trip time was 0.043555 milliseconds in repetition 399
tcp_ping received 96 bytes back
Round trip time was 0.043591 milliseconds in repetition 400
tcp_ping received 96 bytes back
Round trip time was 0.04516 milliseconds in repetition 401
tcp_ping received 96 bytes back
Round trip time was 0.057485 milliseconds in repetition 402
tcp_ping received 96 bytes back
Round trip time was 0.050156 milliseconds in repetition 403
tcp_ping received 96 bytes back
Round trip time was 0.052778 milliseconds in repetition 404
tcp_ping received 96 bytes back
Round trip time was 0.045456 milliseconds in repetition 405
tcp_ping received 96 bytes back
Round trip time was 0.043847 milliseconds in repetition 406
tcp_ping received 96 bytes back
Round trip time was 0.043814 milliseconds in repetition 407
tcp_ping received 96 bytes back
Round trip time was 0.043644 milliseconds in repetition 408
tcp_ping received 96 bytes back
Round trip time was 0.043863 milliseconds in repetition 409
tcp_ping received 96 bytes back
Round trip time was 0.044104 milliseconds in repetition 410
tcp_ping received 96 bytes back
Round trip time was 0.043838 milliseconds in repetition 411
tcp_ping received 96 bytes back
Round trip time was 0.04386 milliseconds in repetition 412
tcp_ping received 96 bytes back
Round trip time was 0.044537 milliseconds in repetition 413
tcp_ping received 96 bytes back
Round trip time was 0.044865 milliseconds in repetition 414
tcp_ping received 96 bytes back
Round trip time was 0.044029 milliseconds in repetition 415
tcp_ping received 96 bytes back
Round trip time was 0.044493 milliseconds in repetition 416
tcp_ping received 96 bytes back
Round trip time was 0.04456 milliseconds in repetition 417
tcp_ping received 96 bytes back
Round trip time was 0.043543 milliseconds in repetition 418
tcp_ping received 96 bytes back
Round trip time was 0.043907 milliseconds in repetition 419
tcp_ping received 96 bytes back
Round trip time was 0.043847 milliseconds in repetition 420
tcp_ping received 96 bytes back
Round trip time was 0.043875 milliseconds in repetition 421
tcp_ping received 96 bytes back
Round trip time was 0.044121 milliseconds in repetition 422
tcp_ping received 96 bytes back
Round trip time was 0.045044 milliseconds in repetition 423
tcp_ping received 96 bytes back
Round trip time was 0.044127 milliseconds in repetition 424
tcp_ping received 96 bytes back
Round trip time was 0.044262 milliseconds in repetition 425
tcp_ping received 96 bytes back
Round trip time was 0.046707 milliseconds in repetition 426
tcp_ping received 96 bytes back
Round trip time was 0.044459 milliseconds in repetition 427
tcp_ping received 96 bytes back
Round trip time was 0.045151 milliseconds in repetition 428
tcp_ping received 96 bytes back
Round trip time was 0.044257 milliseconds in repetition 429
tcp_ping received 96 bytes back
Round trip time was 0.044955 milliseconds in repetition 430
tcp_ping received 96 bytes back
Round trip time was 0.045621 milliseconds in repetition 431
tcp_ping received 96 bytes back
Round trip time was 0.045231 milliseconds in repetition 432
tcp_ping received 96 bytes back
Round trip time was 0.044875 milliseconds in repetition 433
tcp_ping received 96 bytes back
Round trip time was 0.044554 milliseconds in repetition 434
tcp_ping received 96 bytes back
Round trip time was 0.04468 milliseconds in repetition 435
tcp_ping received 96 bytes back
Round trip time was 0.044654 milliseconds in repetition 436
tcp_ping received 96 bytes back
Round trip time was 0.044916 milliseconds in repetition 437
tcp_ping received 96 bytes back
Round trip time was 0.044326 milliseconds in repetition 438
tcp_ping received 96 bytes back
Round trip time was 0.044867 milliseconds in repetition 439
tcp_ping received 96 bytes back
Round trip time was 0.044284 milliseconds in repetition 440
tcp_ping received 96 bytes back
Round trip time was 0.044206 milliseconds in repetition 441
tcp_ping received 96 bytes back
Round trip time was 0.044893 milliseconds in repetition 442
tcp_ping received 96 bytes back
Round trip time was 0.044298 milliseconds in repetition 443
tcp_ping received 96 bytes back
Round trip time was 0.045216 milliseconds in repetition 444
tcp_ping received 96 bytes back
Round trip time was 0.045289 milliseconds in repetition 445
tcp_ping received 96 bytes back
Round trip time was 0.044591 milliseconds in repetition 446
tcp_ping received 96 bytes back
Round trip time was 0.075122 milliseconds in repetition 447
tcp_ping received 96 bytes back
Round trip time was 0.070496 milliseconds in repetition 448
tcp_ping received 96 bytes back
Round trip time was 0.047453 milliseconds in repetition 449
tcp_ping received 96 bytes back
Round trip time was 0.04479 milliseconds in repetition 450
tcp_ping received 96 bytes back
Round trip time was 0.045024 milliseconds in repetition 451
tcp_ping received 96 bytes back
Round trip time was 0.044773 milliseconds in repetition 452
tcp_ping received 96 bytes back
Round trip time was 0.044827 milliseconds in repetition 453
tcp_ping received 96 bytes back
Round trip time was 0.044745 milliseconds in repetition 454
tcp_ping received 96 bytes back
Round trip time was 0.04495 milliseconds in repetition 455
tcp_ping received 96 bytes back
Round trip time was 0.04477 milliseconds in repetition 456
tcp_ping received 96 bytes back
Round trip time was 0.044802 milliseconds in repetition 457
tcp_ping received 96 bytes back
Round trip time was 0.044885 milliseconds in repetition 458
tcp_ping received 96 bytes back
Round trip time was 0.045117 milliseconds in repetition 459
tcp_ping received 96 bytes back
Round trip time was 0.045162 milliseconds in repetition 460
tcp_ping received 96 bytes back
Round trip time was 0.045223 milliseconds in repetition 461
tcp_ping received 96 bytes back
Round trip time was 0.045355 milliseconds in repetition 462
tcp_ping received 96 bytes back
Round trip time was 0.044779 milliseconds in repetition 463
tcp_ping received 96 bytes back
Round trip time was 0.04478 milliseconds in repetition 464
tcp_ping received 96 bytes back
Round trip time was 0.054941 milliseconds in repetition 465
tcp_ping received 96 bytes back
Round trip time was 0.044751 milliseconds in repetition 466
tcp_ping received 96 bytes back
Round trip time was 0.047583 milliseconds in repetition 467
tcp_ping received 96 bytes back
Round trip time was 0.04519 milliseconds in repetition 468
tcp_ping received 96 bytes back
Round trip time was 0.045427 milliseconds in repetition 469
tcp_ping received 96 bytes back
Round trip time was 0.045544 milliseconds in repetition 470
tcp_ping received 96 bytes back
Round trip time was 0.045412 milliseconds in repetition 471
tcp_ping received 96 bytes back
Round trip time was 0.045876 milliseconds in repetition 472
tcp_ping received 96 bytes back
Round trip time was 0.045412 milliseconds in repetition 473
tcp_ping received 96 bytes back
Round trip time was 0.04506 milliseconds in repetition 474
tcp_ping received 96 bytes back
Round trip time was 0.04544 milliseconds in repetition 475
tcp_ping received 96 bytes back
Round trip time was 0.045601 milliseconds in repetition 476
tcp_ping received 96 bytes back
Round trip time was 0.045813 milliseconds in repetition 477
tcp_ping received 96 bytes back
Round trip time was 0.045137 milliseconds in repetition 478
tcp_ping received 96 bytes back
Round trip time was 0.044897 milliseconds in repetition 479
tcp_ping received 96 bytes back
Round trip time was 0.044732 milliseconds in repetition 480
tcp_ping received 96 bytes back
Round trip time was 0.044967 milliseconds in repetition 481
tcp_ping received 96 bytes back
Round trip time was 0.044981 milliseconds in repetition 482
tcp_ping received 96 bytes back
Round trip time was 0.045029 milliseconds in repetition 483
tcp_ping received 96 bytes back
Round trip time was 0.045932 milliseconds in repetition 484
tcp_ping received 96 bytes back
Round trip time was 0.045001 milliseconds in repetition 485
tcp_ping received 96 bytes back
Round trip time was 0.045371 milliseconds in repetition 486
tcp_ping received 96 bytes back
Round trip time was 0.044911 milliseconds in repetition 487
tcp_ping received 96 bytes back
Round trip time was 0.044835 milliseconds in repetition 488
tcp_ping received 96 bytes back
Round trip time was 0.044724 milliseconds in repetition 489
tcp_ping received 96 bytes back
Round trip time was 0.112763 milliseconds in repetition 490
tcp_ping received 96 bytes back
Round trip time was 0.092392 milliseconds in repetition 491
tcp_ping received 96 bytes back
Round trip time was 0.077154 milliseconds in repetition 492
tcp_ping received 96 bytes back
Round trip time was 0.061199 milliseconds in repetition 493
tcp_ping received 96 bytes back
Round trip time was 0.058374 milliseconds in repetition 494
tcp_ping received 96 bytes back
Round trip time was 0.056854 milliseconds in repetition 495
tcp_ping received 96 bytes back
Round trip time was 0.05736 milliseconds in repetition 496
tcp_ping received 96 bytes back
Round trip time was 0.061453 milliseconds in repetition 497
tcp_ping received 96 bytes back
Round trip time was 0.056755 milliseconds in repetition 498
tcp_ping received 96 bytes back
Round trip time was 0.059834 milliseconds in repetition 499
tcp_ping received 96 bytes back
Round trip time was 0.061576 milliseconds in repetition 500
tcp_ping received 96 bytes back
Round trip time was 0.083311 milliseconds in repetition 501

 ... clock resolution was 1e-06
TCP Ping:  Statistics over 501 repetitions of 96 byte messages

RTT : percentile 10: 0.043658, median: 0.045601, percentile 90: 0.066347, average: 0.0517281, variance: 0.000260759

RTT histogram:
0.0417295 289
0.0530606 124
0.0643917 47
0.0757228 22
0.0870539 11
0.098385 1
0.109716 3
0.121047 1
0.132378 0
0.143709 1
0.15504 1
0.166372 0
0.177703 0
0.189034 0
0.200365 0
0.211696 0
0.223027 0
0.234358 0
0.245689 0
0.25702 0
0.268352 1

   median Throughput : 4210.43 KB/s   overall Throughput : 3711.71 KB/s

