TCP Ping trying to connect to server localhost (127.0.0.1) on port 1492
 ... connected to Pong server: asking for 501 repetitions of 65536 bytes TCP messages
 ... Pong server agreed:-)
tcp_ping received 65536 bytes back
Round trip time was 0.254637 milliseconds in repetition 1
tcp_ping received 65536 bytes back
Round trip time was 0.251329 milliseconds in repetition 2
tcp_ping received 65536 bytes back
Round trip time was 0.213622 milliseconds in repetition 3
tcp_ping received 65536 bytes back
Round trip time was 0.213745 milliseconds in repetition 4
tcp_ping received 65536 bytes back
Round trip time was 0.237336 milliseconds in repetition 5
tcp_ping received 65536 bytes back
Round trip time was 0.244958 milliseconds in repetition 6
tcp_ping received 65536 bytes back
Round trip time was 0.226585 milliseconds in repetition 7
tcp_ping received 65536 bytes back
Round trip time was 0.215914 milliseconds in repetition 8
tcp_ping received 65536 bytes back
Round trip time was 0.292188 milliseconds in repetition 9
tcp_ping received 65536 bytes back
Round trip time was 0.279303 milliseconds in repetition 10
tcp_ping received 65536 bytes back
Round trip time was 0.276569 milliseconds in repetition 11
tcp_ping received 65536 bytes back
Round trip time was 0.275939 milliseconds in repetition 12
tcp_ping received 65536 bytes back
Round trip time was 0.256449 milliseconds in repetition 13
tcp_ping received 65536 bytes back
Round trip time was 0.212707 milliseconds in repetition 14
tcp_ping received 65536 bytes back
Round trip time was 0.280584 milliseconds in repetition 15
tcp_ping received 65536 bytes back
Round trip time was 0.243596 milliseconds in repetition 16
tcp_ping received 65536 bytes back
Round trip time was 0.281638 milliseconds in repetition 17
tcp_ping received 65536 bytes back
Round trip time was 0.288782 milliseconds in repetition 18
tcp_ping received 65536 bytes back
Round trip time was 0.245407 milliseconds in repetition 19
tcp_ping received 65536 bytes back
Round trip time was 0.243844 milliseconds in repetition 20
tcp_ping received 65536 bytes back
Round trip time was 0.244141 milliseconds in repetition 21
tcp_ping received 65536 bytes back
Round trip time was 0.263608 milliseconds in repetition 22
tcp_ping received 65536 bytes back
Round trip time was 0.216782 milliseconds in repetition 23
tcp_ping received 65536 bytes back
Round trip time was 0.213703 milliseconds in repetition 24
tcp_ping received 65536 bytes back
Round trip time was 0.210925 milliseconds in repetition 25
tcp_ping received 65536 bytes back
Round trip time was 0.210042 milliseconds in repetition 26
tcp_ping received 65536 bytes back
Round trip time was 0.210792 milliseconds in repetition 27
tcp_ping received 65536 bytes back
Round trip time was 0.242667 milliseconds in repetition 28
tcp_ping received 65536 bytes back
Round trip time was 0.21344 milliseconds in repetition 29
tcp_ping received 65536 bytes back
Round trip time was 0.210468 milliseconds in repetition 30
tcp_ping received 65536 bytes back
Round trip time was 0.211539 milliseconds in repetition 31
tcp_ping received 65536 bytes back
Round trip time was 0.366461 milliseconds in repetition 32
tcp_ping received 65536 bytes back
Round trip time was 0.250667 milliseconds in repetition 33
tcp_ping received 65536 bytes back
Round trip time was 0.244443 milliseconds in repetition 34
tcp_ping received 65536 bytes back
Round trip time was 0.24754 milliseconds in repetition 35
tcp_ping received 65536 bytes back
Round trip time was 0.255758 milliseconds in repetition 36
tcp_ping received 65536 bytes back
Round trip time was 0.250032 milliseconds in repetition 37
tcp_ping received 65536 bytes back
Round trip time was 0.213995 milliseconds in repetition 38
tcp_ping received 65536 bytes back
Round trip time was 0.213208 milliseconds in repetition 39
tcp_ping received 65536 bytes back
Round trip time was 0.213736 milliseconds in repetition 40
tcp_ping received 65536 bytes back
Round trip time was 0.212287 milliseconds in repetition 41
tcp_ping received 65536 bytes back
Round trip time was 0.245068 milliseconds in repetition 42
tcp_ping received 65536 bytes back
Round trip time was 0.260104 milliseconds in repetition 43
tcp_ping received 65536 bytes back
Round trip time was 0.22455 milliseconds in repetition 44
tcp_ping received 65536 bytes back
Round trip time was 0.216482 milliseconds in repetition 45
tcp_ping received 65536 bytes back
Round trip time was 0.213091 milliseconds in repetition 46
tcp_ping received 65536 bytes back
Round trip time was 0.214431 milliseconds in repetition 47
tcp_ping received 65536 bytes back
Round trip time was 0.22889 milliseconds in repetition 48
tcp_ping received 65536 bytes back
Round trip time was 0.212764 milliseconds in repetition 49
tcp_ping received 65536 bytes back
Round trip time was 0.211849 milliseconds in repetition 50
tcp_ping received 65536 bytes back
Round trip time was 0.211077 milliseconds in repetition 51
tcp_ping received 65536 bytes back
Round trip time was 0.210423 milliseconds in repetition 52
tcp_ping received 65536 bytes back
Round trip time was 0.210597 milliseconds in repetition 53
tcp_ping received 65536 bytes back
Round trip time was 0.210506 milliseconds in repetition 54
tcp_ping received 65536 bytes back
Round trip time was 0.210192 milliseconds in repetition 55
tcp_ping received 65536 bytes back
Round trip time was 0.210624 milliseconds in repetition 56
tcp_ping received 65536 bytes back
Round trip time was 0.210977 milliseconds in repetition 57
tcp_ping received 65536 bytes back
Round trip time was 0.210378 milliseconds in repetition 58
tcp_ping received 65536 bytes back
Round trip time was 0.210442 milliseconds in repetition 59
tcp_ping received 65536 bytes back
Round trip time was 0.21031 milliseconds in repetition 60
tcp_ping received 65536 bytes back
Round trip time was 0.212552 milliseconds in repetition 61
tcp_ping received 65536 bytes back
Round trip time was 0.224524 milliseconds in repetition 62
tcp_ping received 65536 bytes back
Round trip time was 0.301247 milliseconds in repetition 63
tcp_ping received 65536 bytes back
Round trip time was 0.328557 milliseconds in repetition 64
tcp_ping received 65536 bytes back
Round trip time was 0.305415 milliseconds in repetition 65
tcp_ping received 65536 bytes back
Round trip time was 0.289923 milliseconds in repetition 66
tcp_ping received 65536 bytes back
Round trip time was 0.260493 milliseconds in repetition 67
tcp_ping received 65536 bytes back
Round trip time was 0.258497 milliseconds in repetition 68
tcp_ping received 65536 bytes back
Round trip time was 0.214395 milliseconds in repetition 69
tcp_ping received 65536 bytes back
Round trip time was 0.244016 milliseconds in repetition 70
tcp_ping received 65536 bytes back
Round trip time was 0.214019 milliseconds in repetition 71
tcp_ping received 65536 bytes back
Round trip time was 0.211138 milliseconds in repetition 72
tcp_ping received 65536 bytes back
Round trip time was 0.246347 milliseconds in repetition 73
tcp_ping received 65536 bytes back
Round trip time was 0.232744 milliseconds in repetition 74
tcp_ping received 65536 bytes back
Round trip time was 0.249061 milliseconds in repetition 75
tcp_ping received 65536 bytes back
Round trip time was 0.213406 milliseconds in repetition 76
tcp_ping received 65536 bytes back
Round trip time was 0.21077 milliseconds in repetition 77
tcp_ping received 65536 bytes back
Round trip time was 0.211427 milliseconds in repetition 78
tcp_ping received 65536 bytes back
Round trip time was 0.24629 milliseconds in repetition 79
tcp_ping received 65536 bytes back
Round trip time was 0.21377 milliseconds in repetition 80
tcp_ping received 65536 bytes back
Round trip time was 0.211174 milliseconds in repetition 81
tcp_ping received 65536 bytes back
Round trip time was 0.211143 milliseconds in repetition 82
tcp_ping received 65536 bytes back
Round trip time was 0.21779 milliseconds in repetition 83
tcp_ping received 65536 bytes back
Round trip time was 0.211027 milliseconds in repetition 84
tcp_ping received 65536 bytes back
Round trip time was 0.210717 milliseconds in repetition 85
tcp_ping received 65536 bytes back
Round trip time was 0.211514 milliseconds in repetition 86
tcp_ping received 65536 bytes back
Round trip time was 0.212688 milliseconds in repetition 87
tcp_ping received 65536 bytes back
Round trip time was 0.210687 milliseconds in repetition 88
tcp_ping received 65536 bytes back
Round trip time was 0.21094 milliseconds in repetition 89
tcp_ping received 65536 bytes back
Round trip time was 0.2112 milliseconds in repetition 90
tcp_ping received 65536 bytes back
Round trip time was 0.279207 milliseconds in repetition 91
tcp_ping received 65536 bytes back
Round trip time was 0.326743 milliseconds in repetition 92
tcp_ping received 65536 bytes back
Round trip time was 0.29688 milliseconds in repetition 93
tcp_ping received 65536 bytes back
Round trip time was 0.253866 milliseconds in repetition 94
tcp_ping received 65536 bytes back
Round trip time was 0.220472 milliseconds in repetition 95
tcp_ping received 65536 bytes back
Round trip time was 0.210749 milliseconds in repetition 96
tcp_ping received 65536 bytes back
Round trip time was 0.210871 milliseconds in repetition 97
tcp_ping received 65536 bytes back
Round trip time was 0.211007 milliseconds in repetition 98
tcp_ping received 65536 bytes back
Round trip time was 0.210323 milliseconds in repetition 99
tcp_ping received 65536 bytes back
Round trip time was 0.218514 milliseconds in repetition 100
tcp_ping received 65536 bytes back
Round trip time was 0.211861 milliseconds in repetition 101
tcp_ping received 65536 bytes back
Round trip time was 0.210974 milliseconds in repetition 102
tcp_ping received 65536 bytes back
Round trip time was 0.34756 milliseconds in repetition 103
tcp_ping received 65536 bytes back
Round trip time was 0.225645 milliseconds in repetition 104
tcp_ping received 65536 bytes back
Round trip time was 0.213456 milliseconds in repetition 105
tcp_ping received 65536 bytes back
Round trip time was 0.212214 milliseconds in repetition 106
tcp_ping received 65536 bytes back
Round trip time was 0.22181 milliseconds in repetition 107
tcp_ping received 65536 bytes back
Round trip time was 0.221941 milliseconds in repetition 108
tcp_ping received 65536 bytes back
Round trip time was 0.213165 milliseconds in repetition 109
tcp_ping received 65536 bytes back
Round trip time was 0.211208 milliseconds in repetition 110
tcp_ping received 65536 bytes back
Round trip time was 0.212779 milliseconds in repetition 111
tcp_ping received 65536 bytes back
Round trip time was 0.21386 milliseconds in repetition 112
tcp_ping received 65536 bytes back
Round trip time was 0.213487 milliseconds in repetition 113
tcp_ping received 65536 bytes back
Round trip time was 0.215542 milliseconds in repetition 114
tcp_ping received 65536 bytes back
Round trip time was 0.225003 milliseconds in repetition 115
tcp_ping received 65536 bytes back
Round trip time was 0.235433 milliseconds in repetition 116
tcp_ping received 65536 bytes back
Round trip time was 0.218989 milliseconds in repetition 117
tcp_ping received 65536 bytes back
Round trip time was 0.217145 milliseconds in repetition 118
tcp_ping received 65536 bytes back
Round trip time was 0.213315 milliseconds in repetition 119
tcp_ping received 65536 bytes back
Round trip time was 0.214071 milliseconds in repetition 120
tcp_ping received 65536 bytes back
Round trip time was 0.227994 milliseconds in repetition 121
tcp_ping received 65536 bytes back
Round trip time was 0.214699 milliseconds in repetition 122
tcp_ping received 65536 bytes back
Round trip time was 0.212319 milliseconds in repetition 123
tcp_ping received 65536 bytes back
Round trip time was 0.210577 milliseconds in repetition 124
tcp_ping received 65536 bytes back
Round trip time was 0.210373 milliseconds in repetition 125
tcp_ping received 65536 bytes back
Round trip time was 0.210159 milliseconds in repetition 126
tcp_ping received 65536 bytes back
Round trip time was 0.211004 milliseconds in repetition 127
tcp_ping received 65536 bytes back
Round trip time was 0.211072 milliseconds in repetition 128
tcp_ping received 65536 bytes back
Round trip time was 0.210695 milliseconds in repetition 129
tcp_ping received 65536 bytes back
Round trip time was 0.212103 milliseconds in repetition 130
tcp_ping received 65536 bytes back
Round trip time was 0.210881 milliseconds in repetition 131
tcp_ping received 65536 bytes back
Round trip time was 0.210542 milliseconds in repetition 132
tcp_ping received 65536 bytes back
Round trip time was 0.21037 milliseconds in repetition 133
tcp_ping received 65536 bytes back
Round trip time was 0.210885 milliseconds in repetition 134
tcp_ping received 65536 bytes back
Round trip time was 0.213011 milliseconds in repetition 135
tcp_ping received 65536 bytes back
Round trip time was 0.218139 milliseconds in repetition 136
tcp_ping received 65536 bytes back
Round trip time was 0.213895 milliseconds in repetition 137
tcp_ping received 65536 bytes back
Round trip time was 0.212558 milliseconds in repetition 138
tcp_ping received 65536 bytes back
Round trip time was 0.211203 milliseconds in repetition 139
tcp_ping received 65536 bytes back
Round trip time was 0.210446 milliseconds in repetition 140
tcp_ping received 65536 bytes back
Round trip time was 0.210413 milliseconds in repetition 141
tcp_ping received 65536 bytes back
Round trip time was 0.211111 milliseconds in repetition 142
tcp_ping received 65536 bytes back
Round trip time was 0.211061 milliseconds in repetition 143
tcp_ping received 65536 bytes back
Round trip time was 0.211027 milliseconds in repetition 144
tcp_ping received 65536 bytes back
Round trip time was 0.210597 milliseconds in repetition 145
tcp_ping received 65536 bytes back
Round trip time was 0.211094 milliseconds in repetition 146
tcp_ping received 65536 bytes back
Round trip time was 0.210854 milliseconds in repetition 147
tcp_ping received 65536 bytes back
Round trip time was 0.210421 milliseconds in repetition 148
tcp_ping received 65536 bytes back
Round trip time was 0.210233 milliseconds in repetition 149
tcp_ping received 65536 bytes back
Round trip time was 0.211225 milliseconds in repetition 150
tcp_ping received 65536 bytes back
Round trip time was 0.210561 milliseconds in repetition 151
tcp_ping received 65536 bytes back
Round trip time was 0.212489 milliseconds in repetition 152
tcp_ping received 65536 bytes back
Round trip time was 0.212237 milliseconds in repetition 153
tcp_ping received 65536 bytes back
Round trip time was 0.214705 milliseconds in repetition 154
tcp_ping received 65536 bytes back
Round trip time was 0.21286 milliseconds in repetition 155
tcp_ping received 65536 bytes back
Round trip time was 0.212098 milliseconds in repetition 156
tcp_ping received 65536 bytes back
Round trip time was 0.210645 milliseconds in repetition 157
tcp_ping received 65536 bytes back
Round trip time was 0.210639 milliseconds in repetition 158
tcp_ping received 65536 bytes back
Round trip time was 0.211224 milliseconds in repetition 159
tcp_ping received 65536 bytes back
Round trip time was 0.210228 milliseconds in repetition 160
tcp_ping received 65536 bytes back
Round trip time was 0.210038 milliseconds in repetition 161
tcp_ping received 65536 bytes back
Round trip time was 0.210427 milliseconds in repetition 162
tcp_ping received 65536 bytes back
Round trip time was 0.210954 milliseconds in repetition 163
tcp_ping received 65536 bytes back
Round trip time was 0.210556 milliseconds in repetition 164
tcp_ping received 65536 bytes back
Round trip time was 0.210007 milliseconds in repetition 165
tcp_ping received 65536 bytes back
Round trip time was 0.210699 milliseconds in repetition 166
tcp_ping received 65536 bytes back
Round trip time was 0.210723 milliseconds in repetition 167
tcp_ping received 65536 bytes back
Round trip time was 0.21047 milliseconds in repetition 168
tcp_ping received 65536 bytes back
Round trip time was 0.210271 milliseconds in repetition 169
tcp_ping received 65536 bytes back
Round trip time was 0.210856 milliseconds in repetition 170
tcp_ping received 65536 bytes back
Round trip time was 0.211278 milliseconds in repetition 171
tcp_ping received 65536 bytes back
Round trip time was 0.212105 milliseconds in repetition 172
tcp_ping received 65536 bytes back
Round trip time was 0.228881 milliseconds in repetition 173
tcp_ping received 65536 bytes back
Round trip time was 0.212397 milliseconds in repetition 174
tcp_ping received 65536 bytes back
Round trip time was 0.211394 milliseconds in repetition 175
tcp_ping received 65536 bytes back
Round trip time was 0.210438 milliseconds in repetition 176
tcp_ping received 65536 bytes back
Round trip time was 0.210741 milliseconds in repetition 177
tcp_ping received 65536 bytes back
Round trip time was 0.210876 milliseconds in repetition 178
tcp_ping received 65536 bytes back
Round trip time was 0.211002 milliseconds in repetition 179
tcp_ping received 65536 bytes back
Round trip time was 0.210493 milliseconds in repetition 180
tcp_ping received 65536 bytes back
Round trip time was 0.210451 milliseconds in repetition 181
tcp_ping received 65536 bytes back
Round trip time was 0.214844 milliseconds in repetition 182
tcp_ping received 65536 bytes back
Round trip time was 0.212681 milliseconds in repetition 183
tcp_ping received 65536 bytes back
Round trip time was 0.210937 milliseconds in repetition 184
tcp_ping received 65536 bytes back
Round trip time was 0.248158 milliseconds in repetition 185
tcp_ping received 65536 bytes back
Round trip time was 0.237892 milliseconds in repetition 186
tcp_ping received 65536 bytes back
Round trip time was 0.246223 milliseconds in repetition 187
tcp_ping received 65536 bytes back
Round trip time was 0.246397 milliseconds in repetition 188
tcp_ping received 65536 bytes back
Round trip time was 0.246016 milliseconds in repetition 189
tcp_ping received 65536 bytes back
Round trip time was 0.216676 milliseconds in repetition 190
tcp_ping received 65536 bytes back
Round trip time was 0.253889 milliseconds in repetition 191
tcp_ping received 65536 bytes back
Round trip time was 0.249583 milliseconds in repetition 192
tcp_ping received 65536 bytes back
Round trip time was 0.246009 milliseconds in repetition 193
tcp_ping received 65536 bytes back
Round trip time was 0.214051 milliseconds in repetition 194
tcp_ping received 65536 bytes back
Round trip time was 0.21707 milliseconds in repetition 195
tcp_ping received 65536 bytes back
Round trip time was 0.214319 milliseconds in repetition 196
tcp_ping received 65536 bytes back
Round trip time was 0.222327 milliseconds in repetition 197
tcp_ping received 65536 bytes back
Round trip time was 0.21097 milliseconds in repetition 198
tcp_ping received 65536 bytes back
Round trip time was 0.210754 milliseconds in repetition 199
tcp_ping received 65536 bytes back
Round trip time was 0.210593 milliseconds in repetition 200
tcp_ping received 65536 bytes back
Round trip time was 0.211205 milliseconds in repetition 201
tcp_ping received 65536 bytes back
Round trip time was 0.212743 milliseconds in repetition 202
tcp_ping received 65536 bytes back
Round trip time was 0.212518 milliseconds in repetition 203
tcp_ping received 65536 bytes back
Round trip time was 0.210906 milliseconds in repetition 204
tcp_ping received 65536 bytes back
Round trip time was 0.210527 milliseconds in repetition 205
tcp_ping received 65536 bytes back
Round trip time was 0.210558 milliseconds in repetition 206
tcp_ping received 65536 bytes back
Round trip time was 0.211102 milliseconds in repetition 207
tcp_ping received 65536 bytes back
Round trip time was 0.210482 milliseconds in repetition 208
tcp_ping received 65536 bytes back
Round trip time was 0.216811 milliseconds in repetition 209
tcp_ping received 65536 bytes back
Round trip time was 0.211357 milliseconds in repetition 210
tcp_ping received 65536 bytes back
Round trip time was 0.210767 milliseconds in repetition 211
tcp_ping received 65536 bytes back
Round trip time was 0.21057 milliseconds in repetition 212
tcp_ping received 65536 bytes back
Round trip time was 0.210683 milliseconds in repetition 213
tcp_ping received 65536 bytes back
Round trip time was 0.210951 milliseconds in repetition 214
tcp_ping received 65536 bytes back
Round trip time was 0.211014 milliseconds in repetition 215
tcp_ping received 65536 bytes back
Round trip time was 0.210478 milliseconds in repetition 216
tcp_ping received 65536 bytes back
Round trip time was 0.211438 milliseconds in repetition 217
tcp_ping received 65536 bytes back
Round trip time was 0.211166 milliseconds in repetition 218
tcp_ping received 65536 bytes back
Round trip time was 0.218473 milliseconds in repetition 219
tcp_ping received 65536 bytes back
Round trip time was 0.231876 milliseconds in repetition 220
tcp_ping received 65536 bytes back
Round trip time was 0.223654 milliseconds in repetition 221
tcp_ping received 65536 bytes back
Round trip time was 0.222771 milliseconds in repetition 222
tcp_ping received 65536 bytes back
Round trip time was 0.239251 milliseconds in repetition 223
tcp_ping received 65536 bytes back
Round trip time was 0.222797 milliseconds in repetition 224
tcp_ping received 65536 bytes back
Round trip time was 0.220688 milliseconds in repetition 225
tcp_ping received 65536 bytes back
Round trip time was 0.223048 milliseconds in repetition 226
tcp_ping received 65536 bytes back
Round trip time was 0.231679 milliseconds in repetition 227
tcp_ping received 65536 bytes back
Round trip time was 0.224718 milliseconds in repetition 228
tcp_ping received 65536 bytes back
Round trip time was 0.221613 milliseconds in repetition 229
tcp_ping received 65536 bytes back
Round trip time was 0.222359 milliseconds in repetition 230
tcp_ping received 65536 bytes back
Round trip time was 0.331538 milliseconds in repetition 231
tcp_ping received 65536 bytes back
Round trip time was 0.238979 milliseconds in repetition 232
tcp_ping received 65536 bytes back
Round trip time was 0.212419 milliseconds in repetition 233
tcp_ping received 65536 bytes back
Round trip time was 0.210892 milliseconds in repetition 234
tcp_ping received 65536 bytes back
Round trip time was 0.241519 milliseconds in repetition 235
tcp_ping received 65536 bytes back
Round trip time was 0.212678 milliseconds in repetition 236
tcp_ping received 65536 bytes back
Round trip time was 0.211118 milliseconds in repetition 237
tcp_ping received 65536 bytes back
Round trip time was 0.210315 milliseconds in repetition 238
tcp_ping received 65536 bytes back
Round trip time was 0.230661 milliseconds in repetition 239
tcp_ping received 65536 bytes back
Round trip time was 0.210931 milliseconds in repetition 240
tcp_ping received 65536 bytes back
Round trip time was 0.21025 milliseconds in repetition 241
tcp_ping received 65536 bytes back
Round trip time was 0.210632 milliseconds in repetition 242
tcp_ping received 65536 bytes back
Round trip time was 0.210536 milliseconds in repetition 243
tcp_ping received 65536 bytes back
Round trip time was 0.218075 milliseconds in repetition 244
tcp_ping received 65536 bytes back
Round trip time was 0.211963 milliseconds in repetition 245
tcp_ping received 65536 bytes back
Round trip time was 0.233823 milliseconds in repetition 246
tcp_ping received 65536 bytes back
Round trip time was 0.299022 milliseconds in repetition 247
tcp_ping received 65536 bytes back
Round trip time was 0.241349 milliseconds in repetition 248
tcp_ping received 65536 bytes back
Round trip time was 0.212534 milliseconds in repetition 249
tcp_ping received 65536 bytes back
Round trip time was 0.211813 milliseconds in repetition 250
tcp_ping received 65536 bytes back
Round trip time was 0.255768 milliseconds in repetition 251
tcp_ping received 65536 bytes back
Round trip time was 0.248825 milliseconds in repetition 252
tcp_ping received 65536 bytes back
Round trip time was 0.293321 milliseconds in repetition 253
tcp_ping received 65536 bytes back
Round trip time was 0.215623 milliseconds in repetition 254
tcp_ping received 65536 bytes back
Round trip time was 0.212595 milliseconds in repetition 255
tcp_ping received 65536 bytes back
Round trip time was 0.21064 milliseconds in repetition 256
tcp_ping received 65536 bytes back
Round trip time was 0.210437 milliseconds in repetition 257
tcp_ping received 65536 bytes back
Round trip time was 0.214226 milliseconds in repetition 258
tcp_ping received 65536 bytes back
Round trip time was 0.215415 milliseconds in repetition 259
tcp_ping received 65536 bytes back
Round trip time was 0.248033 milliseconds in repetition 260
tcp_ping received 65536 bytes back
Round trip time was 0.251605 milliseconds in repetition 261
tcp_ping received 65536 bytes back
Round trip time was 0.214923 milliseconds in repetition 262
tcp_ping received 65536 bytes back
Round trip time was 0.211542 milliseconds in repetition 263
tcp_ping received 65536 bytes back
Round trip time was 0.210481 milliseconds in repetition 264
tcp_ping received 65536 bytes back
Round trip time was 0.210934 milliseconds in repetition 265
tcp_ping received 65536 bytes back
Round trip time was 0.212403 milliseconds in repetition 266
tcp_ping received 65536 bytes back
Round trip time was 0.21179 milliseconds in repetition 267
tcp_ping received 65536 bytes back
Round trip time was 0.210081 milliseconds in repetition 268
tcp_ping received 65536 bytes back
Round trip time was 0.210451 milliseconds in repetition 269
tcp_ping received 65536 bytes back
Round trip time was 0.211108 milliseconds in repetition 270
tcp_ping received 65536 bytes back
Round trip time was 0.305086 milliseconds in repetition 271
tcp_ping received 65536 bytes back
Round trip time was 0.320134 milliseconds in repetition 272
tcp_ping received 65536 bytes back
Round trip time was 0.28309 milliseconds in repetition 273
tcp_ping received 65536 bytes back
Round trip time was 0.225641 milliseconds in repetition 274
tcp_ping received 65536 bytes back
Round trip time was 0.230189 milliseconds in repetition 275
tcp_ping received 65536 bytes back
Round trip time was 0.244609 milliseconds in repetition 276
tcp_ping received 65536 bytes back
Round trip time was 0.213331 milliseconds in repetition 277
tcp_ping received 65536 bytes back
Round trip time was 0.250051 milliseconds in repetition 278
tcp_ping received 65536 bytes back
Round trip time was 0.246143 milliseconds in repetition 279
tcp_ping received 65536 bytes back
Round trip time was 0.246862 milliseconds in repetition 280
tcp_ping received 65536 bytes back
Round trip time was 0.213149 milliseconds in repetition 281
tcp_ping received 65536 bytes back
Round trip time was 0.210176 milliseconds in repetition 282
tcp_ping received 65536 bytes back
Round trip time was 0.258796 milliseconds in repetition 283
tcp_ping received 65536 bytes back
Round trip time was 0.24674 milliseconds in repetition 284
tcp_ping received 65536 bytes back
Round trip time was 0.24551 milliseconds in repetition 285
tcp_ping received 65536 bytes back
Round trip time was 0.212832 milliseconds in repetition 286
tcp_ping received 65536 bytes back
Round trip time was 0.211276 milliseconds in repetition 287
tcp_ping received 65536 bytes back
Round trip time was 0.247868 milliseconds in repetition 288
tcp_ping received 65536 bytes back
Round trip time was 0.247671 milliseconds in repetition 289
tcp_ping received 65536 bytes back
Round trip time was 0.213399 milliseconds in repetition 290
tcp_ping received 65536 bytes back
Round trip time was 0.210706 milliseconds in repetition 291
tcp_ping received 65536 bytes back
Round trip time was 0.211241 milliseconds in repetition 292
tcp_ping received 65536 bytes back
Round trip time was 0.210527 milliseconds in repetition 293
tcp_ping received 65536 bytes back
Round trip time was 0.210115 milliseconds in repetition 294
tcp_ping received 65536 bytes back
Round trip time was 0.251136 milliseconds in repetition 295
tcp_ping received 65536 bytes back
Round trip time was 0.246146 milliseconds in repetition 296
tcp_ping received 65536 bytes back
Round trip time was 0.213534 milliseconds in repetition 297
tcp_ping received 65536 bytes back
Round trip time was 0.210539 milliseconds in repetition 298
tcp_ping received 65536 bytes back
Round trip time was 0.210344 milliseconds in repetition 299
tcp_ping received 65536 bytes back
Round trip time was 0.210579 milliseconds in repetition 300
tcp_ping received 65536 bytes back
Round trip time was 0.210404 milliseconds in repetition 301
tcp_ping received 65536 bytes back
Round trip time was 0.209778 milliseconds in repetition 302
tcp_ping received 65536 bytes back
Round trip time was 0.212003 milliseconds in repetition 303
tcp_ping received 65536 bytes back
Round trip time was 0.210516 milliseconds in repetition 304
tcp_ping received 65536 bytes back
Round trip time was 0.210308 milliseconds in repetition 305
tcp_ping received 65536 bytes back
Round trip time was 0.210015 milliseconds in repetition 306
tcp_ping received 65536 bytes back
Round trip time was 0.210354 milliseconds in repetition 307
tcp_ping received 65536 bytes back
Round trip time was 0.21041 milliseconds in repetition 308
tcp_ping received 65536 bytes back
Round trip time was 0.210181 milliseconds in repetition 309
tcp_ping received 65536 bytes back
Round trip time was 0.209924 milliseconds in repetition 310
tcp_ping received 65536 bytes back
Round trip time was 0.210866 milliseconds in repetition 311
tcp_ping received 65536 bytes back
Round trip time was 0.210328 milliseconds in repetition 312
tcp_ping received 65536 bytes back
Round trip time was 0.210029 milliseconds in repetition 313
tcp_ping received 65536 bytes back
Round trip time was 0.262109 milliseconds in repetition 314
tcp_ping received 65536 bytes back
Round trip time was 0.316699 milliseconds in repetition 315
tcp_ping received 65536 bytes back
Round trip time was 0.306328 milliseconds in repetition 316
tcp_ping received 65536 bytes back
Round trip time was 0.213038 milliseconds in repetition 317
tcp_ping received 65536 bytes back
Round trip time was 0.210688 milliseconds in repetition 318
tcp_ping received 65536 bytes back
Round trip time was 0.209774 milliseconds in repetition 319
tcp_ping received 65536 bytes back
Round trip time was 0.209665 milliseconds in repetition 320
tcp_ping received 65536 bytes back
Round trip time was 0.210361 milliseconds in repetition 321
tcp_ping received 65536 bytes back
Round trip time was 0.21007 milliseconds in repetition 322
tcp_ping received 65536 bytes back
Round trip time was 0.209828 milliseconds in repetition 323
tcp_ping received 65536 bytes back
Round trip time was 0.218585 milliseconds in repetition 324
tcp_ping received 65536 bytes back
Round trip time was 0.21136 milliseconds in repetition 325
tcp_ping received 65536 bytes back
Round trip time was 0.212219 milliseconds in repetition 326
tcp_ping received 65536 bytes back
Round trip time was 0.211279 milliseconds in repetition 327
tcp_ping received 65536 bytes back
Round trip time was 0.209869 milliseconds in repetition 328
tcp_ping received 65536 bytes back
Round trip time was 0.210443 milliseconds in repetition 329
tcp_ping received 65536 bytes back
Round trip time was 0.210103 milliseconds in repetition 330
tcp_ping received 65536 bytes back
Round trip time was 0.224615 milliseconds in repetition 331
tcp_ping received 65536 bytes back
Round trip time was 0.21257 milliseconds in repetition 332
tcp_ping received 65536 bytes back
Round trip time was 0.210137 milliseconds in repetition 333
tcp_ping received 65536 bytes back
Round trip time was 0.209906 milliseconds in repetition 334
tcp_ping received 65536 bytes back
Round trip time was 0.209575 milliseconds in repetition 335
tcp_ping received 65536 bytes back
Round trip time was 0.210376 milliseconds in repetition 336
tcp_ping received 65536 bytes back
Round trip time was 0.210051 milliseconds in repetition 337
tcp_ping received 65536 bytes back
Round trip time was 0.209645 milliseconds in repetition 338
tcp_ping received 65536 bytes back
Round trip time was 0.209761 milliseconds in repetition 339
tcp_ping received 65536 bytes back
Round trip time was 0.210623 milliseconds in repetition 340
tcp_ping received 65536 bytes back
Round trip time was 0.21 milliseconds in repetition 341
tcp_ping received 65536 bytes back
Round trip time was 0.209948 milliseconds in repetition 342
tcp_ping received 65536 bytes back
Round trip time was 0.209671 milliseconds in repetition 343
tcp_ping received 65536 bytes back
Round trip time was 0.210822 milliseconds in repetition 344
tcp_ping received 65536 bytes back
Round trip time was 0.210605 milliseconds in repetition 345
tcp_ping received 65536 bytes back
Round trip time was 0.210801 milliseconds in repetition 346
tcp_ping received 65536 bytes back
Round trip time was 0.21046 milliseconds in repetition 347
tcp_ping received 65536 bytes back
Round trip time was 0.210586 milliseconds in repetition 348
tcp_ping received 65536 bytes back
Round trip time was 0.210028 milliseconds in repetition 349
tcp_ping received 65536 bytes back
Round trip time was 0.213842 milliseconds in repetition 350
tcp_ping received 65536 bytes back
Round trip time was 0.210935 milliseconds in repetition 351
tcp_ping received 65536 bytes back
Round trip time was 0.209286 milliseconds in repetition 352
tcp_ping received 65536 bytes back
Round trip time was 0.209365 milliseconds in repetition 353
tcp_ping received 65536 bytes back
Round trip time was 0.20909 milliseconds in repetition 354
tcp_ping received 65536 bytes back
Round trip time was 0.20972 milliseconds in repetition 355
tcp_ping received 65536 bytes back
Round trip time was 0.209416 milliseconds in repetition 356
tcp_ping received 65536 bytes back
Round trip time was 0.209118 milliseconds in repetition 357
tcp_ping received 65536 bytes back
Round trip time was 0.208935 milliseconds in repetition 358
tcp_ping received 65536 bytes back
Round trip time was 0.210156 milliseconds in repetition 359
tcp_ping received 65536 bytes back
Round trip time was 0.254713 milliseconds in repetition 360
tcp_ping received 65536 bytes back
Round trip time was 0.257152 milliseconds in repetition 361
tcp_ping received 65536 bytes back
Round trip time was 0.211002 milliseconds in repetition 362
tcp_ping received 65536 bytes back
Round trip time was 0.210401 milliseconds in repetition 363
tcp_ping received 65536 bytes back
Round trip time was 0.210097 milliseconds in repetition 364
tcp_ping received 65536 bytes back
Round trip time was 0.209501 milliseconds in repetition 365
tcp_ping received 65536 bytes back
Round trip time was 0.20949 milliseconds in repetition 366
tcp_ping received 65536 bytes back
Round trip time was 0.210079 milliseconds in repetition 367
tcp_ping received 65536 bytes back
Round trip time was 0.215471 milliseconds in repetition 368
tcp_ping received 65536 bytes back
Round trip time was 0.211224 milliseconds in repetition 369
tcp_ping received 65536 bytes back
Round trip time was 0.210673 milliseconds in repetition 370
tcp_ping received 65536 bytes back
Round trip time was 0.210728 milliseconds in repetition 371
tcp_ping received 65536 bytes back
Round trip time was 0.229801 milliseconds in repetition 372
tcp_ping received 65536 bytes back
Round trip time was 0.288772 milliseconds in repetition 373
tcp_ping received 65536 bytes back
Round trip time was 0.249845 milliseconds in repetition 374
tcp_ping received 65536 bytes back
Round trip time was 0.212018 milliseconds in repetition 375
tcp_ping received 65536 bytes back
Round trip time was 0.211115 milliseconds in repetition 376
tcp_ping received 65536 bytes back
Round trip time was 0.210525 milliseconds in repetition 377
tcp_ping received 65536 bytes back
Round trip time was 0.210829 milliseconds in repetition 378
tcp_ping received 65536 bytes back
Round trip time was 0.221275 milliseconds in repetition 379
tcp_ping received 65536 bytes back
Round trip time was 0.210353 milliseconds in repetition 380
tcp_ping received 65536 bytes back
Round trip time was 0.210225 milliseconds in repetition 381
tcp_ping received 65536 bytes back
Round trip time was 0.210545 milliseconds in repetition 382
tcp_ping received 65536 bytes back
Round trip time was 0.2109 milliseconds in repetition 383
tcp_ping received 65536 bytes back
Round trip time was 0.210532 milliseconds in repetition 384
tcp_ping received 65536 bytes back
Round trip time was 0.210527 milliseconds in repetition 385
tcp_ping received 65536 bytes back
Round trip time was 0.216947 milliseconds in repetition 386
tcp_ping received 65536 bytes back
Round trip time was 0.211507 milliseconds in repetition 387
tcp_ping received 65536 bytes back
Round trip time was 0.210002 milliseconds in repetition 388
tcp_ping received 65536 bytes back
Round trip time was 0.210882 milliseconds in repetition 389
tcp_ping received 65536 bytes back
Round trip time was 0.209838 milliseconds in repetition 390
tcp_ping received 65536 bytes back
Round trip time was 0.209389 milliseconds in repetition 391
tcp_ping received 65536 bytes back
Round trip time was 0.209415 milliseconds in repetition 392
tcp_ping received 65536 bytes back
Round trip time was 0.209706 milliseconds in repetition 393
tcp_ping received 65536 bytes back
Round trip time was 0.210185 milliseconds in repetition 394
tcp_ping received 65536 bytes back
Round trip time was 0.210223 milliseconds in repetition 395
tcp_ping received 65536 bytes back
Round trip time was 0.210136 milliseconds in repetition 396
tcp_ping received 65536 bytes back
Round trip time was 0.215093 milliseconds in repetition 397
tcp_ping received 65536 bytes back
Round trip time was 0.211413 milliseconds in repetition 398
tcp_ping received 65536 bytes back
Round trip time was 0.209887 milliseconds in repetition 399
tcp_ping received 65536 bytes back
Round trip time was 0.209965 milliseconds in repetition 400
tcp_ping received 65536 bytes back
Round trip time was 0.210355 milliseconds in repetition 401
tcp_ping received 65536 bytes back
Round trip time was 0.210665 milliseconds in repetition 402
tcp_ping received 65536 bytes back
Round trip time was 0.211096 milliseconds in repetition 403
tcp_ping received 65536 bytes back
Round trip time was 0.21052 milliseconds in repetition 404
tcp_ping received 65536 bytes back
Round trip time was 0.214737 milliseconds in repetition 405
tcp_ping received 65536 bytes back
Round trip time was 0.258346 milliseconds in repetition 406
tcp_ping received 65536 bytes back
Round trip time was 0.314126 milliseconds in repetition 407
tcp_ping received 65536 bytes back
Round trip time was 0.325706 milliseconds in repetition 408
tcp_ping received 65536 bytes back
Round trip time was 0.213165 milliseconds in repetition 409
tcp_ping received 65536 bytes back
Round trip time was 0.210495 milliseconds in repetition 410
tcp_ping received 65536 bytes back
Round trip time was 0.214515 milliseconds in repetition 411
tcp_ping received 65536 bytes back
Round trip time was 0.217724 milliseconds in repetition 412
tcp_ping received 65536 bytes back
Round trip time was 0.215389 milliseconds in repetition 413
tcp_ping received 65536 bytes back
Round trip time was 0.210585 milliseconds in repetition 414
tcp_ping received 65536 bytes back
Round trip time was 0.20938 milliseconds in repetition 415
tcp_ping received 65536 bytes back
Round trip time was 0.209552 milliseconds in repetition 416
tcp_ping received 65536 bytes back
Round trip time was 0.210131 milliseconds in repetition 417
tcp_ping received 65536 bytes back
Round trip time was 0.209749 milliseconds in repetition 418
tcp_ping received 65536 bytes back
Round trip time was 0.209336 milliseconds in repetition 419
tcp_ping received 65536 bytes back
Round trip time was 0.209256 milliseconds in repetition 420
tcp_ping received 65536 bytes back
Round trip time was 0.209875 milliseconds in repetition 421
tcp_ping received 65536 bytes back
Round trip time was 0.214538 milliseconds in repetition 422
tcp_ping received 65536 bytes back
Round trip time was 0.209981 milliseconds in repetition 423
tcp_ping received 65536 bytes back
Round trip time was 0.20955 milliseconds in repetition 424
tcp_ping received 65536 bytes back
Round trip time was 0.2091 milliseconds in repetition 425
tcp_ping received 65536 bytes back
Round trip time was 0.209108 milliseconds in repetition 426
tcp_ping received 65536 bytes back
Round trip time was 0.20894 milliseconds in repetition 427
tcp_ping received 65536 bytes back
Round trip time was 0.209899 milliseconds in repetition 428
tcp_ping received 65536 bytes back
Round trip time was 0.209236 milliseconds in repetition 429
tcp_ping received 65536 bytes back
Round trip time was 0.220695 milliseconds in repetition 430
tcp_ping received 65536 bytes back
Round trip time was 0.209572 milliseconds in repetition 431
tcp_ping received 65536 bytes back
Round trip time was 0.210796 milliseconds in repetition 432
tcp_ping received 65536 bytes back
Round trip time was 0.20961 milliseconds in repetition 433
tcp_ping received 65536 bytes back
Round trip time was 0.209008 milliseconds in repetition 434
tcp_ping received 65536 bytes back
Round trip time was 0.209278 milliseconds in repetition 435
tcp_ping received 65536 bytes back
Round trip time was 0.209443 milliseconds in repetition 436
tcp_ping received 65536 bytes back
Round trip time was 0.209227 milliseconds in repetition 437
tcp_ping received 65536 bytes back
Round trip time was 0.209315 milliseconds in repetition 438
tcp_ping received 65536 bytes back
Round trip time was 0.2095 milliseconds in repetition 439
tcp_ping received 65536 bytes back
Round trip time was 0.209709 milliseconds in repetition 440
tcp_ping received 65536 bytes back
Round trip time was 0.216312 milliseconds in repetition 441
tcp_ping received 65536 bytes back
Round trip time was 0.209946 milliseconds in repetition 442
tcp_ping received 65536 bytes back
Round trip time was 0.209944 milliseconds in repetition 443
tcp_ping received 65536 bytes back
Round trip time was 0.208944 milliseconds in repetition 444
tcp_ping received 65536 bytes back
Round trip time was 0.208801 milliseconds in repetition 445
tcp_ping received 65536 bytes back
Round trip time was 0.209157 milliseconds in repetition 446
tcp_ping received 65536 bytes back
Round trip time was 0.209557 milliseconds in repetition 447
tcp_ping received 65536 bytes back
Round trip time was 0.229148 milliseconds in repetition 448
tcp_ping received 65536 bytes back
Round trip time was 0.283293 milliseconds in repetition 449
tcp_ping received 65536 bytes back
Round trip time was 0.212008 milliseconds in repetition 450
tcp_ping received 65536 bytes back
Round trip time was 0.239969 milliseconds in repetition 451
tcp_ping received 65536 bytes back
Round trip time was 0.315065 milliseconds in repetition 452
tcp_ping received 65536 bytes back
Round trip time was 0.311288 milliseconds in repetition 453
tcp_ping received 65536 bytes back
Round trip time was 0.212361 milliseconds in repetition 454
tcp_ping received 65536 bytes back
Round trip time was 0.211312 milliseconds in repetition 455
tcp_ping received 65536 bytes back
Round trip time was 0.210119 milliseconds in repetition 456
tcp_ping received 65536 bytes back
Round trip time was 0.210004 milliseconds in repetition 457
tcp_ping received 65536 bytes back
Round trip time was 0.218344 milliseconds in repetition 458
tcp_ping received 65536 bytes back
Round trip time was 0.21097 milliseconds in repetition 459
tcp_ping received 65536 bytes back
Round trip time was 0.210199 milliseconds in repetition 460
tcp_ping received 65536 bytes back
Round trip time was 0.209977 milliseconds in repetition 461
tcp_ping received 65536 bytes back
Round trip time was 0.209884 milliseconds in repetition 462
tcp_ping received 65536 bytes back
Round trip time was 0.209617 milliseconds in repetition 463
tcp_ping received 65536 bytes back
Round trip time was 0.20927 milliseconds in repetition 464
tcp_ping received 65536 bytes back
Round trip time was 0.209559 milliseconds in repetition 465
tcp_ping received 65536 bytes back
Round trip time was 0.209834 milliseconds in repetition 466
tcp_ping received 65536 bytes back
Round trip time was 0.209458 milliseconds in repetition 467
tcp_ping received 65536 bytes back
Round trip time was 0.209473 milliseconds in repetition 468
tcp_ping received 65536 bytes back
Round trip time was 0.209901 milliseconds in repetition 469
tcp_ping received 65536 bytes back
Round trip time was 0.209509 milliseconds in repetition 470
tcp_ping received 65536 bytes back
Round trip time was 0.209394 milliseconds in repetition 471
tcp_ping received 65536 bytes back
Round trip time was 0.209369 milliseconds in repetition 472
tcp_ping received 65536 bytes back
Round trip time was 0.209486 milliseconds in repetition 473
tcp_ping received 65536 bytes back
Round trip time was 0.210148 milliseconds in repetition 474
tcp_ping received 65536 bytes back
Round trip time was 0.209443 milliseconds in repetition 475
tcp_ping received 65536 bytes back
Round trip time was 0.210571 milliseconds in repetition 476
tcp_ping received 65536 bytes back
Round trip time was 0.218618 milliseconds in repetition 477
tcp_ping received 65536 bytes back
Round trip time was 0.212507 milliseconds in repetition 478
tcp_ping received 65536 bytes back
Round trip time was 0.210393 milliseconds in repetition 479
tcp_ping received 65536 bytes back
Round trip time was 0.210089 milliseconds in repetition 480
tcp_ping received 65536 bytes back
Round trip time was 0.209591 milliseconds in repetition 481
tcp_ping received 65536 bytes back
Round trip time was 0.209204 milliseconds in repetition 482
tcp_ping received 65536 bytes back
Round trip time was 0.20943 milliseconds in repetition 483
tcp_ping received 65536 bytes back
Round trip time was 0.209978 milliseconds in repetition 484
tcp_ping received 65536 bytes back
Round trip time was 0.219681 milliseconds in repetition 485
tcp_ping received 65536 bytes back
Round trip time was 0.209443 milliseconds in repetition 486
tcp_ping received 65536 bytes back
Round trip time was 0.209105 milliseconds in repetition 487
tcp_ping received 65536 bytes back
Round trip time was 0.209878 milliseconds in repetition 488
tcp_ping received 65536 bytes back
Round trip time was 0.209336 milliseconds in repetition 489
tcp_ping received 65536 bytes back
Round trip time was 0.209234 milliseconds in repetition 490
tcp_ping received 65536 bytes back
Round trip time was 0.209204 milliseconds in repetition 491
tcp_ping received 65536 bytes back
Round trip time was 0.209821 milliseconds in repetition 492
tcp_ping received 65536 bytes back
Round trip time was 0.209596 milliseconds in repetition 493
tcp_ping received 65536 bytes back
Round trip time was 0.209183 milliseconds in repetition 494
tcp_ping received 65536 bytes back
Round trip time was 0.208835 milliseconds in repetition 495
tcp_ping received 65536 bytes back
Round trip time was 0.216006 milliseconds in repetition 496
tcp_ping received 65536 bytes back
Round trip time was 0.267906 milliseconds in repetition 497
tcp_ping received 65536 bytes back
Round trip time was 0.250841 milliseconds in repetition 498
tcp_ping received 65536 bytes back
Round trip time was 0.210255 milliseconds in repetition 499
tcp_ping received 65536 bytes back
Round trip time was 0.210947 milliseconds in repetition 500
tcp_ping received 65536 bytes back
Round trip time was 0.211934 milliseconds in repetition 501

 ... clock resolution was 1e-06
TCP Ping:  Statistics over 501 repetitions of 65536 byte messages

RTT : percentile 10: 0.209596, median: 0.211143, percentile 90: 0.250667, average: 0.222382, variance: 0.000614317

RTT histogram:
0.2088 308
0.216684 71
0.224567 21
0.23245 11
0.240333 12
0.248216 32
0.256099 11
0.263982 5
0.271865 0
0.279748 8
0.287631 3
0.295514 4
0.303397 4
0.31128 3
0.319163 2
0.327046 3
0.334929 1
0.342812 0
0.350695 1
0.358578 0
0.366462 1

   median Throughput : 620774 KB/s   overall Throughput : 589400 KB/s

