TCP Ping trying to connect to server localhost (127.0.0.1) on port 1492
 ... connected to Pong server: asking for 501 repetitions of 12288 bytes TCP messages
 ... Pong server agreed:-)
tcp_ping received 12288 bytes back
Round trip time was 0.131962 milliseconds in repetition 1
tcp_ping received 12288 bytes back
Round trip time was 0.100823 milliseconds in repetition 2
tcp_ping received 12288 bytes back
Round trip time was 0.09736 milliseconds in repetition 3
tcp_ping received 12288 bytes back
Round trip time was 0.095534 milliseconds in repetition 4
tcp_ping received 12288 bytes back
Round trip time was 0.095084 milliseconds in repetition 5
tcp_ping received 12288 bytes back
Round trip time was 0.100634 milliseconds in repetition 6
tcp_ping received 12288 bytes back
Round trip time was 0.101139 milliseconds in repetition 7
tcp_ping received 12288 bytes back
Round trip time was 0.092547 milliseconds in repetition 8
tcp_ping received 12288 bytes back
Round trip time was 0.094305 milliseconds in repetition 9
tcp_ping received 12288 bytes back
Round trip time was 0.095876 milliseconds in repetition 10
tcp_ping received 12288 bytes back
Round trip time was 0.095452 milliseconds in repetition 11
tcp_ping received 12288 bytes back
Round trip time was 0.096787 milliseconds in repetition 12
tcp_ping received 12288 bytes back
Round trip time was 0.098393 milliseconds in repetition 13
tcp_ping received 12288 bytes back
Round trip time was 0.095348 milliseconds in repetition 14
tcp_ping received 12288 bytes back
Round trip time was 0.096686 milliseconds in repetition 15
tcp_ping received 12288 bytes back
Round trip time was 0.095393 milliseconds in repetition 16
tcp_ping received 12288 bytes back
Round trip time was 0.095189 milliseconds in repetition 17
tcp_ping received 12288 bytes back
Round trip time was 0.120548 milliseconds in repetition 18
tcp_ping received 12288 bytes back
Round trip time was 0.097602 milliseconds in repetition 19
tcp_ping received 12288 bytes back
Round trip time was 0.096571 milliseconds in repetition 20
tcp_ping received 12288 bytes back
Round trip time was 0.09581 milliseconds in repetition 21
tcp_ping received 12288 bytes back
Round trip time was 0.095841 milliseconds in repetition 22
tcp_ping received 12288 bytes back
Round trip time was 0.096445 milliseconds in repetition 23
tcp_ping received 12288 bytes back
Round trip time was 0.097793 milliseconds in repetition 24
tcp_ping received 12288 bytes back
Round trip time was 0.096588 milliseconds in repetition 25
tcp_ping received 12288 bytes back
Round trip time was 0.09565 milliseconds in repetition 26
tcp_ping received 12288 bytes back
Round trip time was 0.095183 milliseconds in repetition 27
tcp_ping received 12288 bytes back
Round trip time was 0.096996 milliseconds in repetition 28
tcp_ping received 12288 bytes back
Round trip time was 0.096847 milliseconds in repetition 29
tcp_ping received 12288 bytes back
Round trip time was 0.136003 milliseconds in repetition 30
tcp_ping received 12288 bytes back
Round trip time was 0.135221 milliseconds in repetition 31
tcp_ping received 12288 bytes back
Round trip time was 0.113261 milliseconds in repetition 32
tcp_ping received 12288 bytes back
Round trip time was 0.121988 milliseconds in repetition 33
tcp_ping received 12288 bytes back
Round trip time was 0.131915 milliseconds in repetition 34
tcp_ping received 12288 bytes back
Round trip time was 0.113056 milliseconds in repetition 35
tcp_ping received 12288 bytes back
Round trip time was 0.112389 milliseconds in repetition 36
tcp_ping received 12288 bytes back
Round trip time was 0.146249 milliseconds in repetition 37
tcp_ping received 12288 bytes back
Round trip time was 0.114142 milliseconds in repetition 38
tcp_ping received 12288 bytes back
Round trip time was 0.110638 milliseconds in repetition 39
tcp_ping received 12288 bytes back
Round trip time was 0.121914 milliseconds in repetition 40
tcp_ping received 12288 bytes back
Round trip time was 0.174065 milliseconds in repetition 41
tcp_ping received 12288 bytes back
Round trip time was 0.107471 milliseconds in repetition 42
tcp_ping received 12288 bytes back
Round trip time was 0.150881 milliseconds in repetition 43
tcp_ping received 12288 bytes back
Round trip time was 0.104617 milliseconds in repetition 44
tcp_ping received 12288 bytes back
Round trip time was 0.111974 milliseconds in repetition 45
tcp_ping received 12288 bytes back
Round trip time was 0.100147 milliseconds in repetition 46
tcp_ping received 12288 bytes back
Round trip time was 0.254585 milliseconds in repetition 47
tcp_ping received 12288 bytes back
Round trip time was 0.228594 milliseconds in repetition 48
tcp_ping received 12288 bytes back
Round trip time was 0.168499 milliseconds in repetition 49
tcp_ping received 12288 bytes back
Round trip time was 0.249699 milliseconds in repetition 50
tcp_ping received 12288 bytes back
Round trip time was 0.128632 milliseconds in repetition 51
tcp_ping received 12288 bytes back
Round trip time was 0.162309 milliseconds in repetition 52
tcp_ping received 12288 bytes back
Round trip time was 0.114518 milliseconds in repetition 53
tcp_ping received 12288 bytes back
Round trip time was 0.132199 milliseconds in repetition 54
tcp_ping received 12288 bytes back
Round trip time was 0.242274 milliseconds in repetition 55
tcp_ping received 12288 bytes back
Round trip time was 0.188099 milliseconds in repetition 56
tcp_ping received 12288 bytes back
Round trip time was 0.121695 milliseconds in repetition 57
tcp_ping received 12288 bytes back
Round trip time was 0.118189 milliseconds in repetition 58
tcp_ping received 12288 bytes back
Round trip time was 0.203951 milliseconds in repetition 59
tcp_ping received 12288 bytes back
Round trip time was 0.191996 milliseconds in repetition 60
tcp_ping received 12288 bytes back
Round trip time was 0.201596 milliseconds in repetition 61
tcp_ping received 12288 bytes back
Round trip time was 0.168714 milliseconds in repetition 62
tcp_ping received 12288 bytes back
Round trip time was 0.125764 milliseconds in repetition 63
tcp_ping received 12288 bytes back
Round trip time was 0.119914 milliseconds in repetition 64
tcp_ping received 12288 bytes back
Round trip time was 0.162939 milliseconds in repetition 65
tcp_ping received 12288 bytes back
Round trip time was 0.118272 milliseconds in repetition 66
tcp_ping received 12288 bytes back
Round trip time was 0.101592 milliseconds in repetition 67
tcp_ping received 12288 bytes back
Round trip time was 0.097513 milliseconds in repetition 68
tcp_ping received 12288 bytes back
Round trip time was 0.122511 milliseconds in repetition 69
tcp_ping received 12288 bytes back
Round trip time was 0.103008 milliseconds in repetition 70
tcp_ping received 12288 bytes back
Round trip time was 0.096657 milliseconds in repetition 71
tcp_ping received 12288 bytes back
Round trip time was 0.095668 milliseconds in repetition 72
tcp_ping received 12288 bytes back
Round trip time was 0.122749 milliseconds in repetition 73
tcp_ping received 12288 bytes back
Round trip time was 0.0973 milliseconds in repetition 74
tcp_ping received 12288 bytes back
Round trip time was 0.131273 milliseconds in repetition 75
tcp_ping received 12288 bytes back
Round trip time was 0.107181 milliseconds in repetition 76
tcp_ping received 12288 bytes back
Round trip time was 0.133842 milliseconds in repetition 77
tcp_ping received 12288 bytes back
Round trip time was 0.125738 milliseconds in repetition 78
tcp_ping received 12288 bytes back
Round trip time was 0.12426 milliseconds in repetition 79
tcp_ping received 12288 bytes back
Round trip time was 0.134613 milliseconds in repetition 80
tcp_ping received 12288 bytes back
Round trip time was 0.131267 milliseconds in repetition 81
tcp_ping received 12288 bytes back
Round trip time was 0.110672 milliseconds in repetition 82
tcp_ping received 12288 bytes back
Round trip time was 0.103289 milliseconds in repetition 83
tcp_ping received 12288 bytes back
Round trip time was 0.100939 milliseconds in repetition 84
tcp_ping received 12288 bytes back
Round trip time was 0.11423 milliseconds in repetition 85
tcp_ping received 12288 bytes back
Round trip time was 0.097902 milliseconds in repetition 86
tcp_ping received 12288 bytes back
Round trip time was 0.150525 milliseconds in repetition 87
tcp_ping received 12288 bytes back
Round trip time was 0.110266 milliseconds in repetition 88
tcp_ping received 12288 bytes back
Round trip time was 0.097524 milliseconds in repetition 89
tcp_ping received 12288 bytes back
Round trip time was 0.097268 milliseconds in repetition 90
tcp_ping received 12288 bytes back
Round trip time was 0.097901 milliseconds in repetition 91
tcp_ping received 12288 bytes back
Round trip time was 0.09587 milliseconds in repetition 92
tcp_ping received 12288 bytes back
Round trip time was 0.094781 milliseconds in repetition 93
tcp_ping received 12288 bytes back
Round trip time was 0.104644 milliseconds in repetition 94
tcp_ping received 12288 bytes back
Round trip time was 0.095327 milliseconds in repetition 95
tcp_ping received 12288 bytes back
Round trip time was 0.095378 milliseconds in repetition 96
tcp_ping received 12288 bytes back
Round trip time was 0.095844 milliseconds in repetition 97
tcp_ping received 12288 bytes back
Round trip time was 0.094937 milliseconds in repetition 98
tcp_ping received 12288 bytes back
Round trip time was 0.096089 milliseconds in repetition 99
tcp_ping received 12288 bytes back
Round trip time was 0.097323 milliseconds in repetition 100
tcp_ping received 12288 bytes back
Round trip time was 0.096637 milliseconds in repetition 101
tcp_ping received 12288 bytes back
Round trip time was 0.096057 milliseconds in repetition 102
tcp_ping received 12288 bytes back
Round trip time was 0.094762 milliseconds in repetition 103
tcp_ping received 12288 bytes back
Round trip time was 0.107678 milliseconds in repetition 104
tcp_ping received 12288 bytes back
Round trip time was 0.095502 milliseconds in repetition 105
tcp_ping received 12288 bytes back
Round trip time was 0.095675 milliseconds in repetition 106
tcp_ping received 12288 bytes back
Round trip time was 0.095252 milliseconds in repetition 107
tcp_ping received 12288 bytes back
Round trip time was 0.095585 milliseconds in repetition 108
tcp_ping received 12288 bytes back
Round trip time was 0.09567 milliseconds in repetition 109
tcp_ping received 12288 bytes back
Round trip time was 0.096162 milliseconds in repetition 110
tcp_ping received 12288 bytes back
Round trip time was 0.09497 milliseconds in repetition 111
tcp_ping received 12288 bytes back
Round trip time was 0.096979 milliseconds in repetition 112
tcp_ping received 12288 bytes back
Round trip time was 0.096787 milliseconds in repetition 113
tcp_ping received 12288 bytes back
Round trip time was 0.151776 milliseconds in repetition 114
tcp_ping received 12288 bytes back
Round trip time was 0.115381 milliseconds in repetition 115
tcp_ping received 12288 bytes back
Round trip time was 0.120992 milliseconds in repetition 116
tcp_ping received 12288 bytes back
Round trip time was 0.132016 milliseconds in repetition 117
tcp_ping received 12288 bytes back
Round trip time was 0.118261 milliseconds in repetition 118
tcp_ping received 12288 bytes back
Round trip time was 0.098422 milliseconds in repetition 119
tcp_ping received 12288 bytes back
Round trip time was 0.115528 milliseconds in repetition 120
tcp_ping received 12288 bytes back
Round trip time was 0.112293 milliseconds in repetition 121
tcp_ping received 12288 bytes back
Round trip time was 0.104794 milliseconds in repetition 122
tcp_ping received 12288 bytes back
Round trip time was 0.095804 milliseconds in repetition 123
tcp_ping received 12288 bytes back
Round trip time was 0.097828 milliseconds in repetition 124
tcp_ping received 12288 bytes back
Round trip time was 0.095626 milliseconds in repetition 125
tcp_ping received 12288 bytes back
Round trip time was 0.094859 milliseconds in repetition 126
tcp_ping received 12288 bytes back
Round trip time was 0.095861 milliseconds in repetition 127
tcp_ping received 12288 bytes back
Round trip time was 0.096622 milliseconds in repetition 128
tcp_ping received 12288 bytes back
Round trip time was 0.094368 milliseconds in repetition 129
tcp_ping received 12288 bytes back
Round trip time was 0.150844 milliseconds in repetition 130
tcp_ping received 12288 bytes back
Round trip time was 0.141227 milliseconds in repetition 131
tcp_ping received 12288 bytes back
Round trip time was 0.103779 milliseconds in repetition 132
tcp_ping received 12288 bytes back
Round trip time was 0.095648 milliseconds in repetition 133
tcp_ping received 12288 bytes back
Round trip time was 0.095545 milliseconds in repetition 134
tcp_ping received 12288 bytes back
Round trip time was 0.09614 milliseconds in repetition 135
tcp_ping received 12288 bytes back
Round trip time was 0.098379 milliseconds in repetition 136
tcp_ping received 12288 bytes back
Round trip time was 0.095564 milliseconds in repetition 137
tcp_ping received 12288 bytes back
Round trip time was 0.096112 milliseconds in repetition 138
tcp_ping received 12288 bytes back
Round trip time was 0.095454 milliseconds in repetition 139
tcp_ping received 12288 bytes back
Round trip time was 0.094555 milliseconds in repetition 140
tcp_ping received 12288 bytes back
Round trip time was 0.098497 milliseconds in repetition 141
tcp_ping received 12288 bytes back
Round trip time was 0.093802 milliseconds in repetition 142
tcp_ping received 12288 bytes back
Round trip time was 0.096229 milliseconds in repetition 143
tcp_ping received 12288 bytes back
Round trip time was 0.095343 milliseconds in repetition 144
tcp_ping received 12288 bytes back
Round trip time was 0.096552 milliseconds in repetition 145
tcp_ping received 12288 bytes back
Round trip time was 0.094338 milliseconds in repetition 146
tcp_ping received 12288 bytes back
Round trip time was 0.095505 milliseconds in repetition 147
tcp_ping received 12288 bytes back
Round trip time was 0.100175 milliseconds in repetition 148
tcp_ping received 12288 bytes back
Round trip time was 0.124192 milliseconds in repetition 149
tcp_ping received 12288 bytes back
Round trip time was 0.098329 milliseconds in repetition 150
tcp_ping received 12288 bytes back
Round trip time was 0.095962 milliseconds in repetition 151
tcp_ping received 12288 bytes back
Round trip time was 0.09437 milliseconds in repetition 152
tcp_ping received 12288 bytes back
Round trip time was 0.095169 milliseconds in repetition 153
tcp_ping received 12288 bytes back
Round trip time was 0.0959 milliseconds in repetition 154
tcp_ping received 12288 bytes back
Round trip time was 0.09383 milliseconds in repetition 155
tcp_ping received 12288 bytes back
Round trip time was 0.094698 milliseconds in repetition 156
tcp_ping received 12288 bytes back
Round trip time was 0.097273 milliseconds in repetition 157
tcp_ping received 12288 bytes back
Round trip time was 0.13007 milliseconds in repetition 158
tcp_ping received 12288 bytes back
Round trip time was 0.102348 milliseconds in repetition 159
tcp_ping received 12288 bytes back
Round trip time was 0.108963 milliseconds in repetition 160
tcp_ping received 12288 bytes back
Round trip time was 0.100981 milliseconds in repetition 161
tcp_ping received 12288 bytes back
Round trip time was 0.095434 milliseconds in repetition 162
tcp_ping received 12288 bytes back
Round trip time was 0.159908 milliseconds in repetition 163
tcp_ping received 12288 bytes back
Round trip time was 0.113089 milliseconds in repetition 164
tcp_ping received 12288 bytes back
Round trip time was 0.108127 milliseconds in repetition 165
tcp_ping received 12288 bytes back
Round trip time was 0.112475 milliseconds in repetition 166
tcp_ping received 12288 bytes back
Round trip time was 0.192436 milliseconds in repetition 167
tcp_ping received 12288 bytes back
Round trip time was 0.140389 milliseconds in repetition 168
tcp_ping received 12288 bytes back
Round trip time was 0.146716 milliseconds in repetition 169
tcp_ping received 12288 bytes back
Round trip time was 0.14571 milliseconds in repetition 170
tcp_ping received 12288 bytes back
Round trip time was 0.146511 milliseconds in repetition 171
tcp_ping received 12288 bytes back
Round trip time was 0.136493 milliseconds in repetition 172
tcp_ping received 12288 bytes back
Round trip time was 0.159935 milliseconds in repetition 173
tcp_ping received 12288 bytes back
Round trip time was 0.151404 milliseconds in repetition 174
tcp_ping received 12288 bytes back
Round trip time was 0.16147 milliseconds in repetition 175
tcp_ping received 12288 bytes back
Round trip time was 0.157322 milliseconds in repetition 176
tcp_ping received 12288 bytes back
Round trip time was 0.156468 milliseconds in repetition 177
tcp_ping received 12288 bytes back
Round trip time was 0.138212 milliseconds in repetition 178
tcp_ping received 12288 bytes back
Round trip time was 0.144543 milliseconds in repetition 179
tcp_ping received 12288 bytes back
Round trip time was 0.132564 milliseconds in repetition 180
tcp_ping received 12288 bytes back
Round trip time was 0.104112 milliseconds in repetition 181
tcp_ping received 12288 bytes back
Round trip time was 0.120297 milliseconds in repetition 182
tcp_ping received 12288 bytes back
Round trip time was 0.104915 milliseconds in repetition 183
tcp_ping received 12288 bytes back
Round trip time was 0.102857 milliseconds in repetition 184
tcp_ping received 12288 bytes back
Round trip time was 0.096677 milliseconds in repetition 185
tcp_ping received 12288 bytes back
Round trip time was 0.101782 milliseconds in repetition 186
tcp_ping received 12288 bytes back
Round trip time was 0.099176 milliseconds in repetition 187
tcp_ping received 12288 bytes back
Round trip time was 0.102214 milliseconds in repetition 188
tcp_ping received 12288 bytes back
Round trip time was 0.10223 milliseconds in repetition 189
tcp_ping received 12288 bytes back
Round trip time was 0.104621 milliseconds in repetition 190
tcp_ping received 12288 bytes back
Round trip time was 0.102891 milliseconds in repetition 191
tcp_ping received 12288 bytes back
Round trip time was 0.104875 milliseconds in repetition 192
tcp_ping received 12288 bytes back
Round trip time was 0.103253 milliseconds in repetition 193
tcp_ping received 12288 bytes back
Round trip time was 0.100728 milliseconds in repetition 194
tcp_ping received 12288 bytes back
Round trip time was 0.101827 milliseconds in repetition 195
tcp_ping received 12288 bytes back
Round trip time was 0.133338 milliseconds in repetition 196
tcp_ping received 12288 bytes back
Round trip time was 0.141143 milliseconds in repetition 197
tcp_ping received 12288 bytes back
Round trip time was 0.118029 milliseconds in repetition 198
tcp_ping received 12288 bytes back
Round trip time was 0.10898 milliseconds in repetition 199
tcp_ping received 12288 bytes back
Round trip time was 0.103208 milliseconds in repetition 200
tcp_ping received 12288 bytes back
Round trip time was 0.11799 milliseconds in repetition 201
tcp_ping received 12288 bytes back
Round trip time was 0.102461 milliseconds in repetition 202
tcp_ping received 12288 bytes back
Round trip time was 0.116482 milliseconds in repetition 203
tcp_ping received 12288 bytes back
Round trip time was 0.191959 milliseconds in repetition 204
tcp_ping received 12288 bytes back
Round trip time was 0.152546 milliseconds in repetition 205
tcp_ping received 12288 bytes back
Round trip time was 0.153497 milliseconds in repetition 206
tcp_ping received 12288 bytes back
Round trip time was 0.148965 milliseconds in repetition 207
tcp_ping received 12288 bytes back
Round trip time was 0.164445 milliseconds in repetition 208
tcp_ping received 12288 bytes back
Round trip time was 0.110353 milliseconds in repetition 209
tcp_ping received 12288 bytes back
Round trip time was 0.097387 milliseconds in repetition 210
tcp_ping received 12288 bytes back
Round trip time was 0.104856 milliseconds in repetition 211
tcp_ping received 12288 bytes back
Round trip time was 0.107099 milliseconds in repetition 212
tcp_ping received 12288 bytes back
Round trip time was 0.121838 milliseconds in repetition 213
tcp_ping received 12288 bytes back
Round trip time was 0.097522 milliseconds in repetition 214
tcp_ping received 12288 bytes back
Round trip time was 0.093828 milliseconds in repetition 215
tcp_ping received 12288 bytes back
Round trip time was 0.129962 milliseconds in repetition 216
tcp_ping received 12288 bytes back
Round trip time was 0.101582 milliseconds in repetition 217
tcp_ping received 12288 bytes back
Round trip time was 0.095873 milliseconds in repetition 218
tcp_ping received 12288 bytes back
Round trip time was 0.095074 milliseconds in repetition 219
tcp_ping received 12288 bytes back
Round trip time was 0.097045 milliseconds in repetition 220
tcp_ping received 12288 bytes back
Round trip time was 0.096688 milliseconds in repetition 221
tcp_ping received 12288 bytes back
Round trip time was 0.095022 milliseconds in repetition 222
tcp_ping received 12288 bytes back
Round trip time was 0.094714 milliseconds in repetition 223
tcp_ping received 12288 bytes back
Round trip time was 0.096243 milliseconds in repetition 224
tcp_ping received 12288 bytes back
Round trip time was 0.0954 milliseconds in repetition 225
tcp_ping received 12288 bytes back
Round trip time was 0.109251 milliseconds in repetition 226
tcp_ping received 12288 bytes back
Round trip time was 0.097017 milliseconds in repetition 227
tcp_ping received 12288 bytes back
Round trip time was 0.097075 milliseconds in repetition 228
tcp_ping received 12288 bytes back
Round trip time was 0.097326 milliseconds in repetition 229
tcp_ping received 12288 bytes back
Round trip time was 0.096612 milliseconds in repetition 230
tcp_ping received 12288 bytes back
Round trip time was 0.095873 milliseconds in repetition 231
tcp_ping received 12288 bytes back
Round trip time was 0.096456 milliseconds in repetition 232
tcp_ping received 12288 bytes back
Round trip time was 0.096688 milliseconds in repetition 233
tcp_ping received 12288 bytes back
Round trip time was 0.09764 milliseconds in repetition 234
tcp_ping received 12288 bytes back
Round trip time was 0.107978 milliseconds in repetition 235
tcp_ping received 12288 bytes back
Round trip time was 0.107555 milliseconds in repetition 236
tcp_ping received 12288 bytes back
Round trip time was 0.100044 milliseconds in repetition 237
tcp_ping received 12288 bytes back
Round trip time was 0.09911 milliseconds in repetition 238
tcp_ping received 12288 bytes back
Round trip time was 0.097178 milliseconds in repetition 239
tcp_ping received 12288 bytes back
Round trip time was 0.097442 milliseconds in repetition 240
tcp_ping received 12288 bytes back
Round trip time was 0.09916 milliseconds in repetition 241
tcp_ping received 12288 bytes back
Round trip time was 0.098831 milliseconds in repetition 242
tcp_ping received 12288 bytes back
Round trip time was 0.100051 milliseconds in repetition 243
tcp_ping received 12288 bytes back
Round trip time was 0.097895 milliseconds in repetition 244
tcp_ping received 12288 bytes back
Round trip time was 0.097393 milliseconds in repetition 245
tcp_ping received 12288 bytes back
Round trip time was 0.096097 milliseconds in repetition 246
tcp_ping received 12288 bytes back
Round trip time was 0.097159 milliseconds in repetition 247
tcp_ping received 12288 bytes back
Round trip time was 0.09729 milliseconds in repetition 248
tcp_ping received 12288 bytes back
Round trip time was 0.097859 milliseconds in repetition 249
tcp_ping received 12288 bytes back
Round trip time was 0.097606 milliseconds in repetition 250
tcp_ping received 12288 bytes back
Round trip time was 0.097146 milliseconds in repetition 251
tcp_ping received 12288 bytes back
Round trip time was 0.098255 milliseconds in repetition 252
tcp_ping received 12288 bytes back
Round trip time was 0.098888 milliseconds in repetition 253
tcp_ping received 12288 bytes back
Round trip time was 0.100792 milliseconds in repetition 254
tcp_ping received 12288 bytes back
Round trip time was 0.099926 milliseconds in repetition 255
tcp_ping received 12288 bytes back
Round trip time was 0.097599 milliseconds in repetition 256
tcp_ping received 12288 bytes back
Round trip time was 0.097762 milliseconds in repetition 257
tcp_ping received 12288 bytes back
Round trip time was 0.098389 milliseconds in repetition 258
tcp_ping received 12288 bytes back
Round trip time was 0.097857 milliseconds in repetition 259
tcp_ping received 12288 bytes back
Round trip time was 0.144643 milliseconds in repetition 260
tcp_ping received 12288 bytes back
Round trip time was 0.115903 milliseconds in repetition 261
tcp_ping received 12288 bytes back
Round trip time was 0.105702 milliseconds in repetition 262
tcp_ping received 12288 bytes back
Round trip time was 0.103639 milliseconds in repetition 263
tcp_ping received 12288 bytes back
Round trip time was 0.101902 milliseconds in repetition 264
tcp_ping received 12288 bytes back
Round trip time was 0.098873 milliseconds in repetition 265
tcp_ping received 12288 bytes back
Round trip time was 0.098207 milliseconds in repetition 266
tcp_ping received 12288 bytes back
Round trip time was 0.101129 milliseconds in repetition 267
tcp_ping received 12288 bytes back
Round trip time was 0.09916 milliseconds in repetition 268
tcp_ping received 12288 bytes back
Round trip time was 0.099647 milliseconds in repetition 269
tcp_ping received 12288 bytes back
Round trip time was 0.100415 milliseconds in repetition 270
tcp_ping received 12288 bytes back
Round trip time was 0.101183 milliseconds in repetition 271
tcp_ping received 12288 bytes back
Round trip time was 0.099919 milliseconds in repetition 272
tcp_ping received 12288 bytes back
Round trip time was 0.100733 milliseconds in repetition 273
tcp_ping received 12288 bytes back
Round trip time was 0.099119 milliseconds in repetition 274
tcp_ping received 12288 bytes back
Round trip time was 0.101513 milliseconds in repetition 275
tcp_ping received 12288 bytes back
Round trip time was 0.101639 milliseconds in repetition 276
tcp_ping received 12288 bytes back
Round trip time was 0.098602 milliseconds in repetition 277
tcp_ping received 12288 bytes back
Round trip time was 0.100028 milliseconds in repetition 278
tcp_ping received 12288 bytes back
Round trip time was 0.101694 milliseconds in repetition 279
tcp_ping received 12288 bytes back
Round trip time was 0.100418 milliseconds in repetition 280
tcp_ping received 12288 bytes back
Round trip time was 0.099389 milliseconds in repetition 281
tcp_ping received 12288 bytes back
Round trip time was 0.10679 milliseconds in repetition 282
tcp_ping received 12288 bytes back
Round trip time was 0.101205 milliseconds in repetition 283
tcp_ping received 12288 bytes back
Round trip time was 0.098687 milliseconds in repetition 284
tcp_ping received 12288 bytes back
Round trip time was 0.100575 milliseconds in repetition 285
tcp_ping received 12288 bytes back
Round trip time was 0.100076 milliseconds in repetition 286
tcp_ping received 12288 bytes back
Round trip time was 0.101412 milliseconds in repetition 287
tcp_ping received 12288 bytes back
Round trip time was 0.10013 milliseconds in repetition 288
tcp_ping received 12288 bytes back
Round trip time was 0.102495 milliseconds in repetition 289
tcp_ping received 12288 bytes back
Round trip time was 0.097973 milliseconds in repetition 290
tcp_ping received 12288 bytes back
Round trip time was 0.102185 milliseconds in repetition 291
tcp_ping received 12288 bytes back
Round trip time was 0.099864 milliseconds in repetition 292
tcp_ping received 12288 bytes back
Round trip time was 0.099806 milliseconds in repetition 293
tcp_ping received 12288 bytes back
Round trip time was 0.10043 milliseconds in repetition 294
tcp_ping received 12288 bytes back
Round trip time was 0.100694 milliseconds in repetition 295
tcp_ping received 12288 bytes back
Round trip time was 0.103231 milliseconds in repetition 296
tcp_ping received 12288 bytes back
Round trip time was 0.105368 milliseconds in repetition 297
tcp_ping received 12288 bytes back
Round trip time was 0.100002 milliseconds in repetition 298
tcp_ping received 12288 bytes back
Round trip time was 0.100688 milliseconds in repetition 299
tcp_ping received 12288 bytes back
Round trip time was 0.100441 milliseconds in repetition 300
tcp_ping received 12288 bytes back
Round trip time was 0.101939 milliseconds in repetition 301
tcp_ping received 12288 bytes back
Round trip time was 0.101895 milliseconds in repetition 302
tcp_ping received 12288 bytes back
Round trip time was 0.163561 milliseconds in repetition 303
tcp_ping received 12288 bytes back
Round trip time was 0.109421 milliseconds in repetition 304
tcp_ping received 12288 bytes back
Round trip time was 0.10762 milliseconds in repetition 305
tcp_ping received 12288 bytes back
Round trip time was 0.146982 milliseconds in repetition 306
tcp_ping received 12288 bytes back
Round trip time was 0.141559 milliseconds in repetition 307
tcp_ping received 12288 bytes back
Round trip time was 0.116426 milliseconds in repetition 308
tcp_ping received 12288 bytes back
Round trip time was 0.103386 milliseconds in repetition 309
tcp_ping received 12288 bytes back
Round trip time was 0.113885 milliseconds in repetition 310
tcp_ping received 12288 bytes back
Round trip time was 0.196696 milliseconds in repetition 311
tcp_ping received 12288 bytes back
Round trip time was 0.156762 milliseconds in repetition 312
tcp_ping received 12288 bytes back
Round trip time was 0.144473 milliseconds in repetition 313
tcp_ping received 12288 bytes back
Round trip time was 0.151588 milliseconds in repetition 314
tcp_ping received 12288 bytes back
Round trip time was 0.178938 milliseconds in repetition 315
tcp_ping received 12288 bytes back
Round trip time was 0.187554 milliseconds in repetition 316
tcp_ping received 12288 bytes back
Round trip time was 0.157068 milliseconds in repetition 317
tcp_ping received 12288 bytes back
Round trip time was 0.190547 milliseconds in repetition 318
tcp_ping received 12288 bytes back
Round trip time was 0.163464 milliseconds in repetition 319
tcp_ping received 12288 bytes back
Round trip time was 0.15945 milliseconds in repetition 320
tcp_ping received 12288 bytes back
Round trip time was 0.154069 milliseconds in repetition 321
tcp_ping received 12288 bytes back
Round trip time was 0.15122 milliseconds in repetition 322
tcp_ping received 12288 bytes back
Round trip time was 0.146517 milliseconds in repetition 323
tcp_ping received 12288 bytes back
Round trip time was 0.237626 milliseconds in repetition 324
tcp_ping received 12288 bytes back
Round trip time was 0.2445 milliseconds in repetition 325
tcp_ping received 12288 bytes back
Round trip time was 0.268283 milliseconds in repetition 326
tcp_ping received 12288 bytes back
Round trip time was 0.197852 milliseconds in repetition 327
tcp_ping received 12288 bytes back
Round trip time was 0.304497 milliseconds in repetition 328
tcp_ping received 12288 bytes back
Round trip time was 0.180861 milliseconds in repetition 329
tcp_ping received 12288 bytes back
Round trip time was 0.208085 milliseconds in repetition 330
tcp_ping received 12288 bytes back
Round trip time was 0.273238 milliseconds in repetition 331
tcp_ping received 12288 bytes back
Round trip time was 0.192152 milliseconds in repetition 332
tcp_ping received 12288 bytes back
Round trip time was 0.167623 milliseconds in repetition 333
tcp_ping received 12288 bytes back
Round trip time was 0.197872 milliseconds in repetition 334
tcp_ping received 12288 bytes back
Round trip time was 0.185504 milliseconds in repetition 335
tcp_ping received 12288 bytes back
Round trip time was 0.218399 milliseconds in repetition 336
tcp_ping received 12288 bytes back
Round trip time was 0.194765 milliseconds in repetition 337
tcp_ping received 12288 bytes back
Round trip time was 0.162629 milliseconds in repetition 338
tcp_ping received 12288 bytes back
Round trip time was 0.16093 milliseconds in repetition 339
tcp_ping received 12288 bytes back
Round trip time was 0.171654 milliseconds in repetition 340
tcp_ping received 12288 bytes back
Round trip time was 0.14653 milliseconds in repetition 341
tcp_ping received 12288 bytes back
Round trip time was 0.114698 milliseconds in repetition 342
tcp_ping received 12288 bytes back
Round trip time was 0.097653 milliseconds in repetition 343
tcp_ping received 12288 bytes back
Round trip time was 0.096185 milliseconds in repetition 344
tcp_ping received 12288 bytes back
Round trip time was 0.100657 milliseconds in repetition 345
tcp_ping received 12288 bytes back
Round trip time was 0.165179 milliseconds in repetition 346
tcp_ping received 12288 bytes back
Round trip time was 0.121045 milliseconds in repetition 347
tcp_ping received 12288 bytes back
Round trip time was 0.11101 milliseconds in repetition 348
tcp_ping received 12288 bytes back
Round trip time was 0.161566 milliseconds in repetition 349
tcp_ping received 12288 bytes back
Round trip time was 0.106555 milliseconds in repetition 350
tcp_ping received 12288 bytes back
Round trip time was 0.099399 milliseconds in repetition 351
tcp_ping received 12288 bytes back
Round trip time was 0.096322 milliseconds in repetition 352
tcp_ping received 12288 bytes back
Round trip time was 0.099244 milliseconds in repetition 353
tcp_ping received 12288 bytes back
Round trip time was 0.111402 milliseconds in repetition 354
tcp_ping received 12288 bytes back
Round trip time was 0.095023 milliseconds in repetition 355
tcp_ping received 12288 bytes back
Round trip time was 0.096947 milliseconds in repetition 356
tcp_ping received 12288 bytes back
Round trip time was 0.09695 milliseconds in repetition 357
tcp_ping received 12288 bytes back
Round trip time was 0.097213 milliseconds in repetition 358
tcp_ping received 12288 bytes back
Round trip time was 0.095532 milliseconds in repetition 359
tcp_ping received 12288 bytes back
Round trip time was 0.095709 milliseconds in repetition 360
tcp_ping received 12288 bytes back
Round trip time was 0.095912 milliseconds in repetition 361
tcp_ping received 12288 bytes back
Round trip time was 0.094541 milliseconds in repetition 362
tcp_ping received 12288 bytes back
Round trip time was 0.09626 milliseconds in repetition 363
tcp_ping received 12288 bytes back
Round trip time was 0.094687 milliseconds in repetition 364
tcp_ping received 12288 bytes back
Round trip time was 0.098404 milliseconds in repetition 365
tcp_ping received 12288 bytes back
Round trip time was 0.095854 milliseconds in repetition 366
tcp_ping received 12288 bytes back
Round trip time was 0.096962 milliseconds in repetition 367
tcp_ping received 12288 bytes back
Round trip time was 0.095848 milliseconds in repetition 368
tcp_ping received 12288 bytes back
Round trip time was 0.115074 milliseconds in repetition 369
tcp_ping received 12288 bytes back
Round trip time was 0.094822 milliseconds in repetition 370
tcp_ping received 12288 bytes back
Round trip time was 0.095888 milliseconds in repetition 371
tcp_ping received 12288 bytes back
Round trip time was 0.105526 milliseconds in repetition 372
tcp_ping received 12288 bytes back
Round trip time was 0.101487 milliseconds in repetition 373
tcp_ping received 12288 bytes back
Round trip time was 0.096212 milliseconds in repetition 374
tcp_ping received 12288 bytes back
Round trip time was 0.095949 milliseconds in repetition 375
tcp_ping received 12288 bytes back
Round trip time was 0.094894 milliseconds in repetition 376
tcp_ping received 12288 bytes back
Round trip time was 0.098274 milliseconds in repetition 377
tcp_ping received 12288 bytes back
Round trip time was 0.095055 milliseconds in repetition 378
tcp_ping received 12288 bytes back
Round trip time was 0.106344 milliseconds in repetition 379
tcp_ping received 12288 bytes back
Round trip time was 0.096258 milliseconds in repetition 380
tcp_ping received 12288 bytes back
Round trip time was 0.098317 milliseconds in repetition 381
tcp_ping received 12288 bytes back
Round trip time was 0.096363 milliseconds in repetition 382
tcp_ping received 12288 bytes back
Round trip time was 0.095827 milliseconds in repetition 383
tcp_ping received 12288 bytes back
Round trip time was 0.096358 milliseconds in repetition 384
tcp_ping received 12288 bytes back
Round trip time was 0.095539 milliseconds in repetition 385
tcp_ping received 12288 bytes back
Round trip time was 0.095091 milliseconds in repetition 386
tcp_ping received 12288 bytes back
Round trip time was 0.095977 milliseconds in repetition 387
tcp_ping received 12288 bytes back
Round trip time was 0.097502 milliseconds in repetition 388
tcp_ping received 12288 bytes back
Round trip time was 0.141492 milliseconds in repetition 389
tcp_ping received 12288 bytes back
Round trip time was 0.10731 milliseconds in repetition 390
tcp_ping received 12288 bytes back
Round trip time was 0.098966 milliseconds in repetition 391
tcp_ping received 12288 bytes back
Round trip time was 0.100989 milliseconds in repetition 392
tcp_ping received 12288 bytes back
Round trip time was 0.10199 milliseconds in repetition 393
tcp_ping received 12288 bytes back
Round trip time was 0.10497 milliseconds in repetition 394
tcp_ping received 12288 bytes back
Round trip time was 0.10625 milliseconds in repetition 395
tcp_ping received 12288 bytes back
Round trip time was 0.113195 milliseconds in repetition 396
tcp_ping received 12288 bytes back
Round trip time was 0.114577 milliseconds in repetition 397
tcp_ping received 12288 bytes back
Round trip time was 0.102657 milliseconds in repetition 398
tcp_ping received 12288 bytes back
Round trip time was 0.100858 milliseconds in repetition 399
tcp_ping received 12288 bytes back
Round trip time was 0.098866 milliseconds in repetition 400
tcp_ping received 12288 bytes back
Round trip time was 0.098443 milliseconds in repetition 401
tcp_ping received 12288 bytes back
Round trip time was 0.10045 milliseconds in repetition 402
tcp_ping received 12288 bytes back
Round trip time was 0.101062 milliseconds in repetition 403
tcp_ping received 12288 bytes back
Round trip time was 0.099816 milliseconds in repetition 404
tcp_ping received 12288 bytes back
Round trip time was 0.098778 milliseconds in repetition 405
tcp_ping received 12288 bytes back
Round trip time was 0.101325 milliseconds in repetition 406
tcp_ping received 12288 bytes back
Round trip time was 0.108555 milliseconds in repetition 407
tcp_ping received 12288 bytes back
Round trip time was 0.096754 milliseconds in repetition 408
tcp_ping received 12288 bytes back
Round trip time was 0.09875 milliseconds in repetition 409
tcp_ping received 12288 bytes back
Round trip time was 0.098372 milliseconds in repetition 410
tcp_ping received 12288 bytes back
Round trip time was 0.09931 milliseconds in repetition 411
tcp_ping received 12288 bytes back
Round trip time was 0.101141 milliseconds in repetition 412
tcp_ping received 12288 bytes back
Round trip time was 0.101625 milliseconds in repetition 413
tcp_ping received 12288 bytes back
Round trip time was 0.101041 milliseconds in repetition 414
tcp_ping received 12288 bytes back
Round trip time was 0.100847 milliseconds in repetition 415
tcp_ping received 12288 bytes back
Round trip time was 0.102482 milliseconds in repetition 416
tcp_ping received 12288 bytes back
Round trip time was 0.098825 milliseconds in repetition 417
tcp_ping received 12288 bytes back
Round trip time was 0.098929 milliseconds in repetition 418
tcp_ping received 12288 bytes back
Round trip time was 0.10001 milliseconds in repetition 419
tcp_ping received 12288 bytes back
Round trip time was 0.101445 milliseconds in repetition 420
tcp_ping received 12288 bytes back
Round trip time was 0.10076 milliseconds in repetition 421
tcp_ping received 12288 bytes back
Round trip time was 0.101699 milliseconds in repetition 422
tcp_ping received 12288 bytes back
Round trip time was 0.102152 milliseconds in repetition 423
tcp_ping received 12288 bytes back
Round trip time was 0.101509 milliseconds in repetition 424
tcp_ping received 12288 bytes back
Round trip time was 0.101078 milliseconds in repetition 425
tcp_ping received 12288 bytes back
Round trip time was 0.166919 milliseconds in repetition 426
tcp_ping received 12288 bytes back
Round trip time was 0.163419 milliseconds in repetition 427
tcp_ping received 12288 bytes back
Round trip time was 0.102696 milliseconds in repetition 428
tcp_ping received 12288 bytes back
Round trip time was 0.105892 milliseconds in repetition 429
tcp_ping received 12288 bytes back
Round trip time was 0.102382 milliseconds in repetition 430
tcp_ping received 12288 bytes back
Round trip time was 0.104363 milliseconds in repetition 431
tcp_ping received 12288 bytes back
Round trip time was 0.140726 milliseconds in repetition 432
tcp_ping received 12288 bytes back
Round trip time was 0.111183 milliseconds in repetition 433
tcp_ping received 12288 bytes back
Round trip time was 0.114393 milliseconds in repetition 434
tcp_ping received 12288 bytes back
Round trip time was 0.104109 milliseconds in repetition 435
tcp_ping received 12288 bytes back
Round trip time was 0.120435 milliseconds in repetition 436
tcp_ping received 12288 bytes back
Round trip time was 0.136815 milliseconds in repetition 437
tcp_ping received 12288 bytes back
Round trip time was 0.125792 milliseconds in repetition 438
tcp_ping received 12288 bytes back
Round trip time was 0.120407 milliseconds in repetition 439
tcp_ping received 12288 bytes back
Round trip time was 0.115718 milliseconds in repetition 440
tcp_ping received 12288 bytes back
Round trip time was 0.138282 milliseconds in repetition 441
tcp_ping received 12288 bytes back
Round trip time was 0.118026 milliseconds in repetition 442
tcp_ping received 12288 bytes back
Round trip time was 0.103645 milliseconds in repetition 443
tcp_ping received 12288 bytes back
Round trip time was 0.133024 milliseconds in repetition 444
tcp_ping received 12288 bytes back
Round trip time was 0.134424 milliseconds in repetition 445
tcp_ping received 12288 bytes back
Round trip time was 0.146382 milliseconds in repetition 446
tcp_ping received 12288 bytes back
Round trip time was 0.156309 milliseconds in repetition 447
tcp_ping received 12288 bytes back
Round trip time was 0.151966 milliseconds in repetition 448
tcp_ping received 12288 bytes back
Round trip time was 0.125291 milliseconds in repetition 449
tcp_ping received 12288 bytes back
Round trip time was 0.117424 milliseconds in repetition 450
tcp_ping received 12288 bytes back
Round trip time was 0.115887 milliseconds in repetition 451
tcp_ping received 12288 bytes back
Round trip time was 0.106658 milliseconds in repetition 452
tcp_ping received 12288 bytes back
Round trip time was 0.101617 milliseconds in repetition 453
tcp_ping received 12288 bytes back
Round trip time was 0.125599 milliseconds in repetition 454
tcp_ping received 12288 bytes back
Round trip time was 0.194754 milliseconds in repetition 455
tcp_ping received 12288 bytes back
Round trip time was 0.315734 milliseconds in repetition 456
tcp_ping received 12288 bytes back
Round trip time was 0.263025 milliseconds in repetition 457
tcp_ping received 12288 bytes back
Round trip time was 0.325148 milliseconds in repetition 458
tcp_ping received 12288 bytes back
Round trip time was 0.156956 milliseconds in repetition 459
tcp_ping received 12288 bytes back
Round trip time was 0.159536 milliseconds in repetition 460
tcp_ping received 12288 bytes back
Round trip time was 0.183676 milliseconds in repetition 461
tcp_ping received 12288 bytes back
Round trip time was 0.115683 milliseconds in repetition 462
tcp_ping received 12288 bytes back
Round trip time was 0.105575 milliseconds in repetition 463
tcp_ping received 12288 bytes back
Round trip time was 0.111376 milliseconds in repetition 464
tcp_ping received 12288 bytes back
Round trip time was 0.107869 milliseconds in repetition 465
tcp_ping received 12288 bytes back
Round trip time was 0.108594 milliseconds in repetition 466
tcp_ping received 12288 bytes back
Round trip time was 0.110819 milliseconds in repetition 467
tcp_ping received 12288 bytes back
Round trip time was 0.128067 milliseconds in repetition 468
tcp_ping received 12288 bytes back
Round trip time was 0.150366 milliseconds in repetition 469
tcp_ping received 12288 bytes back
Round trip time was 0.183713 milliseconds in repetition 470
tcp_ping received 12288 bytes back
Round trip time was 0.164451 milliseconds in repetition 471
tcp_ping received 12288 bytes back
Round trip time was 0.177351 milliseconds in repetition 472
tcp_ping received 12288 bytes back
Round trip time was 0.104341 milliseconds in repetition 473
tcp_ping received 12288 bytes back
Round trip time was 0.100378 milliseconds in repetition 474
tcp_ping received 12288 bytes back
Round trip time was 0.155294 milliseconds in repetition 475
tcp_ping received 12288 bytes back
Round trip time was 0.114875 milliseconds in repetition 476
tcp_ping received 12288 bytes back
Round trip time was 0.102981 milliseconds in repetition 477
tcp_ping received 12288 bytes back
Round trip time was 0.101721 milliseconds in repetition 478
tcp_ping received 12288 bytes back
Round trip time was 0.098611 milliseconds in repetition 479
tcp_ping received 12288 bytes back
Round trip time was 0.098288 milliseconds in repetition 480
tcp_ping received 12288 bytes back
Round trip time was 0.102166 milliseconds in repetition 481
tcp_ping received 12288 bytes back
Round trip time was 0.109078 milliseconds in repetition 482
tcp_ping received 12288 bytes back
Round trip time was 0.110592 milliseconds in repetition 483
tcp_ping received 12288 bytes back
Round trip time was 0.11943 milliseconds in repetition 484
tcp_ping received 12288 bytes back
Round trip time was 0.127108 milliseconds in repetition 485
tcp_ping received 12288 bytes back
Round trip time was 0.125157 milliseconds in repetition 486
tcp_ping received 12288 bytes back
Round trip time was 0.122618 milliseconds in repetition 487
tcp_ping received 12288 bytes back
Round trip time was 0.103823 milliseconds in repetition 488
tcp_ping received 12288 bytes back
Round trip time was 0.107514 milliseconds in repetition 489
tcp_ping received 12288 bytes back
Round trip time was 0.174003 milliseconds in repetition 490
tcp_ping received 12288 bytes back
Round trip time was 0.104846 milliseconds in repetition 491
tcp_ping received 12288 bytes back
Round trip time was 0.095 milliseconds in repetition 492
tcp_ping received 12288 bytes back
Round trip time was 0.095529 milliseconds in repetition 493
tcp_ping received 12288 bytes back
Round trip time was 0.094223 milliseconds in repetition 494
tcp_ping received 12288 bytes back
Round trip time was 0.097492 milliseconds in repetition 495
tcp_ping received 12288 bytes back
Round trip time was 0.096473 milliseconds in repetition 496
tcp_ping received 12288 bytes back
Round trip time was 0.095663 milliseconds in repetition 497
tcp_ping received 12288 bytes back
Round trip time was 0.096687 milliseconds in repetition 498
tcp_ping received 12288 bytes back
Round trip time was 0.098229 milliseconds in repetition 499
tcp_ping received 12288 bytes back
Round trip time was 0.094979 milliseconds in repetition 500
tcp_ping received 12288 bytes back
Round trip time was 0.097284 milliseconds in repetition 501

 ... clock resolution was 1e-06
TCP Ping:  Statistics over 501 repetitions of 12288 byte messages

RTT : percentile 10: 0.095585, median: 0.101902, percentile 90: 0.161566, average: 0.117912, variance: 0.00122843

RTT histogram:
0.0925465 160
0.104177 159
0.115807 50
0.127437 28
0.139067 19
0.150697 24
0.162327 22
0.173957 7
0.185587 7
0.197217 10
0.208848 2
0.220478 1
0.232108 2
0.243738 2
0.255368 2
0.266998 2
0.278628 1
0.290258 0
0.301888 1
0.313518 1
0.325148 1

   median Throughput : 241173 KB/s   overall Throughput : 208426 KB/s

