TCP Ping trying to connect to server localhost (127.0.0.1) on port 1492
 ... connected to Pong server: asking for 501 repetitions of 24576 bytes TCP messages
 ... Pong server agreed:-)
tcp_ping received 24576 bytes back
Round trip time was 0.171891 milliseconds in repetition 1
tcp_ping received 24576 bytes back
Round trip time was 0.148968 milliseconds in repetition 2
tcp_ping received 24576 bytes back
Round trip time was 0.148082 milliseconds in repetition 3
tcp_ping received 24576 bytes back
Round trip time was 0.164005 milliseconds in repetition 4
tcp_ping received 24576 bytes back
Round trip time was 0.146633 milliseconds in repetition 5
tcp_ping received 24576 bytes back
Round trip time was 0.148363 milliseconds in repetition 6
tcp_ping received 24576 bytes back
Round trip time was 0.150636 milliseconds in repetition 7
tcp_ping received 24576 bytes back
Round trip time was 0.151466 milliseconds in repetition 8
tcp_ping received 24576 bytes back
Round trip time was 0.148226 milliseconds in repetition 9
tcp_ping received 24576 bytes back
Round trip time was 0.148821 milliseconds in repetition 10
tcp_ping received 24576 bytes back
Round trip time was 0.14656 milliseconds in repetition 11
tcp_ping received 24576 bytes back
Round trip time was 0.150454 milliseconds in repetition 12
tcp_ping received 24576 bytes back
Round trip time was 0.151798 milliseconds in repetition 13
tcp_ping received 24576 bytes back
Round trip time was 0.162476 milliseconds in repetition 14
tcp_ping received 24576 bytes back
Round trip time was 0.149697 milliseconds in repetition 15
tcp_ping received 24576 bytes back
Round trip time was 0.153142 milliseconds in repetition 16
tcp_ping received 24576 bytes back
Round trip time was 0.152408 milliseconds in repetition 17
tcp_ping received 24576 bytes back
Round trip time was 0.147937 milliseconds in repetition 18
tcp_ping received 24576 bytes back
Round trip time was 0.149959 milliseconds in repetition 19
tcp_ping received 24576 bytes back
Round trip time was 0.154286 milliseconds in repetition 20
tcp_ping received 24576 bytes back
Round trip time was 0.151827 milliseconds in repetition 21
tcp_ping received 24576 bytes back
Round trip time was 0.151239 milliseconds in repetition 22
tcp_ping received 24576 bytes back
Round trip time was 0.161295 milliseconds in repetition 23
tcp_ping received 24576 bytes back
Round trip time was 0.153348 milliseconds in repetition 24
tcp_ping received 24576 bytes back
Round trip time was 0.164988 milliseconds in repetition 25
tcp_ping received 24576 bytes back
Round trip time was 0.174689 milliseconds in repetition 26
tcp_ping received 24576 bytes back
Round trip time was 0.166104 milliseconds in repetition 27
tcp_ping received 24576 bytes back
Round trip time was 0.151804 milliseconds in repetition 28
tcp_ping received 24576 bytes back
Round trip time was 0.151646 milliseconds in repetition 29
tcp_ping received 24576 bytes back
Round trip time was 0.159609 milliseconds in repetition 30
tcp_ping received 24576 bytes back
Round trip time was 0.153063 milliseconds in repetition 31
tcp_ping received 24576 bytes back
Round trip time was 0.21319 milliseconds in repetition 32
tcp_ping received 24576 bytes back
Round trip time was 0.16234 milliseconds in repetition 33
tcp_ping received 24576 bytes back
Round trip time was 0.155005 milliseconds in repetition 34
tcp_ping received 24576 bytes back
Round trip time was 0.170509 milliseconds in repetition 35
tcp_ping received 24576 bytes back
Round trip time was 0.264732 milliseconds in repetition 36
tcp_ping received 24576 bytes back
Round trip time was 0.21278 milliseconds in repetition 37
tcp_ping received 24576 bytes back
Round trip time was 0.163495 milliseconds in repetition 38
tcp_ping received 24576 bytes back
Round trip time was 0.206868 milliseconds in repetition 39
tcp_ping received 24576 bytes back
Round trip time was 0.178785 milliseconds in repetition 40
tcp_ping received 24576 bytes back
Round trip time was 0.152952 milliseconds in repetition 41
tcp_ping received 24576 bytes back
Round trip time was 0.173819 milliseconds in repetition 42
tcp_ping received 24576 bytes back
Round trip time was 0.168637 milliseconds in repetition 43
tcp_ping received 24576 bytes back
Round trip time was 0.151354 milliseconds in repetition 44
tcp_ping received 24576 bytes back
Round trip time was 0.149062 milliseconds in repetition 45
tcp_ping received 24576 bytes back
Round trip time was 0.152585 milliseconds in repetition 46
tcp_ping received 24576 bytes back
Round trip time was 0.151658 milliseconds in repetition 47
tcp_ping received 24576 bytes back
Round trip time was 0.148904 milliseconds in repetition 48
tcp_ping received 24576 bytes back
Round trip time was 0.153833 milliseconds in repetition 49
tcp_ping received 24576 bytes back
Round trip time was 0.148737 milliseconds in repetition 50
tcp_ping received 24576 bytes back
Round trip time was 0.149292 milliseconds in repetition 51
tcp_ping received 24576 bytes back
Round trip time was 0.168419 milliseconds in repetition 52
tcp_ping received 24576 bytes back
Round trip time was 0.163373 milliseconds in repetition 53
tcp_ping received 24576 bytes back
Round trip time was 0.152197 milliseconds in repetition 54
tcp_ping received 24576 bytes back
Round trip time was 0.151065 milliseconds in repetition 55
tcp_ping received 24576 bytes back
Round trip time was 0.150201 milliseconds in repetition 56
tcp_ping received 24576 bytes back
Round trip time was 0.153214 milliseconds in repetition 57
tcp_ping received 24576 bytes back
Round trip time was 0.150174 milliseconds in repetition 58
tcp_ping received 24576 bytes back
Round trip time was 0.150307 milliseconds in repetition 59
tcp_ping received 24576 bytes back
Round trip time was 0.15338 milliseconds in repetition 60
tcp_ping received 24576 bytes back
Round trip time was 0.150618 milliseconds in repetition 61
tcp_ping received 24576 bytes back
Round trip time was 0.156296 milliseconds in repetition 62
tcp_ping received 24576 bytes back
Round trip time was 0.151767 milliseconds in repetition 63
tcp_ping received 24576 bytes back
Round trip time was 0.151946 milliseconds in repetition 64
tcp_ping received 24576 bytes back
Round trip time was 0.14953 milliseconds in repetition 65
tcp_ping received 24576 bytes back
Round trip time was 0.15272 milliseconds in repetition 66
tcp_ping received 24576 bytes back
Round trip time was 0.160564 milliseconds in repetition 67
tcp_ping received 24576 bytes back
Round trip time was 0.15896 milliseconds in repetition 68
tcp_ping received 24576 bytes back
Round trip time was 0.15963 milliseconds in repetition 69
tcp_ping received 24576 bytes back
Round trip time was 0.161904 milliseconds in repetition 70
tcp_ping received 24576 bytes back
Round trip time was 0.181371 milliseconds in repetition 71
tcp_ping received 24576 bytes back
Round trip time was 0.162081 milliseconds in repetition 72
tcp_ping received 24576 bytes back
Round trip time was 0.174531 milliseconds in repetition 73
tcp_ping received 24576 bytes back
Round trip time was 0.205385 milliseconds in repetition 74
tcp_ping received 24576 bytes back
Round trip time was 0.20042 milliseconds in repetition 75
tcp_ping received 24576 bytes back
Round trip time was 0.163988 milliseconds in repetition 76
tcp_ping received 24576 bytes back
Round trip time was 0.153959 milliseconds in repetition 77
tcp_ping received 24576 bytes back
Round trip time was 0.153319 milliseconds in repetition 78
tcp_ping received 24576 bytes back
Round trip time was 0.147716 milliseconds in repetition 79
tcp_ping received 24576 bytes back
Round trip time was 0.153543 milliseconds in repetition 80
tcp_ping received 24576 bytes back
Round trip time was 0.150746 milliseconds in repetition 81
tcp_ping received 24576 bytes back
Round trip time was 0.148881 milliseconds in repetition 82
tcp_ping received 24576 bytes back
Round trip time was 0.157284 milliseconds in repetition 83
tcp_ping received 24576 bytes back
Round trip time was 0.214147 milliseconds in repetition 84
tcp_ping received 24576 bytes back
Round trip time was 0.161333 milliseconds in repetition 85
tcp_ping received 24576 bytes back
Round trip time was 0.175472 milliseconds in repetition 86
tcp_ping received 24576 bytes back
Round trip time was 0.15677 milliseconds in repetition 87
tcp_ping received 24576 bytes back
Round trip time was 0.171759 milliseconds in repetition 88
tcp_ping received 24576 bytes back
Round trip time was 0.211988 milliseconds in repetition 89
tcp_ping received 24576 bytes back
Round trip time was 0.178227 milliseconds in repetition 90
tcp_ping received 24576 bytes back
Round trip time was 0.186567 milliseconds in repetition 91
tcp_ping received 24576 bytes back
Round trip time was 0.164066 milliseconds in repetition 92
tcp_ping received 24576 bytes back
Round trip time was 0.182399 milliseconds in repetition 93
tcp_ping received 24576 bytes back
Round trip time was 0.168423 milliseconds in repetition 94
tcp_ping received 24576 bytes back
Round trip time was 0.149788 milliseconds in repetition 95
tcp_ping received 24576 bytes back
Round trip time was 0.145769 milliseconds in repetition 96
tcp_ping received 24576 bytes back
Round trip time was 0.148229 milliseconds in repetition 97
tcp_ping received 24576 bytes back
Round trip time was 0.148412 milliseconds in repetition 98
tcp_ping received 24576 bytes back
Round trip time was 0.147661 milliseconds in repetition 99
tcp_ping received 24576 bytes back
Round trip time was 0.238384 milliseconds in repetition 100
tcp_ping received 24576 bytes back
Round trip time was 0.173808 milliseconds in repetition 101
tcp_ping received 24576 bytes back
Round trip time was 0.195801 milliseconds in repetition 102
tcp_ping received 24576 bytes back
Round trip time was 0.227734 milliseconds in repetition 103
tcp_ping received 24576 bytes back
Round trip time was 0.170441 milliseconds in repetition 104
tcp_ping received 24576 bytes back
Round trip time was 0.152842 milliseconds in repetition 105
tcp_ping received 24576 bytes back
Round trip time was 0.150056 milliseconds in repetition 106
tcp_ping received 24576 bytes back
Round trip time was 0.153965 milliseconds in repetition 107
tcp_ping received 24576 bytes back
Round trip time was 0.154969 milliseconds in repetition 108
tcp_ping received 24576 bytes back
Round trip time was 0.151037 milliseconds in repetition 109
tcp_ping received 24576 bytes back
Round trip time was 0.150615 milliseconds in repetition 110
tcp_ping received 24576 bytes back
Round trip time was 0.223892 milliseconds in repetition 111
tcp_ping received 24576 bytes back
Round trip time was 0.154201 milliseconds in repetition 112
tcp_ping received 24576 bytes back
Round trip time was 0.148952 milliseconds in repetition 113
tcp_ping received 24576 bytes back
Round trip time was 0.146859 milliseconds in repetition 114
tcp_ping received 24576 bytes back
Round trip time was 0.150021 milliseconds in repetition 115
tcp_ping received 24576 bytes back
Round trip time was 0.150997 milliseconds in repetition 116
tcp_ping received 24576 bytes back
Round trip time was 0.175044 milliseconds in repetition 117
tcp_ping received 24576 bytes back
Round trip time was 0.194993 milliseconds in repetition 118
tcp_ping received 24576 bytes back
Round trip time was 0.186981 milliseconds in repetition 119
tcp_ping received 24576 bytes back
Round trip time was 0.180847 milliseconds in repetition 120
tcp_ping received 24576 bytes back
Round trip time was 0.187264 milliseconds in repetition 121
tcp_ping received 24576 bytes back
Round trip time was 0.169528 milliseconds in repetition 122
tcp_ping received 24576 bytes back
Round trip time was 0.166327 milliseconds in repetition 123
tcp_ping received 24576 bytes back
Round trip time was 0.170379 milliseconds in repetition 124
tcp_ping received 24576 bytes back
Round trip time was 0.183649 milliseconds in repetition 125
tcp_ping received 24576 bytes back
Round trip time was 0.192773 milliseconds in repetition 126
tcp_ping received 24576 bytes back
Round trip time was 0.225954 milliseconds in repetition 127
tcp_ping received 24576 bytes back
Round trip time was 0.178709 milliseconds in repetition 128
tcp_ping received 24576 bytes back
Round trip time was 0.249839 milliseconds in repetition 129
tcp_ping received 24576 bytes back
Round trip time was 0.319214 milliseconds in repetition 130
tcp_ping received 24576 bytes back
Round trip time was 0.193869 milliseconds in repetition 131
tcp_ping received 24576 bytes back
Round trip time was 0.202735 milliseconds in repetition 132
tcp_ping received 24576 bytes back
Round trip time was 0.150472 milliseconds in repetition 133
tcp_ping received 24576 bytes back
Round trip time was 0.152881 milliseconds in repetition 134
tcp_ping received 24576 bytes back
Round trip time was 0.154414 milliseconds in repetition 135
tcp_ping received 24576 bytes back
Round trip time was 0.152522 milliseconds in repetition 136
tcp_ping received 24576 bytes back
Round trip time was 0.153468 milliseconds in repetition 137
tcp_ping received 24576 bytes back
Round trip time was 0.154727 milliseconds in repetition 138
tcp_ping received 24576 bytes back
Round trip time was 0.172763 milliseconds in repetition 139
tcp_ping received 24576 bytes back
Round trip time was 0.1961 milliseconds in repetition 140
tcp_ping received 24576 bytes back
Round trip time was 0.179815 milliseconds in repetition 141
tcp_ping received 24576 bytes back
Round trip time was 0.151279 milliseconds in repetition 142
tcp_ping received 24576 bytes back
Round trip time was 0.14588 milliseconds in repetition 143
tcp_ping received 24576 bytes back
Round trip time was 0.148732 milliseconds in repetition 144
tcp_ping received 24576 bytes back
Round trip time was 0.146321 milliseconds in repetition 145
tcp_ping received 24576 bytes back
Round trip time was 0.147607 milliseconds in repetition 146
tcp_ping received 24576 bytes back
Round trip time was 0.145962 milliseconds in repetition 147
tcp_ping received 24576 bytes back
Round trip time was 0.148527 milliseconds in repetition 148
tcp_ping received 24576 bytes back
Round trip time was 0.149197 milliseconds in repetition 149
tcp_ping received 24576 bytes back
Round trip time was 0.149086 milliseconds in repetition 150
tcp_ping received 24576 bytes back
Round trip time was 0.146471 milliseconds in repetition 151
tcp_ping received 24576 bytes back
Round trip time was 0.14485 milliseconds in repetition 152
tcp_ping received 24576 bytes back
Round trip time was 0.148987 milliseconds in repetition 153
tcp_ping received 24576 bytes back
Round trip time was 0.146931 milliseconds in repetition 154
tcp_ping received 24576 bytes back
Round trip time was 0.149042 milliseconds in repetition 155
tcp_ping received 24576 bytes back
Round trip time was 0.146212 milliseconds in repetition 156
tcp_ping received 24576 bytes back
Round trip time was 0.148309 milliseconds in repetition 157
tcp_ping received 24576 bytes back
Round trip time was 0.14766 milliseconds in repetition 158
tcp_ping received 24576 bytes back
Round trip time was 0.150354 milliseconds in repetition 159
tcp_ping received 24576 bytes back
Round trip time was 0.14759 milliseconds in repetition 160
tcp_ping received 24576 bytes back
Round trip time was 0.148776 milliseconds in repetition 161
tcp_ping received 24576 bytes back
Round trip time was 0.146348 milliseconds in repetition 162
tcp_ping received 24576 bytes back
Round trip time was 0.145126 milliseconds in repetition 163
tcp_ping received 24576 bytes back
Round trip time was 0.149993 milliseconds in repetition 164
tcp_ping received 24576 bytes back
Round trip time was 0.155309 milliseconds in repetition 165
tcp_ping received 24576 bytes back
Round trip time was 0.151443 milliseconds in repetition 166
tcp_ping received 24576 bytes back
Round trip time was 0.148133 milliseconds in repetition 167
tcp_ping received 24576 bytes back
Round trip time was 0.147802 milliseconds in repetition 168
tcp_ping received 24576 bytes back
Round trip time was 0.273914 milliseconds in repetition 169
tcp_ping received 24576 bytes back
Round trip time was 0.190217 milliseconds in repetition 170
tcp_ping received 24576 bytes back
Round trip time was 0.159579 milliseconds in repetition 171
tcp_ping received 24576 bytes back
Round trip time was 0.150031 milliseconds in repetition 172
tcp_ping received 24576 bytes back
Round trip time was 0.149303 milliseconds in repetition 173
tcp_ping received 24576 bytes back
Round trip time was 0.1506 milliseconds in repetition 174
tcp_ping received 24576 bytes back
Round trip time was 0.14998 milliseconds in repetition 175
tcp_ping received 24576 bytes back
Round trip time was 0.152753 milliseconds in repetition 176
tcp_ping received 24576 bytes back
Round trip time was 0.14871 milliseconds in repetition 177
tcp_ping received 24576 bytes back
Round trip time was 0.150955 milliseconds in repetition 178
tcp_ping received 24576 bytes back
Round trip time was 0.148258 milliseconds in repetition 179
tcp_ping received 24576 bytes back
Round trip time was 0.151247 milliseconds in repetition 180
tcp_ping received 24576 bytes back
Round trip time was 0.149745 milliseconds in repetition 181
tcp_ping received 24576 bytes back
Round trip time was 0.151611 milliseconds in repetition 182
tcp_ping received 24576 bytes back
Round trip time was 0.151421 milliseconds in repetition 183
tcp_ping received 24576 bytes back
Round trip time was 0.150681 milliseconds in repetition 184
tcp_ping received 24576 bytes back
Round trip time was 0.152163 milliseconds in repetition 185
tcp_ping received 24576 bytes back
Round trip time was 0.15245 milliseconds in repetition 186
tcp_ping received 24576 bytes back
Round trip time was 0.152877 milliseconds in repetition 187
tcp_ping received 24576 bytes back
Round trip time was 0.151352 milliseconds in repetition 188
tcp_ping received 24576 bytes back
Round trip time was 0.150126 milliseconds in repetition 189
tcp_ping received 24576 bytes back
Round trip time was 0.151614 milliseconds in repetition 190
tcp_ping received 24576 bytes back
Round trip time was 0.156556 milliseconds in repetition 191
tcp_ping received 24576 bytes back
Round trip time was 0.214603 milliseconds in repetition 192
tcp_ping received 24576 bytes back
Round trip time was 0.164809 milliseconds in repetition 193
tcp_ping received 24576 bytes back
Round trip time was 0.153205 milliseconds in repetition 194
tcp_ping received 24576 bytes back
Round trip time was 0.151555 milliseconds in repetition 195
tcp_ping received 24576 bytes back
Round trip time was 0.171762 milliseconds in repetition 196
tcp_ping received 24576 bytes back
Round trip time was 0.162518 milliseconds in repetition 197
tcp_ping received 24576 bytes back
Round trip time was 0.156333 milliseconds in repetition 198
tcp_ping received 24576 bytes back
Round trip time was 0.152267 milliseconds in repetition 199
tcp_ping received 24576 bytes back
Round trip time was 0.150753 milliseconds in repetition 200
tcp_ping received 24576 bytes back
Round trip time was 0.154809 milliseconds in repetition 201
tcp_ping received 24576 bytes back
Round trip time was 0.15671 milliseconds in repetition 202
tcp_ping received 24576 bytes back
Round trip time was 0.155498 milliseconds in repetition 203
tcp_ping received 24576 bytes back
Round trip time was 0.163361 milliseconds in repetition 204
tcp_ping received 24576 bytes back
Round trip time was 0.280785 milliseconds in repetition 205
tcp_ping received 24576 bytes back
Round trip time was 0.249842 milliseconds in repetition 206
tcp_ping received 24576 bytes back
Round trip time was 0.230936 milliseconds in repetition 207
tcp_ping received 24576 bytes back
Round trip time was 0.194007 milliseconds in repetition 208
tcp_ping received 24576 bytes back
Round trip time was 0.15774 milliseconds in repetition 209
tcp_ping received 24576 bytes back
Round trip time was 0.164024 milliseconds in repetition 210
tcp_ping received 24576 bytes back
Round trip time was 0.155999 milliseconds in repetition 211
tcp_ping received 24576 bytes back
Round trip time was 0.243598 milliseconds in repetition 212
tcp_ping received 24576 bytes back
Round trip time was 0.232463 milliseconds in repetition 213
tcp_ping received 24576 bytes back
Round trip time was 0.168029 milliseconds in repetition 214
tcp_ping received 24576 bytes back
Round trip time was 0.157186 milliseconds in repetition 215
tcp_ping received 24576 bytes back
Round trip time was 0.184657 milliseconds in repetition 216
tcp_ping received 24576 bytes back
Round trip time was 0.272044 milliseconds in repetition 217
tcp_ping received 24576 bytes back
Round trip time was 0.160945 milliseconds in repetition 218
tcp_ping received 24576 bytes back
Round trip time was 0.14895 milliseconds in repetition 219
tcp_ping received 24576 bytes back
Round trip time was 0.248896 milliseconds in repetition 220
tcp_ping received 24576 bytes back
Round trip time was 0.180171 milliseconds in repetition 221
tcp_ping received 24576 bytes back
Round trip time was 0.147333 milliseconds in repetition 222
tcp_ping received 24576 bytes back
Round trip time was 0.147407 milliseconds in repetition 223
tcp_ping received 24576 bytes back
Round trip time was 0.149598 milliseconds in repetition 224
tcp_ping received 24576 bytes back
Round trip time was 0.195175 milliseconds in repetition 225
tcp_ping received 24576 bytes back
Round trip time was 0.14711 milliseconds in repetition 226
tcp_ping received 24576 bytes back
Round trip time was 0.145771 milliseconds in repetition 227
tcp_ping received 24576 bytes back
Round trip time was 0.145635 milliseconds in repetition 228
tcp_ping received 24576 bytes back
Round trip time was 0.146352 milliseconds in repetition 229
tcp_ping received 24576 bytes back
Round trip time was 0.145198 milliseconds in repetition 230
tcp_ping received 24576 bytes back
Round trip time was 0.145161 milliseconds in repetition 231
tcp_ping received 24576 bytes back
Round trip time was 0.14565 milliseconds in repetition 232
tcp_ping received 24576 bytes back
Round trip time was 0.146981 milliseconds in repetition 233
tcp_ping received 24576 bytes back
Round trip time was 0.144559 milliseconds in repetition 234
tcp_ping received 24576 bytes back
Round trip time was 0.148467 milliseconds in repetition 235
tcp_ping received 24576 bytes back
Round trip time was 0.147298 milliseconds in repetition 236
tcp_ping received 24576 bytes back
Round trip time was 0.147421 milliseconds in repetition 237
tcp_ping received 24576 bytes back
Round trip time was 0.146371 milliseconds in repetition 238
tcp_ping received 24576 bytes back
Round trip time was 0.146893 milliseconds in repetition 239
tcp_ping received 24576 bytes back
Round trip time was 0.146008 milliseconds in repetition 240
tcp_ping received 24576 bytes back
Round trip time was 0.148082 milliseconds in repetition 241
tcp_ping received 24576 bytes back
Round trip time was 0.147553 milliseconds in repetition 242
tcp_ping received 24576 bytes back
Round trip time was 0.145176 milliseconds in repetition 243
tcp_ping received 24576 bytes back
Round trip time was 0.14793 milliseconds in repetition 244
tcp_ping received 24576 bytes back
Round trip time was 0.149154 milliseconds in repetition 245
tcp_ping received 24576 bytes back
Round trip time was 0.147808 milliseconds in repetition 246
tcp_ping received 24576 bytes back
Round trip time was 0.148343 milliseconds in repetition 247
tcp_ping received 24576 bytes back
Round trip time was 0.147839 milliseconds in repetition 248
tcp_ping received 24576 bytes back
Round trip time was 0.150591 milliseconds in repetition 249
tcp_ping received 24576 bytes back
Round trip time was 0.147675 milliseconds in repetition 250
tcp_ping received 24576 bytes back
Round trip time was 0.148038 milliseconds in repetition 251
tcp_ping received 24576 bytes back
Round trip time was 0.149725 milliseconds in repetition 252
tcp_ping received 24576 bytes back
Round trip time was 0.147111 milliseconds in repetition 253
tcp_ping received 24576 bytes back
Round trip time was 0.14635 milliseconds in repetition 254
tcp_ping received 24576 bytes back
Round trip time was 0.148545 milliseconds in repetition 255
tcp_ping received 24576 bytes back
Round trip time was 0.150742 milliseconds in repetition 256
tcp_ping received 24576 bytes back
Round trip time was 0.149413 milliseconds in repetition 257
tcp_ping received 24576 bytes back
Round trip time was 0.154231 milliseconds in repetition 258
tcp_ping received 24576 bytes back
Round trip time was 0.167319 milliseconds in repetition 259
tcp_ping received 24576 bytes back
Round trip time was 0.160376 milliseconds in repetition 260
tcp_ping received 24576 bytes back
Round trip time was 0.163406 milliseconds in repetition 261
tcp_ping received 24576 bytes back
Round trip time was 0.158424 milliseconds in repetition 262
tcp_ping received 24576 bytes back
Round trip time was 0.15078 milliseconds in repetition 263
tcp_ping received 24576 bytes back
Round trip time was 0.152876 milliseconds in repetition 264
tcp_ping received 24576 bytes back
Round trip time was 0.150391 milliseconds in repetition 265
tcp_ping received 24576 bytes back
Round trip time was 0.151318 milliseconds in repetition 266
tcp_ping received 24576 bytes back
Round trip time was 0.148698 milliseconds in repetition 267
tcp_ping received 24576 bytes back
Round trip time was 0.14859 milliseconds in repetition 268
tcp_ping received 24576 bytes back
Round trip time was 0.148815 milliseconds in repetition 269
tcp_ping received 24576 bytes back
Round trip time was 0.152468 milliseconds in repetition 270
tcp_ping received 24576 bytes back
Round trip time was 0.146417 milliseconds in repetition 271
tcp_ping received 24576 bytes back
Round trip time was 0.148587 milliseconds in repetition 272
tcp_ping received 24576 bytes back
Round trip time was 0.15312 milliseconds in repetition 273
tcp_ping received 24576 bytes back
Round trip time was 0.14961 milliseconds in repetition 274
tcp_ping received 24576 bytes back
Round trip time was 0.148906 milliseconds in repetition 275
tcp_ping received 24576 bytes back
Round trip time was 0.148374 milliseconds in repetition 276
tcp_ping received 24576 bytes back
Round trip time was 0.14818 milliseconds in repetition 277
tcp_ping received 24576 bytes back
Round trip time was 0.147297 milliseconds in repetition 278
tcp_ping received 24576 bytes back
Round trip time was 0.149021 milliseconds in repetition 279
tcp_ping received 24576 bytes back
Round trip time was 0.152243 milliseconds in repetition 280
tcp_ping received 24576 bytes back
Round trip time was 0.166222 milliseconds in repetition 281
tcp_ping received 24576 bytes back
Round trip time was 0.25643 milliseconds in repetition 282
tcp_ping received 24576 bytes back
Round trip time was 0.177085 milliseconds in repetition 283
tcp_ping received 24576 bytes back
Round trip time was 0.169525 milliseconds in repetition 284
tcp_ping received 24576 bytes back
Round trip time was 0.233559 milliseconds in repetition 285
tcp_ping received 24576 bytes back
Round trip time was 0.156572 milliseconds in repetition 286
tcp_ping received 24576 bytes back
Round trip time was 0.161714 milliseconds in repetition 287
tcp_ping received 24576 bytes back
Round trip time was 0.21024 milliseconds in repetition 288
tcp_ping received 24576 bytes back
Round trip time was 0.152035 milliseconds in repetition 289
tcp_ping received 24576 bytes back
Round trip time was 0.182714 milliseconds in repetition 290
tcp_ping received 24576 bytes back
Round trip time was 0.15612 milliseconds in repetition 291
tcp_ping received 24576 bytes back
Round trip time was 0.15216 milliseconds in repetition 292
tcp_ping received 24576 bytes back
Round trip time was 0.147724 milliseconds in repetition 293
tcp_ping received 24576 bytes back
Round trip time was 0.150246 milliseconds in repetition 294
tcp_ping received 24576 bytes back
Round trip time was 0.157506 milliseconds in repetition 295
tcp_ping received 24576 bytes back
Round trip time was 0.161556 milliseconds in repetition 296
tcp_ping received 24576 bytes back
Round trip time was 0.167251 milliseconds in repetition 297
tcp_ping received 24576 bytes back
Round trip time was 0.225467 milliseconds in repetition 298
tcp_ping received 24576 bytes back
Round trip time was 0.178873 milliseconds in repetition 299
tcp_ping received 24576 bytes back
Round trip time was 0.184909 milliseconds in repetition 300
tcp_ping received 24576 bytes back
Round trip time was 0.191982 milliseconds in repetition 301
tcp_ping received 24576 bytes back
Round trip time was 0.189851 milliseconds in repetition 302
tcp_ping received 24576 bytes back
Round trip time was 0.216852 milliseconds in repetition 303
tcp_ping received 24576 bytes back
Round trip time was 0.201895 milliseconds in repetition 304
tcp_ping received 24576 bytes back
Round trip time was 0.196383 milliseconds in repetition 305
tcp_ping received 24576 bytes back
Round trip time was 0.224414 milliseconds in repetition 306
tcp_ping received 24576 bytes back
Round trip time was 0.230633 milliseconds in repetition 307
tcp_ping received 24576 bytes back
Round trip time was 0.161652 milliseconds in repetition 308
tcp_ping received 24576 bytes back
Round trip time was 0.157504 milliseconds in repetition 309
tcp_ping received 24576 bytes back
Round trip time was 0.156125 milliseconds in repetition 310
tcp_ping received 24576 bytes back
Round trip time was 0.156317 milliseconds in repetition 311
tcp_ping received 24576 bytes back
Round trip time was 0.172373 milliseconds in repetition 312
tcp_ping received 24576 bytes back
Round trip time was 0.188871 milliseconds in repetition 313
tcp_ping received 24576 bytes back
Round trip time was 0.161683 milliseconds in repetition 314
tcp_ping received 24576 bytes back
Round trip time was 0.147476 milliseconds in repetition 315
tcp_ping received 24576 bytes back
Round trip time was 0.146952 milliseconds in repetition 316
tcp_ping received 24576 bytes back
Round trip time was 0.144134 milliseconds in repetition 317
tcp_ping received 24576 bytes back
Round trip time was 0.145708 milliseconds in repetition 318
tcp_ping received 24576 bytes back
Round trip time was 0.146075 milliseconds in repetition 319
tcp_ping received 24576 bytes back
Round trip time was 0.147827 milliseconds in repetition 320
tcp_ping received 24576 bytes back
Round trip time was 0.145744 milliseconds in repetition 321
tcp_ping received 24576 bytes back
Round trip time was 0.145155 milliseconds in repetition 322
tcp_ping received 24576 bytes back
Round trip time was 0.149107 milliseconds in repetition 323
tcp_ping received 24576 bytes back
Round trip time was 0.146623 milliseconds in repetition 324
tcp_ping received 24576 bytes back
Round trip time was 0.147225 milliseconds in repetition 325
tcp_ping received 24576 bytes back
Round trip time was 0.14892 milliseconds in repetition 326
tcp_ping received 24576 bytes back
Round trip time was 0.1474 milliseconds in repetition 327
tcp_ping received 24576 bytes back
Round trip time was 0.145771 milliseconds in repetition 328
tcp_ping received 24576 bytes back
Round trip time was 0.154031 milliseconds in repetition 329
tcp_ping received 24576 bytes back
Round trip time was 0.150744 milliseconds in repetition 330
tcp_ping received 24576 bytes back
Round trip time was 0.146505 milliseconds in repetition 331
tcp_ping received 24576 bytes back
Round trip time was 0.145802 milliseconds in repetition 332
tcp_ping received 24576 bytes back
Round trip time was 0.146841 milliseconds in repetition 333
tcp_ping received 24576 bytes back
Round trip time was 0.146493 milliseconds in repetition 334
tcp_ping received 24576 bytes back
Round trip time was 0.146045 milliseconds in repetition 335
tcp_ping received 24576 bytes back
Round trip time was 0.149963 milliseconds in repetition 336
tcp_ping received 24576 bytes back
Round trip time was 0.151656 milliseconds in repetition 337
tcp_ping received 24576 bytes back
Round trip time was 0.148556 milliseconds in repetition 338
tcp_ping received 24576 bytes back
Round trip time was 0.150385 milliseconds in repetition 339
tcp_ping received 24576 bytes back
Round trip time was 0.148519 milliseconds in repetition 340
tcp_ping received 24576 bytes back
Round trip time was 0.146725 milliseconds in repetition 341
tcp_ping received 24576 bytes back
Round trip time was 0.147026 milliseconds in repetition 342
tcp_ping received 24576 bytes back
Round trip time was 0.146953 milliseconds in repetition 343
tcp_ping received 24576 bytes back
Round trip time was 0.147442 milliseconds in repetition 344
tcp_ping received 24576 bytes back
Round trip time was 0.150505 milliseconds in repetition 345
tcp_ping received 24576 bytes back
Round trip time was 0.158047 milliseconds in repetition 346
tcp_ping received 24576 bytes back
Round trip time was 0.176175 milliseconds in repetition 347
tcp_ping received 24576 bytes back
Round trip time was 0.16968 milliseconds in repetition 348
tcp_ping received 24576 bytes back
Round trip time was 0.155874 milliseconds in repetition 349
tcp_ping received 24576 bytes back
Round trip time was 0.148239 milliseconds in repetition 350
tcp_ping received 24576 bytes back
Round trip time was 0.148639 milliseconds in repetition 351
tcp_ping received 24576 bytes back
Round trip time was 0.149676 milliseconds in repetition 352
tcp_ping received 24576 bytes back
Round trip time was 0.144821 milliseconds in repetition 353
tcp_ping received 24576 bytes back
Round trip time was 0.146972 milliseconds in repetition 354
tcp_ping received 24576 bytes back
Round trip time was 0.146966 milliseconds in repetition 355
tcp_ping received 24576 bytes back
Round trip time was 0.143611 milliseconds in repetition 356
tcp_ping received 24576 bytes back
Round trip time was 0.146472 milliseconds in repetition 357
tcp_ping received 24576 bytes back
Round trip time was 0.146648 milliseconds in repetition 358
tcp_ping received 24576 bytes back
Round trip time was 0.1878 milliseconds in repetition 359
tcp_ping received 24576 bytes back
Round trip time was 0.171473 milliseconds in repetition 360
tcp_ping received 24576 bytes back
Round trip time was 0.156575 milliseconds in repetition 361
tcp_ping received 24576 bytes back
Round trip time was 0.153926 milliseconds in repetition 362
tcp_ping received 24576 bytes back
Round trip time was 0.150588 milliseconds in repetition 363
tcp_ping received 24576 bytes back
Round trip time was 0.153287 milliseconds in repetition 364
tcp_ping received 24576 bytes back
Round trip time was 0.152813 milliseconds in repetition 365
tcp_ping received 24576 bytes back
Round trip time was 0.149773 milliseconds in repetition 366
tcp_ping received 24576 bytes back
Round trip time was 0.152357 milliseconds in repetition 367
tcp_ping received 24576 bytes back
Round trip time was 0.148405 milliseconds in repetition 368
tcp_ping received 24576 bytes back
Round trip time was 0.1523 milliseconds in repetition 369
tcp_ping received 24576 bytes back
Round trip time was 0.149712 milliseconds in repetition 370
tcp_ping received 24576 bytes back
Round trip time was 0.148734 milliseconds in repetition 371
tcp_ping received 24576 bytes back
Round trip time was 0.154774 milliseconds in repetition 372
tcp_ping received 24576 bytes back
Round trip time was 0.151751 milliseconds in repetition 373
tcp_ping received 24576 bytes back
Round trip time was 0.160724 milliseconds in repetition 374
tcp_ping received 24576 bytes back
Round trip time was 0.163826 milliseconds in repetition 375
tcp_ping received 24576 bytes back
Round trip time was 0.146757 milliseconds in repetition 376
tcp_ping received 24576 bytes back
Round trip time was 0.147523 milliseconds in repetition 377
tcp_ping received 24576 bytes back
Round trip time was 0.148741 milliseconds in repetition 378
tcp_ping received 24576 bytes back
Round trip time was 0.147789 milliseconds in repetition 379
tcp_ping received 24576 bytes back
Round trip time was 0.145637 milliseconds in repetition 380
tcp_ping received 24576 bytes back
Round trip time was 0.148179 milliseconds in repetition 381
tcp_ping received 24576 bytes back
Round trip time was 0.150138 milliseconds in repetition 382
tcp_ping received 24576 bytes back
Round trip time was 0.147614 milliseconds in repetition 383
tcp_ping received 24576 bytes back
Round trip time was 0.149021 milliseconds in repetition 384
tcp_ping received 24576 bytes back
Round trip time was 0.149849 milliseconds in repetition 385
tcp_ping received 24576 bytes back
Round trip time was 0.147226 milliseconds in repetition 386
tcp_ping received 24576 bytes back
Round trip time was 0.153942 milliseconds in repetition 387
tcp_ping received 24576 bytes back
Round trip time was 0.149287 milliseconds in repetition 388
tcp_ping received 24576 bytes back
Round trip time was 0.191196 milliseconds in repetition 389
tcp_ping received 24576 bytes back
Round trip time was 0.156156 milliseconds in repetition 390
tcp_ping received 24576 bytes back
Round trip time was 0.19531 milliseconds in repetition 391
tcp_ping received 24576 bytes back
Round trip time was 0.204409 milliseconds in repetition 392
tcp_ping received 24576 bytes back
Round trip time was 0.211852 milliseconds in repetition 393
tcp_ping received 24576 bytes back
Round trip time was 0.192749 milliseconds in repetition 394
tcp_ping received 24576 bytes back
Round trip time was 0.207671 milliseconds in repetition 395
tcp_ping received 24576 bytes back
Round trip time was 0.178375 milliseconds in repetition 396
tcp_ping received 24576 bytes back
Round trip time was 0.179145 milliseconds in repetition 397
tcp_ping received 24576 bytes back
Round trip time was 0.152163 milliseconds in repetition 398
tcp_ping received 24576 bytes back
Round trip time was 0.149828 milliseconds in repetition 399
tcp_ping received 24576 bytes back
Round trip time was 0.148324 milliseconds in repetition 400
tcp_ping received 24576 bytes back
Round trip time was 0.149801 milliseconds in repetition 401
tcp_ping received 24576 bytes back
Round trip time was 0.150511 milliseconds in repetition 402
tcp_ping received 24576 bytes back
Round trip time was 0.15625 milliseconds in repetition 403
tcp_ping received 24576 bytes back
Round trip time was 0.149674 milliseconds in repetition 404
tcp_ping received 24576 bytes back
Round trip time was 0.150146 milliseconds in repetition 405
tcp_ping received 24576 bytes back
Round trip time was 0.151318 milliseconds in repetition 406
tcp_ping received 24576 bytes back
Round trip time was 0.150339 milliseconds in repetition 407
tcp_ping received 24576 bytes back
Round trip time was 0.151501 milliseconds in repetition 408
tcp_ping received 24576 bytes back
Round trip time was 0.19394 milliseconds in repetition 409
tcp_ping received 24576 bytes back
Round trip time was 0.16085 milliseconds in repetition 410
tcp_ping received 24576 bytes back
Round trip time was 0.152314 milliseconds in repetition 411
tcp_ping received 24576 bytes back
Round trip time was 0.153134 milliseconds in repetition 412
tcp_ping received 24576 bytes back
Round trip time was 0.153353 milliseconds in repetition 413
tcp_ping received 24576 bytes back
Round trip time was 0.152026 milliseconds in repetition 414
tcp_ping received 24576 bytes back
Round trip time was 0.152388 milliseconds in repetition 415
tcp_ping received 24576 bytes back
Round trip time was 0.152835 milliseconds in repetition 416
tcp_ping received 24576 bytes back
Round trip time was 0.150294 milliseconds in repetition 417
tcp_ping received 24576 bytes back
Round trip time was 0.15285 milliseconds in repetition 418
tcp_ping received 24576 bytes back
Round trip time was 0.154508 milliseconds in repetition 419
tcp_ping received 24576 bytes back
Round trip time was 0.152481 milliseconds in repetition 420
tcp_ping received 24576 bytes back
Round trip time was 0.149473 milliseconds in repetition 421
tcp_ping received 24576 bytes back
Round trip time was 0.156741 milliseconds in repetition 422
tcp_ping received 24576 bytes back
Round trip time was 0.154974 milliseconds in repetition 423
tcp_ping received 24576 bytes back
Round trip time was 0.151671 milliseconds in repetition 424
tcp_ping received 24576 bytes back
Round trip time was 0.153066 milliseconds in repetition 425
tcp_ping received 24576 bytes back
Round trip time was 0.152673 milliseconds in repetition 426
tcp_ping received 24576 bytes back
Round trip time was 0.151299 milliseconds in repetition 427
tcp_ping received 24576 bytes back
Round trip time was 0.167153 milliseconds in repetition 428
tcp_ping received 24576 bytes back
Round trip time was 0.155048 milliseconds in repetition 429
tcp_ping received 24576 bytes back
Round trip time was 0.152403 milliseconds in repetition 430
tcp_ping received 24576 bytes back
Round trip time was 0.158492 milliseconds in repetition 431
tcp_ping received 24576 bytes back
Round trip time was 0.163581 milliseconds in repetition 432
tcp_ping received 24576 bytes back
Round trip time was 0.166797 milliseconds in repetition 433
tcp_ping received 24576 bytes back
Round trip time was 0.160639 milliseconds in repetition 434
tcp_ping received 24576 bytes back
Round trip time was 0.164513 milliseconds in repetition 435
tcp_ping received 24576 bytes back
Round trip time was 0.169292 milliseconds in repetition 436
tcp_ping received 24576 bytes back
Round trip time was 0.165102 milliseconds in repetition 437
tcp_ping received 24576 bytes back
Round trip time was 0.160781 milliseconds in repetition 438
tcp_ping received 24576 bytes back
Round trip time was 0.159853 milliseconds in repetition 439
tcp_ping received 24576 bytes back
Round trip time was 0.158594 milliseconds in repetition 440
tcp_ping received 24576 bytes back
Round trip time was 0.174701 milliseconds in repetition 441
tcp_ping received 24576 bytes back
Round trip time was 0.15265 milliseconds in repetition 442
tcp_ping received 24576 bytes back
Round trip time was 0.15145 milliseconds in repetition 443
tcp_ping received 24576 bytes back
Round trip time was 0.149698 milliseconds in repetition 444
tcp_ping received 24576 bytes back
Round trip time was 0.147519 milliseconds in repetition 445
tcp_ping received 24576 bytes back
Round trip time was 0.1494 milliseconds in repetition 446
tcp_ping received 24576 bytes back
Round trip time was 0.150343 milliseconds in repetition 447
tcp_ping received 24576 bytes back
Round trip time was 0.149875 milliseconds in repetition 448
tcp_ping received 24576 bytes back
Round trip time was 0.150713 milliseconds in repetition 449
tcp_ping received 24576 bytes back
Round trip time was 0.154712 milliseconds in repetition 450
tcp_ping received 24576 bytes back
Round trip time was 0.150311 milliseconds in repetition 451
tcp_ping received 24576 bytes back
Round trip time was 0.155184 milliseconds in repetition 452
tcp_ping received 24576 bytes back
Round trip time was 0.152851 milliseconds in repetition 453
tcp_ping received 24576 bytes back
Round trip time was 0.148728 milliseconds in repetition 454
tcp_ping received 24576 bytes back
Round trip time was 0.149 milliseconds in repetition 455
tcp_ping received 24576 bytes back
Round trip time was 0.187295 milliseconds in repetition 456
tcp_ping received 24576 bytes back
Round trip time was 0.162209 milliseconds in repetition 457
tcp_ping received 24576 bytes back
Round trip time was 0.177784 milliseconds in repetition 458
tcp_ping received 24576 bytes back
Round trip time was 0.174428 milliseconds in repetition 459
tcp_ping received 24576 bytes back
Round trip time was 0.157782 milliseconds in repetition 460
tcp_ping received 24576 bytes back
Round trip time was 0.156002 milliseconds in repetition 461
tcp_ping received 24576 bytes back
Round trip time was 0.158912 milliseconds in repetition 462
tcp_ping received 24576 bytes back
Round trip time was 0.1539 milliseconds in repetition 463
tcp_ping received 24576 bytes back
Round trip time was 0.155675 milliseconds in repetition 464
tcp_ping received 24576 bytes back
Round trip time was 0.156505 milliseconds in repetition 465
tcp_ping received 24576 bytes back
Round trip time was 0.153657 milliseconds in repetition 466
tcp_ping received 24576 bytes back
Round trip time was 0.155416 milliseconds in repetition 467
tcp_ping received 24576 bytes back
Round trip time was 0.155828 milliseconds in repetition 468
tcp_ping received 24576 bytes back
Round trip time was 0.152026 milliseconds in repetition 469
tcp_ping received 24576 bytes back
Round trip time was 0.149253 milliseconds in repetition 470
tcp_ping received 24576 bytes back
Round trip time was 0.169191 milliseconds in repetition 471
tcp_ping received 24576 bytes back
Round trip time was 0.15407 milliseconds in repetition 472
tcp_ping received 24576 bytes back
Round trip time was 0.150279 milliseconds in repetition 473
tcp_ping received 24576 bytes back
Round trip time was 0.15099 milliseconds in repetition 474
tcp_ping received 24576 bytes back
Round trip time was 0.156584 milliseconds in repetition 475
tcp_ping received 24576 bytes back
Round trip time was 0.159962 milliseconds in repetition 476
tcp_ping received 24576 bytes back
Round trip time was 0.15502 milliseconds in repetition 477
tcp_ping received 24576 bytes back
Round trip time was 0.155968 milliseconds in repetition 478
tcp_ping received 24576 bytes back
Round trip time was 0.158339 milliseconds in repetition 479
tcp_ping received 24576 bytes back
Round trip time was 0.160605 milliseconds in repetition 480
tcp_ping received 24576 bytes back
Round trip time was 0.163011 milliseconds in repetition 481
tcp_ping received 24576 bytes back
Round trip time was 0.156523 milliseconds in repetition 482
tcp_ping received 24576 bytes back
Round trip time was 0.153641 milliseconds in repetition 483
tcp_ping received 24576 bytes back
Round trip time was 0.151956 milliseconds in repetition 484
tcp_ping received 24576 bytes back
Round trip time was 0.151305 milliseconds in repetition 485
tcp_ping received 24576 bytes back
Round trip time was 0.150143 milliseconds in repetition 486
tcp_ping received 24576 bytes back
Round trip time was 0.160234 milliseconds in repetition 487
tcp_ping received 24576 bytes back
Round trip time was 0.153663 milliseconds in repetition 488
tcp_ping received 24576 bytes back
Round trip time was 0.151394 milliseconds in repetition 489
tcp_ping received 24576 bytes back
Round trip time was 0.152267 milliseconds in repetition 490
tcp_ping received 24576 bytes back
Round trip time was 0.153129 milliseconds in repetition 491
tcp_ping received 24576 bytes back
Round trip time was 0.151193 milliseconds in repetition 492
tcp_ping received 24576 bytes back
Round trip time was 0.207644 milliseconds in repetition 493
tcp_ping received 24576 bytes back
Round trip time was 0.28121 milliseconds in repetition 494
tcp_ping received 24576 bytes back
Round trip time was 0.177345 milliseconds in repetition 495
tcp_ping received 24576 bytes back
Round trip time was 0.157769 milliseconds in repetition 496
tcp_ping received 24576 bytes back
Round trip time was 0.151218 milliseconds in repetition 497
tcp_ping received 24576 bytes back
Round trip time was 0.153943 milliseconds in repetition 498
tcp_ping received 24576 bytes back
Round trip time was 0.151266 milliseconds in repetition 499
tcp_ping received 24576 bytes back
Round trip time was 0.152818 milliseconds in repetition 500
tcp_ping received 24576 bytes back
Round trip time was 0.167985 milliseconds in repetition 501

 ... clock resolution was 1e-06
TCP Ping:  Statistics over 501 repetitions of 24576 byte messages

RTT : percentile 10: 0.147026, median: 0.152468, percentile 90: 0.190217, average: 0.161785, variance: 0.000569165

RTT histogram:
0.143611 81
0.152391 254
0.161171 55
0.169951 28
0.178731 22
0.187511 12
0.196292 13
0.205072 7
0.213852 8
0.222632 4
0.231412 5
0.240193 2
0.248973 3
0.257753 1
0.266533 1
0.275313 2
0.284094 2
0.292874 0
0.301654 0
0.310434 0
0.319214 1

   median Throughput : 322376 KB/s   overall Throughput : 303811 KB/s

