TCP Ping trying to connect to server localhost (127.0.0.1) on port 1492
 ... connected to Pong server: asking for 501 repetitions of 262144 bytes TCP messages
 ... Pong server agreed:-)
tcp_ping received 262144 bytes back
Round trip time was 1.2061 milliseconds in repetition 1
tcp_ping received 262144 bytes back
Round trip time was 1.15379 milliseconds in repetition 2
tcp_ping received 262144 bytes back
Round trip time was 1.18109 milliseconds in repetition 3
tcp_ping received 262144 bytes back
Round trip time was 1.13261 milliseconds in repetition 4
tcp_ping received 262144 bytes back
Round trip time was 1.20918 milliseconds in repetition 5
tcp_ping received 262144 bytes back
Round trip time was 1.39416 milliseconds in repetition 6
tcp_ping received 262144 bytes back
Round trip time was 1.48245 milliseconds in repetition 7
tcp_ping received 262144 bytes back
Round trip time was 1.47618 milliseconds in repetition 8
tcp_ping received 262144 bytes back
Round trip time was 1.61425 milliseconds in repetition 9
tcp_ping received 262144 bytes back
Round trip time was 1.52747 milliseconds in repetition 10
tcp_ping received 262144 bytes back
Round trip time was 1.33736 milliseconds in repetition 11
tcp_ping received 262144 bytes back
Round trip time was 1.16043 milliseconds in repetition 12
tcp_ping received 262144 bytes back
Round trip time was 1.91708 milliseconds in repetition 13
tcp_ping received 262144 bytes back
Round trip time was 1.66164 milliseconds in repetition 14
tcp_ping received 262144 bytes back
Round trip time was 1.34396 milliseconds in repetition 15
tcp_ping received 262144 bytes back
Round trip time was 1.14512 milliseconds in repetition 16
tcp_ping received 262144 bytes back
Round trip time was 1.16896 milliseconds in repetition 17
tcp_ping received 262144 bytes back
Round trip time was 1.14989 milliseconds in repetition 18
tcp_ping received 262144 bytes back
Round trip time was 1.10777 milliseconds in repetition 19
tcp_ping received 262144 bytes back
Round trip time was 1.14354 milliseconds in repetition 20
tcp_ping received 262144 bytes back
Round trip time was 1.06657 milliseconds in repetition 21
tcp_ping received 262144 bytes back
Round trip time was 1.0484 milliseconds in repetition 22
tcp_ping received 262144 bytes back
Round trip time was 1.01229 milliseconds in repetition 23
tcp_ping received 262144 bytes back
Round trip time was 1.05687 milliseconds in repetition 24
tcp_ping received 262144 bytes back
Round trip time was 1.34619 milliseconds in repetition 25
tcp_ping received 262144 bytes back
Round trip time was 1.74775 milliseconds in repetition 26
tcp_ping received 262144 bytes back
Round trip time was 1.76742 milliseconds in repetition 27
tcp_ping received 262144 bytes back
Round trip time was 1.54143 milliseconds in repetition 28
tcp_ping received 262144 bytes back
Round trip time was 1.10706 milliseconds in repetition 29
tcp_ping received 262144 bytes back
Round trip time was 1.04437 milliseconds in repetition 30
tcp_ping received 262144 bytes back
Round trip time was 1.08953 milliseconds in repetition 31
tcp_ping received 262144 bytes back
Round trip time was 1.07609 milliseconds in repetition 32
tcp_ping received 262144 bytes back
Round trip time was 1.05965 milliseconds in repetition 33
tcp_ping received 262144 bytes back
Round trip time was 1.15576 milliseconds in repetition 34
tcp_ping received 262144 bytes back
Round trip time was 1.0742 milliseconds in repetition 35
tcp_ping received 262144 bytes back
Round trip time was 1.05529 milliseconds in repetition 36
tcp_ping received 262144 bytes back
Round trip time was 1.03823 milliseconds in repetition 37
tcp_ping received 262144 bytes back
Round trip time was 1.12182 milliseconds in repetition 38
tcp_ping received 262144 bytes back
Round trip time was 1.20445 milliseconds in repetition 39
tcp_ping received 262144 bytes back
Round trip time was 1.3153 milliseconds in repetition 40
tcp_ping received 262144 bytes back
Round trip time was 1.39211 milliseconds in repetition 41
tcp_ping received 262144 bytes back
Round trip time was 1.31708 milliseconds in repetition 42
tcp_ping received 262144 bytes back
Round trip time was 1.06434 milliseconds in repetition 43
tcp_ping received 262144 bytes back
Round trip time was 1.0322 milliseconds in repetition 44
tcp_ping received 262144 bytes back
Round trip time was 1.04331 milliseconds in repetition 45
tcp_ping received 262144 bytes back
Round trip time was 1.08107 milliseconds in repetition 46
tcp_ping received 262144 bytes back
Round trip time was 1.06495 milliseconds in repetition 47
tcp_ping received 262144 bytes back
Round trip time was 1.05955 milliseconds in repetition 48
tcp_ping received 262144 bytes back
Round trip time was 1.05144 milliseconds in repetition 49
tcp_ping received 262144 bytes back
Round trip time was 1.06137 milliseconds in repetition 50
tcp_ping received 262144 bytes back
Round trip time was 1.10838 milliseconds in repetition 51
tcp_ping received 262144 bytes back
Round trip time was 1.33088 milliseconds in repetition 52
tcp_ping received 262144 bytes back
Round trip time was 1.1506 milliseconds in repetition 53
tcp_ping received 262144 bytes back
Round trip time was 1.36002 milliseconds in repetition 54
tcp_ping received 262144 bytes back
Round trip time was 1.74225 milliseconds in repetition 55
tcp_ping received 262144 bytes back
Round trip time was 1.75582 milliseconds in repetition 56
tcp_ping received 262144 bytes back
Round trip time was 1.29607 milliseconds in repetition 57
tcp_ping received 262144 bytes back
Round trip time was 1.58237 milliseconds in repetition 58
tcp_ping received 262144 bytes back
Round trip time was 1.73981 milliseconds in repetition 59
tcp_ping received 262144 bytes back
Round trip time was 1.49648 milliseconds in repetition 60
tcp_ping received 262144 bytes back
Round trip time was 1.52725 milliseconds in repetition 61
tcp_ping received 262144 bytes back
Round trip time was 1.51326 milliseconds in repetition 62
tcp_ping received 262144 bytes back
Round trip time was 1.50577 milliseconds in repetition 63
tcp_ping received 262144 bytes back
Round trip time was 1.38489 milliseconds in repetition 64
tcp_ping received 262144 bytes back
Round trip time was 1.1962 milliseconds in repetition 65
tcp_ping received 262144 bytes back
Round trip time was 1.31462 milliseconds in repetition 66
tcp_ping received 262144 bytes back
Round trip time was 1.34902 milliseconds in repetition 67
tcp_ping received 262144 bytes back
Round trip time was 1.32008 milliseconds in repetition 68
tcp_ping received 262144 bytes back
Round trip time was 1.37113 milliseconds in repetition 69
tcp_ping received 262144 bytes back
Round trip time was 1.38087 milliseconds in repetition 70
tcp_ping received 262144 bytes back
Round trip time was 1.42664 milliseconds in repetition 71
tcp_ping received 262144 bytes back
Round trip time was 1.44639 milliseconds in repetition 72
tcp_ping received 262144 bytes back
Round trip time was 1.36446 milliseconds in repetition 73
tcp_ping received 262144 bytes back
Round trip time was 1.40003 milliseconds in repetition 74
tcp_ping received 262144 bytes back
Round trip time was 1.10846 milliseconds in repetition 75
tcp_ping received 262144 bytes back
Round trip time was 7.25816 milliseconds in repetition 76
tcp_ping received 262144 bytes back
Round trip time was 1.15299 milliseconds in repetition 77
tcp_ping received 262144 bytes back
Round trip time was 1.01288 milliseconds in repetition 78
tcp_ping received 262144 bytes back
Round trip time was 1.02043 milliseconds in repetition 79
tcp_ping received 262144 bytes back
Round trip time was 1.0333 milliseconds in repetition 80
tcp_ping received 262144 bytes back
Round trip time was 1.01894 milliseconds in repetition 81
tcp_ping received 262144 bytes back
Round trip time was 1.01646 milliseconds in repetition 82
tcp_ping received 262144 bytes back
Round trip time was 1.01039 milliseconds in repetition 83
tcp_ping received 262144 bytes back
Round trip time was 1.14541 milliseconds in repetition 84
tcp_ping received 262144 bytes back
Round trip time was 1.12582 milliseconds in repetition 85
tcp_ping received 262144 bytes back
Round trip time was 1.10937 milliseconds in repetition 86
tcp_ping received 262144 bytes back
Round trip time was 1.07797 milliseconds in repetition 87
tcp_ping received 262144 bytes back
Round trip time was 1.11217 milliseconds in repetition 88
tcp_ping received 262144 bytes back
Round trip time was 1.15525 milliseconds in repetition 89
tcp_ping received 262144 bytes back
Round trip time was 1.13079 milliseconds in repetition 90
tcp_ping received 262144 bytes back
Round trip time was 1.12612 milliseconds in repetition 91
tcp_ping received 262144 bytes back
Round trip time was 1.12787 milliseconds in repetition 92
tcp_ping received 262144 bytes back
Round trip time was 1.194 milliseconds in repetition 93
tcp_ping received 262144 bytes back
Round trip time was 1.10041 milliseconds in repetition 94
tcp_ping received 262144 bytes back
Round trip time was 1.10081 milliseconds in repetition 95
tcp_ping received 262144 bytes back
Round trip time was 1.16219 milliseconds in repetition 96
tcp_ping received 262144 bytes back
Round trip time was 1.45295 milliseconds in repetition 97
tcp_ping received 262144 bytes back
Round trip time was 1.0846 milliseconds in repetition 98
tcp_ping received 262144 bytes back
Round trip time was 1.10746 milliseconds in repetition 99
tcp_ping received 262144 bytes back
Round trip time was 1.10999 milliseconds in repetition 100
tcp_ping received 262144 bytes back
Round trip time was 1.23592 milliseconds in repetition 101
tcp_ping received 262144 bytes back
Round trip time was 1.1517 milliseconds in repetition 102
tcp_ping received 262144 bytes back
Round trip time was 1.55782 milliseconds in repetition 103
tcp_ping received 262144 bytes back
Round trip time was 1.04946 milliseconds in repetition 104
tcp_ping received 262144 bytes back
Round trip time was 1.03404 milliseconds in repetition 105
tcp_ping received 262144 bytes back
Round trip time was 1.16279 milliseconds in repetition 106
tcp_ping received 262144 bytes back
Round trip time was 1.04213 milliseconds in repetition 107
tcp_ping received 262144 bytes back
Round trip time was 1.09778 milliseconds in repetition 108
tcp_ping received 262144 bytes back
Round trip time was 1.12582 milliseconds in repetition 109
tcp_ping received 262144 bytes back
Round trip time was 1.07216 milliseconds in repetition 110
tcp_ping received 262144 bytes back
Round trip time was 1.01124 milliseconds in repetition 111
tcp_ping received 262144 bytes back
Round trip time was 0.991062 milliseconds in repetition 112
tcp_ping received 262144 bytes back
Round trip time was 1.35437 milliseconds in repetition 113
tcp_ping received 262144 bytes back
Round trip time was 1.48832 milliseconds in repetition 114
tcp_ping received 262144 bytes back
Round trip time was 1.44575 milliseconds in repetition 115
tcp_ping received 262144 bytes back
Round trip time was 1.45719 milliseconds in repetition 116
tcp_ping received 262144 bytes back
Round trip time was 1.48055 milliseconds in repetition 117
tcp_ping received 262144 bytes back
Round trip time was 1.60627 milliseconds in repetition 118
tcp_ping received 262144 bytes back
Round trip time was 1.5363 milliseconds in repetition 119
tcp_ping received 262144 bytes back
Round trip time was 1.52682 milliseconds in repetition 120
tcp_ping received 262144 bytes back
Round trip time was 1.52978 milliseconds in repetition 121
tcp_ping received 262144 bytes back
Round trip time was 1.53962 milliseconds in repetition 122
tcp_ping received 262144 bytes back
Round trip time was 1.55865 milliseconds in repetition 123
tcp_ping received 262144 bytes back
Round trip time was 1.49211 milliseconds in repetition 124
tcp_ping received 262144 bytes back
Round trip time was 1.53361 milliseconds in repetition 125
tcp_ping received 262144 bytes back
Round trip time was 1.5277 milliseconds in repetition 126
tcp_ping received 262144 bytes back
Round trip time was 1.5229 milliseconds in repetition 127
tcp_ping received 262144 bytes back
Round trip time was 1.5678 milliseconds in repetition 128
tcp_ping received 262144 bytes back
Round trip time was 1.59932 milliseconds in repetition 129
tcp_ping received 262144 bytes back
Round trip time was 1.12414 milliseconds in repetition 130
tcp_ping received 262144 bytes back
Round trip time was 1.12469 milliseconds in repetition 131
tcp_ping received 262144 bytes back
Round trip time was 1.09356 milliseconds in repetition 132
tcp_ping received 262144 bytes back
Round trip time was 1.07706 milliseconds in repetition 133
tcp_ping received 262144 bytes back
Round trip time was 1.11702 milliseconds in repetition 134
tcp_ping received 262144 bytes back
Round trip time was 1.08602 milliseconds in repetition 135
tcp_ping received 262144 bytes back
Round trip time was 1.49197 milliseconds in repetition 136
tcp_ping received 262144 bytes back
Round trip time was 1.06585 milliseconds in repetition 137
tcp_ping received 262144 bytes back
Round trip time was 1.49276 milliseconds in repetition 138
tcp_ping received 262144 bytes back
Round trip time was 1.31204 milliseconds in repetition 139
tcp_ping received 262144 bytes back
Round trip time was 1.21857 milliseconds in repetition 140
tcp_ping received 262144 bytes back
Round trip time was 1.09145 milliseconds in repetition 141
tcp_ping received 262144 bytes back
Round trip time was 1.11954 milliseconds in repetition 142
tcp_ping received 262144 bytes back
Round trip time was 1.10228 milliseconds in repetition 143
tcp_ping received 262144 bytes back
Round trip time was 1.134 milliseconds in repetition 144
tcp_ping received 262144 bytes back
Round trip time was 1.34529 milliseconds in repetition 145
tcp_ping received 262144 bytes back
Round trip time was 1.1837 milliseconds in repetition 146
tcp_ping received 262144 bytes back
Round trip time was 1.21862 milliseconds in repetition 147
tcp_ping received 262144 bytes back
Round trip time was 1.22061 milliseconds in repetition 148
tcp_ping received 262144 bytes back
Round trip time was 1.28947 milliseconds in repetition 149
tcp_ping received 262144 bytes back
Round trip time was 1.18419 milliseconds in repetition 150
tcp_ping received 262144 bytes back
Round trip time was 1.1803 milliseconds in repetition 151
tcp_ping received 262144 bytes back
Round trip time was 1.10858 milliseconds in repetition 152
tcp_ping received 262144 bytes back
Round trip time was 1.32443 milliseconds in repetition 153
tcp_ping received 262144 bytes back
Round trip time was 1.20128 milliseconds in repetition 154
tcp_ping received 262144 bytes back
Round trip time was 1.23107 milliseconds in repetition 155
tcp_ping received 262144 bytes back
Round trip time was 1.15974 milliseconds in repetition 156
tcp_ping received 262144 bytes back
Round trip time was 1.40059 milliseconds in repetition 157
tcp_ping received 262144 bytes back
Round trip time was 1.12568 milliseconds in repetition 158
tcp_ping received 262144 bytes back
Round trip time was 1.06405 milliseconds in repetition 159
tcp_ping received 262144 bytes back
Round trip time was 1.34888 milliseconds in repetition 160
tcp_ping received 262144 bytes back
Round trip time was 1.37943 milliseconds in repetition 161
tcp_ping received 262144 bytes back
Round trip time was 1.44931 milliseconds in repetition 162
tcp_ping received 262144 bytes back
Round trip time was 1.20829 milliseconds in repetition 163
tcp_ping received 262144 bytes back
Round trip time was 1.42572 milliseconds in repetition 164
tcp_ping received 262144 bytes back
Round trip time was 1.23345 milliseconds in repetition 165
tcp_ping received 262144 bytes back
Round trip time was 1.18858 milliseconds in repetition 166
tcp_ping received 262144 bytes back
Round trip time was 1.19159 milliseconds in repetition 167
tcp_ping received 262144 bytes back
Round trip time was 1.35523 milliseconds in repetition 168
tcp_ping received 262144 bytes back
Round trip time was 1.21313 milliseconds in repetition 169
tcp_ping received 262144 bytes back
Round trip time was 1.48798 milliseconds in repetition 170
tcp_ping received 262144 bytes back
Round trip time was 1.40011 milliseconds in repetition 171
tcp_ping received 262144 bytes back
Round trip time was 1.87459 milliseconds in repetition 172
tcp_ping received 262144 bytes back
Round trip time was 1.6853 milliseconds in repetition 173
tcp_ping received 262144 bytes back
Round trip time was 1.72037 milliseconds in repetition 174
tcp_ping received 262144 bytes back
Round trip time was 2.11275 milliseconds in repetition 175
tcp_ping received 262144 bytes back
Round trip time was 2.05474 milliseconds in repetition 176
tcp_ping received 262144 bytes back
Round trip time was 1.798 milliseconds in repetition 177
tcp_ping received 262144 bytes back
Round trip time was 2.07485 milliseconds in repetition 178
tcp_ping received 262144 bytes back
Round trip time was 1.53002 milliseconds in repetition 179
tcp_ping received 262144 bytes back
Round trip time was 1.509 milliseconds in repetition 180
tcp_ping received 262144 bytes back
Round trip time was 3.51439 milliseconds in repetition 181
tcp_ping received 262144 bytes back
Round trip time was 1.99456 milliseconds in repetition 182
tcp_ping received 262144 bytes back
Round trip time was 3.78256 milliseconds in repetition 183
tcp_ping received 262144 bytes back
Round trip time was 1.91321 milliseconds in repetition 184
tcp_ping received 262144 bytes back
Round trip time was 2.1149 milliseconds in repetition 185
tcp_ping received 262144 bytes back
Round trip time was 1.75542 milliseconds in repetition 186
tcp_ping received 262144 bytes back
Round trip time was 3.52193 milliseconds in repetition 187
tcp_ping received 262144 bytes back
Round trip time was 1.54813 milliseconds in repetition 188
tcp_ping received 262144 bytes back
Round trip time was 1.16741 milliseconds in repetition 189
tcp_ping received 262144 bytes back
Round trip time was 1.25151 milliseconds in repetition 190
tcp_ping received 262144 bytes back
Round trip time was 1.24175 milliseconds in repetition 191
tcp_ping received 262144 bytes back
Round trip time was 2.14148 milliseconds in repetition 192
tcp_ping received 262144 bytes back
Round trip time was 2.23092 milliseconds in repetition 193
tcp_ping received 262144 bytes back
Round trip time was 1.83822 milliseconds in repetition 194
tcp_ping received 262144 bytes back
Round trip time was 1.8108 milliseconds in repetition 195
tcp_ping received 262144 bytes back
Round trip time was 1.94223 milliseconds in repetition 196
tcp_ping received 262144 bytes back
Round trip time was 1.23334 milliseconds in repetition 197
tcp_ping received 262144 bytes back
Round trip time was 1.31701 milliseconds in repetition 198
tcp_ping received 262144 bytes back
Round trip time was 1.30393 milliseconds in repetition 199
tcp_ping received 262144 bytes back
Round trip time was 1.29073 milliseconds in repetition 200
tcp_ping received 262144 bytes back
Round trip time was 1.30429 milliseconds in repetition 201
tcp_ping received 262144 bytes back
Round trip time was 1.29776 milliseconds in repetition 202
tcp_ping received 262144 bytes back
Round trip time was 1.28983 milliseconds in repetition 203
tcp_ping received 262144 bytes back
Round trip time was 1.28628 milliseconds in repetition 204
tcp_ping received 262144 bytes back
Round trip time was 1.28854 milliseconds in repetition 205
tcp_ping received 262144 bytes back
Round trip time was 1.27524 milliseconds in repetition 206
tcp_ping received 262144 bytes back
Round trip time was 1.30123 milliseconds in repetition 207
tcp_ping received 262144 bytes back
Round trip time was 1.28524 milliseconds in repetition 208
tcp_ping received 262144 bytes back
Round trip time was 1.2842 milliseconds in repetition 209
tcp_ping received 262144 bytes back
Round trip time was 1.30461 milliseconds in repetition 210
tcp_ping received 262144 bytes back
Round trip time was 1.30854 milliseconds in repetition 211
tcp_ping received 262144 bytes back
Round trip time was 1.27771 milliseconds in repetition 212
tcp_ping received 262144 bytes back
Round trip time was 1.28176 milliseconds in repetition 213
tcp_ping received 262144 bytes back
Round trip time was 1.27633 milliseconds in repetition 214
tcp_ping received 262144 bytes back
Round trip time was 1.28821 milliseconds in repetition 215
tcp_ping received 262144 bytes back
Round trip time was 1.31436 milliseconds in repetition 216
tcp_ping received 262144 bytes back
Round trip time was 1.28218 milliseconds in repetition 217
tcp_ping received 262144 bytes back
Round trip time was 1.30376 milliseconds in repetition 218
tcp_ping received 262144 bytes back
Round trip time was 1.38183 milliseconds in repetition 219
tcp_ping received 262144 bytes back
Round trip time was 1.27466 milliseconds in repetition 220
tcp_ping received 262144 bytes back
Round trip time was 1.32466 milliseconds in repetition 221
tcp_ping received 262144 bytes back
Round trip time was 1.31532 milliseconds in repetition 222
tcp_ping received 262144 bytes back
Round trip time was 1.29685 milliseconds in repetition 223
tcp_ping received 262144 bytes back
Round trip time was 1.29941 milliseconds in repetition 224
tcp_ping received 262144 bytes back
Round trip time was 1.31898 milliseconds in repetition 225
tcp_ping received 262144 bytes back
Round trip time was 1.31712 milliseconds in repetition 226
tcp_ping received 262144 bytes back
Round trip time was 1.24733 milliseconds in repetition 227
tcp_ping received 262144 bytes back
Round trip time was 1.43865 milliseconds in repetition 228
tcp_ping received 262144 bytes back
Round trip time was 1.23457 milliseconds in repetition 229
tcp_ping received 262144 bytes back
Round trip time was 1.18701 milliseconds in repetition 230
tcp_ping received 262144 bytes back
Round trip time was 1.38975 milliseconds in repetition 231
tcp_ping received 262144 bytes back
Round trip time was 1.50392 milliseconds in repetition 232
tcp_ping received 262144 bytes back
Round trip time was 1.28808 milliseconds in repetition 233
tcp_ping received 262144 bytes back
Round trip time was 1.38428 milliseconds in repetition 234
tcp_ping received 262144 bytes back
Round trip time was 1.38418 milliseconds in repetition 235
tcp_ping received 262144 bytes back
Round trip time was 1.23695 milliseconds in repetition 236
tcp_ping received 262144 bytes back
Round trip time was 1.24749 milliseconds in repetition 237
tcp_ping received 262144 bytes back
Round trip time was 1.21727 milliseconds in repetition 238
tcp_ping received 262144 bytes back
Round trip time was 1.22881 milliseconds in repetition 239
tcp_ping received 262144 bytes back
Round trip time was 1.29362 milliseconds in repetition 240
tcp_ping received 262144 bytes back
Round trip time was 1.37199 milliseconds in repetition 241
tcp_ping received 262144 bytes back
Round trip time was 1.30014 milliseconds in repetition 242
tcp_ping received 262144 bytes back
Round trip time was 1.24945 milliseconds in repetition 243
tcp_ping received 262144 bytes back
Round trip time was 1.23649 milliseconds in repetition 244
tcp_ping received 262144 bytes back
Round trip time was 1.2444 milliseconds in repetition 245
tcp_ping received 262144 bytes back
Round trip time was 1.35597 milliseconds in repetition 246
tcp_ping received 262144 bytes back
Round trip time was 1.32859 milliseconds in repetition 247
tcp_ping received 262144 bytes back
Round trip time was 1.34033 milliseconds in repetition 248
tcp_ping received 262144 bytes back
Round trip time was 1.20603 milliseconds in repetition 249
tcp_ping received 262144 bytes back
Round trip time was 1.30766 milliseconds in repetition 250
tcp_ping received 262144 bytes back
Round trip time was 1.23027 milliseconds in repetition 251
tcp_ping received 262144 bytes back
Round trip time was 1.2675 milliseconds in repetition 252
tcp_ping received 262144 bytes back
Round trip time was 1.18396 milliseconds in repetition 253
tcp_ping received 262144 bytes back
Round trip time was 1.26356 milliseconds in repetition 254
tcp_ping received 262144 bytes back
Round trip time was 1.14152 milliseconds in repetition 255
tcp_ping received 262144 bytes back
Round trip time was 1.20186 milliseconds in repetition 256
tcp_ping received 262144 bytes back
Round trip time was 1.25866 milliseconds in repetition 257
tcp_ping received 262144 bytes back
Round trip time was 1.15965 milliseconds in repetition 258
tcp_ping received 262144 bytes back
Round trip time was 1.2936 milliseconds in repetition 259
tcp_ping received 262144 bytes back
Round trip time was 1.24487 milliseconds in repetition 260
tcp_ping received 262144 bytes back
Round trip time was 1.33628 milliseconds in repetition 261
tcp_ping received 262144 bytes back
Round trip time was 1.19437 milliseconds in repetition 262
tcp_ping received 262144 bytes back
Round trip time was 1.22859 milliseconds in repetition 263
tcp_ping received 262144 bytes back
Round trip time was 1.2134 milliseconds in repetition 264
tcp_ping received 262144 bytes back
Round trip time was 1.14157 milliseconds in repetition 265
tcp_ping received 262144 bytes back
Round trip time was 1.30145 milliseconds in repetition 266
tcp_ping received 262144 bytes back
Round trip time was 1.28245 milliseconds in repetition 267
tcp_ping received 262144 bytes back
Round trip time was 1.2266 milliseconds in repetition 268
tcp_ping received 262144 bytes back
Round trip time was 1.2238 milliseconds in repetition 269
tcp_ping received 262144 bytes back
Round trip time was 1.21471 milliseconds in repetition 270
tcp_ping received 262144 bytes back
Round trip time was 1.27899 milliseconds in repetition 271
tcp_ping received 262144 bytes back
Round trip time was 1.29465 milliseconds in repetition 272
tcp_ping received 262144 bytes back
Round trip time was 1.35575 milliseconds in repetition 273
tcp_ping received 262144 bytes back
Round trip time was 1.27239 milliseconds in repetition 274
tcp_ping received 262144 bytes back
Round trip time was 1.25248 milliseconds in repetition 275
tcp_ping received 262144 bytes back
Round trip time was 1.26948 milliseconds in repetition 276
tcp_ping received 262144 bytes back
Round trip time was 1.253 milliseconds in repetition 277
tcp_ping received 262144 bytes back
Round trip time was 1.28069 milliseconds in repetition 278
tcp_ping received 262144 bytes back
Round trip time was 1.2208 milliseconds in repetition 279
tcp_ping received 262144 bytes back
Round trip time was 1.25346 milliseconds in repetition 280
tcp_ping received 262144 bytes back
Round trip time was 1.24573 milliseconds in repetition 281
tcp_ping received 262144 bytes back
Round trip time was 1.23834 milliseconds in repetition 282
tcp_ping received 262144 bytes back
Round trip time was 1.23734 milliseconds in repetition 283
tcp_ping received 262144 bytes back
Round trip time was 1.27972 milliseconds in repetition 284
tcp_ping received 262144 bytes back
Round trip time was 1.24153 milliseconds in repetition 285
tcp_ping received 262144 bytes back
Round trip time was 1.25991 milliseconds in repetition 286
tcp_ping received 262144 bytes back
Round trip time was 1.22776 milliseconds in repetition 287
tcp_ping received 262144 bytes back
Round trip time was 1.21161 milliseconds in repetition 288
tcp_ping received 262144 bytes back
Round trip time was 1.22307 milliseconds in repetition 289
tcp_ping received 262144 bytes back
Round trip time was 1.23666 milliseconds in repetition 290
tcp_ping received 262144 bytes back
Round trip time was 1.23104 milliseconds in repetition 291
tcp_ping received 262144 bytes back
Round trip time was 1.2205 milliseconds in repetition 292
tcp_ping received 262144 bytes back
Round trip time was 1.2261 milliseconds in repetition 293
tcp_ping received 262144 bytes back
Round trip time was 1.24045 milliseconds in repetition 294
tcp_ping received 262144 bytes back
Round trip time was 1.23186 milliseconds in repetition 295
tcp_ping received 262144 bytes back
Round trip time was 1.23585 milliseconds in repetition 296
tcp_ping received 262144 bytes back
Round trip time was 1.20226 milliseconds in repetition 297
tcp_ping received 262144 bytes back
Round trip time was 1.27935 milliseconds in repetition 298
tcp_ping received 262144 bytes back
Round trip time was 1.2792 milliseconds in repetition 299
tcp_ping received 262144 bytes back
Round trip time was 1.27706 milliseconds in repetition 300
tcp_ping received 262144 bytes back
Round trip time was 1.22698 milliseconds in repetition 301
tcp_ping received 262144 bytes back
Round trip time was 1.23592 milliseconds in repetition 302
tcp_ping received 262144 bytes back
Round trip time was 1.30089 milliseconds in repetition 303
tcp_ping received 262144 bytes back
Round trip time was 1.32919 milliseconds in repetition 304
tcp_ping received 262144 bytes back
Round trip time was 1.18647 milliseconds in repetition 305
tcp_ping received 262144 bytes back
Round trip time was 1.22388 milliseconds in repetition 306
tcp_ping received 262144 bytes back
Round trip time was 1.23939 milliseconds in repetition 307
tcp_ping received 262144 bytes back
Round trip time was 1.23846 milliseconds in repetition 308
tcp_ping received 262144 bytes back
Round trip time was 1.21672 milliseconds in repetition 309
tcp_ping received 262144 bytes back
Round trip time was 1.22165 milliseconds in repetition 310
tcp_ping received 262144 bytes back
Round trip time was 1.21498 milliseconds in repetition 311
tcp_ping received 262144 bytes back
Round trip time was 1.2298 milliseconds in repetition 312
tcp_ping received 262144 bytes back
Round trip time was 1.23174 milliseconds in repetition 313
tcp_ping received 262144 bytes back
Round trip time was 1.25101 milliseconds in repetition 314
tcp_ping received 262144 bytes back
Round trip time was 1.23082 milliseconds in repetition 315
tcp_ping received 262144 bytes back
Round trip time was 1.23991 milliseconds in repetition 316
tcp_ping received 262144 bytes back
Round trip time was 1.23781 milliseconds in repetition 317
tcp_ping received 262144 bytes back
Round trip time was 1.16505 milliseconds in repetition 318
tcp_ping received 262144 bytes back
Round trip time was 1.23351 milliseconds in repetition 319
tcp_ping received 262144 bytes back
Round trip time was 1.20599 milliseconds in repetition 320
tcp_ping received 262144 bytes back
Round trip time was 1.27023 milliseconds in repetition 321
tcp_ping received 262144 bytes back
Round trip time was 1.23441 milliseconds in repetition 322
tcp_ping received 262144 bytes back
Round trip time was 1.24362 milliseconds in repetition 323
tcp_ping received 262144 bytes back
Round trip time was 1.21159 milliseconds in repetition 324
tcp_ping received 262144 bytes back
Round trip time was 1.42319 milliseconds in repetition 325
tcp_ping received 262144 bytes back
Round trip time was 1.25056 milliseconds in repetition 326
tcp_ping received 262144 bytes back
Round trip time was 1.28609 milliseconds in repetition 327
tcp_ping received 262144 bytes back
Round trip time was 1.31623 milliseconds in repetition 328
tcp_ping received 262144 bytes back
Round trip time was 1.34144 milliseconds in repetition 329
tcp_ping received 262144 bytes back
Round trip time was 1.23684 milliseconds in repetition 330
tcp_ping received 262144 bytes back
Round trip time was 1.25872 milliseconds in repetition 331
tcp_ping received 262144 bytes back
Round trip time was 1.2301 milliseconds in repetition 332
tcp_ping received 262144 bytes back
Round trip time was 1.20736 milliseconds in repetition 333
tcp_ping received 262144 bytes back
Round trip time was 1.19189 milliseconds in repetition 334
tcp_ping received 262144 bytes back
Round trip time was 1.18801 milliseconds in repetition 335
tcp_ping received 262144 bytes back
Round trip time was 1.23065 milliseconds in repetition 336
tcp_ping received 262144 bytes back
Round trip time was 1.16524 milliseconds in repetition 337
tcp_ping received 262144 bytes back
Round trip time was 1.20276 milliseconds in repetition 338
tcp_ping received 262144 bytes back
Round trip time was 1.20081 milliseconds in repetition 339
tcp_ping received 262144 bytes back
Round trip time was 1.23129 milliseconds in repetition 340
tcp_ping received 262144 bytes back
Round trip time was 1.15895 milliseconds in repetition 341
tcp_ping received 262144 bytes back
Round trip time was 1.20582 milliseconds in repetition 342
tcp_ping received 262144 bytes back
Round trip time was 1.19158 milliseconds in repetition 343
tcp_ping received 262144 bytes back
Round trip time was 1.21092 milliseconds in repetition 344
tcp_ping received 262144 bytes back
Round trip time was 1.18991 milliseconds in repetition 345
tcp_ping received 262144 bytes back
Round trip time was 1.2966 milliseconds in repetition 346
tcp_ping received 262144 bytes back
Round trip time was 1.22278 milliseconds in repetition 347
tcp_ping received 262144 bytes back
Round trip time was 1.21114 milliseconds in repetition 348
tcp_ping received 262144 bytes back
Round trip time was 1.21733 milliseconds in repetition 349
tcp_ping received 262144 bytes back
Round trip time was 1.29252 milliseconds in repetition 350
tcp_ping received 262144 bytes back
Round trip time was 1.17144 milliseconds in repetition 351
tcp_ping received 262144 bytes back
Round trip time was 1.24146 milliseconds in repetition 352
tcp_ping received 262144 bytes back
Round trip time was 1.21925 milliseconds in repetition 353
tcp_ping received 262144 bytes back
Round trip time was 1.96142 milliseconds in repetition 354
tcp_ping received 262144 bytes back
Round trip time was 1.23991 milliseconds in repetition 355
tcp_ping received 262144 bytes back
Round trip time was 1.22457 milliseconds in repetition 356
tcp_ping received 262144 bytes back
Round trip time was 1.32872 milliseconds in repetition 357
tcp_ping received 262144 bytes back
Round trip time was 1.2023 milliseconds in repetition 358
tcp_ping received 262144 bytes back
Round trip time was 1.31509 milliseconds in repetition 359
tcp_ping received 262144 bytes back
Round trip time was 1.20145 milliseconds in repetition 360
tcp_ping received 262144 bytes back
Round trip time was 1.16731 milliseconds in repetition 361
tcp_ping received 262144 bytes back
Round trip time was 1.24199 milliseconds in repetition 362
tcp_ping received 262144 bytes back
Round trip time was 1.17956 milliseconds in repetition 363
tcp_ping received 262144 bytes back
Round trip time was 1.15483 milliseconds in repetition 364
tcp_ping received 262144 bytes back
Round trip time was 1.15193 milliseconds in repetition 365
tcp_ping received 262144 bytes back
Round trip time was 1.14945 milliseconds in repetition 366
tcp_ping received 262144 bytes back
Round trip time was 1.13824 milliseconds in repetition 367
tcp_ping received 262144 bytes back
Round trip time was 1.13603 milliseconds in repetition 368
tcp_ping received 262144 bytes back
Round trip time was 1.15766 milliseconds in repetition 369
tcp_ping received 262144 bytes back
Round trip time was 1.16248 milliseconds in repetition 370
tcp_ping received 262144 bytes back
Round trip time was 1.1379 milliseconds in repetition 371
tcp_ping received 262144 bytes back
Round trip time was 1.07052 milliseconds in repetition 372
tcp_ping received 262144 bytes back
Round trip time was 1.09636 milliseconds in repetition 373
tcp_ping received 262144 bytes back
Round trip time was 1.13532 milliseconds in repetition 374
tcp_ping received 262144 bytes back
Round trip time was 1.10355 milliseconds in repetition 375
tcp_ping received 262144 bytes back
Round trip time was 1.1663 milliseconds in repetition 376
tcp_ping received 262144 bytes back
Round trip time was 1.15033 milliseconds in repetition 377
tcp_ping received 262144 bytes back
Round trip time was 1.1512 milliseconds in repetition 378
tcp_ping received 262144 bytes back
Round trip time was 1.17599 milliseconds in repetition 379
tcp_ping received 262144 bytes back
Round trip time was 1.15713 milliseconds in repetition 380
tcp_ping received 262144 bytes back
Round trip time was 1.16226 milliseconds in repetition 381
tcp_ping received 262144 bytes back
Round trip time was 1.13978 milliseconds in repetition 382
tcp_ping received 262144 bytes back
Round trip time was 1.18759 milliseconds in repetition 383
tcp_ping received 262144 bytes back
Round trip time was 1.13178 milliseconds in repetition 384
tcp_ping received 262144 bytes back
Round trip time was 1.17034 milliseconds in repetition 385
tcp_ping received 262144 bytes back
Round trip time was 1.19839 milliseconds in repetition 386
tcp_ping received 262144 bytes back
Round trip time was 1.17345 milliseconds in repetition 387
tcp_ping received 262144 bytes back
Round trip time was 1.19482 milliseconds in repetition 388
tcp_ping received 262144 bytes back
Round trip time was 1.20629 milliseconds in repetition 389
tcp_ping received 262144 bytes back
Round trip time was 1.17969 milliseconds in repetition 390
tcp_ping received 262144 bytes back
Round trip time was 1.28917 milliseconds in repetition 391
tcp_ping received 262144 bytes back
Round trip time was 1.23184 milliseconds in repetition 392
tcp_ping received 262144 bytes back
Round trip time was 1.17875 milliseconds in repetition 393
tcp_ping received 262144 bytes back
Round trip time was 1.16161 milliseconds in repetition 394
tcp_ping received 262144 bytes back
Round trip time was 1.25661 milliseconds in repetition 395
tcp_ping received 262144 bytes back
Round trip time was 1.31248 milliseconds in repetition 396
tcp_ping received 262144 bytes back
Round trip time was 1.22 milliseconds in repetition 397
tcp_ping received 262144 bytes back
Round trip time was 1.18828 milliseconds in repetition 398
tcp_ping received 262144 bytes back
Round trip time was 1.16235 milliseconds in repetition 399
tcp_ping received 262144 bytes back
Round trip time was 1.17191 milliseconds in repetition 400
tcp_ping received 262144 bytes back
Round trip time was 1.16112 milliseconds in repetition 401
tcp_ping received 262144 bytes back
Round trip time was 1.2137 milliseconds in repetition 402
tcp_ping received 262144 bytes back
Round trip time was 1.12725 milliseconds in repetition 403
tcp_ping received 262144 bytes back
Round trip time was 1.16746 milliseconds in repetition 404
tcp_ping received 262144 bytes back
Round trip time was 1.21031 milliseconds in repetition 405
tcp_ping received 262144 bytes back
Round trip time was 1.18401 milliseconds in repetition 406
tcp_ping received 262144 bytes back
Round trip time was 1.12282 milliseconds in repetition 407
tcp_ping received 262144 bytes back
Round trip time was 1.17434 milliseconds in repetition 408
tcp_ping received 262144 bytes back
Round trip time was 1.1772 milliseconds in repetition 409
tcp_ping received 262144 bytes back
Round trip time was 1.17298 milliseconds in repetition 410
tcp_ping received 262144 bytes back
Round trip time was 1.18605 milliseconds in repetition 411
tcp_ping received 262144 bytes back
Round trip time was 1.25587 milliseconds in repetition 412
tcp_ping received 262144 bytes back
Round trip time was 1.34253 milliseconds in repetition 413
tcp_ping received 262144 bytes back
Round trip time was 1.28853 milliseconds in repetition 414
tcp_ping received 262144 bytes back
Round trip time was 1.31589 milliseconds in repetition 415
tcp_ping received 262144 bytes back
Round trip time was 1.14321 milliseconds in repetition 416
tcp_ping received 262144 bytes back
Round trip time was 1.57986 milliseconds in repetition 417
tcp_ping received 262144 bytes back
Round trip time was 1.56241 milliseconds in repetition 418
tcp_ping received 262144 bytes back
Round trip time was 1.64373 milliseconds in repetition 419
tcp_ping received 262144 bytes back
Round trip time was 1.59086 milliseconds in repetition 420
tcp_ping received 262144 bytes back
Round trip time was 1.62411 milliseconds in repetition 421
tcp_ping received 262144 bytes back
Round trip time was 1.61672 milliseconds in repetition 422
tcp_ping received 262144 bytes back
Round trip time was 1.5972 milliseconds in repetition 423
tcp_ping received 262144 bytes back
Round trip time was 1.65827 milliseconds in repetition 424
tcp_ping received 262144 bytes back
Round trip time was 1.42213 milliseconds in repetition 425
tcp_ping received 262144 bytes back
Round trip time was 1.06685 milliseconds in repetition 426
tcp_ping received 262144 bytes back
Round trip time was 1.10949 milliseconds in repetition 427
tcp_ping received 262144 bytes back
Round trip time was 1.15079 milliseconds in repetition 428
tcp_ping received 262144 bytes back
Round trip time was 1.11077 milliseconds in repetition 429
tcp_ping received 262144 bytes back
Round trip time was 1.15735 milliseconds in repetition 430
tcp_ping received 262144 bytes back
Round trip time was 1.14457 milliseconds in repetition 431
tcp_ping received 262144 bytes back
Round trip time was 1.14183 milliseconds in repetition 432
tcp_ping received 262144 bytes back
Round trip time was 1.15975 milliseconds in repetition 433
tcp_ping received 262144 bytes back
Round trip time was 1.13766 milliseconds in repetition 434
tcp_ping received 262144 bytes back
Round trip time was 1.1303 milliseconds in repetition 435
tcp_ping received 262144 bytes back
Round trip time was 1.13223 milliseconds in repetition 436
tcp_ping received 262144 bytes back
Round trip time was 1.12103 milliseconds in repetition 437
tcp_ping received 262144 bytes back
Round trip time was 1.12491 milliseconds in repetition 438
tcp_ping received 262144 bytes back
Round trip time was 1.37033 milliseconds in repetition 439
tcp_ping received 262144 bytes back
Round trip time was 1.13156 milliseconds in repetition 440
tcp_ping received 262144 bytes back
Round trip time was 1.14837 milliseconds in repetition 441
tcp_ping received 262144 bytes back
Round trip time was 1.22254 milliseconds in repetition 442
tcp_ping received 262144 bytes back
Round trip time was 1.21261 milliseconds in repetition 443
tcp_ping received 262144 bytes back
Round trip time was 1.23456 milliseconds in repetition 444
tcp_ping received 262144 bytes back
Round trip time was 1.19591 milliseconds in repetition 445
tcp_ping received 262144 bytes back
Round trip time was 1.20928 milliseconds in repetition 446
tcp_ping received 262144 bytes back
Round trip time was 1.22392 milliseconds in repetition 447
tcp_ping received 262144 bytes back
Round trip time was 1.24747 milliseconds in repetition 448
tcp_ping received 262144 bytes back
Round trip time was 1.36841 milliseconds in repetition 449
tcp_ping received 262144 bytes back
Round trip time was 1.44419 milliseconds in repetition 450
tcp_ping received 262144 bytes back
Round trip time was 1.78626 milliseconds in repetition 451
tcp_ping received 262144 bytes back
Round trip time was 1.1694 milliseconds in repetition 452
tcp_ping received 262144 bytes back
Round trip time was 1.12591 milliseconds in repetition 453
tcp_ping received 262144 bytes back
Round trip time was 1.12425 milliseconds in repetition 454
tcp_ping received 262144 bytes back
Round trip time was 1.16034 milliseconds in repetition 455
tcp_ping received 262144 bytes back
Round trip time was 1.11731 milliseconds in repetition 456
tcp_ping received 262144 bytes back
Round trip time was 1.12446 milliseconds in repetition 457
tcp_ping received 262144 bytes back
Round trip time was 1.17918 milliseconds in repetition 458
tcp_ping received 262144 bytes back
Round trip time was 1.14373 milliseconds in repetition 459
tcp_ping received 262144 bytes back
Round trip time was 1.13509 milliseconds in repetition 460
tcp_ping received 262144 bytes back
Round trip time was 1.16961 milliseconds in repetition 461
tcp_ping received 262144 bytes back
Round trip time was 1.17662 milliseconds in repetition 462
tcp_ping received 262144 bytes back
Round trip time was 1.1205 milliseconds in repetition 463
tcp_ping received 262144 bytes back
Round trip time was 1.12275 milliseconds in repetition 464
tcp_ping received 262144 bytes back
Round trip time was 1.40932 milliseconds in repetition 465
tcp_ping received 262144 bytes back
Round trip time was 1.14508 milliseconds in repetition 466
tcp_ping received 262144 bytes back
Round trip time was 1.19166 milliseconds in repetition 467
tcp_ping received 262144 bytes back
Round trip time was 1.13287 milliseconds in repetition 468
tcp_ping received 262144 bytes back
Round trip time was 1.12085 milliseconds in repetition 469
tcp_ping received 262144 bytes back
Round trip time was 1.17207 milliseconds in repetition 470
tcp_ping received 262144 bytes back
Round trip time was 1.08836 milliseconds in repetition 471
tcp_ping received 262144 bytes back
Round trip time was 1.15283 milliseconds in repetition 472
tcp_ping received 262144 bytes back
Round trip time was 1.15444 milliseconds in repetition 473
tcp_ping received 262144 bytes back
Round trip time was 1.06914 milliseconds in repetition 474
tcp_ping received 262144 bytes back
Round trip time was 1.12496 milliseconds in repetition 475
tcp_ping received 262144 bytes back
Round trip time was 1.11618 milliseconds in repetition 476
tcp_ping received 262144 bytes back
Round trip time was 1.13711 milliseconds in repetition 477
tcp_ping received 262144 bytes back
Round trip time was 1.15082 milliseconds in repetition 478
tcp_ping received 262144 bytes back
Round trip time was 1.12874 milliseconds in repetition 479
tcp_ping received 262144 bytes back
Round trip time was 1.09093 milliseconds in repetition 480
tcp_ping received 262144 bytes back
Round trip time was 1.05889 milliseconds in repetition 481
tcp_ping received 262144 bytes back
Round trip time was 1.07867 milliseconds in repetition 482
tcp_ping received 262144 bytes back
Round trip time was 1.07335 milliseconds in repetition 483
tcp_ping received 262144 bytes back
Round trip time was 1.04074 milliseconds in repetition 484
tcp_ping received 262144 bytes back
Round trip time was 1.13258 milliseconds in repetition 485
tcp_ping received 262144 bytes back
Round trip time was 1.10785 milliseconds in repetition 486
tcp_ping received 262144 bytes back
Round trip time was 1.0833 milliseconds in repetition 487
tcp_ping received 262144 bytes back
Round trip time was 1.09051 milliseconds in repetition 488
tcp_ping received 262144 bytes back
Round trip time was 1.08808 milliseconds in repetition 489
tcp_ping received 262144 bytes back
Round trip time was 1.11571 milliseconds in repetition 490
tcp_ping received 262144 bytes back
Round trip time was 1.09481 milliseconds in repetition 491
tcp_ping received 262144 bytes back
Round trip time was 1.23327 milliseconds in repetition 492
tcp_ping received 262144 bytes back
Round trip time was 1.52185 milliseconds in repetition 493
tcp_ping received 262144 bytes back
Round trip time was 1.54442 milliseconds in repetition 494
tcp_ping received 262144 bytes back
Round trip time was 1.55538 milliseconds in repetition 495
tcp_ping received 262144 bytes back
Round trip time was 1.13281 milliseconds in repetition 496
tcp_ping received 262144 bytes back
Round trip time was 1.9421 milliseconds in repetition 497
tcp_ping received 262144 bytes back
Round trip time was 1.77023 milliseconds in repetition 498
tcp_ping received 262144 bytes back
Round trip time was 1.62996 milliseconds in repetition 499
tcp_ping received 262144 bytes back
Round trip time was 1.7546 milliseconds in repetition 500
tcp_ping received 262144 bytes back
Round trip time was 1.80253 milliseconds in repetition 501

 ... clock resolution was 1e-06
TCP Ping:  Statistics over 501 repetitions of 262144 byte messages

RTT : percentile 10: 1.09356, median: 1.2266, percentile 90: 1.54813, average: 1.3017, variance: 0.144354

RTT histogram:
0.991062 123
1.30442 301
1.61777 55
1.93113 14
2.24448 4
2.55784 0
2.87119 0
3.18454 0
3.4979 2
3.81125 1
4.12461 0
4.43796 0
4.75132 0
5.06467 0
5.37803 0
5.69138 0
6.00474 0
6.31809 0
6.63145 0
6.9448 0
7.25816 1

   median Throughput : 427431 KB/s   overall Throughput : 402772 KB/s

