TCP Ping trying to connect to server localhost (127.0.0.1) on port 1492
 ... connected to Pong server: asking for 501 repetitions of 8192 bytes TCP messages
 ... Pong server agreed:-)
tcp_ping received 8192 bytes back
Round trip time was 0.076393 milliseconds in repetition 1
tcp_ping received 8192 bytes back
Round trip time was 0.068173 milliseconds in repetition 2
tcp_ping received 8192 bytes back
Round trip time was 0.066931 milliseconds in repetition 3
tcp_ping received 8192 bytes back
Round trip time was 0.067064 milliseconds in repetition 4
tcp_ping received 8192 bytes back
Round trip time was 0.066214 milliseconds in repetition 5
tcp_ping received 8192 bytes back
Round trip time was 0.066105 milliseconds in repetition 6
tcp_ping received 8192 bytes back
Round trip time was 0.067241 milliseconds in repetition 7
tcp_ping received 8192 bytes back
Round trip time was 0.067861 milliseconds in repetition 8
tcp_ping received 8192 bytes back
Round trip time was 0.06952 milliseconds in repetition 9
tcp_ping received 8192 bytes back
Round trip time was 0.0651 milliseconds in repetition 10
tcp_ping received 8192 bytes back
Round trip time was 0.066636 milliseconds in repetition 11
tcp_ping received 8192 bytes back
Round trip time was 0.066278 milliseconds in repetition 12
tcp_ping received 8192 bytes back
Round trip time was 0.066736 milliseconds in repetition 13
tcp_ping received 8192 bytes back
Round trip time was 0.067332 milliseconds in repetition 14
tcp_ping received 8192 bytes back
Round trip time was 0.066352 milliseconds in repetition 15
tcp_ping received 8192 bytes back
Round trip time was 0.071094 milliseconds in repetition 16
tcp_ping received 8192 bytes back
Round trip time was 0.068706 milliseconds in repetition 17
tcp_ping received 8192 bytes back
Round trip time was 0.066843 milliseconds in repetition 18
tcp_ping received 8192 bytes back
Round trip time was 0.066994 milliseconds in repetition 19
tcp_ping received 8192 bytes back
Round trip time was 0.071212 milliseconds in repetition 20
tcp_ping received 8192 bytes back
Round trip time was 0.073648 milliseconds in repetition 21
tcp_ping received 8192 bytes back
Round trip time was 0.071486 milliseconds in repetition 22
tcp_ping received 8192 bytes back
Round trip time was 0.066258 milliseconds in repetition 23
tcp_ping received 8192 bytes back
Round trip time was 0.066454 milliseconds in repetition 24
tcp_ping received 8192 bytes back
Round trip time was 0.067197 milliseconds in repetition 25
tcp_ping received 8192 bytes back
Round trip time was 0.066233 milliseconds in repetition 26
tcp_ping received 8192 bytes back
Round trip time was 0.066559 milliseconds in repetition 27
tcp_ping received 8192 bytes back
Round trip time was 0.070802 milliseconds in repetition 28
tcp_ping received 8192 bytes back
Round trip time was 0.070851 milliseconds in repetition 29
tcp_ping received 8192 bytes back
Round trip time was 0.067202 milliseconds in repetition 30
tcp_ping received 8192 bytes back
Round trip time was 0.068907 milliseconds in repetition 31
tcp_ping received 8192 bytes back
Round trip time was 0.066549 milliseconds in repetition 32
tcp_ping received 8192 bytes back
Round trip time was 0.066795 milliseconds in repetition 33
tcp_ping received 8192 bytes back
Round trip time was 0.070286 milliseconds in repetition 34
tcp_ping received 8192 bytes back
Round trip time was 0.069256 milliseconds in repetition 35
tcp_ping received 8192 bytes back
Round trip time was 0.068853 milliseconds in repetition 36
tcp_ping received 8192 bytes back
Round trip time was 0.066281 milliseconds in repetition 37
tcp_ping received 8192 bytes back
Round trip time was 0.066173 milliseconds in repetition 38
tcp_ping received 8192 bytes back
Round trip time was 0.067196 milliseconds in repetition 39
tcp_ping received 8192 bytes back
Round trip time was 0.066788 milliseconds in repetition 40
tcp_ping received 8192 bytes back
Round trip time was 0.070866 milliseconds in repetition 41
tcp_ping received 8192 bytes back
Round trip time was 0.066544 milliseconds in repetition 42
tcp_ping received 8192 bytes back
Round trip time was 0.069819 milliseconds in repetition 43
tcp_ping received 8192 bytes back
Round trip time was 0.121715 milliseconds in repetition 44
tcp_ping received 8192 bytes back
Round trip time was 0.068983 milliseconds in repetition 45
tcp_ping received 8192 bytes back
Round trip time was 0.097818 milliseconds in repetition 46
tcp_ping received 8192 bytes back
Round trip time was 0.107206 milliseconds in repetition 47
tcp_ping received 8192 bytes back
Round trip time was 0.089445 milliseconds in repetition 48
tcp_ping received 8192 bytes back
Round trip time was 0.078528 milliseconds in repetition 49
tcp_ping received 8192 bytes back
Round trip time was 0.06884 milliseconds in repetition 50
tcp_ping received 8192 bytes back
Round trip time was 0.069833 milliseconds in repetition 51
tcp_ping received 8192 bytes back
Round trip time was 0.070341 milliseconds in repetition 52
tcp_ping received 8192 bytes back
Round trip time was 0.099066 milliseconds in repetition 53
tcp_ping received 8192 bytes back
Round trip time was 0.105494 milliseconds in repetition 54
tcp_ping received 8192 bytes back
Round trip time was 0.075715 milliseconds in repetition 55
tcp_ping received 8192 bytes back
Round trip time was 0.067974 milliseconds in repetition 56
tcp_ping received 8192 bytes back
Round trip time was 0.067687 milliseconds in repetition 57
tcp_ping received 8192 bytes back
Round trip time was 0.074239 milliseconds in repetition 58
tcp_ping received 8192 bytes back
Round trip time was 0.089804 milliseconds in repetition 59
tcp_ping received 8192 bytes back
Round trip time was 0.087341 milliseconds in repetition 60
tcp_ping received 8192 bytes back
Round trip time was 0.120402 milliseconds in repetition 61
tcp_ping received 8192 bytes back
Round trip time was 0.115191 milliseconds in repetition 62
tcp_ping received 8192 bytes back
Round trip time was 0.11007 milliseconds in repetition 63
tcp_ping received 8192 bytes back
Round trip time was 0.107809 milliseconds in repetition 64
tcp_ping received 8192 bytes back
Round trip time was 0.099413 milliseconds in repetition 65
tcp_ping received 8192 bytes back
Round trip time was 0.106824 milliseconds in repetition 66
tcp_ping received 8192 bytes back
Round trip time was 0.131635 milliseconds in repetition 67
tcp_ping received 8192 bytes back
Round trip time was 0.123093 milliseconds in repetition 68
tcp_ping received 8192 bytes back
Round trip time was 0.078219 milliseconds in repetition 69
tcp_ping received 8192 bytes back
Round trip time was 0.080526 milliseconds in repetition 70
tcp_ping received 8192 bytes back
Round trip time was 0.076584 milliseconds in repetition 71
tcp_ping received 8192 bytes back
Round trip time was 0.100625 milliseconds in repetition 72
tcp_ping received 8192 bytes back
Round trip time was 0.08067 milliseconds in repetition 73
tcp_ping received 8192 bytes back
Round trip time was 0.076107 milliseconds in repetition 74
tcp_ping received 8192 bytes back
Round trip time was 0.107464 milliseconds in repetition 75
tcp_ping received 8192 bytes back
Round trip time was 0.103735 milliseconds in repetition 76
tcp_ping received 8192 bytes back
Round trip time was 0.08458 milliseconds in repetition 77
tcp_ping received 8192 bytes back
Round trip time was 0.074182 milliseconds in repetition 78
tcp_ping received 8192 bytes back
Round trip time was 0.072068 milliseconds in repetition 79
tcp_ping received 8192 bytes back
Round trip time was 0.073686 milliseconds in repetition 80
tcp_ping received 8192 bytes back
Round trip time was 0.099748 milliseconds in repetition 81
tcp_ping received 8192 bytes back
Round trip time was 0.087764 milliseconds in repetition 82
tcp_ping received 8192 bytes back
Round trip time was 0.185365 milliseconds in repetition 83
tcp_ping received 8192 bytes back
Round trip time was 0.103313 milliseconds in repetition 84
tcp_ping received 8192 bytes back
Round trip time was 0.09847 milliseconds in repetition 85
tcp_ping received 8192 bytes back
Round trip time was 0.097789 milliseconds in repetition 86
tcp_ping received 8192 bytes back
Round trip time was 0.077713 milliseconds in repetition 87
tcp_ping received 8192 bytes back
Round trip time was 0.167419 milliseconds in repetition 88
tcp_ping received 8192 bytes back
Round trip time was 0.088168 milliseconds in repetition 89
tcp_ping received 8192 bytes back
Round trip time was 0.080968 milliseconds in repetition 90
tcp_ping received 8192 bytes back
Round trip time was 0.070154 milliseconds in repetition 91
tcp_ping received 8192 bytes back
Round trip time was 0.069961 milliseconds in repetition 92
tcp_ping received 8192 bytes back
Round trip time was 0.069539 milliseconds in repetition 93
tcp_ping received 8192 bytes back
Round trip time was 0.093794 milliseconds in repetition 94
tcp_ping received 8192 bytes back
Round trip time was 0.078812 milliseconds in repetition 95
tcp_ping received 8192 bytes back
Round trip time was 0.073711 milliseconds in repetition 96
tcp_ping received 8192 bytes back
Round trip time was 0.069575 milliseconds in repetition 97
tcp_ping received 8192 bytes back
Round trip time was 0.068638 milliseconds in repetition 98
tcp_ping received 8192 bytes back
Round trip time was 0.069293 milliseconds in repetition 99
tcp_ping received 8192 bytes back
Round trip time was 0.06882 milliseconds in repetition 100
tcp_ping received 8192 bytes back
Round trip time was 0.068614 milliseconds in repetition 101
tcp_ping received 8192 bytes back
Round trip time was 0.068892 milliseconds in repetition 102
tcp_ping received 8192 bytes back
Round trip time was 0.069201 milliseconds in repetition 103
tcp_ping received 8192 bytes back
Round trip time was 0.069411 milliseconds in repetition 104
tcp_ping received 8192 bytes back
Round trip time was 0.069429 milliseconds in repetition 105
tcp_ping received 8192 bytes back
Round trip time was 0.069822 milliseconds in repetition 106
tcp_ping received 8192 bytes back
Round trip time was 0.069488 milliseconds in repetition 107
tcp_ping received 8192 bytes back
Round trip time was 0.069126 milliseconds in repetition 108
tcp_ping received 8192 bytes back
Round trip time was 0.068945 milliseconds in repetition 109
tcp_ping received 8192 bytes back
Round trip time was 0.068946 milliseconds in repetition 110
tcp_ping received 8192 bytes back
Round trip time was 0.068976 milliseconds in repetition 111
tcp_ping received 8192 bytes back
Round trip time was 0.068847 milliseconds in repetition 112
tcp_ping received 8192 bytes back
Round trip time was 0.068679 milliseconds in repetition 113
tcp_ping received 8192 bytes back
Round trip time was 0.069123 milliseconds in repetition 114
tcp_ping received 8192 bytes back
Round trip time was 0.06852 milliseconds in repetition 115
tcp_ping received 8192 bytes back
Round trip time was 0.068666 milliseconds in repetition 116
tcp_ping received 8192 bytes back
Round trip time was 0.069291 milliseconds in repetition 117
tcp_ping received 8192 bytes back
Round trip time was 0.069801 milliseconds in repetition 118
tcp_ping received 8192 bytes back
Round trip time was 0.069529 milliseconds in repetition 119
tcp_ping received 8192 bytes back
Round trip time was 0.068861 milliseconds in repetition 120
tcp_ping received 8192 bytes back
Round trip time was 0.068733 milliseconds in repetition 121
tcp_ping received 8192 bytes back
Round trip time was 0.068758 milliseconds in repetition 122
tcp_ping received 8192 bytes back
Round trip time was 0.068864 milliseconds in repetition 123
tcp_ping received 8192 bytes back
Round trip time was 0.068994 milliseconds in repetition 124
tcp_ping received 8192 bytes back
Round trip time was 0.068901 milliseconds in repetition 125
tcp_ping received 8192 bytes back
Round trip time was 0.06862 milliseconds in repetition 126
tcp_ping received 8192 bytes back
Round trip time was 0.068832 milliseconds in repetition 127
tcp_ping received 8192 bytes back
Round trip time was 0.069185 milliseconds in repetition 128
tcp_ping received 8192 bytes back
Round trip time was 0.068844 milliseconds in repetition 129
tcp_ping received 8192 bytes back
Round trip time was 0.068978 milliseconds in repetition 130
tcp_ping received 8192 bytes back
Round trip time was 0.069068 milliseconds in repetition 131
tcp_ping received 8192 bytes back
Round trip time was 0.070669 milliseconds in repetition 132
tcp_ping received 8192 bytes back
Round trip time was 0.121656 milliseconds in repetition 133
tcp_ping received 8192 bytes back
Round trip time was 0.073947 milliseconds in repetition 134
tcp_ping received 8192 bytes back
Round trip time was 0.06937 milliseconds in repetition 135
tcp_ping received 8192 bytes back
Round trip time was 0.069153 milliseconds in repetition 136
tcp_ping received 8192 bytes back
Round trip time was 0.068742 milliseconds in repetition 137
tcp_ping received 8192 bytes back
Round trip time was 0.068859 milliseconds in repetition 138
tcp_ping received 8192 bytes back
Round trip time was 0.068745 milliseconds in repetition 139
tcp_ping received 8192 bytes back
Round trip time was 0.069101 milliseconds in repetition 140
tcp_ping received 8192 bytes back
Round trip time was 0.068756 milliseconds in repetition 141
tcp_ping received 8192 bytes back
Round trip time was 0.069047 milliseconds in repetition 142
tcp_ping received 8192 bytes back
Round trip time was 0.069335 milliseconds in repetition 143
tcp_ping received 8192 bytes back
Round trip time was 0.068819 milliseconds in repetition 144
tcp_ping received 8192 bytes back
Round trip time was 0.069013 milliseconds in repetition 145
tcp_ping received 8192 bytes back
Round trip time was 0.068739 milliseconds in repetition 146
tcp_ping received 8192 bytes back
Round trip time was 0.068386 milliseconds in repetition 147
tcp_ping received 8192 bytes back
Round trip time was 0.06875 milliseconds in repetition 148
tcp_ping received 8192 bytes back
Round trip time was 0.06869 milliseconds in repetition 149
tcp_ping received 8192 bytes back
Round trip time was 0.068949 milliseconds in repetition 150
tcp_ping received 8192 bytes back
Round trip time was 0.068927 milliseconds in repetition 151
tcp_ping received 8192 bytes back
Round trip time was 0.069008 milliseconds in repetition 152
tcp_ping received 8192 bytes back
Round trip time was 0.06962 milliseconds in repetition 153
tcp_ping received 8192 bytes back
Round trip time was 0.068908 milliseconds in repetition 154
tcp_ping received 8192 bytes back
Round trip time was 0.068537 milliseconds in repetition 155
tcp_ping received 8192 bytes back
Round trip time was 0.068646 milliseconds in repetition 156
tcp_ping received 8192 bytes back
Round trip time was 0.068886 milliseconds in repetition 157
tcp_ping received 8192 bytes back
Round trip time was 0.068665 milliseconds in repetition 158
tcp_ping received 8192 bytes back
Round trip time was 0.068582 milliseconds in repetition 159
tcp_ping received 8192 bytes back
Round trip time was 0.069058 milliseconds in repetition 160
tcp_ping received 8192 bytes back
Round trip time was 0.068826 milliseconds in repetition 161
tcp_ping received 8192 bytes back
Round trip time was 0.068545 milliseconds in repetition 162
tcp_ping received 8192 bytes back
Round trip time was 0.078931 milliseconds in repetition 163
tcp_ping received 8192 bytes back
Round trip time was 0.068584 milliseconds in repetition 164
tcp_ping received 8192 bytes back
Round trip time was 0.069138 milliseconds in repetition 165
tcp_ping received 8192 bytes back
Round trip time was 0.068515 milliseconds in repetition 166
tcp_ping received 8192 bytes back
Round trip time was 0.06892 milliseconds in repetition 167
tcp_ping received 8192 bytes back
Round trip time was 0.069926 milliseconds in repetition 168
tcp_ping received 8192 bytes back
Round trip time was 0.069433 milliseconds in repetition 169
tcp_ping received 8192 bytes back
Round trip time was 0.069197 milliseconds in repetition 170
tcp_ping received 8192 bytes back
Round trip time was 0.068805 milliseconds in repetition 171
tcp_ping received 8192 bytes back
Round trip time was 0.071169 milliseconds in repetition 172
tcp_ping received 8192 bytes back
Round trip time was 0.0714 milliseconds in repetition 173
tcp_ping received 8192 bytes back
Round trip time was 0.076778 milliseconds in repetition 174
tcp_ping received 8192 bytes back
Round trip time was 0.092073 milliseconds in repetition 175
tcp_ping received 8192 bytes back
Round trip time was 0.080227 milliseconds in repetition 176
tcp_ping received 8192 bytes back
Round trip time was 0.071922 milliseconds in repetition 177
tcp_ping received 8192 bytes back
Round trip time was 0.067936 milliseconds in repetition 178
tcp_ping received 8192 bytes back
Round trip time was 0.077355 milliseconds in repetition 179
tcp_ping received 8192 bytes back
Round trip time was 0.06864 milliseconds in repetition 180
tcp_ping received 8192 bytes back
Round trip time was 0.07287 milliseconds in repetition 181
tcp_ping received 8192 bytes back
Round trip time was 0.075225 milliseconds in repetition 182
tcp_ping received 8192 bytes back
Round trip time was 0.069678 milliseconds in repetition 183
tcp_ping received 8192 bytes back
Round trip time was 0.068753 milliseconds in repetition 184
tcp_ping received 8192 bytes back
Round trip time was 0.068649 milliseconds in repetition 185
tcp_ping received 8192 bytes back
Round trip time was 0.069325 milliseconds in repetition 186
tcp_ping received 8192 bytes back
Round trip time was 0.068798 milliseconds in repetition 187
tcp_ping received 8192 bytes back
Round trip time was 0.068772 milliseconds in repetition 188
tcp_ping received 8192 bytes back
Round trip time was 0.069095 milliseconds in repetition 189
tcp_ping received 8192 bytes back
Round trip time was 0.068946 milliseconds in repetition 190
tcp_ping received 8192 bytes back
Round trip time was 0.068754 milliseconds in repetition 191
tcp_ping received 8192 bytes back
Round trip time was 0.069231 milliseconds in repetition 192
tcp_ping received 8192 bytes back
Round trip time was 0.06834 milliseconds in repetition 193
tcp_ping received 8192 bytes back
Round trip time was 0.068708 milliseconds in repetition 194
tcp_ping received 8192 bytes back
Round trip time was 0.068313 milliseconds in repetition 195
tcp_ping received 8192 bytes back
Round trip time was 0.069317 milliseconds in repetition 196
tcp_ping received 8192 bytes back
Round trip time was 0.070655 milliseconds in repetition 197
tcp_ping received 8192 bytes back
Round trip time was 0.069193 milliseconds in repetition 198
tcp_ping received 8192 bytes back
Round trip time was 0.073834 milliseconds in repetition 199
tcp_ping received 8192 bytes back
Round trip time was 0.071684 milliseconds in repetition 200
tcp_ping received 8192 bytes back
Round trip time was 0.088666 milliseconds in repetition 201
tcp_ping received 8192 bytes back
Round trip time was 0.113235 milliseconds in repetition 202
tcp_ping received 8192 bytes back
Round trip time was 0.081868 milliseconds in repetition 203
tcp_ping received 8192 bytes back
Round trip time was 0.071796 milliseconds in repetition 204
tcp_ping received 8192 bytes back
Round trip time was 0.076483 milliseconds in repetition 205
tcp_ping received 8192 bytes back
Round trip time was 0.079103 milliseconds in repetition 206
tcp_ping received 8192 bytes back
Round trip time was 0.077713 milliseconds in repetition 207
tcp_ping received 8192 bytes back
Round trip time was 0.077457 milliseconds in repetition 208
tcp_ping received 8192 bytes back
Round trip time was 0.085597 milliseconds in repetition 209
tcp_ping received 8192 bytes back
Round trip time was 0.071087 milliseconds in repetition 210
tcp_ping received 8192 bytes back
Round trip time was 0.069216 milliseconds in repetition 211
tcp_ping received 8192 bytes back
Round trip time was 0.068626 milliseconds in repetition 212
tcp_ping received 8192 bytes back
Round trip time was 0.068606 milliseconds in repetition 213
tcp_ping received 8192 bytes back
Round trip time was 0.068438 milliseconds in repetition 214
tcp_ping received 8192 bytes back
Round trip time was 0.06847 milliseconds in repetition 215
tcp_ping received 8192 bytes back
Round trip time was 0.068656 milliseconds in repetition 216
tcp_ping received 8192 bytes back
Round trip time was 0.069122 milliseconds in repetition 217
tcp_ping received 8192 bytes back
Round trip time was 0.068564 milliseconds in repetition 218
tcp_ping received 8192 bytes back
Round trip time was 0.095392 milliseconds in repetition 219
tcp_ping received 8192 bytes back
Round trip time was 0.060947 milliseconds in repetition 220
tcp_ping received 8192 bytes back
Round trip time was 0.076405 milliseconds in repetition 221
tcp_ping received 8192 bytes back
Round trip time was 0.073811 milliseconds in repetition 222
tcp_ping received 8192 bytes back
Round trip time was 0.072996 milliseconds in repetition 223
tcp_ping received 8192 bytes back
Round trip time was 0.069311 milliseconds in repetition 224
tcp_ping received 8192 bytes back
Round trip time was 0.068506 milliseconds in repetition 225
tcp_ping received 8192 bytes back
Round trip time was 0.068209 milliseconds in repetition 226
tcp_ping received 8192 bytes back
Round trip time was 0.068503 milliseconds in repetition 227
tcp_ping received 8192 bytes back
Round trip time was 0.068307 milliseconds in repetition 228
tcp_ping received 8192 bytes back
Round trip time was 0.068431 milliseconds in repetition 229
tcp_ping received 8192 bytes back
Round trip time was 0.068568 milliseconds in repetition 230
tcp_ping received 8192 bytes back
Round trip time was 0.069106 milliseconds in repetition 231
tcp_ping received 8192 bytes back
Round trip time was 0.06865 milliseconds in repetition 232
tcp_ping received 8192 bytes back
Round trip time was 0.068623 milliseconds in repetition 233
tcp_ping received 8192 bytes back
Round trip time was 0.068415 milliseconds in repetition 234
tcp_ping received 8192 bytes back
Round trip time was 0.068511 milliseconds in repetition 235
tcp_ping received 8192 bytes back
Round trip time was 0.068523 milliseconds in repetition 236
tcp_ping received 8192 bytes back
Round trip time was 0.069017 milliseconds in repetition 237
tcp_ping received 8192 bytes back
Round trip time was 0.068659 milliseconds in repetition 238
tcp_ping received 8192 bytes back
Round trip time was 0.069556 milliseconds in repetition 239
tcp_ping received 8192 bytes back
Round trip time was 0.0685 milliseconds in repetition 240
tcp_ping received 8192 bytes back
Round trip time was 0.068503 milliseconds in repetition 241
tcp_ping received 8192 bytes back
Round trip time was 0.06851 milliseconds in repetition 242
tcp_ping received 8192 bytes back
Round trip time was 0.069679 milliseconds in repetition 243
tcp_ping received 8192 bytes back
Round trip time was 0.069156 milliseconds in repetition 244
tcp_ping received 8192 bytes back
Round trip time was 0.068763 milliseconds in repetition 245
tcp_ping received 8192 bytes back
Round trip time was 0.068808 milliseconds in repetition 246
tcp_ping received 8192 bytes back
Round trip time was 0.068926 milliseconds in repetition 247
tcp_ping received 8192 bytes back
Round trip time was 0.068899 milliseconds in repetition 248
tcp_ping received 8192 bytes back
Round trip time was 0.068794 milliseconds in repetition 249
tcp_ping received 8192 bytes back
Round trip time was 0.068707 milliseconds in repetition 250
tcp_ping received 8192 bytes back
Round trip time was 0.068675 milliseconds in repetition 251
tcp_ping received 8192 bytes back
Round trip time was 0.068746 milliseconds in repetition 252
tcp_ping received 8192 bytes back
Round trip time was 0.068674 milliseconds in repetition 253
tcp_ping received 8192 bytes back
Round trip time was 0.07196 milliseconds in repetition 254
tcp_ping received 8192 bytes back
Round trip time was 0.068572 milliseconds in repetition 255
tcp_ping received 8192 bytes back
Round trip time was 0.06832 milliseconds in repetition 256
tcp_ping received 8192 bytes back
Round trip time was 0.068365 milliseconds in repetition 257
tcp_ping received 8192 bytes back
Round trip time was 0.068655 milliseconds in repetition 258
tcp_ping received 8192 bytes back
Round trip time was 0.068624 milliseconds in repetition 259
tcp_ping received 8192 bytes back
Round trip time was 0.068452 milliseconds in repetition 260
tcp_ping received 8192 bytes back
Round trip time was 0.068467 milliseconds in repetition 261
tcp_ping received 8192 bytes back
Round trip time was 0.112413 milliseconds in repetition 262
tcp_ping received 8192 bytes back
Round trip time was 0.079711 milliseconds in repetition 263
tcp_ping received 8192 bytes back
Round trip time was 0.07633 milliseconds in repetition 264
tcp_ping received 8192 bytes back
Round trip time was 0.079719 milliseconds in repetition 265
tcp_ping received 8192 bytes back
Round trip time was 0.071317 milliseconds in repetition 266
tcp_ping received 8192 bytes back
Round trip time was 0.06937 milliseconds in repetition 267
tcp_ping received 8192 bytes back
Round trip time was 0.06997 milliseconds in repetition 268
tcp_ping received 8192 bytes back
Round trip time was 0.072425 milliseconds in repetition 269
tcp_ping received 8192 bytes back
Round trip time was 0.070451 milliseconds in repetition 270
tcp_ping received 8192 bytes back
Round trip time was 0.118191 milliseconds in repetition 271
tcp_ping received 8192 bytes back
Round trip time was 0.093934 milliseconds in repetition 272
tcp_ping received 8192 bytes back
Round trip time was 0.075414 milliseconds in repetition 273
tcp_ping received 8192 bytes back
Round trip time was 0.082423 milliseconds in repetition 274
tcp_ping received 8192 bytes back
Round trip time was 0.075835 milliseconds in repetition 275
tcp_ping received 8192 bytes back
Round trip time was 0.075368 milliseconds in repetition 276
tcp_ping received 8192 bytes back
Round trip time was 0.072142 milliseconds in repetition 277
tcp_ping received 8192 bytes back
Round trip time was 0.073019 milliseconds in repetition 278
tcp_ping received 8192 bytes back
Round trip time was 0.071984 milliseconds in repetition 279
tcp_ping received 8192 bytes back
Round trip time was 0.076978 milliseconds in repetition 280
tcp_ping received 8192 bytes back
Round trip time was 0.08962 milliseconds in repetition 281
tcp_ping received 8192 bytes back
Round trip time was 0.074408 milliseconds in repetition 282
tcp_ping received 8192 bytes back
Round trip time was 0.072896 milliseconds in repetition 283
tcp_ping received 8192 bytes back
Round trip time was 0.077013 milliseconds in repetition 284
tcp_ping received 8192 bytes back
Round trip time was 0.074514 milliseconds in repetition 285
tcp_ping received 8192 bytes back
Round trip time was 0.073895 milliseconds in repetition 286
tcp_ping received 8192 bytes back
Round trip time was 0.074865 milliseconds in repetition 287
tcp_ping received 8192 bytes back
Round trip time was 0.073456 milliseconds in repetition 288
tcp_ping received 8192 bytes back
Round trip time was 0.075173 milliseconds in repetition 289
tcp_ping received 8192 bytes back
Round trip time was 0.080378 milliseconds in repetition 290
tcp_ping received 8192 bytes back
Round trip time was 0.086682 milliseconds in repetition 291
tcp_ping received 8192 bytes back
Round trip time was 0.087383 milliseconds in repetition 292
tcp_ping received 8192 bytes back
Round trip time was 0.089681 milliseconds in repetition 293
tcp_ping received 8192 bytes back
Round trip time was 0.080387 milliseconds in repetition 294
tcp_ping received 8192 bytes back
Round trip time was 0.080462 milliseconds in repetition 295
tcp_ping received 8192 bytes back
Round trip time was 0.093633 milliseconds in repetition 296
tcp_ping received 8192 bytes back
Round trip time was 0.069711 milliseconds in repetition 297
tcp_ping received 8192 bytes back
Round trip time was 0.067237 milliseconds in repetition 298
tcp_ping received 8192 bytes back
Round trip time was 0.067365 milliseconds in repetition 299
tcp_ping received 8192 bytes back
Round trip time was 0.066906 milliseconds in repetition 300
tcp_ping received 8192 bytes back
Round trip time was 0.066926 milliseconds in repetition 301
tcp_ping received 8192 bytes back
Round trip time was 0.066949 milliseconds in repetition 302
tcp_ping received 8192 bytes back
Round trip time was 0.067045 milliseconds in repetition 303
tcp_ping received 8192 bytes back
Round trip time was 0.067266 milliseconds in repetition 304
tcp_ping received 8192 bytes back
Round trip time was 0.067186 milliseconds in repetition 305
tcp_ping received 8192 bytes back
Round trip time was 0.068379 milliseconds in repetition 306
tcp_ping received 8192 bytes back
Round trip time was 0.067402 milliseconds in repetition 307
tcp_ping received 8192 bytes back
Round trip time was 0.079801 milliseconds in repetition 308
tcp_ping received 8192 bytes back
Round trip time was 0.08737 milliseconds in repetition 309
tcp_ping received 8192 bytes back
Round trip time was 0.081194 milliseconds in repetition 310
tcp_ping received 8192 bytes back
Round trip time was 0.089609 milliseconds in repetition 311
tcp_ping received 8192 bytes back
Round trip time was 0.071675 milliseconds in repetition 312
tcp_ping received 8192 bytes back
Round trip time was 0.078843 milliseconds in repetition 313
tcp_ping received 8192 bytes back
Round trip time was 0.082602 milliseconds in repetition 314
tcp_ping received 8192 bytes back
Round trip time was 0.077857 milliseconds in repetition 315
tcp_ping received 8192 bytes back
Round trip time was 0.107069 milliseconds in repetition 316
tcp_ping received 8192 bytes back
Round trip time was 0.093096 milliseconds in repetition 317
tcp_ping received 8192 bytes back
Round trip time was 0.116537 milliseconds in repetition 318
tcp_ping received 8192 bytes back
Round trip time was 0.10476 milliseconds in repetition 319
tcp_ping received 8192 bytes back
Round trip time was 0.142345 milliseconds in repetition 320
tcp_ping received 8192 bytes back
Round trip time was 0.166227 milliseconds in repetition 321
tcp_ping received 8192 bytes back
Round trip time was 0.121137 milliseconds in repetition 322
tcp_ping received 8192 bytes back
Round trip time was 0.092001 milliseconds in repetition 323
tcp_ping received 8192 bytes back
Round trip time was 0.084947 milliseconds in repetition 324
tcp_ping received 8192 bytes back
Round trip time was 0.070366 milliseconds in repetition 325
tcp_ping received 8192 bytes back
Round trip time was 0.081651 milliseconds in repetition 326
tcp_ping received 8192 bytes back
Round trip time was 0.129092 milliseconds in repetition 327
tcp_ping received 8192 bytes back
Round trip time was 0.128953 milliseconds in repetition 328
tcp_ping received 8192 bytes back
Round trip time was 0.088817 milliseconds in repetition 329
tcp_ping received 8192 bytes back
Round trip time was 0.176795 milliseconds in repetition 330
tcp_ping received 8192 bytes back
Round trip time was 0.166802 milliseconds in repetition 331
tcp_ping received 8192 bytes back
Round trip time was 0.202832 milliseconds in repetition 332
tcp_ping received 8192 bytes back
Round trip time was 0.112361 milliseconds in repetition 333
tcp_ping received 8192 bytes back
Round trip time was 0.117811 milliseconds in repetition 334
tcp_ping received 8192 bytes back
Round trip time was 0.074073 milliseconds in repetition 335
tcp_ping received 8192 bytes back
Round trip time was 0.063617 milliseconds in repetition 336
tcp_ping received 8192 bytes back
Round trip time was 0.081633 milliseconds in repetition 337
tcp_ping received 8192 bytes back
Round trip time was 0.070503 milliseconds in repetition 338
tcp_ping received 8192 bytes back
Round trip time was 0.069782 milliseconds in repetition 339
tcp_ping received 8192 bytes back
Round trip time was 0.069923 milliseconds in repetition 340
tcp_ping received 8192 bytes back
Round trip time was 0.068781 milliseconds in repetition 341
tcp_ping received 8192 bytes back
Round trip time was 0.06867 milliseconds in repetition 342
tcp_ping received 8192 bytes back
Round trip time was 0.069001 milliseconds in repetition 343
tcp_ping received 8192 bytes back
Round trip time was 0.069112 milliseconds in repetition 344
tcp_ping received 8192 bytes back
Round trip time was 0.069069 milliseconds in repetition 345
tcp_ping received 8192 bytes back
Round trip time was 0.069681 milliseconds in repetition 346
tcp_ping received 8192 bytes back
Round trip time was 0.069216 milliseconds in repetition 347
tcp_ping received 8192 bytes back
Round trip time was 0.069274 milliseconds in repetition 348
tcp_ping received 8192 bytes back
Round trip time was 0.068854 milliseconds in repetition 349
tcp_ping received 8192 bytes back
Round trip time was 0.073974 milliseconds in repetition 350
tcp_ping received 8192 bytes back
Round trip time was 0.073861 milliseconds in repetition 351
tcp_ping received 8192 bytes back
Round trip time was 0.07068 milliseconds in repetition 352
tcp_ping received 8192 bytes back
Round trip time was 0.069718 milliseconds in repetition 353
tcp_ping received 8192 bytes back
Round trip time was 0.069125 milliseconds in repetition 354
tcp_ping received 8192 bytes back
Round trip time was 0.069756 milliseconds in repetition 355
tcp_ping received 8192 bytes back
Round trip time was 0.069208 milliseconds in repetition 356
tcp_ping received 8192 bytes back
Round trip time was 0.069368 milliseconds in repetition 357
tcp_ping received 8192 bytes back
Round trip time was 0.069012 milliseconds in repetition 358
tcp_ping received 8192 bytes back
Round trip time was 0.068863 milliseconds in repetition 359
tcp_ping received 8192 bytes back
Round trip time was 0.099572 milliseconds in repetition 360
tcp_ping received 8192 bytes back
Round trip time was 0.07631 milliseconds in repetition 361
tcp_ping received 8192 bytes back
Round trip time was 0.078753 milliseconds in repetition 362
tcp_ping received 8192 bytes back
Round trip time was 0.068601 milliseconds in repetition 363
tcp_ping received 8192 bytes back
Round trip time was 0.067574 milliseconds in repetition 364
tcp_ping received 8192 bytes back
Round trip time was 0.071692 milliseconds in repetition 365
tcp_ping received 8192 bytes back
Round trip time was 0.072108 milliseconds in repetition 366
tcp_ping received 8192 bytes back
Round trip time was 0.069184 milliseconds in repetition 367
tcp_ping received 8192 bytes back
Round trip time was 0.068867 milliseconds in repetition 368
tcp_ping received 8192 bytes back
Round trip time was 0.06891 milliseconds in repetition 369
tcp_ping received 8192 bytes back
Round trip time was 0.068778 milliseconds in repetition 370
tcp_ping received 8192 bytes back
Round trip time was 0.068892 milliseconds in repetition 371
tcp_ping received 8192 bytes back
Round trip time was 0.069081 milliseconds in repetition 372
tcp_ping received 8192 bytes back
Round trip time was 0.068875 milliseconds in repetition 373
tcp_ping received 8192 bytes back
Round trip time was 0.06922 milliseconds in repetition 374
tcp_ping received 8192 bytes back
Round trip time was 0.069974 milliseconds in repetition 375
tcp_ping received 8192 bytes back
Round trip time was 0.068689 milliseconds in repetition 376
tcp_ping received 8192 bytes back
Round trip time was 0.068653 milliseconds in repetition 377
tcp_ping received 8192 bytes back
Round trip time was 0.068685 milliseconds in repetition 378
tcp_ping received 8192 bytes back
Round trip time was 0.068904 milliseconds in repetition 379
tcp_ping received 8192 bytes back
Round trip time was 0.068908 milliseconds in repetition 380
tcp_ping received 8192 bytes back
Round trip time was 0.06901 milliseconds in repetition 381
tcp_ping received 8192 bytes back
Round trip time was 0.069993 milliseconds in repetition 382
tcp_ping received 8192 bytes back
Round trip time was 0.069008 milliseconds in repetition 383
tcp_ping received 8192 bytes back
Round trip time was 0.068647 milliseconds in repetition 384
tcp_ping received 8192 bytes back
Round trip time was 0.0689 milliseconds in repetition 385
tcp_ping received 8192 bytes back
Round trip time was 0.068733 milliseconds in repetition 386
tcp_ping received 8192 bytes back
Round trip time was 0.068813 milliseconds in repetition 387
tcp_ping received 8192 bytes back
Round trip time was 0.072586 milliseconds in repetition 388
tcp_ping received 8192 bytes back
Round trip time was 0.068656 milliseconds in repetition 389
tcp_ping received 8192 bytes back
Round trip time was 0.073586 milliseconds in repetition 390
tcp_ping received 8192 bytes back
Round trip time was 0.069329 milliseconds in repetition 391
tcp_ping received 8192 bytes back
Round trip time was 0.068478 milliseconds in repetition 392
tcp_ping received 8192 bytes back
Round trip time was 0.070216 milliseconds in repetition 393
tcp_ping received 8192 bytes back
Round trip time was 0.069222 milliseconds in repetition 394
tcp_ping received 8192 bytes back
Round trip time was 0.068948 milliseconds in repetition 395
tcp_ping received 8192 bytes back
Round trip time was 0.071831 milliseconds in repetition 396
tcp_ping received 8192 bytes back
Round trip time was 0.069401 milliseconds in repetition 397
tcp_ping received 8192 bytes back
Round trip time was 0.071913 milliseconds in repetition 398
tcp_ping received 8192 bytes back
Round trip time was 0.068705 milliseconds in repetition 399
tcp_ping received 8192 bytes back
Round trip time was 0.071216 milliseconds in repetition 400
tcp_ping received 8192 bytes back
Round trip time was 0.068768 milliseconds in repetition 401
tcp_ping received 8192 bytes back
Round trip time was 0.068541 milliseconds in repetition 402
tcp_ping received 8192 bytes back
Round trip time was 0.06893 milliseconds in repetition 403
tcp_ping received 8192 bytes back
Round trip time was 0.069156 milliseconds in repetition 404
tcp_ping received 8192 bytes back
Round trip time was 0.068852 milliseconds in repetition 405
tcp_ping received 8192 bytes back
Round trip time was 0.068501 milliseconds in repetition 406
tcp_ping received 8192 bytes back
Round trip time was 0.068421 milliseconds in repetition 407
tcp_ping received 8192 bytes back
Round trip time was 0.068742 milliseconds in repetition 408
tcp_ping received 8192 bytes back
Round trip time was 0.068691 milliseconds in repetition 409
tcp_ping received 8192 bytes back
Round trip time was 0.068766 milliseconds in repetition 410
tcp_ping received 8192 bytes back
Round trip time was 0.068732 milliseconds in repetition 411
tcp_ping received 8192 bytes back
Round trip time was 0.06891 milliseconds in repetition 412
tcp_ping received 8192 bytes back
Round trip time was 0.073104 milliseconds in repetition 413
tcp_ping received 8192 bytes back
Round trip time was 0.068777 milliseconds in repetition 414
tcp_ping received 8192 bytes back
Round trip time was 0.06878 milliseconds in repetition 415
tcp_ping received 8192 bytes back
Round trip time was 0.071134 milliseconds in repetition 416
tcp_ping received 8192 bytes back
Round trip time was 0.068798 milliseconds in repetition 417
tcp_ping received 8192 bytes back
Round trip time was 0.068603 milliseconds in repetition 418
tcp_ping received 8192 bytes back
Round trip time was 0.068644 milliseconds in repetition 419
tcp_ping received 8192 bytes back
Round trip time was 0.068752 milliseconds in repetition 420
tcp_ping received 8192 bytes back
Round trip time was 0.06893 milliseconds in repetition 421
tcp_ping received 8192 bytes back
Round trip time was 0.068988 milliseconds in repetition 422
tcp_ping received 8192 bytes back
Round trip time was 0.068671 milliseconds in repetition 423
tcp_ping received 8192 bytes back
Round trip time was 0.074544 milliseconds in repetition 424
tcp_ping received 8192 bytes back
Round trip time was 0.068808 milliseconds in repetition 425
tcp_ping received 8192 bytes back
Round trip time was 0.068888 milliseconds in repetition 426
tcp_ping received 8192 bytes back
Round trip time was 0.068572 milliseconds in repetition 427
tcp_ping received 8192 bytes back
Round trip time was 0.06956 milliseconds in repetition 428
tcp_ping received 8192 bytes back
Round trip time was 0.069337 milliseconds in repetition 429
tcp_ping received 8192 bytes back
Round trip time was 0.068772 milliseconds in repetition 430
tcp_ping received 8192 bytes back
Round trip time was 0.069041 milliseconds in repetition 431
tcp_ping received 8192 bytes back
Round trip time was 0.068839 milliseconds in repetition 432
tcp_ping received 8192 bytes back
Round trip time was 0.069316 milliseconds in repetition 433
tcp_ping received 8192 bytes back
Round trip time was 0.06861 milliseconds in repetition 434
tcp_ping received 8192 bytes back
Round trip time was 0.069245 milliseconds in repetition 435
tcp_ping received 8192 bytes back
Round trip time was 0.068708 milliseconds in repetition 436
tcp_ping received 8192 bytes back
Round trip time was 0.070463 milliseconds in repetition 437
tcp_ping received 8192 bytes back
Round trip time was 0.068791 milliseconds in repetition 438
tcp_ping received 8192 bytes back
Round trip time was 0.068771 milliseconds in repetition 439
tcp_ping received 8192 bytes back
Round trip time was 0.069493 milliseconds in repetition 440
tcp_ping received 8192 bytes back
Round trip time was 0.071272 milliseconds in repetition 441
tcp_ping received 8192 bytes back
Round trip time was 0.068804 milliseconds in repetition 442
tcp_ping received 8192 bytes back
Round trip time was 0.068972 milliseconds in repetition 443
tcp_ping received 8192 bytes back
Round trip time was 0.068856 milliseconds in repetition 444
tcp_ping received 8192 bytes back
Round trip time was 0.069755 milliseconds in repetition 445
tcp_ping received 8192 bytes back
Round trip time was 0.069337 milliseconds in repetition 446
tcp_ping received 8192 bytes back
Round trip time was 0.069251 milliseconds in repetition 447
tcp_ping received 8192 bytes back
Round trip time was 0.068936 milliseconds in repetition 448
tcp_ping received 8192 bytes back
Round trip time was 0.069081 milliseconds in repetition 449
tcp_ping received 8192 bytes back
Round trip time was 0.07236 milliseconds in repetition 450
tcp_ping received 8192 bytes back
Round trip time was 0.068401 milliseconds in repetition 451
tcp_ping received 8192 bytes back
Round trip time was 0.068646 milliseconds in repetition 452
tcp_ping received 8192 bytes back
Round trip time was 0.072283 milliseconds in repetition 453
tcp_ping received 8192 bytes back
Round trip time was 0.068491 milliseconds in repetition 454
tcp_ping received 8192 bytes back
Round trip time was 0.068673 milliseconds in repetition 455
tcp_ping received 8192 bytes back
Round trip time was 0.068926 milliseconds in repetition 456
tcp_ping received 8192 bytes back
Round trip time was 0.069449 milliseconds in repetition 457
tcp_ping received 8192 bytes back
Round trip time was 0.068336 milliseconds in repetition 458
tcp_ping received 8192 bytes back
Round trip time was 0.068782 milliseconds in repetition 459
tcp_ping received 8192 bytes back
Round trip time was 0.068879 milliseconds in repetition 460
tcp_ping received 8192 bytes back
Round trip time was 0.068584 milliseconds in repetition 461
tcp_ping received 8192 bytes back
Round trip time was 0.068709 milliseconds in repetition 462
tcp_ping received 8192 bytes back
Round trip time was 0.069527 milliseconds in repetition 463
tcp_ping received 8192 bytes back
Round trip time was 0.068742 milliseconds in repetition 464
tcp_ping received 8192 bytes back
Round trip time was 0.069355 milliseconds in repetition 465
tcp_ping received 8192 bytes back
Round trip time was 0.068904 milliseconds in repetition 466
tcp_ping received 8192 bytes back
Round trip time was 0.068464 milliseconds in repetition 467
tcp_ping received 8192 bytes back
Round trip time was 0.068459 milliseconds in repetition 468
tcp_ping received 8192 bytes back
Round trip time was 0.070642 milliseconds in repetition 469
tcp_ping received 8192 bytes back
Round trip time was 0.068779 milliseconds in repetition 470
tcp_ping received 8192 bytes back
Round trip time was 0.068466 milliseconds in repetition 471
tcp_ping received 8192 bytes back
Round trip time was 0.068576 milliseconds in repetition 472
tcp_ping received 8192 bytes back
Round trip time was 0.087171 milliseconds in repetition 473
tcp_ping received 8192 bytes back
Round trip time was 0.056314 milliseconds in repetition 474
tcp_ping received 8192 bytes back
Round trip time was 0.076158 milliseconds in repetition 475
tcp_ping received 8192 bytes back
Round trip time was 0.072227 milliseconds in repetition 476
tcp_ping received 8192 bytes back
Round trip time was 0.069096 milliseconds in repetition 477
tcp_ping received 8192 bytes back
Round trip time was 0.069466 milliseconds in repetition 478
tcp_ping received 8192 bytes back
Round trip time was 0.069036 milliseconds in repetition 479
tcp_ping received 8192 bytes back
Round trip time was 0.112158 milliseconds in repetition 480
tcp_ping received 8192 bytes back
Round trip time was 0.071013 milliseconds in repetition 481
tcp_ping received 8192 bytes back
Round trip time was 0.072618 milliseconds in repetition 482
tcp_ping received 8192 bytes back
Round trip time was 0.075131 milliseconds in repetition 483
tcp_ping received 8192 bytes back
Round trip time was 0.069112 milliseconds in repetition 484
tcp_ping received 8192 bytes back
Round trip time was 0.069305 milliseconds in repetition 485
tcp_ping received 8192 bytes back
Round trip time was 0.068935 milliseconds in repetition 486
tcp_ping received 8192 bytes back
Round trip time was 0.069499 milliseconds in repetition 487
tcp_ping received 8192 bytes back
Round trip time was 0.069537 milliseconds in repetition 488
tcp_ping received 8192 bytes back
Round trip time was 0.06862 milliseconds in repetition 489
tcp_ping received 8192 bytes back
Round trip time was 0.069606 milliseconds in repetition 490
tcp_ping received 8192 bytes back
Round trip time was 0.06868 milliseconds in repetition 491
tcp_ping received 8192 bytes back
Round trip time was 0.069401 milliseconds in repetition 492
tcp_ping received 8192 bytes back
Round trip time was 0.069395 milliseconds in repetition 493
tcp_ping received 8192 bytes back
Round trip time was 0.069545 milliseconds in repetition 494
tcp_ping received 8192 bytes back
Round trip time was 0.070568 milliseconds in repetition 495
tcp_ping received 8192 bytes back
Round trip time was 0.069813 milliseconds in repetition 496
tcp_ping received 8192 bytes back
Round trip time was 0.069209 milliseconds in repetition 497
tcp_ping received 8192 bytes back
Round trip time was 0.11912 milliseconds in repetition 498
tcp_ping received 8192 bytes back
Round trip time was 0.093466 milliseconds in repetition 499
tcp_ping received 8192 bytes back
Round trip time was 0.104288 milliseconds in repetition 500
tcp_ping received 8192 bytes back
Round trip time was 0.136809 milliseconds in repetition 501

 ... clock resolution was 1e-06
TCP Ping:  Statistics over 501 repetitions of 8192 byte messages

RTT : percentile 10: 0.068365, median: 0.069201, percentile 90: 0.092073, average: 0.0756608, variance: 0.000285227

RTT histogram:
0.0563135 1
0.0636395 34
0.0709654 350
0.0782913 45
0.0856173 14
0.0929432 13
0.100269 10
0.107595 9
0.114921 8
0.122247 6
0.129573 3
0.136899 1
0.144225 1
0.151551 0
0.158877 0
0.166203 3
0.173529 1
0.180855 0
0.188181 1
0.195507 0
0.202832 1

   median Throughput : 236760 KB/s   overall Throughput : 216545 KB/s

