TCP Ping trying to connect to server localhost (127.0.0.1) on port 1492
 ... connected to Pong server: asking for 501 repetitions of 32 bytes TCP messages
 ... Pong server agreed:-)
tcp_ping received 32 bytes back
Round trip time was 0.13698 milliseconds in repetition 1
tcp_ping received 32 bytes back
Round trip time was 0.113713 milliseconds in repetition 2
tcp_ping received 32 bytes back
Round trip time was 0.052738 milliseconds in repetition 3
tcp_ping received 32 bytes back
Round trip time was 0.046343 milliseconds in repetition 4
tcp_ping received 32 bytes back
Round trip time was 0.04208 milliseconds in repetition 5
tcp_ping received 32 bytes back
Round trip time was 0.037535 milliseconds in repetition 6
tcp_ping received 32 bytes back
Round trip time was 0.039623 milliseconds in repetition 7
tcp_ping received 32 bytes back
Round trip time was 0.041131 milliseconds in repetition 8
tcp_ping received 32 bytes back
Round trip time was 0.038168 milliseconds in repetition 9
tcp_ping received 32 bytes back
Round trip time was 0.04058 milliseconds in repetition 10
tcp_ping received 32 bytes back
Round trip time was 0.037153 milliseconds in repetition 11
tcp_ping received 32 bytes back
Round trip time was 0.041509 milliseconds in repetition 12
tcp_ping received 32 bytes back
Round trip time was 0.039944 milliseconds in repetition 13
tcp_ping received 32 bytes back
Round trip time was 0.051457 milliseconds in repetition 14
tcp_ping received 32 bytes back
Round trip time was 0.053059 milliseconds in repetition 15
tcp_ping received 32 bytes back
Round trip time was 0.044723 milliseconds in repetition 16
tcp_ping received 32 bytes back
Round trip time was 0.040765 milliseconds in repetition 17
tcp_ping received 32 bytes back
Round trip time was 0.041512 milliseconds in repetition 18
tcp_ping received 32 bytes back
Round trip time was 0.035812 milliseconds in repetition 19
tcp_ping received 32 bytes back
Round trip time was 0.031967 milliseconds in repetition 20
tcp_ping received 32 bytes back
Round trip time was 0.030438 milliseconds in repetition 21
tcp_ping received 32 bytes back
Round trip time was 0.144943 milliseconds in repetition 22
tcp_ping received 32 bytes back
Round trip time was 0.151914 milliseconds in repetition 23
tcp_ping received 32 bytes back
Round trip time was 0.108778 milliseconds in repetition 24
tcp_ping received 32 bytes back
Round trip time was 0.060433 milliseconds in repetition 25
tcp_ping received 32 bytes back
Round trip time was 0.073702 milliseconds in repetition 26
tcp_ping received 32 bytes back
Round trip time was 0.062369 milliseconds in repetition 27
tcp_ping received 32 bytes back
Round trip time was 0.085608 milliseconds in repetition 28
tcp_ping received 32 bytes back
Round trip time was 0.050924 milliseconds in repetition 29
tcp_ping received 32 bytes back
Round trip time was 0.049339 milliseconds in repetition 30
tcp_ping received 32 bytes back
Round trip time was 0.010723 milliseconds in repetition 31
tcp_ping received 32 bytes back
Round trip time was 0.010457 milliseconds in repetition 32
tcp_ping received 32 bytes back
Round trip time was 0.010177 milliseconds in repetition 33
tcp_ping received 32 bytes back
Round trip time was 0.010563 milliseconds in repetition 34
tcp_ping received 32 bytes back
Round trip time was 0.01059 milliseconds in repetition 35
tcp_ping received 32 bytes back
Round trip time was 0.010514 milliseconds in repetition 36
tcp_ping received 32 bytes back
Round trip time was 0.010475 milliseconds in repetition 37
tcp_ping received 32 bytes back
Round trip time was 0.010445 milliseconds in repetition 38
tcp_ping received 32 bytes back
Round trip time was 0.010649 milliseconds in repetition 39
tcp_ping received 32 bytes back
Round trip time was 0.010602 milliseconds in repetition 40
tcp_ping received 32 bytes back
Round trip time was 0.01051 milliseconds in repetition 41
tcp_ping received 32 bytes back
Round trip time was 0.01053 milliseconds in repetition 42
tcp_ping received 32 bytes back
Round trip time was 0.01088 milliseconds in repetition 43
tcp_ping received 32 bytes back
Round trip time was 0.010711 milliseconds in repetition 44
tcp_ping received 32 bytes back
Round trip time was 0.014963 milliseconds in repetition 45
tcp_ping received 32 bytes back
Round trip time was 0.012698 milliseconds in repetition 46
tcp_ping received 32 bytes back
Round trip time was 0.012641 milliseconds in repetition 47
tcp_ping received 32 bytes back
Round trip time was 0.013333 milliseconds in repetition 48
tcp_ping received 32 bytes back
Round trip time was 0.010955 milliseconds in repetition 49
tcp_ping received 32 bytes back
Round trip time was 0.010372 milliseconds in repetition 50
tcp_ping received 32 bytes back
Round trip time was 0.010591 milliseconds in repetition 51
tcp_ping received 32 bytes back
Round trip time was 0.010747 milliseconds in repetition 52
tcp_ping received 32 bytes back
Round trip time was 0.010326 milliseconds in repetition 53
tcp_ping received 32 bytes back
Round trip time was 0.010374 milliseconds in repetition 54
tcp_ping received 32 bytes back
Round trip time was 0.010683 milliseconds in repetition 55
tcp_ping received 32 bytes back
Round trip time was 0.010565 milliseconds in repetition 56
tcp_ping received 32 bytes back
Round trip time was 0.010295 milliseconds in repetition 57
tcp_ping received 32 bytes back
Round trip time was 0.01033 milliseconds in repetition 58
tcp_ping received 32 bytes back
Round trip time was 0.010667 milliseconds in repetition 59
tcp_ping received 32 bytes back
Round trip time was 0.010532 milliseconds in repetition 60
tcp_ping received 32 bytes back
Round trip time was 0.010115 milliseconds in repetition 61
tcp_ping received 32 bytes back
Round trip time was 0.051008 milliseconds in repetition 62
tcp_ping received 32 bytes back
Round trip time was 0.015749 milliseconds in repetition 63
tcp_ping received 32 bytes back
Round trip time was 0.016225 milliseconds in repetition 64
tcp_ping received 32 bytes back
Round trip time was 0.011602 milliseconds in repetition 65
tcp_ping received 32 bytes back
Round trip time was 0.01057 milliseconds in repetition 66
tcp_ping received 32 bytes back
Round trip time was 0.010283 milliseconds in repetition 67
tcp_ping received 32 bytes back
Round trip time was 0.010299 milliseconds in repetition 68
tcp_ping received 32 bytes back
Round trip time was 0.010404 milliseconds in repetition 69
tcp_ping received 32 bytes back
Round trip time was 0.010493 milliseconds in repetition 70
tcp_ping received 32 bytes back
Round trip time was 0.010488 milliseconds in repetition 71
tcp_ping received 32 bytes back
Round trip time was 0.010239 milliseconds in repetition 72
tcp_ping received 32 bytes back
Round trip time was 0.010399 milliseconds in repetition 73
tcp_ping received 32 bytes back
Round trip time was 0.01049 milliseconds in repetition 74
tcp_ping received 32 bytes back
Round trip time was 0.010404 milliseconds in repetition 75
tcp_ping received 32 bytes back
Round trip time was 0.010028 milliseconds in repetition 76
tcp_ping received 32 bytes back
Round trip time was 0.010656 milliseconds in repetition 77
tcp_ping received 32 bytes back
Round trip time was 0.010955 milliseconds in repetition 78
tcp_ping received 32 bytes back
Round trip time was 0.010791 milliseconds in repetition 79
tcp_ping received 32 bytes back
Round trip time was 0.010507 milliseconds in repetition 80
tcp_ping received 32 bytes back
Round trip time was 0.01053 milliseconds in repetition 81
tcp_ping received 32 bytes back
Round trip time was 0.010706 milliseconds in repetition 82
tcp_ping received 32 bytes back
Round trip time was 0.010319 milliseconds in repetition 83
tcp_ping received 32 bytes back
Round trip time was 0.01005 milliseconds in repetition 84
tcp_ping received 32 bytes back
Round trip time was 0.01052 milliseconds in repetition 85
tcp_ping received 32 bytes back
Round trip time was 0.011367 milliseconds in repetition 86
tcp_ping received 32 bytes back
Round trip time was 0.013896 milliseconds in repetition 87
tcp_ping received 32 bytes back
Round trip time was 0.014657 milliseconds in repetition 88
tcp_ping received 32 bytes back
Round trip time was 0.011106 milliseconds in repetition 89
tcp_ping received 32 bytes back
Round trip time was 0.014639 milliseconds in repetition 90
tcp_ping received 32 bytes back
Round trip time was 0.012307 milliseconds in repetition 91
tcp_ping received 32 bytes back
Round trip time was 0.011948 milliseconds in repetition 92
tcp_ping received 32 bytes back
Round trip time was 0.011522 milliseconds in repetition 93
tcp_ping received 32 bytes back
Round trip time was 0.01065 milliseconds in repetition 94
tcp_ping received 32 bytes back
Round trip time was 0.010225 milliseconds in repetition 95
tcp_ping received 32 bytes back
Round trip time was 0.010183 milliseconds in repetition 96
tcp_ping received 32 bytes back
Round trip time was 0.01072 milliseconds in repetition 97
tcp_ping received 32 bytes back
Round trip time was 0.010471 milliseconds in repetition 98
tcp_ping received 32 bytes back
Round trip time was 0.010412 milliseconds in repetition 99
tcp_ping received 32 bytes back
Round trip time was 0.010343 milliseconds in repetition 100
tcp_ping received 32 bytes back
Round trip time was 0.010554 milliseconds in repetition 101
tcp_ping received 32 bytes back
Round trip time was 0.010559 milliseconds in repetition 102
tcp_ping received 32 bytes back
Round trip time was 0.010186 milliseconds in repetition 103
tcp_ping received 32 bytes back
Round trip time was 0.010203 milliseconds in repetition 104
tcp_ping received 32 bytes back
Round trip time was 0.010596 milliseconds in repetition 105
tcp_ping received 32 bytes back
Round trip time was 0.010484 milliseconds in repetition 106
tcp_ping received 32 bytes back
Round trip time was 0.010359 milliseconds in repetition 107
tcp_ping received 32 bytes back
Round trip time was 0.010299 milliseconds in repetition 108
tcp_ping received 32 bytes back
Round trip time was 0.010539 milliseconds in repetition 109
tcp_ping received 32 bytes back
Round trip time was 0.010481 milliseconds in repetition 110
tcp_ping received 32 bytes back
Round trip time was 0.010405 milliseconds in repetition 111
tcp_ping received 32 bytes back
Round trip time was 0.010181 milliseconds in repetition 112
tcp_ping received 32 bytes back
Round trip time was 0.01059 milliseconds in repetition 113
tcp_ping received 32 bytes back
Round trip time was 0.010378 milliseconds in repetition 114
tcp_ping received 32 bytes back
Round trip time was 0.010305 milliseconds in repetition 115
tcp_ping received 32 bytes back
Round trip time was 0.010047 milliseconds in repetition 116
tcp_ping received 32 bytes back
Round trip time was 0.01075 milliseconds in repetition 117
tcp_ping received 32 bytes back
Round trip time was 0.010481 milliseconds in repetition 118
tcp_ping received 32 bytes back
Round trip time was 0.010359 milliseconds in repetition 119
tcp_ping received 32 bytes back
Round trip time was 0.010319 milliseconds in repetition 120
tcp_ping received 32 bytes back
Round trip time was 0.010513 milliseconds in repetition 121
tcp_ping received 32 bytes back
Round trip time was 0.010545 milliseconds in repetition 122
tcp_ping received 32 bytes back
Round trip time was 0.010594 milliseconds in repetition 123
tcp_ping received 32 bytes back
Round trip time was 0.010144 milliseconds in repetition 124
tcp_ping received 32 bytes back
Round trip time was 0.010704 milliseconds in repetition 125
tcp_ping received 32 bytes back
Round trip time was 0.010613 milliseconds in repetition 126
tcp_ping received 32 bytes back
Round trip time was 0.010356 milliseconds in repetition 127
tcp_ping received 32 bytes back
Round trip time was 0.010367 milliseconds in repetition 128
tcp_ping received 32 bytes back
Round trip time was 0.010619 milliseconds in repetition 129
tcp_ping received 32 bytes back
Round trip time was 0.01071 milliseconds in repetition 130
tcp_ping received 32 bytes back
Round trip time was 0.010388 milliseconds in repetition 131
tcp_ping received 32 bytes back
Round trip time was 0.010051 milliseconds in repetition 132
tcp_ping received 32 bytes back
Round trip time was 0.010691 milliseconds in repetition 133
tcp_ping received 32 bytes back
Round trip time was 0.013976 milliseconds in repetition 134
tcp_ping received 32 bytes back
Round trip time was 0.012371 milliseconds in repetition 135
tcp_ping received 32 bytes back
Round trip time was 0.01256 milliseconds in repetition 136
tcp_ping received 32 bytes back
Round trip time was 0.011108 milliseconds in repetition 137
tcp_ping received 32 bytes back
Round trip time was 0.010634 milliseconds in repetition 138
tcp_ping received 32 bytes back
Round trip time was 0.010244 milliseconds in repetition 139
tcp_ping received 32 bytes back
Round trip time was 0.010151 milliseconds in repetition 140
tcp_ping received 32 bytes back
Round trip time was 0.010552 milliseconds in repetition 141
tcp_ping received 32 bytes back
Round trip time was 0.010518 milliseconds in repetition 142
tcp_ping received 32 bytes back
Round trip time was 0.010254 milliseconds in repetition 143
tcp_ping received 32 bytes back
Round trip time was 0.010125 milliseconds in repetition 144
tcp_ping received 32 bytes back
Round trip time was 0.010562 milliseconds in repetition 145
tcp_ping received 32 bytes back
Round trip time was 0.010654 milliseconds in repetition 146
tcp_ping received 32 bytes back
Round trip time was 0.010331 milliseconds in repetition 147
tcp_ping received 32 bytes back
Round trip time was 0.010211 milliseconds in repetition 148
tcp_ping received 32 bytes back
Round trip time was 0.010578 milliseconds in repetition 149
tcp_ping received 32 bytes back
Round trip time was 0.010376 milliseconds in repetition 150
tcp_ping received 32 bytes back
Round trip time was 0.010199 milliseconds in repetition 151
tcp_ping received 32 bytes back
Round trip time was 0.010195 milliseconds in repetition 152
tcp_ping received 32 bytes back
Round trip time was 0.010646 milliseconds in repetition 153
tcp_ping received 32 bytes back
Round trip time was 0.010381 milliseconds in repetition 154
tcp_ping received 32 bytes back
Round trip time was 0.010117 milliseconds in repetition 155
tcp_ping received 32 bytes back
Round trip time was 0.010195 milliseconds in repetition 156
tcp_ping received 32 bytes back
Round trip time was 0.010585 milliseconds in repetition 157
tcp_ping received 32 bytes back
Round trip time was 0.010456 milliseconds in repetition 158
tcp_ping received 32 bytes back
Round trip time was 0.010247 milliseconds in repetition 159
tcp_ping received 32 bytes back
Round trip time was 0.010224 milliseconds in repetition 160
tcp_ping received 32 bytes back
Round trip time was 0.010594 milliseconds in repetition 161
tcp_ping received 32 bytes back
Round trip time was 0.010378 milliseconds in repetition 162
tcp_ping received 32 bytes back
Round trip time was 0.010283 milliseconds in repetition 163
tcp_ping received 32 bytes back
Round trip time was 0.010155 milliseconds in repetition 164
tcp_ping received 32 bytes back
Round trip time was 0.010563 milliseconds in repetition 165
tcp_ping received 32 bytes back
Round trip time was 0.010442 milliseconds in repetition 166
tcp_ping received 32 bytes back
Round trip time was 0.010318 milliseconds in repetition 167
tcp_ping received 32 bytes back
Round trip time was 0.010127 milliseconds in repetition 168
tcp_ping received 32 bytes back
Round trip time was 0.010561 milliseconds in repetition 169
tcp_ping received 32 bytes back
Round trip time was 0.010562 milliseconds in repetition 170
tcp_ping received 32 bytes back
Round trip time was 0.010387 milliseconds in repetition 171
tcp_ping received 32 bytes back
Round trip time was 0.010267 milliseconds in repetition 172
tcp_ping received 32 bytes back
Round trip time was 0.010522 milliseconds in repetition 173
tcp_ping received 32 bytes back
Round trip time was 0.010602 milliseconds in repetition 174
tcp_ping received 32 bytes back
Round trip time was 0.010202 milliseconds in repetition 175
tcp_ping received 32 bytes back
Round trip time was 0.010224 milliseconds in repetition 176
tcp_ping received 32 bytes back
Round trip time was 0.010728 milliseconds in repetition 177
tcp_ping received 32 bytes back
Round trip time was 0.010702 milliseconds in repetition 178
tcp_ping received 32 bytes back
Round trip time was 0.013868 milliseconds in repetition 179
tcp_ping received 32 bytes back
Round trip time was 0.012721 milliseconds in repetition 180
tcp_ping received 32 bytes back
Round trip time was 0.01249 milliseconds in repetition 181
tcp_ping received 32 bytes back
Round trip time was 0.010722 milliseconds in repetition 182
tcp_ping received 32 bytes back
Round trip time was 0.01045 milliseconds in repetition 183
tcp_ping received 32 bytes back
Round trip time was 0.010452 milliseconds in repetition 184
tcp_ping received 32 bytes back
Round trip time was 0.010482 milliseconds in repetition 185
tcp_ping received 32 bytes back
Round trip time was 0.010593 milliseconds in repetition 186
tcp_ping received 32 bytes back
Round trip time was 0.010341 milliseconds in repetition 187
tcp_ping received 32 bytes back
Round trip time was 0.010471 milliseconds in repetition 188
tcp_ping received 32 bytes back
Round trip time was 0.01038 milliseconds in repetition 189
tcp_ping received 32 bytes back
Round trip time was 0.010493 milliseconds in repetition 190
tcp_ping received 32 bytes back
Round trip time was 0.01042 milliseconds in repetition 191
tcp_ping received 32 bytes back
Round trip time was 0.010374 milliseconds in repetition 192
tcp_ping received 32 bytes back
Round trip time was 0.010686 milliseconds in repetition 193
tcp_ping received 32 bytes back
Round trip time was 0.010525 milliseconds in repetition 194
tcp_ping received 32 bytes back
Round trip time was 0.010336 milliseconds in repetition 195
tcp_ping received 32 bytes back
Round trip time was 0.010462 milliseconds in repetition 196
tcp_ping received 32 bytes back
Round trip time was 0.010666 milliseconds in repetition 197
tcp_ping received 32 bytes back
Round trip time was 0.010238 milliseconds in repetition 198
tcp_ping received 32 bytes back
Round trip time was 0.010246 milliseconds in repetition 199
tcp_ping received 32 bytes back
Round trip time was 0.010566 milliseconds in repetition 200
tcp_ping received 32 bytes back
Round trip time was 0.010709 milliseconds in repetition 201
tcp_ping received 32 bytes back
Round trip time was 0.010503 milliseconds in repetition 202
tcp_ping received 32 bytes back
Round trip time was 0.010196 milliseconds in repetition 203
tcp_ping received 32 bytes back
Round trip time was 0.010484 milliseconds in repetition 204
tcp_ping received 32 bytes back
Round trip time was 0.010414 milliseconds in repetition 205
tcp_ping received 32 bytes back
Round trip time was 0.010278 milliseconds in repetition 206
tcp_ping received 32 bytes back
Round trip time was 0.010297 milliseconds in repetition 207
tcp_ping received 32 bytes back
Round trip time was 0.010477 milliseconds in repetition 208
tcp_ping received 32 bytes back
Round trip time was 0.010605 milliseconds in repetition 209
tcp_ping received 32 bytes back
Round trip time was 0.010396 milliseconds in repetition 210
tcp_ping received 32 bytes back
Round trip time was 0.010516 milliseconds in repetition 211
tcp_ping received 32 bytes back
Round trip time was 0.010334 milliseconds in repetition 212
tcp_ping received 32 bytes back
Round trip time was 0.010448 milliseconds in repetition 213
tcp_ping received 32 bytes back
Round trip time was 0.010544 milliseconds in repetition 214
tcp_ping received 32 bytes back
Round trip time was 0.010558 milliseconds in repetition 215
tcp_ping received 32 bytes back
Round trip time was 0.010584 milliseconds in repetition 216
tcp_ping received 32 bytes back
Round trip time was 0.010686 milliseconds in repetition 217
tcp_ping received 32 bytes back
Round trip time was 0.010656 milliseconds in repetition 218
tcp_ping received 32 bytes back
Round trip time was 0.010208 milliseconds in repetition 219
tcp_ping received 32 bytes back
Round trip time was 0.010482 milliseconds in repetition 220
tcp_ping received 32 bytes back
Round trip time was 0.010481 milliseconds in repetition 221
tcp_ping received 32 bytes back
Round trip time was 0.010624 milliseconds in repetition 222
tcp_ping received 32 bytes back
Round trip time was 0.010153 milliseconds in repetition 223
tcp_ping received 32 bytes back
Round trip time was 0.014283 milliseconds in repetition 224
tcp_ping received 32 bytes back
Round trip time was 0.01294 milliseconds in repetition 225
tcp_ping received 32 bytes back
Round trip time was 0.012189 milliseconds in repetition 226
tcp_ping received 32 bytes back
Round trip time was 0.010594 milliseconds in repetition 227
tcp_ping received 32 bytes back
Round trip time was 0.010407 milliseconds in repetition 228
tcp_ping received 32 bytes back
Round trip time was 0.010505 milliseconds in repetition 229
tcp_ping received 32 bytes back
Round trip time was 0.010379 milliseconds in repetition 230
tcp_ping received 32 bytes back
Round trip time was 0.010268 milliseconds in repetition 231
tcp_ping received 32 bytes back
Round trip time was 0.010223 milliseconds in repetition 232
tcp_ping received 32 bytes back
Round trip time was 0.010407 milliseconds in repetition 233
tcp_ping received 32 bytes back
Round trip time was 0.010627 milliseconds in repetition 234
tcp_ping received 32 bytes back
Round trip time was 0.009979 milliseconds in repetition 235
tcp_ping received 32 bytes back
Round trip time was 0.010357 milliseconds in repetition 236
tcp_ping received 32 bytes back
Round trip time was 0.010566 milliseconds in repetition 237
tcp_ping received 32 bytes back
Round trip time was 0.010337 milliseconds in repetition 238
tcp_ping received 32 bytes back
Round trip time was 0.010218 milliseconds in repetition 239
tcp_ping received 32 bytes back
Round trip time was 0.010245 milliseconds in repetition 240
tcp_ping received 32 bytes back
Round trip time was 0.0107 milliseconds in repetition 241
tcp_ping received 32 bytes back
Round trip time was 0.020374 milliseconds in repetition 242
tcp_ping received 32 bytes back
Round trip time was 0.012297 milliseconds in repetition 243
tcp_ping received 32 bytes back
Round trip time was 0.010602 milliseconds in repetition 244
tcp_ping received 32 bytes back
Round trip time was 0.010523 milliseconds in repetition 245
tcp_ping received 32 bytes back
Round trip time was 0.010435 milliseconds in repetition 246
tcp_ping received 32 bytes back
Round trip time was 0.010823 milliseconds in repetition 247
tcp_ping received 32 bytes back
Round trip time was 0.010433 milliseconds in repetition 248
tcp_ping received 32 bytes back
Round trip time was 0.010586 milliseconds in repetition 249
tcp_ping received 32 bytes back
Round trip time was 0.010527 milliseconds in repetition 250
tcp_ping received 32 bytes back
Round trip time was 0.010478 milliseconds in repetition 251
tcp_ping received 32 bytes back
Round trip time was 0.010333 milliseconds in repetition 252
tcp_ping received 32 bytes back
Round trip time was 0.010437 milliseconds in repetition 253
tcp_ping received 32 bytes back
Round trip time was 0.0105 milliseconds in repetition 254
tcp_ping received 32 bytes back
Round trip time was 0.010607 milliseconds in repetition 255
tcp_ping received 32 bytes back
Round trip time was 0.010539 milliseconds in repetition 256
tcp_ping received 32 bytes back
Round trip time was 0.010567 milliseconds in repetition 257
tcp_ping received 32 bytes back
Round trip time was 0.010613 milliseconds in repetition 258
tcp_ping received 32 bytes back
Round trip time was 0.010521 milliseconds in repetition 259
tcp_ping received 32 bytes back
Round trip time was 0.010288 milliseconds in repetition 260
tcp_ping received 32 bytes back
Round trip time was 0.010592 milliseconds in repetition 261
tcp_ping received 32 bytes back
Round trip time was 0.010519 milliseconds in repetition 262
tcp_ping received 32 bytes back
Round trip time was 0.010802 milliseconds in repetition 263
tcp_ping received 32 bytes back
Round trip time was 0.010463 milliseconds in repetition 264
tcp_ping received 32 bytes back
Round trip time was 0.010678 milliseconds in repetition 265
tcp_ping received 32 bytes back
Round trip time was 0.010707 milliseconds in repetition 266
tcp_ping received 32 bytes back
Round trip time was 0.010492 milliseconds in repetition 267
tcp_ping received 32 bytes back
Round trip time was 0.014416 milliseconds in repetition 268
tcp_ping received 32 bytes back
Round trip time was 0.012836 milliseconds in repetition 269
tcp_ping received 32 bytes back
Round trip time was 0.012707 milliseconds in repetition 270
tcp_ping received 32 bytes back
Round trip time was 0.011359 milliseconds in repetition 271
tcp_ping received 32 bytes back
Round trip time was 0.010482 milliseconds in repetition 272
tcp_ping received 32 bytes back
Round trip time was 0.010797 milliseconds in repetition 273
tcp_ping received 32 bytes back
Round trip time was 0.010523 milliseconds in repetition 274
tcp_ping received 32 bytes back
Round trip time was 0.01048 milliseconds in repetition 275
tcp_ping received 32 bytes back
Round trip time was 0.0107 milliseconds in repetition 276
tcp_ping received 32 bytes back
Round trip time was 0.010693 milliseconds in repetition 277
tcp_ping received 32 bytes back
Round trip time was 0.010748 milliseconds in repetition 278
tcp_ping received 32 bytes back
Round trip time was 0.010696 milliseconds in repetition 279
tcp_ping received 32 bytes back
Round trip time was 0.01049 milliseconds in repetition 280
tcp_ping received 32 bytes back
Round trip time was 0.010575 milliseconds in repetition 281
tcp_ping received 32 bytes back
Round trip time was 0.010553 milliseconds in repetition 282
tcp_ping received 32 bytes back
Round trip time was 0.010613 milliseconds in repetition 283
tcp_ping received 32 bytes back
Round trip time was 0.01056 milliseconds in repetition 284
tcp_ping received 32 bytes back
Round trip time was 0.010567 milliseconds in repetition 285
tcp_ping received 32 bytes back
Round trip time was 0.010497 milliseconds in repetition 286
tcp_ping received 32 bytes back
Round trip time was 0.010713 milliseconds in repetition 287
tcp_ping received 32 bytes back
Round trip time was 0.010459 milliseconds in repetition 288
tcp_ping received 32 bytes back
Round trip time was 0.010633 milliseconds in repetition 289
tcp_ping received 32 bytes back
Round trip time was 0.010999 milliseconds in repetition 290
tcp_ping received 32 bytes back
Round trip time was 0.010544 milliseconds in repetition 291
tcp_ping received 32 bytes back
Round trip time was 0.010415 milliseconds in repetition 292
tcp_ping received 32 bytes back
Round trip time was 0.010777 milliseconds in repetition 293
tcp_ping received 32 bytes back
Round trip time was 0.010632 milliseconds in repetition 294
tcp_ping received 32 bytes back
Round trip time was 0.010752 milliseconds in repetition 295
tcp_ping received 32 bytes back
Round trip time was 0.010512 milliseconds in repetition 296
tcp_ping received 32 bytes back
Round trip time was 0.010535 milliseconds in repetition 297
tcp_ping received 32 bytes back
Round trip time was 0.010455 milliseconds in repetition 298
tcp_ping received 32 bytes back
Round trip time was 0.010414 milliseconds in repetition 299
tcp_ping received 32 bytes back
Round trip time was 0.01053 milliseconds in repetition 300
tcp_ping received 32 bytes back
Round trip time was 0.01057 milliseconds in repetition 301
tcp_ping received 32 bytes back
Round trip time was 0.010608 milliseconds in repetition 302
tcp_ping received 32 bytes back
Round trip time was 0.010646 milliseconds in repetition 303
tcp_ping received 32 bytes back
Round trip time was 0.010428 milliseconds in repetition 304
tcp_ping received 32 bytes back
Round trip time was 0.010609 milliseconds in repetition 305
tcp_ping received 32 bytes back
Round trip time was 0.010657 milliseconds in repetition 306
tcp_ping received 32 bytes back
Round trip time was 0.01047 milliseconds in repetition 307
tcp_ping received 32 bytes back
Round trip time was 0.010524 milliseconds in repetition 308
tcp_ping received 32 bytes back
Round trip time was 0.010578 milliseconds in repetition 309
tcp_ping received 32 bytes back
Round trip time was 0.010564 milliseconds in repetition 310
tcp_ping received 32 bytes back
Round trip time was 0.010704 milliseconds in repetition 311
tcp_ping received 32 bytes back
Round trip time was 0.01046 milliseconds in repetition 312
tcp_ping received 32 bytes back
Round trip time was 0.014374 milliseconds in repetition 313
tcp_ping received 32 bytes back
Round trip time was 0.013103 milliseconds in repetition 314
tcp_ping received 32 bytes back
Round trip time was 0.012173 milliseconds in repetition 315
tcp_ping received 32 bytes back
Round trip time was 0.01055 milliseconds in repetition 316
tcp_ping received 32 bytes back
Round trip time was 0.01056 milliseconds in repetition 317
tcp_ping received 32 bytes back
Round trip time was 0.010973 milliseconds in repetition 318
tcp_ping received 32 bytes back
Round trip time was 0.010791 milliseconds in repetition 319
tcp_ping received 32 bytes back
Round trip time was 0.010485 milliseconds in repetition 320
tcp_ping received 32 bytes back
Round trip time was 0.010711 milliseconds in repetition 321
tcp_ping received 32 bytes back
Round trip time was 0.01089 milliseconds in repetition 322
tcp_ping received 32 bytes back
Round trip time was 0.012125 milliseconds in repetition 323
tcp_ping received 32 bytes back
Round trip time was 0.013152 milliseconds in repetition 324
tcp_ping received 32 bytes back
Round trip time was 0.012865 milliseconds in repetition 325
tcp_ping received 32 bytes back
Round trip time was 0.013539 milliseconds in repetition 326
tcp_ping received 32 bytes back
Round trip time was 0.01404 milliseconds in repetition 327
tcp_ping received 32 bytes back
Round trip time was 0.011607 milliseconds in repetition 328
tcp_ping received 32 bytes back
Round trip time was 0.011262 milliseconds in repetition 329
tcp_ping received 32 bytes back
Round trip time was 0.013235 milliseconds in repetition 330
tcp_ping received 32 bytes back
Round trip time was 0.012746 milliseconds in repetition 331
tcp_ping received 32 bytes back
Round trip time was 0.012156 milliseconds in repetition 332
tcp_ping received 32 bytes back
Round trip time was 0.012101 milliseconds in repetition 333
tcp_ping received 32 bytes back
Round trip time was 0.012496 milliseconds in repetition 334
tcp_ping received 32 bytes back
Round trip time was 0.012085 milliseconds in repetition 335
tcp_ping received 32 bytes back
Round trip time was 0.012051 milliseconds in repetition 336
tcp_ping received 32 bytes back
Round trip time was 0.012161 milliseconds in repetition 337
tcp_ping received 32 bytes back
Round trip time was 0.012295 milliseconds in repetition 338
tcp_ping received 32 bytes back
Round trip time was 0.011779 milliseconds in repetition 339
tcp_ping received 32 bytes back
Round trip time was 0.011756 milliseconds in repetition 340
tcp_ping received 32 bytes back
Round trip time was 0.011876 milliseconds in repetition 341
tcp_ping received 32 bytes back
Round trip time was 0.012171 milliseconds in repetition 342
tcp_ping received 32 bytes back
Round trip time was 0.011913 milliseconds in repetition 343
tcp_ping received 32 bytes back
Round trip time was 0.011665 milliseconds in repetition 344
tcp_ping received 32 bytes back
Round trip time was 0.011783 milliseconds in repetition 345
tcp_ping received 32 bytes back
Round trip time was 0.012267 milliseconds in repetition 346
tcp_ping received 32 bytes back
Round trip time was 0.012293 milliseconds in repetition 347
tcp_ping received 32 bytes back
Round trip time was 0.011719 milliseconds in repetition 348
tcp_ping received 32 bytes back
Round trip time was 0.011786 milliseconds in repetition 349
tcp_ping received 32 bytes back
Round trip time was 0.012155 milliseconds in repetition 350
tcp_ping received 32 bytes back
Round trip time was 0.012014 milliseconds in repetition 351
tcp_ping received 32 bytes back
Round trip time was 0.011611 milliseconds in repetition 352
tcp_ping received 32 bytes back
Round trip time was 0.011734 milliseconds in repetition 353
tcp_ping received 32 bytes back
Round trip time was 0.012538 milliseconds in repetition 354
tcp_ping received 32 bytes back
Round trip time was 0.011589 milliseconds in repetition 355
tcp_ping received 32 bytes back
Round trip time was 0.011485 milliseconds in repetition 356
tcp_ping received 32 bytes back
Round trip time was 0.016594 milliseconds in repetition 357
tcp_ping received 32 bytes back
Round trip time was 0.014621 milliseconds in repetition 358
tcp_ping received 32 bytes back
Round trip time was 0.015111 milliseconds in repetition 359
tcp_ping received 32 bytes back
Round trip time was 0.012584 milliseconds in repetition 360
tcp_ping received 32 bytes back
Round trip time was 0.01258 milliseconds in repetition 361
tcp_ping received 32 bytes back
Round trip time was 0.03274 milliseconds in repetition 362
tcp_ping received 32 bytes back
Round trip time was 0.018842 milliseconds in repetition 363
tcp_ping received 32 bytes back
Round trip time was 0.057678 milliseconds in repetition 364
tcp_ping received 32 bytes back
Round trip time was 0.057249 milliseconds in repetition 365
tcp_ping received 32 bytes back
Round trip time was 0.074247 milliseconds in repetition 366
tcp_ping received 32 bytes back
Round trip time was 0.059581 milliseconds in repetition 367
tcp_ping received 32 bytes back
Round trip time was 0.057425 milliseconds in repetition 368
tcp_ping received 32 bytes back
Round trip time was 0.017427 milliseconds in repetition 369
tcp_ping received 32 bytes back
Round trip time was 0.018773 milliseconds in repetition 370
tcp_ping received 32 bytes back
Round trip time was 0.016957 milliseconds in repetition 371
tcp_ping received 32 bytes back
Round trip time was 0.013621 milliseconds in repetition 372
tcp_ping received 32 bytes back
Round trip time was 0.015158 milliseconds in repetition 373
tcp_ping received 32 bytes back
Round trip time was 0.01564 milliseconds in repetition 374
tcp_ping received 32 bytes back
Round trip time was 0.015203 milliseconds in repetition 375
tcp_ping received 32 bytes back
Round trip time was 0.014852 milliseconds in repetition 376
tcp_ping received 32 bytes back
Round trip time was 0.01466 milliseconds in repetition 377
tcp_ping received 32 bytes back
Round trip time was 0.016041 milliseconds in repetition 378
tcp_ping received 32 bytes back
Round trip time was 0.015149 milliseconds in repetition 379
tcp_ping received 32 bytes back
Round trip time was 0.015143 milliseconds in repetition 380
tcp_ping received 32 bytes back
Round trip time was 0.015399 milliseconds in repetition 381
tcp_ping received 32 bytes back
Round trip time was 0.015381 milliseconds in repetition 382
tcp_ping received 32 bytes back
Round trip time was 0.014805 milliseconds in repetition 383
tcp_ping received 32 bytes back
Round trip time was 0.014496 milliseconds in repetition 384
tcp_ping received 32 bytes back
Round trip time was 0.014773 milliseconds in repetition 385
tcp_ping received 32 bytes back
Round trip time was 0.014929 milliseconds in repetition 386
tcp_ping received 32 bytes back
Round trip time was 0.014791 milliseconds in repetition 387
tcp_ping received 32 bytes back
Round trip time was 0.015076 milliseconds in repetition 388
tcp_ping received 32 bytes back
Round trip time was 0.015266 milliseconds in repetition 389
tcp_ping received 32 bytes back
Round trip time was 0.015757 milliseconds in repetition 390
tcp_ping received 32 bytes back
Round trip time was 0.015367 milliseconds in repetition 391
tcp_ping received 32 bytes back
Round trip time was 0.015307 milliseconds in repetition 392
tcp_ping received 32 bytes back
Round trip time was 0.01463 milliseconds in repetition 393
tcp_ping received 32 bytes back
Round trip time was 0.016134 milliseconds in repetition 394
tcp_ping received 32 bytes back
Round trip time was 0.013918 milliseconds in repetition 395
tcp_ping received 32 bytes back
Round trip time was 0.013244 milliseconds in repetition 396
tcp_ping received 32 bytes back
Round trip time was 0.013018 milliseconds in repetition 397
tcp_ping received 32 bytes back
Round trip time was 0.013181 milliseconds in repetition 398
tcp_ping received 32 bytes back
Round trip time was 0.012548 milliseconds in repetition 399
tcp_ping received 32 bytes back
Round trip time was 0.012876 milliseconds in repetition 400
tcp_ping received 32 bytes back
Round trip time was 0.013353 milliseconds in repetition 401
tcp_ping received 32 bytes back
Round trip time was 0.019672 milliseconds in repetition 402
tcp_ping received 32 bytes back
Round trip time was 0.017226 milliseconds in repetition 403
tcp_ping received 32 bytes back
Round trip time was 0.014866 milliseconds in repetition 404
tcp_ping received 32 bytes back
Round trip time was 0.014086 milliseconds in repetition 405
tcp_ping received 32 bytes back
Round trip time was 0.01369 milliseconds in repetition 406
tcp_ping received 32 bytes back
Round trip time was 0.013296 milliseconds in repetition 407
tcp_ping received 32 bytes back
Round trip time was 0.013371 milliseconds in repetition 408
tcp_ping received 32 bytes back
Round trip time was 0.013585 milliseconds in repetition 409
tcp_ping received 32 bytes back
Round trip time was 0.011918 milliseconds in repetition 410
tcp_ping received 32 bytes back
Round trip time was 0.011816 milliseconds in repetition 411
tcp_ping received 32 bytes back
Round trip time was 0.011665 milliseconds in repetition 412
tcp_ping received 32 bytes back
Round trip time was 0.011963 milliseconds in repetition 413
tcp_ping received 32 bytes back
Round trip time was 0.011784 milliseconds in repetition 414
tcp_ping received 32 bytes back
Round trip time was 0.011932 milliseconds in repetition 415
tcp_ping received 32 bytes back
Round trip time was 0.011968 milliseconds in repetition 416
tcp_ping received 32 bytes back
Round trip time was 0.012042 milliseconds in repetition 417
tcp_ping received 32 bytes back
Round trip time was 0.011845 milliseconds in repetition 418
tcp_ping received 32 bytes back
Round trip time was 0.011687 milliseconds in repetition 419
tcp_ping received 32 bytes back
Round trip time was 0.011843 milliseconds in repetition 420
tcp_ping received 32 bytes back
Round trip time was 0.012073 milliseconds in repetition 421
tcp_ping received 32 bytes back
Round trip time was 0.011741 milliseconds in repetition 422
tcp_ping received 32 bytes back
Round trip time was 0.011734 milliseconds in repetition 423
tcp_ping received 32 bytes back
Round trip time was 0.011601 milliseconds in repetition 424
tcp_ping received 32 bytes back
Round trip time was 0.012001 milliseconds in repetition 425
tcp_ping received 32 bytes back
Round trip time was 0.011621 milliseconds in repetition 426
tcp_ping received 32 bytes back
Round trip time was 0.011514 milliseconds in repetition 427
tcp_ping received 32 bytes back
Round trip time was 0.011755 milliseconds in repetition 428
tcp_ping received 32 bytes back
Round trip time was 0.012265 milliseconds in repetition 429
tcp_ping received 32 bytes back
Round trip time was 0.011852 milliseconds in repetition 430
tcp_ping received 32 bytes back
Round trip time was 0.011455 milliseconds in repetition 431
tcp_ping received 32 bytes back
Round trip time was 0.011519 milliseconds in repetition 432
tcp_ping received 32 bytes back
Round trip time was 0.011834 milliseconds in repetition 433
tcp_ping received 32 bytes back
Round trip time was 0.011686 milliseconds in repetition 434
tcp_ping received 32 bytes back
Round trip time was 0.011543 milliseconds in repetition 435
tcp_ping received 32 bytes back
Round trip time was 0.012417 milliseconds in repetition 436
tcp_ping received 32 bytes back
Round trip time was 0.012045 milliseconds in repetition 437
tcp_ping received 32 bytes back
Round trip time was 0.011717 milliseconds in repetition 438
tcp_ping received 32 bytes back
Round trip time was 0.01151 milliseconds in repetition 439
tcp_ping received 32 bytes back
Round trip time was 0.011656 milliseconds in repetition 440
tcp_ping received 32 bytes back
Round trip time was 0.011769 milliseconds in repetition 441
tcp_ping received 32 bytes back
Round trip time was 0.011685 milliseconds in repetition 442
tcp_ping received 32 bytes back
Round trip time was 0.011694 milliseconds in repetition 443
tcp_ping received 32 bytes back
Round trip time was 0.011517 milliseconds in repetition 444
tcp_ping received 32 bytes back
Round trip time was 0.011878 milliseconds in repetition 445
tcp_ping received 32 bytes back
Round trip time was 0.01691 milliseconds in repetition 446
tcp_ping received 32 bytes back
Round trip time was 0.014195 milliseconds in repetition 447
tcp_ping received 32 bytes back
Round trip time was 0.013293 milliseconds in repetition 448
tcp_ping received 32 bytes back
Round trip time was 0.012311 milliseconds in repetition 449
tcp_ping received 32 bytes back
Round trip time was 0.011731 milliseconds in repetition 450
tcp_ping received 32 bytes back
Round trip time was 0.011556 milliseconds in repetition 451
tcp_ping received 32 bytes back
Round trip time was 0.01175 milliseconds in repetition 452
tcp_ping received 32 bytes back
Round trip time was 0.01201 milliseconds in repetition 453
tcp_ping received 32 bytes back
Round trip time was 0.011984 milliseconds in repetition 454
tcp_ping received 32 bytes back
Round trip time was 0.011763 milliseconds in repetition 455
tcp_ping received 32 bytes back
Round trip time was 0.011899 milliseconds in repetition 456
tcp_ping received 32 bytes back
Round trip time was 0.011811 milliseconds in repetition 457
tcp_ping received 32 bytes back
Round trip time was 0.011709 milliseconds in repetition 458
tcp_ping received 32 bytes back
Round trip time was 0.011563 milliseconds in repetition 459
tcp_ping received 32 bytes back
Round trip time was 0.0117 milliseconds in repetition 460
tcp_ping received 32 bytes back
Round trip time was 0.012041 milliseconds in repetition 461
tcp_ping received 32 bytes back
Round trip time was 0.016264 milliseconds in repetition 462
tcp_ping received 32 bytes back
Round trip time was 0.018386 milliseconds in repetition 463
tcp_ping received 32 bytes back
Round trip time was 0.016312 milliseconds in repetition 464
tcp_ping received 32 bytes back
Round trip time was 0.014389 milliseconds in repetition 465
tcp_ping received 32 bytes back
Round trip time was 0.015833 milliseconds in repetition 466
tcp_ping received 32 bytes back
Round trip time was 0.01767 milliseconds in repetition 467
tcp_ping received 32 bytes back
Round trip time was 0.017448 milliseconds in repetition 468
tcp_ping received 32 bytes back
Round trip time was 0.018729 milliseconds in repetition 469
tcp_ping received 32 bytes back
Round trip time was 0.018419 milliseconds in repetition 470
tcp_ping received 32 bytes back
Round trip time was 0.016118 milliseconds in repetition 471
tcp_ping received 32 bytes back
Round trip time was 0.015124 milliseconds in repetition 472
tcp_ping received 32 bytes back
Round trip time was 0.015099 milliseconds in repetition 473
tcp_ping received 32 bytes back
Round trip time was 0.015898 milliseconds in repetition 474
tcp_ping received 32 bytes back
Round trip time was 0.014876 milliseconds in repetition 475
tcp_ping received 32 bytes back
Round trip time was 0.015513 milliseconds in repetition 476
tcp_ping received 32 bytes back
Round trip time was 0.016306 milliseconds in repetition 477
tcp_ping received 32 bytes back
Round trip time was 0.018403 milliseconds in repetition 478
tcp_ping received 32 bytes back
Round trip time was 0.030612 milliseconds in repetition 479
tcp_ping received 32 bytes back
Round trip time was 0.020898 milliseconds in repetition 480
tcp_ping received 32 bytes back
Round trip time was 0.017414 milliseconds in repetition 481
tcp_ping received 32 bytes back
Round trip time was 0.019121 milliseconds in repetition 482
tcp_ping received 32 bytes back
Round trip time was 0.016632 milliseconds in repetition 483
tcp_ping received 32 bytes back
Round trip time was 0.017314 milliseconds in repetition 484
tcp_ping received 32 bytes back
Round trip time was 0.018905 milliseconds in repetition 485
tcp_ping received 32 bytes back
Round trip time was 0.024773 milliseconds in repetition 486
tcp_ping received 32 bytes back
Round trip time was 0.019849 milliseconds in repetition 487
tcp_ping received 32 bytes back
Round trip time was 0.018849 milliseconds in repetition 488
tcp_ping received 32 bytes back
Round trip time was 0.019616 milliseconds in repetition 489
tcp_ping received 32 bytes back
Round trip time was 0.0185 milliseconds in repetition 490
tcp_ping received 32 bytes back
Round trip time was 0.020946 milliseconds in repetition 491
tcp_ping received 32 bytes back
Round trip time was 0.019732 milliseconds in repetition 492
tcp_ping received 32 bytes back
Round trip time was 0.017151 milliseconds in repetition 493
tcp_ping received 32 bytes back
Round trip time was 0.016132 milliseconds in repetition 494
tcp_ping received 32 bytes back
Round trip time was 0.016505 milliseconds in repetition 495
tcp_ping received 32 bytes back
Round trip time was 0.018426 milliseconds in repetition 496
tcp_ping received 32 bytes back
Round trip time was 0.018363 milliseconds in repetition 497
tcp_ping received 32 bytes back
Round trip time was 0.017302 milliseconds in repetition 498
tcp_ping received 32 bytes back
Round trip time was 0.016802 milliseconds in repetition 499
tcp_ping received 32 bytes back
Round trip time was 0.01748 milliseconds in repetition 500
tcp_ping received 32 bytes back
Round trip time was 0.017861 milliseconds in repetition 501

 ... clock resolution was 1e-06
TCP Ping:  Statistics over 501 repetitions of 32 byte messages

RTT : percentile 10: 0.010319, median: 0.010823, percentile 90: 0.018773, average: 0.0156092, variance: 0.000235135

RTT histogram:
0.0099785 371
0.0170753 89
0.0241721 3
0.0312689 4
0.0383657 11
0.0454625 3
0.0525593 6
0.0596561 6
0.0667529 0
0.0738497 2
0.0809465 0
0.0880433 1
0.0951401 0
0.102237 0
0.109334 1
0.11643 1
0.123527 0
0.130624 0
0.137721 1
0.144818 1
0.151914 1

   median Throughput : 5913.33 KB/s   overall Throughput : 4100.14 KB/s

