TCP Ping trying to connect to server localhost (127.0.0.1) on port 1492
 ... connected to Pong server: asking for 501 repetitions of 1536 bytes TCP messages
 ... Pong server agreed:-)
tcp_ping received 1536 bytes back
Round trip time was 0.069218 milliseconds in repetition 1
tcp_ping received 1536 bytes back
Round trip time was 0.052578 milliseconds in repetition 2
tcp_ping received 1536 bytes back
Round trip time was 0.051679 milliseconds in repetition 3
tcp_ping received 1536 bytes back
Round trip time was 0.053333 milliseconds in repetition 4
tcp_ping received 1536 bytes back
Round trip time was 0.049892 milliseconds in repetition 5
tcp_ping received 1536 bytes back
Round trip time was 0.049827 milliseconds in repetition 6
tcp_ping received 1536 bytes back
Round trip time was 0.049761 milliseconds in repetition 7
tcp_ping received 1536 bytes back
Round trip time was 0.04974 milliseconds in repetition 8
tcp_ping received 1536 bytes back
Round trip time was 0.050984 milliseconds in repetition 9
tcp_ping received 1536 bytes back
Round trip time was 0.050941 milliseconds in repetition 10
tcp_ping received 1536 bytes back
Round trip time was 0.050833 milliseconds in repetition 11
tcp_ping received 1536 bytes back
Round trip time was 0.049945 milliseconds in repetition 12
tcp_ping received 1536 bytes back
Round trip time was 0.050312 milliseconds in repetition 13
tcp_ping received 1536 bytes back
Round trip time was 0.04977 milliseconds in repetition 14
tcp_ping received 1536 bytes back
Round trip time was 0.049299 milliseconds in repetition 15
tcp_ping received 1536 bytes back
Round trip time was 0.04952 milliseconds in repetition 16
tcp_ping received 1536 bytes back
Round trip time was 0.049475 milliseconds in repetition 17
tcp_ping received 1536 bytes back
Round trip time was 0.049143 milliseconds in repetition 18
tcp_ping received 1536 bytes back
Round trip time was 0.049777 milliseconds in repetition 19
tcp_ping received 1536 bytes back
Round trip time was 0.050313 milliseconds in repetition 20
tcp_ping received 1536 bytes back
Round trip time was 0.049786 milliseconds in repetition 21
tcp_ping received 1536 bytes back
Round trip time was 0.049818 milliseconds in repetition 22
tcp_ping received 1536 bytes back
Round trip time was 0.05116 milliseconds in repetition 23
tcp_ping received 1536 bytes back
Round trip time was 0.053068 milliseconds in repetition 24
tcp_ping received 1536 bytes back
Round trip time was 0.051198 milliseconds in repetition 25
tcp_ping received 1536 bytes back
Round trip time was 0.050179 milliseconds in repetition 26
tcp_ping received 1536 bytes back
Round trip time was 0.05084 milliseconds in repetition 27
tcp_ping received 1536 bytes back
Round trip time was 0.051915 milliseconds in repetition 28
tcp_ping received 1536 bytes back
Round trip time was 0.049712 milliseconds in repetition 29
tcp_ping received 1536 bytes back
Round trip time was 0.051012 milliseconds in repetition 30
tcp_ping received 1536 bytes back
Round trip time was 0.051219 milliseconds in repetition 31
tcp_ping received 1536 bytes back
Round trip time was 0.050776 milliseconds in repetition 32
tcp_ping received 1536 bytes back
Round trip time was 0.049711 milliseconds in repetition 33
tcp_ping received 1536 bytes back
Round trip time was 0.050025 milliseconds in repetition 34
tcp_ping received 1536 bytes back
Round trip time was 0.049916 milliseconds in repetition 35
tcp_ping received 1536 bytes back
Round trip time was 0.050426 milliseconds in repetition 36
tcp_ping received 1536 bytes back
Round trip time was 0.050102 milliseconds in repetition 37
tcp_ping received 1536 bytes back
Round trip time was 0.049973 milliseconds in repetition 38
tcp_ping received 1536 bytes back
Round trip time was 0.050928 milliseconds in repetition 39
tcp_ping received 1536 bytes back
Round trip time was 0.049837 milliseconds in repetition 40
tcp_ping received 1536 bytes back
Round trip time was 0.049981 milliseconds in repetition 41
tcp_ping received 1536 bytes back
Round trip time was 0.051313 milliseconds in repetition 42
tcp_ping received 1536 bytes back
Round trip time was 0.05217 milliseconds in repetition 43
tcp_ping received 1536 bytes back
Round trip time was 0.083806 milliseconds in repetition 44
tcp_ping received 1536 bytes back
Round trip time was 0.059638 milliseconds in repetition 45
tcp_ping received 1536 bytes back
Round trip time was 0.058901 milliseconds in repetition 46
tcp_ping received 1536 bytes back
Round trip time was 0.051653 milliseconds in repetition 47
tcp_ping received 1536 bytes back
Round trip time was 0.052163 milliseconds in repetition 48
tcp_ping received 1536 bytes back
Round trip time was 0.092977 milliseconds in repetition 49
tcp_ping received 1536 bytes back
Round trip time was 0.076659 milliseconds in repetition 50
tcp_ping received 1536 bytes back
Round trip time was 0.08012 milliseconds in repetition 51
tcp_ping received 1536 bytes back
Round trip time was 0.069666 milliseconds in repetition 52
tcp_ping received 1536 bytes back
Round trip time was 0.061575 milliseconds in repetition 53
tcp_ping received 1536 bytes back
Round trip time was 0.059546 milliseconds in repetition 54
tcp_ping received 1536 bytes back
Round trip time was 0.058643 milliseconds in repetition 55
tcp_ping received 1536 bytes back
Round trip time was 0.060496 milliseconds in repetition 56
tcp_ping received 1536 bytes back
Round trip time was 0.058618 milliseconds in repetition 57
tcp_ping received 1536 bytes back
Round trip time was 0.051477 milliseconds in repetition 58
tcp_ping received 1536 bytes back
Round trip time was 0.05037 milliseconds in repetition 59
tcp_ping received 1536 bytes back
Round trip time was 0.051184 milliseconds in repetition 60
tcp_ping received 1536 bytes back
Round trip time was 0.050937 milliseconds in repetition 61
tcp_ping received 1536 bytes back
Round trip time was 0.050029 milliseconds in repetition 62
tcp_ping received 1536 bytes back
Round trip time was 0.050334 milliseconds in repetition 63
tcp_ping received 1536 bytes back
Round trip time was 0.049918 milliseconds in repetition 64
tcp_ping received 1536 bytes back
Round trip time was 0.05025 milliseconds in repetition 65
tcp_ping received 1536 bytes back
Round trip time was 0.056448 milliseconds in repetition 66
tcp_ping received 1536 bytes back
Round trip time was 0.050301 milliseconds in repetition 67
tcp_ping received 1536 bytes back
Round trip time was 0.07381 milliseconds in repetition 68
tcp_ping received 1536 bytes back
Round trip time was 0.05957 milliseconds in repetition 69
tcp_ping received 1536 bytes back
Round trip time was 0.053347 milliseconds in repetition 70
tcp_ping received 1536 bytes back
Round trip time was 0.052856 milliseconds in repetition 71
tcp_ping received 1536 bytes back
Round trip time was 0.052699 milliseconds in repetition 72
tcp_ping received 1536 bytes back
Round trip time was 0.052088 milliseconds in repetition 73
tcp_ping received 1536 bytes back
Round trip time was 0.062072 milliseconds in repetition 74
tcp_ping received 1536 bytes back
Round trip time was 0.054878 milliseconds in repetition 75
tcp_ping received 1536 bytes back
Round trip time was 0.053939 milliseconds in repetition 76
tcp_ping received 1536 bytes back
Round trip time was 0.058086 milliseconds in repetition 77
tcp_ping received 1536 bytes back
Round trip time was 0.087831 milliseconds in repetition 78
tcp_ping received 1536 bytes back
Round trip time was 0.082702 milliseconds in repetition 79
tcp_ping received 1536 bytes back
Round trip time was 0.065072 milliseconds in repetition 80
tcp_ping received 1536 bytes back
Round trip time was 0.054163 milliseconds in repetition 81
tcp_ping received 1536 bytes back
Round trip time was 0.063026 milliseconds in repetition 82
tcp_ping received 1536 bytes back
Round trip time was 0.064354 milliseconds in repetition 83
tcp_ping received 1536 bytes back
Round trip time was 0.054587 milliseconds in repetition 84
tcp_ping received 1536 bytes back
Round trip time was 0.066183 milliseconds in repetition 85
tcp_ping received 1536 bytes back
Round trip time was 0.072072 milliseconds in repetition 86
tcp_ping received 1536 bytes back
Round trip time was 0.055915 milliseconds in repetition 87
tcp_ping received 1536 bytes back
Round trip time was 0.091336 milliseconds in repetition 88
tcp_ping received 1536 bytes back
Round trip time was 0.081191 milliseconds in repetition 89
tcp_ping received 1536 bytes back
Round trip time was 0.085172 milliseconds in repetition 90
tcp_ping received 1536 bytes back
Round trip time was 0.087111 milliseconds in repetition 91
tcp_ping received 1536 bytes back
Round trip time was 0.102165 milliseconds in repetition 92
tcp_ping received 1536 bytes back
Round trip time was 0.110571 milliseconds in repetition 93
tcp_ping received 1536 bytes back
Round trip time was 0.092611 milliseconds in repetition 94
tcp_ping received 1536 bytes back
Round trip time was 0.071966 milliseconds in repetition 95
tcp_ping received 1536 bytes back
Round trip time was 0.072972 milliseconds in repetition 96
tcp_ping received 1536 bytes back
Round trip time was 0.068435 milliseconds in repetition 97
tcp_ping received 1536 bytes back
Round trip time was 0.058729 milliseconds in repetition 98
tcp_ping received 1536 bytes back
Round trip time was 0.058369 milliseconds in repetition 99
tcp_ping received 1536 bytes back
Round trip time was 0.068513 milliseconds in repetition 100
tcp_ping received 1536 bytes back
Round trip time was 0.063699 milliseconds in repetition 101
tcp_ping received 1536 bytes back
Round trip time was 0.067294 milliseconds in repetition 102
tcp_ping received 1536 bytes back
Round trip time was 0.0591 milliseconds in repetition 103
tcp_ping received 1536 bytes back
Round trip time was 0.050937 milliseconds in repetition 104
tcp_ping received 1536 bytes back
Round trip time was 0.050613 milliseconds in repetition 105
tcp_ping received 1536 bytes back
Round trip time was 0.050033 milliseconds in repetition 106
tcp_ping received 1536 bytes back
Round trip time was 0.050231 milliseconds in repetition 107
tcp_ping received 1536 bytes back
Round trip time was 0.051383 milliseconds in repetition 108
tcp_ping received 1536 bytes back
Round trip time was 0.051195 milliseconds in repetition 109
tcp_ping received 1536 bytes back
Round trip time was 0.050252 milliseconds in repetition 110
tcp_ping received 1536 bytes back
Round trip time was 0.049509 milliseconds in repetition 111
tcp_ping received 1536 bytes back
Round trip time was 0.050751 milliseconds in repetition 112
tcp_ping received 1536 bytes back
Round trip time was 0.049404 milliseconds in repetition 113
tcp_ping received 1536 bytes back
Round trip time was 0.04947 milliseconds in repetition 114
tcp_ping received 1536 bytes back
Round trip time was 0.049699 milliseconds in repetition 115
tcp_ping received 1536 bytes back
Round trip time was 0.049854 milliseconds in repetition 116
tcp_ping received 1536 bytes back
Round trip time was 0.051319 milliseconds in repetition 117
tcp_ping received 1536 bytes back
Round trip time was 0.050191 milliseconds in repetition 118
tcp_ping received 1536 bytes back
Round trip time was 0.050957 milliseconds in repetition 119
tcp_ping received 1536 bytes back
Round trip time was 0.049776 milliseconds in repetition 120
tcp_ping received 1536 bytes back
Round trip time was 0.049689 milliseconds in repetition 121
tcp_ping received 1536 bytes back
Round trip time was 0.049629 milliseconds in repetition 122
tcp_ping received 1536 bytes back
Round trip time was 0.050114 milliseconds in repetition 123
tcp_ping received 1536 bytes back
Round trip time was 0.049827 milliseconds in repetition 124
tcp_ping received 1536 bytes back
Round trip time was 0.049854 milliseconds in repetition 125
tcp_ping received 1536 bytes back
Round trip time was 0.050239 milliseconds in repetition 126
tcp_ping received 1536 bytes back
Round trip time was 0.049978 milliseconds in repetition 127
tcp_ping received 1536 bytes back
Round trip time was 0.050311 milliseconds in repetition 128
tcp_ping received 1536 bytes back
Round trip time was 0.05094 milliseconds in repetition 129
tcp_ping received 1536 bytes back
Round trip time was 0.049798 milliseconds in repetition 130
tcp_ping received 1536 bytes back
Round trip time was 0.049948 milliseconds in repetition 131
tcp_ping received 1536 bytes back
Round trip time was 0.062135 milliseconds in repetition 132
tcp_ping received 1536 bytes back
Round trip time was 0.061258 milliseconds in repetition 133
tcp_ping received 1536 bytes back
Round trip time was 0.052506 milliseconds in repetition 134
tcp_ping received 1536 bytes back
Round trip time was 0.051256 milliseconds in repetition 135
tcp_ping received 1536 bytes back
Round trip time was 0.055054 milliseconds in repetition 136
tcp_ping received 1536 bytes back
Round trip time was 0.050954 milliseconds in repetition 137
tcp_ping received 1536 bytes back
Round trip time was 0.050947 milliseconds in repetition 138
tcp_ping received 1536 bytes back
Round trip time was 0.050822 milliseconds in repetition 139
tcp_ping received 1536 bytes back
Round trip time was 0.051258 milliseconds in repetition 140
tcp_ping received 1536 bytes back
Round trip time was 0.050351 milliseconds in repetition 141
tcp_ping received 1536 bytes back
Round trip time was 0.050935 milliseconds in repetition 142
tcp_ping received 1536 bytes back
Round trip time was 0.05024 milliseconds in repetition 143
tcp_ping received 1536 bytes back
Round trip time was 0.05079 milliseconds in repetition 144
tcp_ping received 1536 bytes back
Round trip time was 0.051275 milliseconds in repetition 145
tcp_ping received 1536 bytes back
Round trip time was 0.050759 milliseconds in repetition 146
tcp_ping received 1536 bytes back
Round trip time was 0.049912 milliseconds in repetition 147
tcp_ping received 1536 bytes back
Round trip time was 0.051084 milliseconds in repetition 148
tcp_ping received 1536 bytes back
Round trip time was 0.051056 milliseconds in repetition 149
tcp_ping received 1536 bytes back
Round trip time was 0.050765 milliseconds in repetition 150
tcp_ping received 1536 bytes back
Round trip time was 0.050999 milliseconds in repetition 151
tcp_ping received 1536 bytes back
Round trip time was 0.051315 milliseconds in repetition 152
tcp_ping received 1536 bytes back
Round trip time was 0.051352 milliseconds in repetition 153
tcp_ping received 1536 bytes back
Round trip time was 0.058293 milliseconds in repetition 154
tcp_ping received 1536 bytes back
Round trip time was 0.053853 milliseconds in repetition 155
tcp_ping received 1536 bytes back
Round trip time was 0.061837 milliseconds in repetition 156
tcp_ping received 1536 bytes back
Round trip time was 0.0525 milliseconds in repetition 157
tcp_ping received 1536 bytes back
Round trip time was 0.066533 milliseconds in repetition 158
tcp_ping received 1536 bytes back
Round trip time was 0.066897 milliseconds in repetition 159
tcp_ping received 1536 bytes back
Round trip time was 0.070398 milliseconds in repetition 160
tcp_ping received 1536 bytes back
Round trip time was 0.068301 milliseconds in repetition 161
tcp_ping received 1536 bytes back
Round trip time was 0.061107 milliseconds in repetition 162
tcp_ping received 1536 bytes back
Round trip time was 0.058007 milliseconds in repetition 163
tcp_ping received 1536 bytes back
Round trip time was 0.067701 milliseconds in repetition 164
tcp_ping received 1536 bytes back
Round trip time was 0.077573 milliseconds in repetition 165
tcp_ping received 1536 bytes back
Round trip time was 0.092989 milliseconds in repetition 166
tcp_ping received 1536 bytes back
Round trip time was 0.077808 milliseconds in repetition 167
tcp_ping received 1536 bytes back
Round trip time was 0.066514 milliseconds in repetition 168
tcp_ping received 1536 bytes back
Round trip time was 0.093902 milliseconds in repetition 169
tcp_ping received 1536 bytes back
Round trip time was 0.066096 milliseconds in repetition 170
tcp_ping received 1536 bytes back
Round trip time was 0.053844 milliseconds in repetition 171
tcp_ping received 1536 bytes back
Round trip time was 0.060137 milliseconds in repetition 172
tcp_ping received 1536 bytes back
Round trip time was 0.059896 milliseconds in repetition 173
tcp_ping received 1536 bytes back
Round trip time was 0.051981 milliseconds in repetition 174
tcp_ping received 1536 bytes back
Round trip time was 0.063978 milliseconds in repetition 175
tcp_ping received 1536 bytes back
Round trip time was 0.058395 milliseconds in repetition 176
tcp_ping received 1536 bytes back
Round trip time was 0.056128 milliseconds in repetition 177
tcp_ping received 1536 bytes back
Round trip time was 0.051668 milliseconds in repetition 178
tcp_ping received 1536 bytes back
Round trip time was 0.051456 milliseconds in repetition 179
tcp_ping received 1536 bytes back
Round trip time was 0.0514 milliseconds in repetition 180
tcp_ping received 1536 bytes back
Round trip time was 0.051345 milliseconds in repetition 181
tcp_ping received 1536 bytes back
Round trip time was 0.051232 milliseconds in repetition 182
tcp_ping received 1536 bytes back
Round trip time was 0.051062 milliseconds in repetition 183
tcp_ping received 1536 bytes back
Round trip time was 0.050528 milliseconds in repetition 184
tcp_ping received 1536 bytes back
Round trip time was 0.050957 milliseconds in repetition 185
tcp_ping received 1536 bytes back
Round trip time was 0.051396 milliseconds in repetition 186
tcp_ping received 1536 bytes back
Round trip time was 0.051146 milliseconds in repetition 187
tcp_ping received 1536 bytes back
Round trip time was 0.056774 milliseconds in repetition 188
tcp_ping received 1536 bytes back
Round trip time was 0.051017 milliseconds in repetition 189
tcp_ping received 1536 bytes back
Round trip time was 0.051425 milliseconds in repetition 190
tcp_ping received 1536 bytes back
Round trip time was 0.05116 milliseconds in repetition 191
tcp_ping received 1536 bytes back
Round trip time was 0.051041 milliseconds in repetition 192
tcp_ping received 1536 bytes back
Round trip time was 0.050611 milliseconds in repetition 193
tcp_ping received 1536 bytes back
Round trip time was 0.051051 milliseconds in repetition 194
tcp_ping received 1536 bytes back
Round trip time was 0.050882 milliseconds in repetition 195
tcp_ping received 1536 bytes back
Round trip time was 0.05718 milliseconds in repetition 196
tcp_ping received 1536 bytes back
Round trip time was 0.050998 milliseconds in repetition 197
tcp_ping received 1536 bytes back
Round trip time was 0.05088 milliseconds in repetition 198
tcp_ping received 1536 bytes back
Round trip time was 0.051186 milliseconds in repetition 199
tcp_ping received 1536 bytes back
Round trip time was 0.050699 milliseconds in repetition 200
tcp_ping received 1536 bytes back
Round trip time was 0.050865 milliseconds in repetition 201
tcp_ping received 1536 bytes back
Round trip time was 0.051538 milliseconds in repetition 202
tcp_ping received 1536 bytes back
Round trip time was 0.064533 milliseconds in repetition 203
tcp_ping received 1536 bytes back
Round trip time was 0.068514 milliseconds in repetition 204
tcp_ping received 1536 bytes back
Round trip time was 0.076311 milliseconds in repetition 205
tcp_ping received 1536 bytes back
Round trip time was 0.084874 milliseconds in repetition 206
tcp_ping received 1536 bytes back
Round trip time was 0.091269 milliseconds in repetition 207
tcp_ping received 1536 bytes back
Round trip time was 0.081868 milliseconds in repetition 208
tcp_ping received 1536 bytes back
Round trip time was 0.09196 milliseconds in repetition 209
tcp_ping received 1536 bytes back
Round trip time was 0.081687 milliseconds in repetition 210
tcp_ping received 1536 bytes back
Round trip time was 0.076126 milliseconds in repetition 211
tcp_ping received 1536 bytes back
Round trip time was 0.07064 milliseconds in repetition 212
tcp_ping received 1536 bytes back
Round trip time was 0.070921 milliseconds in repetition 213
tcp_ping received 1536 bytes back
Round trip time was 0.090713 milliseconds in repetition 214
tcp_ping received 1536 bytes back
Round trip time was 0.080913 milliseconds in repetition 215
tcp_ping received 1536 bytes back
Round trip time was 0.075016 milliseconds in repetition 216
tcp_ping received 1536 bytes back
Round trip time was 0.073182 milliseconds in repetition 217
tcp_ping received 1536 bytes back
Round trip time was 0.124101 milliseconds in repetition 218
tcp_ping received 1536 bytes back
Round trip time was 0.215544 milliseconds in repetition 219
tcp_ping received 1536 bytes back
Round trip time was 0.115876 milliseconds in repetition 220
tcp_ping received 1536 bytes back
Round trip time was 0.060905 milliseconds in repetition 221
tcp_ping received 1536 bytes back
Round trip time was 0.063561 milliseconds in repetition 222
tcp_ping received 1536 bytes back
Round trip time was 0.086831 milliseconds in repetition 223
tcp_ping received 1536 bytes back
Round trip time was 0.072852 milliseconds in repetition 224
tcp_ping received 1536 bytes back
Round trip time was 0.071382 milliseconds in repetition 225
tcp_ping received 1536 bytes back
Round trip time was 0.067622 milliseconds in repetition 226
tcp_ping received 1536 bytes back
Round trip time was 0.067832 milliseconds in repetition 227
tcp_ping received 1536 bytes back
Round trip time was 0.070342 milliseconds in repetition 228
tcp_ping received 1536 bytes back
Round trip time was 0.071613 milliseconds in repetition 229
tcp_ping received 1536 bytes back
Round trip time was 0.07002 milliseconds in repetition 230
tcp_ping received 1536 bytes back
Round trip time was 0.069259 milliseconds in repetition 231
tcp_ping received 1536 bytes back
Round trip time was 0.073162 milliseconds in repetition 232
tcp_ping received 1536 bytes back
Round trip time was 0.069351 milliseconds in repetition 233
tcp_ping received 1536 bytes back
Round trip time was 0.08592 milliseconds in repetition 234
tcp_ping received 1536 bytes back
Round trip time was 0.085392 milliseconds in repetition 235
tcp_ping received 1536 bytes back
Round trip time was 0.064684 milliseconds in repetition 236
tcp_ping received 1536 bytes back
Round trip time was 0.059878 milliseconds in repetition 237
tcp_ping received 1536 bytes back
Round trip time was 0.057336 milliseconds in repetition 238
tcp_ping received 1536 bytes back
Round trip time was 0.056739 milliseconds in repetition 239
tcp_ping received 1536 bytes back
Round trip time was 0.057179 milliseconds in repetition 240
tcp_ping received 1536 bytes back
Round trip time was 0.05673 milliseconds in repetition 241
tcp_ping received 1536 bytes back
Round trip time was 0.056375 milliseconds in repetition 242
tcp_ping received 1536 bytes back
Round trip time was 0.05628 milliseconds in repetition 243
tcp_ping received 1536 bytes back
Round trip time was 0.056745 milliseconds in repetition 244
tcp_ping received 1536 bytes back
Round trip time was 0.056323 milliseconds in repetition 245
tcp_ping received 1536 bytes back
Round trip time was 0.057579 milliseconds in repetition 246
tcp_ping received 1536 bytes back
Round trip time was 0.056319 milliseconds in repetition 247
tcp_ping received 1536 bytes back
Round trip time was 0.056812 milliseconds in repetition 248
tcp_ping received 1536 bytes back
Round trip time was 0.056102 milliseconds in repetition 249
tcp_ping received 1536 bytes back
Round trip time was 0.05661 milliseconds in repetition 250
tcp_ping received 1536 bytes back
Round trip time was 0.056847 milliseconds in repetition 251
tcp_ping received 1536 bytes back
Round trip time was 0.057169 milliseconds in repetition 252
tcp_ping received 1536 bytes back
Round trip time was 0.058067 milliseconds in repetition 253
tcp_ping received 1536 bytes back
Round trip time was 0.057609 milliseconds in repetition 254
tcp_ping received 1536 bytes back
Round trip time was 0.057437 milliseconds in repetition 255
tcp_ping received 1536 bytes back
Round trip time was 0.057028 milliseconds in repetition 256
tcp_ping received 1536 bytes back
Round trip time was 0.057347 milliseconds in repetition 257
tcp_ping received 1536 bytes back
Round trip time was 0.059285 milliseconds in repetition 258
tcp_ping received 1536 bytes back
Round trip time was 0.060655 milliseconds in repetition 259
tcp_ping received 1536 bytes back
Round trip time was 0.059631 milliseconds in repetition 260
tcp_ping received 1536 bytes back
Round trip time was 0.072811 milliseconds in repetition 261
tcp_ping received 1536 bytes back
Round trip time was 0.096103 milliseconds in repetition 262
tcp_ping received 1536 bytes back
Round trip time was 0.077028 milliseconds in repetition 263
tcp_ping received 1536 bytes back
Round trip time was 0.101774 milliseconds in repetition 264
tcp_ping received 1536 bytes back
Round trip time was 0.074862 milliseconds in repetition 265
tcp_ping received 1536 bytes back
Round trip time was 0.067322 milliseconds in repetition 266
tcp_ping received 1536 bytes back
Round trip time was 0.087672 milliseconds in repetition 267
tcp_ping received 1536 bytes back
Round trip time was 0.094866 milliseconds in repetition 268
tcp_ping received 1536 bytes back
Round trip time was 0.057866 milliseconds in repetition 269
tcp_ping received 1536 bytes back
Round trip time was 0.081483 milliseconds in repetition 270
tcp_ping received 1536 bytes back
Round trip time was 0.075887 milliseconds in repetition 271
tcp_ping received 1536 bytes back
Round trip time was 0.072355 milliseconds in repetition 272
tcp_ping received 1536 bytes back
Round trip time was 0.073818 milliseconds in repetition 273
tcp_ping received 1536 bytes back
Round trip time was 0.073355 milliseconds in repetition 274
tcp_ping received 1536 bytes back
Round trip time was 0.076463 milliseconds in repetition 275
tcp_ping received 1536 bytes back
Round trip time was 0.071978 milliseconds in repetition 276
tcp_ping received 1536 bytes back
Round trip time was 0.062936 milliseconds in repetition 277
tcp_ping received 1536 bytes back
Round trip time was 0.071167 milliseconds in repetition 278
tcp_ping received 1536 bytes back
Round trip time was 0.051259 milliseconds in repetition 279
tcp_ping received 1536 bytes back
Round trip time was 0.050505 milliseconds in repetition 280
tcp_ping received 1536 bytes back
Round trip time was 0.049375 milliseconds in repetition 281
tcp_ping received 1536 bytes back
Round trip time was 0.049872 milliseconds in repetition 282
tcp_ping received 1536 bytes back
Round trip time was 0.049877 milliseconds in repetition 283
tcp_ping received 1536 bytes back
Round trip time was 0.049954 milliseconds in repetition 284
tcp_ping received 1536 bytes back
Round trip time was 0.049676 milliseconds in repetition 285
tcp_ping received 1536 bytes back
Round trip time was 0.04896 milliseconds in repetition 286
tcp_ping received 1536 bytes back
Round trip time was 0.049693 milliseconds in repetition 287
tcp_ping received 1536 bytes back
Round trip time was 0.049775 milliseconds in repetition 288
tcp_ping received 1536 bytes back
Round trip time was 0.049741 milliseconds in repetition 289
tcp_ping received 1536 bytes back
Round trip time was 0.050094 milliseconds in repetition 290
tcp_ping received 1536 bytes back
Round trip time was 0.049555 milliseconds in repetition 291
tcp_ping received 1536 bytes back
Round trip time was 0.049567 milliseconds in repetition 292
tcp_ping received 1536 bytes back
Round trip time was 0.054162 milliseconds in repetition 293
tcp_ping received 1536 bytes back
Round trip time was 0.050407 milliseconds in repetition 294
tcp_ping received 1536 bytes back
Round trip time was 0.050344 milliseconds in repetition 295
tcp_ping received 1536 bytes back
Round trip time was 0.057911 milliseconds in repetition 296
tcp_ping received 1536 bytes back
Round trip time was 0.067082 milliseconds in repetition 297
tcp_ping received 1536 bytes back
Round trip time was 0.073843 milliseconds in repetition 298
tcp_ping received 1536 bytes back
Round trip time was 0.059805 milliseconds in repetition 299
tcp_ping received 1536 bytes back
Round trip time was 0.078016 milliseconds in repetition 300
tcp_ping received 1536 bytes back
Round trip time was 0.073533 milliseconds in repetition 301
tcp_ping received 1536 bytes back
Round trip time was 0.078704 milliseconds in repetition 302
tcp_ping received 1536 bytes back
Round trip time was 0.069111 milliseconds in repetition 303
tcp_ping received 1536 bytes back
Round trip time was 0.071276 milliseconds in repetition 304
tcp_ping received 1536 bytes back
Round trip time was 0.064959 milliseconds in repetition 305
tcp_ping received 1536 bytes back
Round trip time was 0.074797 milliseconds in repetition 306
tcp_ping received 1536 bytes back
Round trip time was 0.073815 milliseconds in repetition 307
tcp_ping received 1536 bytes back
Round trip time was 0.081477 milliseconds in repetition 308
tcp_ping received 1536 bytes back
Round trip time was 0.081356 milliseconds in repetition 309
tcp_ping received 1536 bytes back
Round trip time was 0.062487 milliseconds in repetition 310
tcp_ping received 1536 bytes back
Round trip time was 0.052121 milliseconds in repetition 311
tcp_ping received 1536 bytes back
Round trip time was 0.050325 milliseconds in repetition 312
tcp_ping received 1536 bytes back
Round trip time was 0.049763 milliseconds in repetition 313
tcp_ping received 1536 bytes back
Round trip time was 0.049958 milliseconds in repetition 314
tcp_ping received 1536 bytes back
Round trip time was 0.049635 milliseconds in repetition 315
tcp_ping received 1536 bytes back
Round trip time was 0.049623 milliseconds in repetition 316
tcp_ping received 1536 bytes back
Round trip time was 0.049668 milliseconds in repetition 317
tcp_ping received 1536 bytes back
Round trip time was 0.050213 milliseconds in repetition 318
tcp_ping received 1536 bytes back
Round trip time was 0.049996 milliseconds in repetition 319
tcp_ping received 1536 bytes back
Round trip time was 0.052788 milliseconds in repetition 320
tcp_ping received 1536 bytes back
Round trip time was 0.050519 milliseconds in repetition 321
tcp_ping received 1536 bytes back
Round trip time was 0.050938 milliseconds in repetition 322
tcp_ping received 1536 bytes back
Round trip time was 0.050664 milliseconds in repetition 323
tcp_ping received 1536 bytes back
Round trip time was 0.051269 milliseconds in repetition 324
tcp_ping received 1536 bytes back
Round trip time was 0.051266 milliseconds in repetition 325
tcp_ping received 1536 bytes back
Round trip time was 0.051088 milliseconds in repetition 326
tcp_ping received 1536 bytes back
Round trip time was 0.050344 milliseconds in repetition 327
tcp_ping received 1536 bytes back
Round trip time was 0.050264 milliseconds in repetition 328
tcp_ping received 1536 bytes back
Round trip time was 0.050218 milliseconds in repetition 329
tcp_ping received 1536 bytes back
Round trip time was 0.050793 milliseconds in repetition 330
tcp_ping received 1536 bytes back
Round trip time was 0.051567 milliseconds in repetition 331
tcp_ping received 1536 bytes back
Round trip time was 0.063084 milliseconds in repetition 332
tcp_ping received 1536 bytes back
Round trip time was 0.050645 milliseconds in repetition 333
tcp_ping received 1536 bytes back
Round trip time was 0.050257 milliseconds in repetition 334
tcp_ping received 1536 bytes back
Round trip time was 0.050862 milliseconds in repetition 335
tcp_ping received 1536 bytes back
Round trip time was 0.051368 milliseconds in repetition 336
tcp_ping received 1536 bytes back
Round trip time was 0.058001 milliseconds in repetition 337
tcp_ping received 1536 bytes back
Round trip time was 0.051825 milliseconds in repetition 338
tcp_ping received 1536 bytes back
Round trip time was 0.051326 milliseconds in repetition 339
tcp_ping received 1536 bytes back
Round trip time was 0.050649 milliseconds in repetition 340
tcp_ping received 1536 bytes back
Round trip time was 0.052942 milliseconds in repetition 341
tcp_ping received 1536 bytes back
Round trip time was 0.052325 milliseconds in repetition 342
tcp_ping received 1536 bytes back
Round trip time was 0.051546 milliseconds in repetition 343
tcp_ping received 1536 bytes back
Round trip time was 0.051147 milliseconds in repetition 344
tcp_ping received 1536 bytes back
Round trip time was 0.051011 milliseconds in repetition 345
tcp_ping received 1536 bytes back
Round trip time was 0.051662 milliseconds in repetition 346
tcp_ping received 1536 bytes back
Round trip time was 0.051765 milliseconds in repetition 347
tcp_ping received 1536 bytes back
Round trip time was 0.099023 milliseconds in repetition 348
tcp_ping received 1536 bytes back
Round trip time was 0.063504 milliseconds in repetition 349
tcp_ping received 1536 bytes back
Round trip time was 0.090515 milliseconds in repetition 350
tcp_ping received 1536 bytes back
Round trip time was 0.062455 milliseconds in repetition 351
tcp_ping received 1536 bytes back
Round trip time was 0.053199 milliseconds in repetition 352
tcp_ping received 1536 bytes back
Round trip time was 0.052173 milliseconds in repetition 353
tcp_ping received 1536 bytes back
Round trip time was 0.051608 milliseconds in repetition 354
tcp_ping received 1536 bytes back
Round trip time was 0.05595 milliseconds in repetition 355
tcp_ping received 1536 bytes back
Round trip time was 0.051335 milliseconds in repetition 356
tcp_ping received 1536 bytes back
Round trip time was 0.051204 milliseconds in repetition 357
tcp_ping received 1536 bytes back
Round trip time was 0.05061 milliseconds in repetition 358
tcp_ping received 1536 bytes back
Round trip time was 0.051106 milliseconds in repetition 359
tcp_ping received 1536 bytes back
Round trip time was 0.051053 milliseconds in repetition 360
tcp_ping received 1536 bytes back
Round trip time was 0.051034 milliseconds in repetition 361
tcp_ping received 1536 bytes back
Round trip time was 0.051655 milliseconds in repetition 362
tcp_ping received 1536 bytes back
Round trip time was 0.051104 milliseconds in repetition 363
tcp_ping received 1536 bytes back
Round trip time was 0.051297 milliseconds in repetition 364
tcp_ping received 1536 bytes back
Round trip time was 0.054857 milliseconds in repetition 365
tcp_ping received 1536 bytes back
Round trip time was 0.053751 milliseconds in repetition 366
tcp_ping received 1536 bytes back
Round trip time was 0.051489 milliseconds in repetition 367
tcp_ping received 1536 bytes back
Round trip time was 0.051559 milliseconds in repetition 368
tcp_ping received 1536 bytes back
Round trip time was 0.050983 milliseconds in repetition 369
tcp_ping received 1536 bytes back
Round trip time was 0.052265 milliseconds in repetition 370
tcp_ping received 1536 bytes back
Round trip time was 0.051249 milliseconds in repetition 371
tcp_ping received 1536 bytes back
Round trip time was 0.051579 milliseconds in repetition 372
tcp_ping received 1536 bytes back
Round trip time was 0.05143 milliseconds in repetition 373
tcp_ping received 1536 bytes back
Round trip time was 0.05177 milliseconds in repetition 374
tcp_ping received 1536 bytes back
Round trip time was 0.050774 milliseconds in repetition 375
tcp_ping received 1536 bytes back
Round trip time was 0.051418 milliseconds in repetition 376
tcp_ping received 1536 bytes back
Round trip time was 0.05143 milliseconds in repetition 377
tcp_ping received 1536 bytes back
Round trip time was 0.050878 milliseconds in repetition 378
tcp_ping received 1536 bytes back
Round trip time was 0.051001 milliseconds in repetition 379
tcp_ping received 1536 bytes back
Round trip time was 0.05122 milliseconds in repetition 380
tcp_ping received 1536 bytes back
Round trip time was 0.051481 milliseconds in repetition 381
tcp_ping received 1536 bytes back
Round trip time was 0.050438 milliseconds in repetition 382
tcp_ping received 1536 bytes back
Round trip time was 0.057169 milliseconds in repetition 383
tcp_ping received 1536 bytes back
Round trip time was 0.051156 milliseconds in repetition 384
tcp_ping received 1536 bytes back
Round trip time was 0.050922 milliseconds in repetition 385
tcp_ping received 1536 bytes back
Round trip time was 0.05086 milliseconds in repetition 386
tcp_ping received 1536 bytes back
Round trip time was 0.051543 milliseconds in repetition 387
tcp_ping received 1536 bytes back
Round trip time was 0.051023 milliseconds in repetition 388
tcp_ping received 1536 bytes back
Round trip time was 0.050535 milliseconds in repetition 389
tcp_ping received 1536 bytes back
Round trip time was 0.050609 milliseconds in repetition 390
tcp_ping received 1536 bytes back
Round trip time was 0.050584 milliseconds in repetition 391
tcp_ping received 1536 bytes back
Round trip time was 0.050737 milliseconds in repetition 392
tcp_ping received 1536 bytes back
Round trip time was 0.092093 milliseconds in repetition 393
tcp_ping received 1536 bytes back
Round trip time was 0.058056 milliseconds in repetition 394
tcp_ping received 1536 bytes back
Round trip time was 0.051399 milliseconds in repetition 395
tcp_ping received 1536 bytes back
Round trip time was 0.051652 milliseconds in repetition 396
tcp_ping received 1536 bytes back
Round trip time was 0.053304 milliseconds in repetition 397
tcp_ping received 1536 bytes back
Round trip time was 0.051169 milliseconds in repetition 398
tcp_ping received 1536 bytes back
Round trip time was 0.057222 milliseconds in repetition 399
tcp_ping received 1536 bytes back
Round trip time was 0.051367 milliseconds in repetition 400
tcp_ping received 1536 bytes back
Round trip time was 0.051131 milliseconds in repetition 401
tcp_ping received 1536 bytes back
Round trip time was 0.051102 milliseconds in repetition 402
tcp_ping received 1536 bytes back
Round trip time was 0.05083 milliseconds in repetition 403
tcp_ping received 1536 bytes back
Round trip time was 0.05114 milliseconds in repetition 404
tcp_ping received 1536 bytes back
Round trip time was 0.051352 milliseconds in repetition 405
tcp_ping received 1536 bytes back
Round trip time was 0.057743 milliseconds in repetition 406
tcp_ping received 1536 bytes back
Round trip time was 0.050968 milliseconds in repetition 407
tcp_ping received 1536 bytes back
Round trip time was 0.051615 milliseconds in repetition 408
tcp_ping received 1536 bytes back
Round trip time was 0.051019 milliseconds in repetition 409
tcp_ping received 1536 bytes back
Round trip time was 0.050682 milliseconds in repetition 410
tcp_ping received 1536 bytes back
Round trip time was 0.050812 milliseconds in repetition 411
tcp_ping received 1536 bytes back
Round trip time was 0.051251 milliseconds in repetition 412
tcp_ping received 1536 bytes back
Round trip time was 0.051002 milliseconds in repetition 413
tcp_ping received 1536 bytes back
Round trip time was 0.057684 milliseconds in repetition 414
tcp_ping received 1536 bytes back
Round trip time was 0.051798 milliseconds in repetition 415
tcp_ping received 1536 bytes back
Round trip time was 0.052075 milliseconds in repetition 416
tcp_ping received 1536 bytes back
Round trip time was 0.095008 milliseconds in repetition 417
tcp_ping received 1536 bytes back
Round trip time was 0.132145 milliseconds in repetition 418
tcp_ping received 1536 bytes back
Round trip time was 0.084559 milliseconds in repetition 419
tcp_ping received 1536 bytes back
Round trip time was 0.082594 milliseconds in repetition 420
tcp_ping received 1536 bytes back
Round trip time was 0.076916 milliseconds in repetition 421
tcp_ping received 1536 bytes back
Round trip time was 0.070002 milliseconds in repetition 422
tcp_ping received 1536 bytes back
Round trip time was 0.071862 milliseconds in repetition 423
tcp_ping received 1536 bytes back
Round trip time was 0.09207 milliseconds in repetition 424
tcp_ping received 1536 bytes back
Round trip time was 0.071866 milliseconds in repetition 425
tcp_ping received 1536 bytes back
Round trip time was 0.069115 milliseconds in repetition 426
tcp_ping received 1536 bytes back
Round trip time was 0.087831 milliseconds in repetition 427
tcp_ping received 1536 bytes back
Round trip time was 0.078453 milliseconds in repetition 428
tcp_ping received 1536 bytes back
Round trip time was 0.071303 milliseconds in repetition 429
tcp_ping received 1536 bytes back
Round trip time was 0.081686 milliseconds in repetition 430
tcp_ping received 1536 bytes back
Round trip time was 0.097237 milliseconds in repetition 431
tcp_ping received 1536 bytes back
Round trip time was 0.078792 milliseconds in repetition 432
tcp_ping received 1536 bytes back
Round trip time was 0.089216 milliseconds in repetition 433
tcp_ping received 1536 bytes back
Round trip time was 0.067555 milliseconds in repetition 434
tcp_ping received 1536 bytes back
Round trip time was 0.092699 milliseconds in repetition 435
tcp_ping received 1536 bytes back
Round trip time was 0.064708 milliseconds in repetition 436
tcp_ping received 1536 bytes back
Round trip time was 0.104125 milliseconds in repetition 437
tcp_ping received 1536 bytes back
Round trip time was 0.101226 milliseconds in repetition 438
tcp_ping received 1536 bytes back
Round trip time was 0.091403 milliseconds in repetition 439
tcp_ping received 1536 bytes back
Round trip time was 0.116795 milliseconds in repetition 440
tcp_ping received 1536 bytes back
Round trip time was 0.061516 milliseconds in repetition 441
tcp_ping received 1536 bytes back
Round trip time was 0.160528 milliseconds in repetition 442
tcp_ping received 1536 bytes back
Round trip time was 0.087182 milliseconds in repetition 443
tcp_ping received 1536 bytes back
Round trip time was 0.068081 milliseconds in repetition 444
tcp_ping received 1536 bytes back
Round trip time was 0.099344 milliseconds in repetition 445
tcp_ping received 1536 bytes back
Round trip time was 0.086321 milliseconds in repetition 446
tcp_ping received 1536 bytes back
Round trip time was 0.070446 milliseconds in repetition 447
tcp_ping received 1536 bytes back
Round trip time was 0.059181 milliseconds in repetition 448
tcp_ping received 1536 bytes back
Round trip time was 0.069331 milliseconds in repetition 449
tcp_ping received 1536 bytes back
Round trip time was 0.055519 milliseconds in repetition 450
tcp_ping received 1536 bytes back
Round trip time was 0.057374 milliseconds in repetition 451
tcp_ping received 1536 bytes back
Round trip time was 0.060015 milliseconds in repetition 452
tcp_ping received 1536 bytes back
Round trip time was 0.056376 milliseconds in repetition 453
tcp_ping received 1536 bytes back
Round trip time was 0.05793 milliseconds in repetition 454
tcp_ping received 1536 bytes back
Round trip time was 0.057688 milliseconds in repetition 455
tcp_ping received 1536 bytes back
Round trip time was 0.055986 milliseconds in repetition 456
tcp_ping received 1536 bytes back
Round trip time was 0.075765 milliseconds in repetition 457
tcp_ping received 1536 bytes back
Round trip time was 0.092294 milliseconds in repetition 458
tcp_ping received 1536 bytes back
Round trip time was 0.079022 milliseconds in repetition 459
tcp_ping received 1536 bytes back
Round trip time was 0.086638 milliseconds in repetition 460
tcp_ping received 1536 bytes back
Round trip time was 0.071582 milliseconds in repetition 461
tcp_ping received 1536 bytes back
Round trip time was 0.063826 milliseconds in repetition 462
tcp_ping received 1536 bytes back
Round trip time was 0.069224 milliseconds in repetition 463
tcp_ping received 1536 bytes back
Round trip time was 0.059585 milliseconds in repetition 464
tcp_ping received 1536 bytes back
Round trip time was 0.070045 milliseconds in repetition 465
tcp_ping received 1536 bytes back
Round trip time was 0.083919 milliseconds in repetition 466
tcp_ping received 1536 bytes back
Round trip time was 0.068626 milliseconds in repetition 467
tcp_ping received 1536 bytes back
Round trip time was 0.063579 milliseconds in repetition 468
tcp_ping received 1536 bytes back
Round trip time was 0.063265 milliseconds in repetition 469
tcp_ping received 1536 bytes back
Round trip time was 0.067009 milliseconds in repetition 470
tcp_ping received 1536 bytes back
Round trip time was 0.0663 milliseconds in repetition 471
tcp_ping received 1536 bytes back
Round trip time was 0.064083 milliseconds in repetition 472
tcp_ping received 1536 bytes back
Round trip time was 0.06468 milliseconds in repetition 473
tcp_ping received 1536 bytes back
Round trip time was 0.050807 milliseconds in repetition 474
tcp_ping received 1536 bytes back
Round trip time was 0.051159 milliseconds in repetition 475
tcp_ping received 1536 bytes back
Round trip time was 0.049655 milliseconds in repetition 476
tcp_ping received 1536 bytes back
Round trip time was 0.050914 milliseconds in repetition 477
tcp_ping received 1536 bytes back
Round trip time was 0.050043 milliseconds in repetition 478
tcp_ping received 1536 bytes back
Round trip time was 0.049691 milliseconds in repetition 479
tcp_ping received 1536 bytes back
Round trip time was 0.049891 milliseconds in repetition 480
tcp_ping received 1536 bytes back
Round trip time was 0.066991 milliseconds in repetition 481
tcp_ping received 1536 bytes back
Round trip time was 0.064156 milliseconds in repetition 482
tcp_ping received 1536 bytes back
Round trip time was 0.063476 milliseconds in repetition 483
tcp_ping received 1536 bytes back
Round trip time was 0.052974 milliseconds in repetition 484
tcp_ping received 1536 bytes back
Round trip time was 0.051465 milliseconds in repetition 485
tcp_ping received 1536 bytes back
Round trip time was 0.053143 milliseconds in repetition 486
tcp_ping received 1536 bytes back
Round trip time was 0.055351 milliseconds in repetition 487
tcp_ping received 1536 bytes back
Round trip time was 0.052327 milliseconds in repetition 488
tcp_ping received 1536 bytes back
Round trip time was 0.053292 milliseconds in repetition 489
tcp_ping received 1536 bytes back
Round trip time was 0.054317 milliseconds in repetition 490
tcp_ping received 1536 bytes back
Round trip time was 0.058181 milliseconds in repetition 491
tcp_ping received 1536 bytes back
Round trip time was 0.056616 milliseconds in repetition 492
tcp_ping received 1536 bytes back
Round trip time was 0.058693 milliseconds in repetition 493
tcp_ping received 1536 bytes back
Round trip time was 0.124314 milliseconds in repetition 494
tcp_ping received 1536 bytes back
Round trip time was 0.06488 milliseconds in repetition 495
tcp_ping received 1536 bytes back
Round trip time was 0.050815 milliseconds in repetition 496
tcp_ping received 1536 bytes back
Round trip time was 0.049295 milliseconds in repetition 497
tcp_ping received 1536 bytes back
Round trip time was 0.04918 milliseconds in repetition 498
tcp_ping received 1536 bytes back
Round trip time was 0.04914 milliseconds in repetition 499
tcp_ping received 1536 bytes back
Round trip time was 0.0498 milliseconds in repetition 500
tcp_ping received 1536 bytes back
Round trip time was 0.049401 milliseconds in repetition 501

 ... clock resolution was 1e-06
TCP Ping:  Statistics over 501 repetitions of 1536 byte messages

RTT : percentile 10: 0.049918, median: 0.053292, percentile 90: 0.081868, average: 0.0611639, variance: 0.000272315

RTT histogram:
0.0489595 248
0.0572887 88
0.065618 57
0.0739472 45
0.0822765 23
0.0906057 22
0.098935 9
0.107264 2
0.115593 2
0.123923 2
0.132252 1
0.140581 0
0.148911 0
0.15724 1
0.165569 0
0.173898 0
0.182228 0
0.190557 0
0.198886 0
0.207215 0
0.215545 1

   median Throughput : 57644.7 KB/s   overall Throughput : 50225.7 KB/s

