TCP Ping trying to connect to server localhost (127.0.0.1) on port 1492
 ... connected to Pong server: asking for 501 repetitions of 49152 bytes TCP messages
 ... Pong server agreed:-)
tcp_ping received 49152 bytes back
Round trip time was 0.209709 milliseconds in repetition 1
tcp_ping received 49152 bytes back
Round trip time was 0.204433 milliseconds in repetition 2
tcp_ping received 49152 bytes back
Round trip time was 0.19414 milliseconds in repetition 3
tcp_ping received 49152 bytes back
Round trip time was 0.195266 milliseconds in repetition 4
tcp_ping received 49152 bytes back
Round trip time was 0.199789 milliseconds in repetition 5
tcp_ping received 49152 bytes back
Round trip time was 0.190371 milliseconds in repetition 6
tcp_ping received 49152 bytes back
Round trip time was 0.214659 milliseconds in repetition 7
tcp_ping received 49152 bytes back
Round trip time was 0.228344 milliseconds in repetition 8
tcp_ping received 49152 bytes back
Round trip time was 0.212558 milliseconds in repetition 9
tcp_ping received 49152 bytes back
Round trip time was 0.215097 milliseconds in repetition 10
tcp_ping received 49152 bytes back
Round trip time was 0.216344 milliseconds in repetition 11
tcp_ping received 49152 bytes back
Round trip time was 0.206349 milliseconds in repetition 12
tcp_ping received 49152 bytes back
Round trip time was 0.232381 milliseconds in repetition 13
tcp_ping received 49152 bytes back
Round trip time was 0.237967 milliseconds in repetition 14
tcp_ping received 49152 bytes back
Round trip time was 0.295835 milliseconds in repetition 15
tcp_ping received 49152 bytes back
Round trip time was 0.197963 milliseconds in repetition 16
tcp_ping received 49152 bytes back
Round trip time was 0.22601 milliseconds in repetition 17
tcp_ping received 49152 bytes back
Round trip time was 0.207095 milliseconds in repetition 18
tcp_ping received 49152 bytes back
Round trip time was 0.220795 milliseconds in repetition 19
tcp_ping received 49152 bytes back
Round trip time was 0.202482 milliseconds in repetition 20
tcp_ping received 49152 bytes back
Round trip time was 0.299918 milliseconds in repetition 21
tcp_ping received 49152 bytes back
Round trip time was 0.2648 milliseconds in repetition 22
tcp_ping received 49152 bytes back
Round trip time was 0.22889 milliseconds in repetition 23
tcp_ping received 49152 bytes back
Round trip time was 0.196801 milliseconds in repetition 24
tcp_ping received 49152 bytes back
Round trip time was 0.196293 milliseconds in repetition 25
tcp_ping received 49152 bytes back
Round trip time was 0.192449 milliseconds in repetition 26
tcp_ping received 49152 bytes back
Round trip time was 0.19035 milliseconds in repetition 27
tcp_ping received 49152 bytes back
Round trip time was 0.222491 milliseconds in repetition 28
tcp_ping received 49152 bytes back
Round trip time was 0.225817 milliseconds in repetition 29
tcp_ping received 49152 bytes back
Round trip time was 0.213312 milliseconds in repetition 30
tcp_ping received 49152 bytes back
Round trip time was 0.199266 milliseconds in repetition 31
tcp_ping received 49152 bytes back
Round trip time was 0.208976 milliseconds in repetition 32
tcp_ping received 49152 bytes back
Round trip time was 0.209371 milliseconds in repetition 33
tcp_ping received 49152 bytes back
Round trip time was 0.201894 milliseconds in repetition 34
tcp_ping received 49152 bytes back
Round trip time was 0.206288 milliseconds in repetition 35
tcp_ping received 49152 bytes back
Round trip time was 0.20272 milliseconds in repetition 36
tcp_ping received 49152 bytes back
Round trip time was 0.191769 milliseconds in repetition 37
tcp_ping received 49152 bytes back
Round trip time was 0.19308 milliseconds in repetition 38
tcp_ping received 49152 bytes back
Round trip time was 0.191265 milliseconds in repetition 39
tcp_ping received 49152 bytes back
Round trip time was 0.193578 milliseconds in repetition 40
tcp_ping received 49152 bytes back
Round trip time was 0.214129 milliseconds in repetition 41
tcp_ping received 49152 bytes back
Round trip time was 0.195647 milliseconds in repetition 42
tcp_ping received 49152 bytes back
Round trip time was 0.193896 milliseconds in repetition 43
tcp_ping received 49152 bytes back
Round trip time was 0.19217 milliseconds in repetition 44
tcp_ping received 49152 bytes back
Round trip time was 0.190524 milliseconds in repetition 45
tcp_ping received 49152 bytes back
Round trip time was 0.191671 milliseconds in repetition 46
tcp_ping received 49152 bytes back
Round trip time was 0.193811 milliseconds in repetition 47
tcp_ping received 49152 bytes back
Round trip time was 0.191932 milliseconds in repetition 48
tcp_ping received 49152 bytes back
Round trip time was 0.194248 milliseconds in repetition 49
tcp_ping received 49152 bytes back
Round trip time was 0.191083 milliseconds in repetition 50
tcp_ping received 49152 bytes back
Round trip time was 0.194659 milliseconds in repetition 51
tcp_ping received 49152 bytes back
Round trip time was 0.193588 milliseconds in repetition 52
tcp_ping received 49152 bytes back
Round trip time was 0.188499 milliseconds in repetition 53
tcp_ping received 49152 bytes back
Round trip time was 0.188923 milliseconds in repetition 54
tcp_ping received 49152 bytes back
Round trip time was 0.195528 milliseconds in repetition 55
tcp_ping received 49152 bytes back
Round trip time was 0.190093 milliseconds in repetition 56
tcp_ping received 49152 bytes back
Round trip time was 0.187629 milliseconds in repetition 57
tcp_ping received 49152 bytes back
Round trip time was 0.190875 milliseconds in repetition 58
tcp_ping received 49152 bytes back
Round trip time was 0.195129 milliseconds in repetition 59
tcp_ping received 49152 bytes back
Round trip time was 0.192139 milliseconds in repetition 60
tcp_ping received 49152 bytes back
Round trip time was 0.191567 milliseconds in repetition 61
tcp_ping received 49152 bytes back
Round trip time was 0.194863 milliseconds in repetition 62
tcp_ping received 49152 bytes back
Round trip time was 0.198841 milliseconds in repetition 63
tcp_ping received 49152 bytes back
Round trip time was 0.194337 milliseconds in repetition 64
tcp_ping received 49152 bytes back
Round trip time was 0.223696 milliseconds in repetition 65
tcp_ping received 49152 bytes back
Round trip time was 0.217318 milliseconds in repetition 66
tcp_ping received 49152 bytes back
Round trip time was 0.199119 milliseconds in repetition 67
tcp_ping received 49152 bytes back
Round trip time was 0.193611 milliseconds in repetition 68
tcp_ping received 49152 bytes back
Round trip time was 0.195869 milliseconds in repetition 69
tcp_ping received 49152 bytes back
Round trip time was 0.194645 milliseconds in repetition 70
tcp_ping received 49152 bytes back
Round trip time was 0.191436 milliseconds in repetition 71
tcp_ping received 49152 bytes back
Round trip time was 0.194977 milliseconds in repetition 72
tcp_ping received 49152 bytes back
Round trip time was 0.192804 milliseconds in repetition 73
tcp_ping received 49152 bytes back
Round trip time was 0.211165 milliseconds in repetition 74
tcp_ping received 49152 bytes back
Round trip time was 0.214984 milliseconds in repetition 75
tcp_ping received 49152 bytes back
Round trip time was 0.221922 milliseconds in repetition 76
tcp_ping received 49152 bytes back
Round trip time was 0.22754 milliseconds in repetition 77
tcp_ping received 49152 bytes back
Round trip time was 0.212123 milliseconds in repetition 78
tcp_ping received 49152 bytes back
Round trip time was 0.202834 milliseconds in repetition 79
tcp_ping received 49152 bytes back
Round trip time was 0.193379 milliseconds in repetition 80
tcp_ping received 49152 bytes back
Round trip time was 0.196599 milliseconds in repetition 81
tcp_ping received 49152 bytes back
Round trip time was 0.195782 milliseconds in repetition 82
tcp_ping received 49152 bytes back
Round trip time was 0.190258 milliseconds in repetition 83
tcp_ping received 49152 bytes back
Round trip time was 0.19587 milliseconds in repetition 84
tcp_ping received 49152 bytes back
Round trip time was 0.191936 milliseconds in repetition 85
tcp_ping received 49152 bytes back
Round trip time was 0.193811 milliseconds in repetition 86
tcp_ping received 49152 bytes back
Round trip time was 0.191851 milliseconds in repetition 87
tcp_ping received 49152 bytes back
Round trip time was 0.192506 milliseconds in repetition 88
tcp_ping received 49152 bytes back
Round trip time was 0.192204 milliseconds in repetition 89
tcp_ping received 49152 bytes back
Round trip time was 0.200311 milliseconds in repetition 90
tcp_ping received 49152 bytes back
Round trip time was 0.203663 milliseconds in repetition 91
tcp_ping received 49152 bytes back
Round trip time was 0.195177 milliseconds in repetition 92
tcp_ping received 49152 bytes back
Round trip time was 0.280205 milliseconds in repetition 93
tcp_ping received 49152 bytes back
Round trip time was 0.242372 milliseconds in repetition 94
tcp_ping received 49152 bytes back
Round trip time was 0.212199 milliseconds in repetition 95
tcp_ping received 49152 bytes back
Round trip time was 0.206269 milliseconds in repetition 96
tcp_ping received 49152 bytes back
Round trip time was 0.222368 milliseconds in repetition 97
tcp_ping received 49152 bytes back
Round trip time was 0.21361 milliseconds in repetition 98
tcp_ping received 49152 bytes back
Round trip time was 0.210252 milliseconds in repetition 99
tcp_ping received 49152 bytes back
Round trip time was 0.252717 milliseconds in repetition 100
tcp_ping received 49152 bytes back
Round trip time was 0.304085 milliseconds in repetition 101
tcp_ping received 49152 bytes back
Round trip time was 0.207324 milliseconds in repetition 102
tcp_ping received 49152 bytes back
Round trip time was 0.192029 milliseconds in repetition 103
tcp_ping received 49152 bytes back
Round trip time was 0.260821 milliseconds in repetition 104
tcp_ping received 49152 bytes back
Round trip time was 0.214049 milliseconds in repetition 105
tcp_ping received 49152 bytes back
Round trip time was 0.251204 milliseconds in repetition 106
tcp_ping received 49152 bytes back
Round trip time was 0.333768 milliseconds in repetition 107
tcp_ping received 49152 bytes back
Round trip time was 0.237076 milliseconds in repetition 108
tcp_ping received 49152 bytes back
Round trip time was 0.226463 milliseconds in repetition 109
tcp_ping received 49152 bytes back
Round trip time was 0.216786 milliseconds in repetition 110
tcp_ping received 49152 bytes back
Round trip time was 0.229147 milliseconds in repetition 111
tcp_ping received 49152 bytes back
Round trip time was 0.219696 milliseconds in repetition 112
tcp_ping received 49152 bytes back
Round trip time was 0.291633 milliseconds in repetition 113
tcp_ping received 49152 bytes back
Round trip time was 0.324003 milliseconds in repetition 114
tcp_ping received 49152 bytes back
Round trip time was 0.307572 milliseconds in repetition 115
tcp_ping received 49152 bytes back
Round trip time was 0.3434 milliseconds in repetition 116
tcp_ping received 49152 bytes back
Round trip time was 0.240118 milliseconds in repetition 117
tcp_ping received 49152 bytes back
Round trip time was 0.215687 milliseconds in repetition 118
tcp_ping received 49152 bytes back
Round trip time was 0.216164 milliseconds in repetition 119
tcp_ping received 49152 bytes back
Round trip time was 0.194445 milliseconds in repetition 120
tcp_ping received 49152 bytes back
Round trip time was 0.20588 milliseconds in repetition 121
tcp_ping received 49152 bytes back
Round trip time was 0.200915 milliseconds in repetition 122
tcp_ping received 49152 bytes back
Round trip time was 0.201292 milliseconds in repetition 123
tcp_ping received 49152 bytes back
Round trip time was 0.197854 milliseconds in repetition 124
tcp_ping received 49152 bytes back
Round trip time was 0.202932 milliseconds in repetition 125
tcp_ping received 49152 bytes back
Round trip time was 0.197998 milliseconds in repetition 126
tcp_ping received 49152 bytes back
Round trip time was 0.197476 milliseconds in repetition 127
tcp_ping received 49152 bytes back
Round trip time was 0.19833 milliseconds in repetition 128
tcp_ping received 49152 bytes back
Round trip time was 0.199363 milliseconds in repetition 129
tcp_ping received 49152 bytes back
Round trip time was 0.212445 milliseconds in repetition 130
tcp_ping received 49152 bytes back
Round trip time was 0.205374 milliseconds in repetition 131
tcp_ping received 49152 bytes back
Round trip time was 0.194666 milliseconds in repetition 132
tcp_ping received 49152 bytes back
Round trip time was 0.216459 milliseconds in repetition 133
tcp_ping received 49152 bytes back
Round trip time was 0.203515 milliseconds in repetition 134
tcp_ping received 49152 bytes back
Round trip time was 0.198535 milliseconds in repetition 135
tcp_ping received 49152 bytes back
Round trip time was 0.193195 milliseconds in repetition 136
tcp_ping received 49152 bytes back
Round trip time was 0.198684 milliseconds in repetition 137
tcp_ping received 49152 bytes back
Round trip time was 0.192321 milliseconds in repetition 138
tcp_ping received 49152 bytes back
Round trip time was 0.205526 milliseconds in repetition 139
tcp_ping received 49152 bytes back
Round trip time was 0.200425 milliseconds in repetition 140
tcp_ping received 49152 bytes back
Round trip time was 0.195141 milliseconds in repetition 141
tcp_ping received 49152 bytes back
Round trip time was 0.209893 milliseconds in repetition 142
tcp_ping received 49152 bytes back
Round trip time was 0.193293 milliseconds in repetition 143
tcp_ping received 49152 bytes back
Round trip time was 0.208512 milliseconds in repetition 144
tcp_ping received 49152 bytes back
Round trip time was 0.198264 milliseconds in repetition 145
tcp_ping received 49152 bytes back
Round trip time was 0.201944 milliseconds in repetition 146
tcp_ping received 49152 bytes back
Round trip time was 0.203556 milliseconds in repetition 147
tcp_ping received 49152 bytes back
Round trip time was 0.207747 milliseconds in repetition 148
tcp_ping received 49152 bytes back
Round trip time was 0.195126 milliseconds in repetition 149
tcp_ping received 49152 bytes back
Round trip time was 0.197408 milliseconds in repetition 150
tcp_ping received 49152 bytes back
Round trip time was 0.197137 milliseconds in repetition 151
tcp_ping received 49152 bytes back
Round trip time was 0.192605 milliseconds in repetition 152
tcp_ping received 49152 bytes back
Round trip time was 0.207529 milliseconds in repetition 153
tcp_ping received 49152 bytes back
Round trip time was 0.201032 milliseconds in repetition 154
tcp_ping received 49152 bytes back
Round trip time was 0.200179 milliseconds in repetition 155
tcp_ping received 49152 bytes back
Round trip time was 0.199565 milliseconds in repetition 156
tcp_ping received 49152 bytes back
Round trip time was 0.202968 milliseconds in repetition 157
tcp_ping received 49152 bytes back
Round trip time was 0.197488 milliseconds in repetition 158
tcp_ping received 49152 bytes back
Round trip time was 0.197176 milliseconds in repetition 159
tcp_ping received 49152 bytes back
Round trip time was 0.196798 milliseconds in repetition 160
tcp_ping received 49152 bytes back
Round trip time was 0.206568 milliseconds in repetition 161
tcp_ping received 49152 bytes back
Round trip time was 0.199353 milliseconds in repetition 162
tcp_ping received 49152 bytes back
Round trip time was 0.206059 milliseconds in repetition 163
tcp_ping received 49152 bytes back
Round trip time was 0.199928 milliseconds in repetition 164
tcp_ping received 49152 bytes back
Round trip time was 0.198526 milliseconds in repetition 165
tcp_ping received 49152 bytes back
Round trip time was 0.195671 milliseconds in repetition 166
tcp_ping received 49152 bytes back
Round trip time was 0.202388 milliseconds in repetition 167
tcp_ping received 49152 bytes back
Round trip time was 0.199507 milliseconds in repetition 168
tcp_ping received 49152 bytes back
Round trip time was 0.201051 milliseconds in repetition 169
tcp_ping received 49152 bytes back
Round trip time was 0.197595 milliseconds in repetition 170
tcp_ping received 49152 bytes back
Round trip time was 0.194193 milliseconds in repetition 171
tcp_ping received 49152 bytes back
Round trip time was 0.194697 milliseconds in repetition 172
tcp_ping received 49152 bytes back
Round trip time was 0.198366 milliseconds in repetition 173
tcp_ping received 49152 bytes back
Round trip time was 0.198739 milliseconds in repetition 174
tcp_ping received 49152 bytes back
Round trip time was 0.270888 milliseconds in repetition 175
tcp_ping received 49152 bytes back
Round trip time was 0.230367 milliseconds in repetition 176
tcp_ping received 49152 bytes back
Round trip time was 0.222265 milliseconds in repetition 177
tcp_ping received 49152 bytes back
Round trip time was 0.225073 milliseconds in repetition 178
tcp_ping received 49152 bytes back
Round trip time was 0.216611 milliseconds in repetition 179
tcp_ping received 49152 bytes back
Round trip time was 0.215174 milliseconds in repetition 180
tcp_ping received 49152 bytes back
Round trip time was 0.277743 milliseconds in repetition 181
tcp_ping received 49152 bytes back
Round trip time was 0.250066 milliseconds in repetition 182
tcp_ping received 49152 bytes back
Round trip time was 0.235536 milliseconds in repetition 183
tcp_ping received 49152 bytes back
Round trip time was 0.32777 milliseconds in repetition 184
tcp_ping received 49152 bytes back
Round trip time was 0.219699 milliseconds in repetition 185
tcp_ping received 49152 bytes back
Round trip time was 0.232509 milliseconds in repetition 186
tcp_ping received 49152 bytes back
Round trip time was 0.228911 milliseconds in repetition 187
tcp_ping received 49152 bytes back
Round trip time was 0.296855 milliseconds in repetition 188
tcp_ping received 49152 bytes back
Round trip time was 0.232708 milliseconds in repetition 189
tcp_ping received 49152 bytes back
Round trip time was 0.242636 milliseconds in repetition 190
tcp_ping received 49152 bytes back
Round trip time was 0.196648 milliseconds in repetition 191
tcp_ping received 49152 bytes back
Round trip time was 0.208286 milliseconds in repetition 192
tcp_ping received 49152 bytes back
Round trip time was 0.201711 milliseconds in repetition 193
tcp_ping received 49152 bytes back
Round trip time was 0.200375 milliseconds in repetition 194
tcp_ping received 49152 bytes back
Round trip time was 0.199662 milliseconds in repetition 195
tcp_ping received 49152 bytes back
Round trip time was 0.206946 milliseconds in repetition 196
tcp_ping received 49152 bytes back
Round trip time was 0.200628 milliseconds in repetition 197
tcp_ping received 49152 bytes back
Round trip time was 0.200922 milliseconds in repetition 198
tcp_ping received 49152 bytes back
Round trip time was 0.195553 milliseconds in repetition 199
tcp_ping received 49152 bytes back
Round trip time was 0.195609 milliseconds in repetition 200
tcp_ping received 49152 bytes back
Round trip time was 0.196639 milliseconds in repetition 201
tcp_ping received 49152 bytes back
Round trip time was 0.202269 milliseconds in repetition 202
tcp_ping received 49152 bytes back
Round trip time was 0.203 milliseconds in repetition 203
tcp_ping received 49152 bytes back
Round trip time was 0.212808 milliseconds in repetition 204
tcp_ping received 49152 bytes back
Round trip time was 0.195348 milliseconds in repetition 205
tcp_ping received 49152 bytes back
Round trip time was 0.197322 milliseconds in repetition 206
tcp_ping received 49152 bytes back
Round trip time was 0.202389 milliseconds in repetition 207
tcp_ping received 49152 bytes back
Round trip time was 0.198675 milliseconds in repetition 208
tcp_ping received 49152 bytes back
Round trip time was 0.198973 milliseconds in repetition 209
tcp_ping received 49152 bytes back
Round trip time was 0.19877 milliseconds in repetition 210
tcp_ping received 49152 bytes back
Round trip time was 0.200319 milliseconds in repetition 211
tcp_ping received 49152 bytes back
Round trip time was 0.191444 milliseconds in repetition 212
tcp_ping received 49152 bytes back
Round trip time was 0.205045 milliseconds in repetition 213
tcp_ping received 49152 bytes back
Round trip time was 0.199268 milliseconds in repetition 214
tcp_ping received 49152 bytes back
Round trip time was 0.200313 milliseconds in repetition 215
tcp_ping received 49152 bytes back
Round trip time was 0.210632 milliseconds in repetition 216
tcp_ping received 49152 bytes back
Round trip time was 0.198589 milliseconds in repetition 217
tcp_ping received 49152 bytes back
Round trip time was 0.196785 milliseconds in repetition 218
tcp_ping received 49152 bytes back
Round trip time was 0.197939 milliseconds in repetition 219
tcp_ping received 49152 bytes back
Round trip time was 0.1988 milliseconds in repetition 220
tcp_ping received 49152 bytes back
Round trip time was 0.202098 milliseconds in repetition 221
tcp_ping received 49152 bytes back
Round trip time was 0.203057 milliseconds in repetition 222
tcp_ping received 49152 bytes back
Round trip time was 0.195094 milliseconds in repetition 223
tcp_ping received 49152 bytes back
Round trip time was 0.201933 milliseconds in repetition 224
tcp_ping received 49152 bytes back
Round trip time was 0.211969 milliseconds in repetition 225
tcp_ping received 49152 bytes back
Round trip time was 0.204414 milliseconds in repetition 226
tcp_ping received 49152 bytes back
Round trip time was 0.215663 milliseconds in repetition 227
tcp_ping received 49152 bytes back
Round trip time was 0.200278 milliseconds in repetition 228
tcp_ping received 49152 bytes back
Round trip time was 0.221432 milliseconds in repetition 229
tcp_ping received 49152 bytes back
Round trip time was 0.204767 milliseconds in repetition 230
tcp_ping received 49152 bytes back
Round trip time was 0.212773 milliseconds in repetition 231
tcp_ping received 49152 bytes back
Round trip time was 0.211174 milliseconds in repetition 232
tcp_ping received 49152 bytes back
Round trip time was 0.205764 milliseconds in repetition 233
tcp_ping received 49152 bytes back
Round trip time was 0.211117 milliseconds in repetition 234
tcp_ping received 49152 bytes back
Round trip time was 0.201618 milliseconds in repetition 235
tcp_ping received 49152 bytes back
Round trip time was 0.207179 milliseconds in repetition 236
tcp_ping received 49152 bytes back
Round trip time was 0.205339 milliseconds in repetition 237
tcp_ping received 49152 bytes back
Round trip time was 0.197613 milliseconds in repetition 238
tcp_ping received 49152 bytes back
Round trip time was 0.193906 milliseconds in repetition 239
tcp_ping received 49152 bytes back
Round trip time was 0.192592 milliseconds in repetition 240
tcp_ping received 49152 bytes back
Round trip time was 0.215828 milliseconds in repetition 241
tcp_ping received 49152 bytes back
Round trip time was 0.221152 milliseconds in repetition 242
tcp_ping received 49152 bytes back
Round trip time was 0.216788 milliseconds in repetition 243
tcp_ping received 49152 bytes back
Round trip time was 0.203114 milliseconds in repetition 244
tcp_ping received 49152 bytes back
Round trip time was 0.200445 milliseconds in repetition 245
tcp_ping received 49152 bytes back
Round trip time was 0.203889 milliseconds in repetition 246
tcp_ping received 49152 bytes back
Round trip time was 0.198589 milliseconds in repetition 247
tcp_ping received 49152 bytes back
Round trip time was 0.200658 milliseconds in repetition 248
tcp_ping received 49152 bytes back
Round trip time was 0.196312 milliseconds in repetition 249
tcp_ping received 49152 bytes back
Round trip time was 0.194236 milliseconds in repetition 250
tcp_ping received 49152 bytes back
Round trip time was 0.201062 milliseconds in repetition 251
tcp_ping received 49152 bytes back
Round trip time was 0.239176 milliseconds in repetition 252
tcp_ping received 49152 bytes back
Round trip time was 0.199123 milliseconds in repetition 253
tcp_ping received 49152 bytes back
Round trip time was 0.204529 milliseconds in repetition 254
tcp_ping received 49152 bytes back
Round trip time was 0.20031 milliseconds in repetition 255
tcp_ping received 49152 bytes back
Round trip time was 0.196886 milliseconds in repetition 256
tcp_ping received 49152 bytes back
Round trip time was 0.348123 milliseconds in repetition 257
tcp_ping received 49152 bytes back
Round trip time was 0.249513 milliseconds in repetition 258
tcp_ping received 49152 bytes back
Round trip time was 0.234074 milliseconds in repetition 259
tcp_ping received 49152 bytes back
Round trip time was 0.216081 milliseconds in repetition 260
tcp_ping received 49152 bytes back
Round trip time was 0.230075 milliseconds in repetition 261
tcp_ping received 49152 bytes back
Round trip time was 0.206403 milliseconds in repetition 262
tcp_ping received 49152 bytes back
Round trip time was 0.230654 milliseconds in repetition 263
tcp_ping received 49152 bytes back
Round trip time was 0.271097 milliseconds in repetition 264
tcp_ping received 49152 bytes back
Round trip time was 0.284803 milliseconds in repetition 265
tcp_ping received 49152 bytes back
Round trip time was 0.293627 milliseconds in repetition 266
tcp_ping received 49152 bytes back
Round trip time was 0.228142 milliseconds in repetition 267
tcp_ping received 49152 bytes back
Round trip time was 0.224058 milliseconds in repetition 268
tcp_ping received 49152 bytes back
Round trip time was 0.215028 milliseconds in repetition 269
tcp_ping received 49152 bytes back
Round trip time was 0.259997 milliseconds in repetition 270
tcp_ping received 49152 bytes back
Round trip time was 0.222153 milliseconds in repetition 271
tcp_ping received 49152 bytes back
Round trip time was 0.284095 milliseconds in repetition 272
tcp_ping received 49152 bytes back
Round trip time was 0.210098 milliseconds in repetition 273
tcp_ping received 49152 bytes back
Round trip time was 0.195501 milliseconds in repetition 274
tcp_ping received 49152 bytes back
Round trip time was 0.19796 milliseconds in repetition 275
tcp_ping received 49152 bytes back
Round trip time was 0.203994 milliseconds in repetition 276
tcp_ping received 49152 bytes back
Round trip time was 0.198642 milliseconds in repetition 277
tcp_ping received 49152 bytes back
Round trip time was 0.208271 milliseconds in repetition 278
tcp_ping received 49152 bytes back
Round trip time was 0.204786 milliseconds in repetition 279
tcp_ping received 49152 bytes back
Round trip time was 0.202716 milliseconds in repetition 280
tcp_ping received 49152 bytes back
Round trip time was 0.199042 milliseconds in repetition 281
tcp_ping received 49152 bytes back
Round trip time was 0.201685 milliseconds in repetition 282
tcp_ping received 49152 bytes back
Round trip time was 0.2058 milliseconds in repetition 283
tcp_ping received 49152 bytes back
Round trip time was 0.197034 milliseconds in repetition 284
tcp_ping received 49152 bytes back
Round trip time was 0.203713 milliseconds in repetition 285
tcp_ping received 49152 bytes back
Round trip time was 0.193867 milliseconds in repetition 286
tcp_ping received 49152 bytes back
Round trip time was 0.199562 milliseconds in repetition 287
tcp_ping received 49152 bytes back
Round trip time was 0.200131 milliseconds in repetition 288
tcp_ping received 49152 bytes back
Round trip time was 0.198755 milliseconds in repetition 289
tcp_ping received 49152 bytes back
Round trip time was 0.202342 milliseconds in repetition 290
tcp_ping received 49152 bytes back
Round trip time was 0.197699 milliseconds in repetition 291
tcp_ping received 49152 bytes back
Round trip time was 0.207706 milliseconds in repetition 292
tcp_ping received 49152 bytes back
Round trip time was 0.202472 milliseconds in repetition 293
tcp_ping received 49152 bytes back
Round trip time was 0.204509 milliseconds in repetition 294
tcp_ping received 49152 bytes back
Round trip time was 0.195691 milliseconds in repetition 295
tcp_ping received 49152 bytes back
Round trip time was 0.193353 milliseconds in repetition 296
tcp_ping received 49152 bytes back
Round trip time was 0.203559 milliseconds in repetition 297
tcp_ping received 49152 bytes back
Round trip time was 0.200703 milliseconds in repetition 298
tcp_ping received 49152 bytes back
Round trip time was 0.197127 milliseconds in repetition 299
tcp_ping received 49152 bytes back
Round trip time was 0.202111 milliseconds in repetition 300
tcp_ping received 49152 bytes back
Round trip time was 0.20467 milliseconds in repetition 301
tcp_ping received 49152 bytes back
Round trip time was 0.201918 milliseconds in repetition 302
tcp_ping received 49152 bytes back
Round trip time was 0.208744 milliseconds in repetition 303
tcp_ping received 49152 bytes back
Round trip time was 0.211107 milliseconds in repetition 304
tcp_ping received 49152 bytes back
Round trip time was 0.199994 milliseconds in repetition 305
tcp_ping received 49152 bytes back
Round trip time was 0.206685 milliseconds in repetition 306
tcp_ping received 49152 bytes back
Round trip time was 0.202005 milliseconds in repetition 307
tcp_ping received 49152 bytes back
Round trip time was 0.197694 milliseconds in repetition 308
tcp_ping received 49152 bytes back
Round trip time was 0.195375 milliseconds in repetition 309
tcp_ping received 49152 bytes back
Round trip time was 0.195237 milliseconds in repetition 310
tcp_ping received 49152 bytes back
Round trip time was 0.198741 milliseconds in repetition 311
tcp_ping received 49152 bytes back
Round trip time was 0.196677 milliseconds in repetition 312
tcp_ping received 49152 bytes back
Round trip time was 0.19915 milliseconds in repetition 313
tcp_ping received 49152 bytes back
Round trip time was 0.20344 milliseconds in repetition 314
tcp_ping received 49152 bytes back
Round trip time was 0.206862 milliseconds in repetition 315
tcp_ping received 49152 bytes back
Round trip time was 0.200232 milliseconds in repetition 316
tcp_ping received 49152 bytes back
Round trip time was 0.209092 milliseconds in repetition 317
tcp_ping received 49152 bytes back
Round trip time was 0.203566 milliseconds in repetition 318
tcp_ping received 49152 bytes back
Round trip time was 0.206645 milliseconds in repetition 319
tcp_ping received 49152 bytes back
Round trip time was 0.246369 milliseconds in repetition 320
tcp_ping received 49152 bytes back
Round trip time was 0.207027 milliseconds in repetition 321
tcp_ping received 49152 bytes back
Round trip time was 0.198547 milliseconds in repetition 322
tcp_ping received 49152 bytes back
Round trip time was 0.195891 milliseconds in repetition 323
tcp_ping received 49152 bytes back
Round trip time was 0.205133 milliseconds in repetition 324
tcp_ping received 49152 bytes back
Round trip time was 0.209169 milliseconds in repetition 325
tcp_ping received 49152 bytes back
Round trip time was 0.206575 milliseconds in repetition 326
tcp_ping received 49152 bytes back
Round trip time was 0.196242 milliseconds in repetition 327
tcp_ping received 49152 bytes back
Round trip time was 0.204164 milliseconds in repetition 328
tcp_ping received 49152 bytes back
Round trip time was 0.206326 milliseconds in repetition 329
tcp_ping received 49152 bytes back
Round trip time was 0.19627 milliseconds in repetition 330
tcp_ping received 49152 bytes back
Round trip time was 0.197897 milliseconds in repetition 331
tcp_ping received 49152 bytes back
Round trip time was 0.200406 milliseconds in repetition 332
tcp_ping received 49152 bytes back
Round trip time was 0.193297 milliseconds in repetition 333
tcp_ping received 49152 bytes back
Round trip time was 0.197332 milliseconds in repetition 334
tcp_ping received 49152 bytes back
Round trip time was 0.196234 milliseconds in repetition 335
tcp_ping received 49152 bytes back
Round trip time was 0.203356 milliseconds in repetition 336
tcp_ping received 49152 bytes back
Round trip time was 0.195568 milliseconds in repetition 337
tcp_ping received 49152 bytes back
Round trip time was 0.205313 milliseconds in repetition 338
tcp_ping received 49152 bytes back
Round trip time was 0.294174 milliseconds in repetition 339
tcp_ping received 49152 bytes back
Round trip time was 0.232479 milliseconds in repetition 340
tcp_ping received 49152 bytes back
Round trip time was 0.201987 milliseconds in repetition 341
tcp_ping received 49152 bytes back
Round trip time was 0.3653 milliseconds in repetition 342
tcp_ping received 49152 bytes back
Round trip time was 0.263487 milliseconds in repetition 343
tcp_ping received 49152 bytes back
Round trip time was 0.210686 milliseconds in repetition 344
tcp_ping received 49152 bytes back
Round trip time was 0.197324 milliseconds in repetition 345
tcp_ping received 49152 bytes back
Round trip time was 0.199922 milliseconds in repetition 346
tcp_ping received 49152 bytes back
Round trip time was 0.202649 milliseconds in repetition 347
tcp_ping received 49152 bytes back
Round trip time was 0.202713 milliseconds in repetition 348
tcp_ping received 49152 bytes back
Round trip time was 0.224231 milliseconds in repetition 349
tcp_ping received 49152 bytes back
Round trip time was 0.285279 milliseconds in repetition 350
tcp_ping received 49152 bytes back
Round trip time was 0.198855 milliseconds in repetition 351
tcp_ping received 49152 bytes back
Round trip time was 0.19551 milliseconds in repetition 352
tcp_ping received 49152 bytes back
Round trip time was 0.199273 milliseconds in repetition 353
tcp_ping received 49152 bytes back
Round trip time was 0.197894 milliseconds in repetition 354
tcp_ping received 49152 bytes back
Round trip time was 0.194025 milliseconds in repetition 355
tcp_ping received 49152 bytes back
Round trip time was 0.193594 milliseconds in repetition 356
tcp_ping received 49152 bytes back
Round trip time was 0.189484 milliseconds in repetition 357
tcp_ping received 49152 bytes back
Round trip time was 0.199965 milliseconds in repetition 358
tcp_ping received 49152 bytes back
Round trip time was 0.189243 milliseconds in repetition 359
tcp_ping received 49152 bytes back
Round trip time was 0.190008 milliseconds in repetition 360
tcp_ping received 49152 bytes back
Round trip time was 0.193774 milliseconds in repetition 361
tcp_ping received 49152 bytes back
Round trip time was 0.196431 milliseconds in repetition 362
tcp_ping received 49152 bytes back
Round trip time was 0.189978 milliseconds in repetition 363
tcp_ping received 49152 bytes back
Round trip time was 0.19395 milliseconds in repetition 364
tcp_ping received 49152 bytes back
Round trip time was 0.194712 milliseconds in repetition 365
tcp_ping received 49152 bytes back
Round trip time was 0.190605 milliseconds in repetition 366
tcp_ping received 49152 bytes back
Round trip time was 0.267687 milliseconds in repetition 367
tcp_ping received 49152 bytes back
Round trip time was 0.197269 milliseconds in repetition 368
tcp_ping received 49152 bytes back
Round trip time was 0.194173 milliseconds in repetition 369
tcp_ping received 49152 bytes back
Round trip time was 0.194614 milliseconds in repetition 370
tcp_ping received 49152 bytes back
Round trip time was 0.192682 milliseconds in repetition 371
tcp_ping received 49152 bytes back
Round trip time was 0.190495 milliseconds in repetition 372
tcp_ping received 49152 bytes back
Round trip time was 0.192462 milliseconds in repetition 373
tcp_ping received 49152 bytes back
Round trip time was 0.194645 milliseconds in repetition 374
tcp_ping received 49152 bytes back
Round trip time was 0.19334 milliseconds in repetition 375
tcp_ping received 49152 bytes back
Round trip time was 0.190916 milliseconds in repetition 376
tcp_ping received 49152 bytes back
Round trip time was 0.190834 milliseconds in repetition 377
tcp_ping received 49152 bytes back
Round trip time was 0.192853 milliseconds in repetition 378
tcp_ping received 49152 bytes back
Round trip time was 0.192632 milliseconds in repetition 379
tcp_ping received 49152 bytes back
Round trip time was 0.194075 milliseconds in repetition 380
tcp_ping received 49152 bytes back
Round trip time was 0.188241 milliseconds in repetition 381
tcp_ping received 49152 bytes back
Round trip time was 0.194766 milliseconds in repetition 382
tcp_ping received 49152 bytes back
Round trip time was 0.193129 milliseconds in repetition 383
tcp_ping received 49152 bytes back
Round trip time was 0.194017 milliseconds in repetition 384
tcp_ping received 49152 bytes back
Round trip time was 0.193566 milliseconds in repetition 385
tcp_ping received 49152 bytes back
Round trip time was 0.194331 milliseconds in repetition 386
tcp_ping received 49152 bytes back
Round trip time was 0.187416 milliseconds in repetition 387
tcp_ping received 49152 bytes back
Round trip time was 0.202634 milliseconds in repetition 388
tcp_ping received 49152 bytes back
Round trip time was 0.194705 milliseconds in repetition 389
tcp_ping received 49152 bytes back
Round trip time was 0.193117 milliseconds in repetition 390
tcp_ping received 49152 bytes back
Round trip time was 0.193934 milliseconds in repetition 391
tcp_ping received 49152 bytes back
Round trip time was 0.189492 milliseconds in repetition 392
tcp_ping received 49152 bytes back
Round trip time was 0.188037 milliseconds in repetition 393
tcp_ping received 49152 bytes back
Round trip time was 0.193245 milliseconds in repetition 394
tcp_ping received 49152 bytes back
Round trip time was 0.192798 milliseconds in repetition 395
tcp_ping received 49152 bytes back
Round trip time was 0.192305 milliseconds in repetition 396
tcp_ping received 49152 bytes back
Round trip time was 0.189514 milliseconds in repetition 397
tcp_ping received 49152 bytes back
Round trip time was 0.193251 milliseconds in repetition 398
tcp_ping received 49152 bytes back
Round trip time was 0.19104 milliseconds in repetition 399
tcp_ping received 49152 bytes back
Round trip time was 0.190376 milliseconds in repetition 400
tcp_ping received 49152 bytes back
Round trip time was 0.195636 milliseconds in repetition 401
tcp_ping received 49152 bytes back
Round trip time was 0.194168 milliseconds in repetition 402
tcp_ping received 49152 bytes back
Round trip time was 0.190989 milliseconds in repetition 403
tcp_ping received 49152 bytes back
Round trip time was 0.23146 milliseconds in repetition 404
tcp_ping received 49152 bytes back
Round trip time was 0.194902 milliseconds in repetition 405
tcp_ping received 49152 bytes back
Round trip time was 0.196163 milliseconds in repetition 406
tcp_ping received 49152 bytes back
Round trip time was 0.189857 milliseconds in repetition 407
tcp_ping received 49152 bytes back
Round trip time was 0.196492 milliseconds in repetition 408
tcp_ping received 49152 bytes back
Round trip time was 0.194228 milliseconds in repetition 409
tcp_ping received 49152 bytes back
Round trip time was 0.192438 milliseconds in repetition 410
tcp_ping received 49152 bytes back
Round trip time was 0.194377 milliseconds in repetition 411
tcp_ping received 49152 bytes back
Round trip time was 0.191315 milliseconds in repetition 412
tcp_ping received 49152 bytes back
Round trip time was 0.188037 milliseconds in repetition 413
tcp_ping received 49152 bytes back
Round trip time was 0.18998 milliseconds in repetition 414
tcp_ping received 49152 bytes back
Round trip time was 0.194392 milliseconds in repetition 415
tcp_ping received 49152 bytes back
Round trip time was 0.194163 milliseconds in repetition 416
tcp_ping received 49152 bytes back
Round trip time was 0.193873 milliseconds in repetition 417
tcp_ping received 49152 bytes back
Round trip time was 0.226897 milliseconds in repetition 418
tcp_ping received 49152 bytes back
Round trip time was 0.21898 milliseconds in repetition 419
tcp_ping received 49152 bytes back
Round trip time was 0.23044 milliseconds in repetition 420
tcp_ping received 49152 bytes back
Round trip time was 0.265283 milliseconds in repetition 421
tcp_ping received 49152 bytes back
Round trip time was 0.21793 milliseconds in repetition 422
tcp_ping received 49152 bytes back
Round trip time was 0.200291 milliseconds in repetition 423
tcp_ping received 49152 bytes back
Round trip time was 0.237317 milliseconds in repetition 424
tcp_ping received 49152 bytes back
Round trip time was 0.196057 milliseconds in repetition 425
tcp_ping received 49152 bytes back
Round trip time was 0.196989 milliseconds in repetition 426
tcp_ping received 49152 bytes back
Round trip time was 0.189041 milliseconds in repetition 427
tcp_ping received 49152 bytes back
Round trip time was 0.195375 milliseconds in repetition 428
tcp_ping received 49152 bytes back
Round trip time was 0.19319 milliseconds in repetition 429
tcp_ping received 49152 bytes back
Round trip time was 0.337454 milliseconds in repetition 430
tcp_ping received 49152 bytes back
Round trip time was 0.228967 milliseconds in repetition 431
tcp_ping received 49152 bytes back
Round trip time was 0.284148 milliseconds in repetition 432
tcp_ping received 49152 bytes back
Round trip time was 0.212139 milliseconds in repetition 433
tcp_ping received 49152 bytes back
Round trip time was 0.193911 milliseconds in repetition 434
tcp_ping received 49152 bytes back
Round trip time was 0.191018 milliseconds in repetition 435
tcp_ping received 49152 bytes back
Round trip time was 0.188944 milliseconds in repetition 436
tcp_ping received 49152 bytes back
Round trip time was 0.190167 milliseconds in repetition 437
tcp_ping received 49152 bytes back
Round trip time was 0.19067 milliseconds in repetition 438
tcp_ping received 49152 bytes back
Round trip time was 0.191883 milliseconds in repetition 439
tcp_ping received 49152 bytes back
Round trip time was 0.203556 milliseconds in repetition 440
tcp_ping received 49152 bytes back
Round trip time was 0.192622 milliseconds in repetition 441
tcp_ping received 49152 bytes back
Round trip time was 0.193413 milliseconds in repetition 442
tcp_ping received 49152 bytes back
Round trip time was 0.189064 milliseconds in repetition 443
tcp_ping received 49152 bytes back
Round trip time was 0.190792 milliseconds in repetition 444
tcp_ping received 49152 bytes back
Round trip time was 0.189275 milliseconds in repetition 445
tcp_ping received 49152 bytes back
Round trip time was 0.193487 milliseconds in repetition 446
tcp_ping received 49152 bytes back
Round trip time was 0.190374 milliseconds in repetition 447
tcp_ping received 49152 bytes back
Round trip time was 0.194613 milliseconds in repetition 448
tcp_ping received 49152 bytes back
Round trip time was 0.190421 milliseconds in repetition 449
tcp_ping received 49152 bytes back
Round trip time was 0.189636 milliseconds in repetition 450
tcp_ping received 49152 bytes back
Round trip time was 0.191542 milliseconds in repetition 451
tcp_ping received 49152 bytes back
Round trip time was 0.192287 milliseconds in repetition 452
tcp_ping received 49152 bytes back
Round trip time was 0.191539 milliseconds in repetition 453
tcp_ping received 49152 bytes back
Round trip time was 0.189958 milliseconds in repetition 454
tcp_ping received 49152 bytes back
Round trip time was 0.189715 milliseconds in repetition 455
tcp_ping received 49152 bytes back
Round trip time was 0.189654 milliseconds in repetition 456
tcp_ping received 49152 bytes back
Round trip time was 0.193213 milliseconds in repetition 457
tcp_ping received 49152 bytes back
Round trip time was 0.194327 milliseconds in repetition 458
tcp_ping received 49152 bytes back
Round trip time was 0.19364 milliseconds in repetition 459
tcp_ping received 49152 bytes back
Round trip time was 0.192145 milliseconds in repetition 460
tcp_ping received 49152 bytes back
Round trip time was 0.191099 milliseconds in repetition 461
tcp_ping received 49152 bytes back
Round trip time was 0.193177 milliseconds in repetition 462
tcp_ping received 49152 bytes back
Round trip time was 0.190543 milliseconds in repetition 463
tcp_ping received 49152 bytes back
Round trip time was 0.19012 milliseconds in repetition 464
tcp_ping received 49152 bytes back
Round trip time was 0.191376 milliseconds in repetition 465
tcp_ping received 49152 bytes back
Round trip time was 0.218949 milliseconds in repetition 466
tcp_ping received 49152 bytes back
Round trip time was 0.195782 milliseconds in repetition 467
tcp_ping received 49152 bytes back
Round trip time was 0.203783 milliseconds in repetition 468
tcp_ping received 49152 bytes back
Round trip time was 0.205492 milliseconds in repetition 469
tcp_ping received 49152 bytes back
Round trip time was 0.20094 milliseconds in repetition 470
tcp_ping received 49152 bytes back
Round trip time was 0.194259 milliseconds in repetition 471
tcp_ping received 49152 bytes back
Round trip time was 0.203085 milliseconds in repetition 472
tcp_ping received 49152 bytes back
Round trip time was 0.202816 milliseconds in repetition 473
tcp_ping received 49152 bytes back
Round trip time was 0.204573 milliseconds in repetition 474
tcp_ping received 49152 bytes back
Round trip time was 0.209619 milliseconds in repetition 475
tcp_ping received 49152 bytes back
Round trip time was 0.197412 milliseconds in repetition 476
tcp_ping received 49152 bytes back
Round trip time was 0.193316 milliseconds in repetition 477
tcp_ping received 49152 bytes back
Round trip time was 0.197357 milliseconds in repetition 478
tcp_ping received 49152 bytes back
Round trip time was 0.19745 milliseconds in repetition 479
tcp_ping received 49152 bytes back
Round trip time was 0.195094 milliseconds in repetition 480
tcp_ping received 49152 bytes back
Round trip time was 0.199748 milliseconds in repetition 481
tcp_ping received 49152 bytes back
Round trip time was 0.193689 milliseconds in repetition 482
tcp_ping received 49152 bytes back
Round trip time was 0.193267 milliseconds in repetition 483
tcp_ping received 49152 bytes back
Round trip time was 0.198956 milliseconds in repetition 484
tcp_ping received 49152 bytes back
Round trip time was 0.198773 milliseconds in repetition 485
tcp_ping received 49152 bytes back
Round trip time was 0.194316 milliseconds in repetition 486
tcp_ping received 49152 bytes back
Round trip time was 0.196099 milliseconds in repetition 487
tcp_ping received 49152 bytes back
Round trip time was 0.198531 milliseconds in repetition 488
tcp_ping received 49152 bytes back
Round trip time was 0.199762 milliseconds in repetition 489
tcp_ping received 49152 bytes back
Round trip time was 0.19673 milliseconds in repetition 490
tcp_ping received 49152 bytes back
Round trip time was 0.203886 milliseconds in repetition 491
tcp_ping received 49152 bytes back
Round trip time was 0.196844 milliseconds in repetition 492
tcp_ping received 49152 bytes back
Round trip time was 0.199103 milliseconds in repetition 493
tcp_ping received 49152 bytes back
Round trip time was 0.197308 milliseconds in repetition 494
tcp_ping received 49152 bytes back
Round trip time was 0.195131 milliseconds in repetition 495
tcp_ping received 49152 bytes back
Round trip time was 0.197111 milliseconds in repetition 496
tcp_ping received 49152 bytes back
Round trip time was 0.214866 milliseconds in repetition 497
tcp_ping received 49152 bytes back
Round trip time was 0.197254 milliseconds in repetition 498
tcp_ping received 49152 bytes back
Round trip time was 0.199191 milliseconds in repetition 499
tcp_ping received 49152 bytes back
Round trip time was 0.198183 milliseconds in repetition 500
tcp_ping received 49152 bytes back
Round trip time was 0.199708 milliseconds in repetition 501

 ... clock resolution was 1e-06
TCP Ping:  Statistics over 501 repetitions of 49152 byte messages

RTT : percentile 10: 0.191444, median: 0.19915, percentile 90: 0.230367, average: 0.207694, variance: 0.000665451

RTT histogram:
0.187416 57
0.19631 228
0.205204 97
0.214098 40
0.222992 20
0.231887 18
0.240781 7
0.249675 5
0.258569 2
0.267464 6
0.276358 2
0.285252 4
0.294146 5
0.303041 2
0.311935 1
0.320829 1
0.329723 2
0.338618 1
0.347512 2
0.356406 0
0.3653 1

   median Throughput : 493618 KB/s   overall Throughput : 473313 KB/s

