TCP Ping trying to connect to server localhost (127.0.0.1) on port 1492
 ... connected to Pong server: asking for 501 repetitions of 3072 bytes TCP messages
 ... Pong server agreed:-)
tcp_ping received 3072 bytes back
Round trip time was 0.081573 milliseconds in repetition 1
tcp_ping received 3072 bytes back
Round trip time was 0.061798 milliseconds in repetition 2
tcp_ping received 3072 bytes back
Round trip time was 0.055813 milliseconds in repetition 3
tcp_ping received 3072 bytes back
Round trip time was 0.065312 milliseconds in repetition 4
tcp_ping received 3072 bytes back
Round trip time was 0.053317 milliseconds in repetition 5
tcp_ping received 3072 bytes back
Round trip time was 0.053497 milliseconds in repetition 6
tcp_ping received 3072 bytes back
Round trip time was 0.050525 milliseconds in repetition 7
tcp_ping received 3072 bytes back
Round trip time was 0.050611 milliseconds in repetition 8
tcp_ping received 3072 bytes back
Round trip time was 0.050205 milliseconds in repetition 9
tcp_ping received 3072 bytes back
Round trip time was 0.049991 milliseconds in repetition 10
tcp_ping received 3072 bytes back
Round trip time was 0.049791 milliseconds in repetition 11
tcp_ping received 3072 bytes back
Round trip time was 0.050037 milliseconds in repetition 12
tcp_ping received 3072 bytes back
Round trip time was 0.049725 milliseconds in repetition 13
tcp_ping received 3072 bytes back
Round trip time was 0.049804 milliseconds in repetition 14
tcp_ping received 3072 bytes back
Round trip time was 0.050074 milliseconds in repetition 15
tcp_ping received 3072 bytes back
Round trip time was 0.049867 milliseconds in repetition 16
tcp_ping received 3072 bytes back
Round trip time was 0.049853 milliseconds in repetition 17
tcp_ping received 3072 bytes back
Round trip time was 0.050268 milliseconds in repetition 18
tcp_ping received 3072 bytes back
Round trip time was 0.050056 milliseconds in repetition 19
tcp_ping received 3072 bytes back
Round trip time was 0.049888 milliseconds in repetition 20
tcp_ping received 3072 bytes back
Round trip time was 0.050653 milliseconds in repetition 21
tcp_ping received 3072 bytes back
Round trip time was 0.049795 milliseconds in repetition 22
tcp_ping received 3072 bytes back
Round trip time was 0.050258 milliseconds in repetition 23
tcp_ping received 3072 bytes back
Round trip time was 0.050571 milliseconds in repetition 24
tcp_ping received 3072 bytes back
Round trip time was 0.049646 milliseconds in repetition 25
tcp_ping received 3072 bytes back
Round trip time was 0.050045 milliseconds in repetition 26
tcp_ping received 3072 bytes back
Round trip time was 0.049673 milliseconds in repetition 27
tcp_ping received 3072 bytes back
Round trip time was 0.049566 milliseconds in repetition 28
tcp_ping received 3072 bytes back
Round trip time was 0.049737 milliseconds in repetition 29
tcp_ping received 3072 bytes back
Round trip time was 0.050191 milliseconds in repetition 30
tcp_ping received 3072 bytes back
Round trip time was 0.050048 milliseconds in repetition 31
tcp_ping received 3072 bytes back
Round trip time was 0.050351 milliseconds in repetition 32
tcp_ping received 3072 bytes back
Round trip time was 0.051391 milliseconds in repetition 33
tcp_ping received 3072 bytes back
Round trip time was 0.052138 milliseconds in repetition 34
tcp_ping received 3072 bytes back
Round trip time was 0.050667 milliseconds in repetition 35
tcp_ping received 3072 bytes back
Round trip time was 0.051555 milliseconds in repetition 36
tcp_ping received 3072 bytes back
Round trip time was 0.051245 milliseconds in repetition 37
tcp_ping received 3072 bytes back
Round trip time was 0.050644 milliseconds in repetition 38
tcp_ping received 3072 bytes back
Round trip time was 0.049949 milliseconds in repetition 39
tcp_ping received 3072 bytes back
Round trip time was 0.052393 milliseconds in repetition 40
tcp_ping received 3072 bytes back
Round trip time was 0.050187 milliseconds in repetition 41
tcp_ping received 3072 bytes back
Round trip time was 0.049953 milliseconds in repetition 42
tcp_ping received 3072 bytes back
Round trip time was 0.050491 milliseconds in repetition 43
tcp_ping received 3072 bytes back
Round trip time was 0.094784 milliseconds in repetition 44
tcp_ping received 3072 bytes back
Round trip time was 0.052538 milliseconds in repetition 45
tcp_ping received 3072 bytes back
Round trip time was 0.050324 milliseconds in repetition 46
tcp_ping received 3072 bytes back
Round trip time was 0.050167 milliseconds in repetition 47
tcp_ping received 3072 bytes back
Round trip time was 0.049624 milliseconds in repetition 48
tcp_ping received 3072 bytes back
Round trip time was 0.050243 milliseconds in repetition 49
tcp_ping received 3072 bytes back
Round trip time was 0.050088 milliseconds in repetition 50
tcp_ping received 3072 bytes back
Round trip time was 0.050111 milliseconds in repetition 51
tcp_ping received 3072 bytes back
Round trip time was 0.049387 milliseconds in repetition 52
tcp_ping received 3072 bytes back
Round trip time was 0.050549 milliseconds in repetition 53
tcp_ping received 3072 bytes back
Round trip time was 0.049918 milliseconds in repetition 54
tcp_ping received 3072 bytes back
Round trip time was 0.050197 milliseconds in repetition 55
tcp_ping received 3072 bytes back
Round trip time was 0.050498 milliseconds in repetition 56
tcp_ping received 3072 bytes back
Round trip time was 0.049564 milliseconds in repetition 57
tcp_ping received 3072 bytes back
Round trip time was 0.049658 milliseconds in repetition 58
tcp_ping received 3072 bytes back
Round trip time was 0.049801 milliseconds in repetition 59
tcp_ping received 3072 bytes back
Round trip time was 0.050006 milliseconds in repetition 60
tcp_ping received 3072 bytes back
Round trip time was 0.049597 milliseconds in repetition 61
tcp_ping received 3072 bytes back
Round trip time was 0.051886 milliseconds in repetition 62
tcp_ping received 3072 bytes back
Round trip time was 0.049546 milliseconds in repetition 63
tcp_ping received 3072 bytes back
Round trip time was 0.049503 milliseconds in repetition 64
tcp_ping received 3072 bytes back
Round trip time was 0.0502 milliseconds in repetition 65
tcp_ping received 3072 bytes back
Round trip time was 0.049454 milliseconds in repetition 66
tcp_ping received 3072 bytes back
Round trip time was 0.049409 milliseconds in repetition 67
tcp_ping received 3072 bytes back
Round trip time was 0.049862 milliseconds in repetition 68
tcp_ping received 3072 bytes back
Round trip time was 0.050106 milliseconds in repetition 69
tcp_ping received 3072 bytes back
Round trip time was 0.049735 milliseconds in repetition 70
tcp_ping received 3072 bytes back
Round trip time was 0.049855 milliseconds in repetition 71
tcp_ping received 3072 bytes back
Round trip time was 0.035955 milliseconds in repetition 72
tcp_ping received 3072 bytes back
Round trip time was 0.051532 milliseconds in repetition 73
tcp_ping received 3072 bytes back
Round trip time was 0.050995 milliseconds in repetition 74
tcp_ping received 3072 bytes back
Round trip time was 0.051416 milliseconds in repetition 75
tcp_ping received 3072 bytes back
Round trip time was 0.051693 milliseconds in repetition 76
tcp_ping received 3072 bytes back
Round trip time was 0.052155 milliseconds in repetition 77
tcp_ping received 3072 bytes back
Round trip time was 0.050014 milliseconds in repetition 78
tcp_ping received 3072 bytes back
Round trip time was 0.050521 milliseconds in repetition 79
tcp_ping received 3072 bytes back
Round trip time was 0.051428 milliseconds in repetition 80
tcp_ping received 3072 bytes back
Round trip time was 0.050821 milliseconds in repetition 81
tcp_ping received 3072 bytes back
Round trip time was 0.049573 milliseconds in repetition 82
tcp_ping received 3072 bytes back
Round trip time was 0.0502 milliseconds in repetition 83
tcp_ping received 3072 bytes back
Round trip time was 0.050704 milliseconds in repetition 84
tcp_ping received 3072 bytes back
Round trip time was 0.049668 milliseconds in repetition 85
tcp_ping received 3072 bytes back
Round trip time was 0.049885 milliseconds in repetition 86
tcp_ping received 3072 bytes back
Round trip time was 0.050053 milliseconds in repetition 87
tcp_ping received 3072 bytes back
Round trip time was 0.051685 milliseconds in repetition 88
tcp_ping received 3072 bytes back
Round trip time was 0.050762 milliseconds in repetition 89
tcp_ping received 3072 bytes back
Round trip time was 0.04982 milliseconds in repetition 90
tcp_ping received 3072 bytes back
Round trip time was 0.049527 milliseconds in repetition 91
tcp_ping received 3072 bytes back
Round trip time was 0.049766 milliseconds in repetition 92
tcp_ping received 3072 bytes back
Round trip time was 0.049925 milliseconds in repetition 93
tcp_ping received 3072 bytes back
Round trip time was 0.049718 milliseconds in repetition 94
tcp_ping received 3072 bytes back
Round trip time was 0.049492 milliseconds in repetition 95
tcp_ping received 3072 bytes back
Round trip time was 0.049436 milliseconds in repetition 96
tcp_ping received 3072 bytes back
Round trip time was 0.049932 milliseconds in repetition 97
tcp_ping received 3072 bytes back
Round trip time was 0.049713 milliseconds in repetition 98
tcp_ping received 3072 bytes back
Round trip time was 0.04999 milliseconds in repetition 99
tcp_ping received 3072 bytes back
Round trip time was 0.049692 milliseconds in repetition 100
tcp_ping received 3072 bytes back
Round trip time was 0.049423 milliseconds in repetition 101
tcp_ping received 3072 bytes back
Round trip time was 0.049724 milliseconds in repetition 102
tcp_ping received 3072 bytes back
Round trip time was 0.050962 milliseconds in repetition 103
tcp_ping received 3072 bytes back
Round trip time was 0.052077 milliseconds in repetition 104
tcp_ping received 3072 bytes back
Round trip time was 0.050632 milliseconds in repetition 105
tcp_ping received 3072 bytes back
Round trip time was 0.052029 milliseconds in repetition 106
tcp_ping received 3072 bytes back
Round trip time was 0.062323 milliseconds in repetition 107
tcp_ping received 3072 bytes back
Round trip time was 0.055014 milliseconds in repetition 108
tcp_ping received 3072 bytes back
Round trip time was 0.051451 milliseconds in repetition 109
tcp_ping received 3072 bytes back
Round trip time was 0.056065 milliseconds in repetition 110
tcp_ping received 3072 bytes back
Round trip time was 0.068487 milliseconds in repetition 111
tcp_ping received 3072 bytes back
Round trip time was 0.051931 milliseconds in repetition 112
tcp_ping received 3072 bytes back
Round trip time was 0.051335 milliseconds in repetition 113
tcp_ping received 3072 bytes back
Round trip time was 0.057957 milliseconds in repetition 114
tcp_ping received 3072 bytes back
Round trip time was 0.067367 milliseconds in repetition 115
tcp_ping received 3072 bytes back
Round trip time was 0.05531 milliseconds in repetition 116
tcp_ping received 3072 bytes back
Round trip time was 0.059274 milliseconds in repetition 117
tcp_ping received 3072 bytes back
Round trip time was 0.070434 milliseconds in repetition 118
tcp_ping received 3072 bytes back
Round trip time was 0.05667 milliseconds in repetition 119
tcp_ping received 3072 bytes back
Round trip time was 0.052391 milliseconds in repetition 120
tcp_ping received 3072 bytes back
Round trip time was 0.061762 milliseconds in repetition 121
tcp_ping received 3072 bytes back
Round trip time was 0.053596 milliseconds in repetition 122
tcp_ping received 3072 bytes back
Round trip time was 0.055712 milliseconds in repetition 123
tcp_ping received 3072 bytes back
Round trip time was 0.067196 milliseconds in repetition 124
tcp_ping received 3072 bytes back
Round trip time was 0.073046 milliseconds in repetition 125
tcp_ping received 3072 bytes back
Round trip time was 0.052713 milliseconds in repetition 126
tcp_ping received 3072 bytes back
Round trip time was 0.05132 milliseconds in repetition 127
tcp_ping received 3072 bytes back
Round trip time was 0.052341 milliseconds in repetition 128
tcp_ping received 3072 bytes back
Round trip time was 0.050874 milliseconds in repetition 129
tcp_ping received 3072 bytes back
Round trip time was 0.051455 milliseconds in repetition 130
tcp_ping received 3072 bytes back
Round trip time was 0.051487 milliseconds in repetition 131
tcp_ping received 3072 bytes back
Round trip time was 0.051483 milliseconds in repetition 132
tcp_ping received 3072 bytes back
Round trip time was 0.05147 milliseconds in repetition 133
tcp_ping received 3072 bytes back
Round trip time was 0.058946 milliseconds in repetition 134
tcp_ping received 3072 bytes back
Round trip time was 0.053265 milliseconds in repetition 135
tcp_ping received 3072 bytes back
Round trip time was 0.05013 milliseconds in repetition 136
tcp_ping received 3072 bytes back
Round trip time was 0.050057 milliseconds in repetition 137
tcp_ping received 3072 bytes back
Round trip time was 0.050481 milliseconds in repetition 138
tcp_ping received 3072 bytes back
Round trip time was 0.051028 milliseconds in repetition 139
tcp_ping received 3072 bytes back
Round trip time was 0.050135 milliseconds in repetition 140
tcp_ping received 3072 bytes back
Round trip time was 0.050552 milliseconds in repetition 141
tcp_ping received 3072 bytes back
Round trip time was 0.050681 milliseconds in repetition 142
tcp_ping received 3072 bytes back
Round trip time was 0.050175 milliseconds in repetition 143
tcp_ping received 3072 bytes back
Round trip time was 0.050015 milliseconds in repetition 144
tcp_ping received 3072 bytes back
Round trip time was 0.050067 milliseconds in repetition 145
tcp_ping received 3072 bytes back
Round trip time was 0.05286 milliseconds in repetition 146
tcp_ping received 3072 bytes back
Round trip time was 0.050906 milliseconds in repetition 147
tcp_ping received 3072 bytes back
Round trip time was 0.053771 milliseconds in repetition 148
tcp_ping received 3072 bytes back
Round trip time was 0.055615 milliseconds in repetition 149
tcp_ping received 3072 bytes back
Round trip time was 0.069015 milliseconds in repetition 150
tcp_ping received 3072 bytes back
Round trip time was 0.051022 milliseconds in repetition 151
tcp_ping received 3072 bytes back
Round trip time was 0.050325 milliseconds in repetition 152
tcp_ping received 3072 bytes back
Round trip time was 0.069914 milliseconds in repetition 153
tcp_ping received 3072 bytes back
Round trip time was 0.051351 milliseconds in repetition 154
tcp_ping received 3072 bytes back
Round trip time was 0.05024 milliseconds in repetition 155
tcp_ping received 3072 bytes back
Round trip time was 0.050223 milliseconds in repetition 156
tcp_ping received 3072 bytes back
Round trip time was 0.060547 milliseconds in repetition 157
tcp_ping received 3072 bytes back
Round trip time was 0.055392 milliseconds in repetition 158
tcp_ping received 3072 bytes back
Round trip time was 0.052822 milliseconds in repetition 159
tcp_ping received 3072 bytes back
Round trip time was 0.051204 milliseconds in repetition 160
tcp_ping received 3072 bytes back
Round trip time was 0.052119 milliseconds in repetition 161
tcp_ping received 3072 bytes back
Round trip time was 0.050728 milliseconds in repetition 162
tcp_ping received 3072 bytes back
Round trip time was 0.051222 milliseconds in repetition 163
tcp_ping received 3072 bytes back
Round trip time was 0.050624 milliseconds in repetition 164
tcp_ping received 3072 bytes back
Round trip time was 0.050272 milliseconds in repetition 165
tcp_ping received 3072 bytes back
Round trip time was 0.050349 milliseconds in repetition 166
tcp_ping received 3072 bytes back
Round trip time was 0.050391 milliseconds in repetition 167
tcp_ping received 3072 bytes back
Round trip time was 0.050604 milliseconds in repetition 168
tcp_ping received 3072 bytes back
Round trip time was 0.053615 milliseconds in repetition 169
tcp_ping received 3072 bytes back
Round trip time was 0.050304 milliseconds in repetition 170
tcp_ping received 3072 bytes back
Round trip time was 0.050556 milliseconds in repetition 171
tcp_ping received 3072 bytes back
Round trip time was 0.050412 milliseconds in repetition 172
tcp_ping received 3072 bytes back
Round trip time was 0.051043 milliseconds in repetition 173
tcp_ping received 3072 bytes back
Round trip time was 0.050326 milliseconds in repetition 174
tcp_ping received 3072 bytes back
Round trip time was 0.052214 milliseconds in repetition 175
tcp_ping received 3072 bytes back
Round trip time was 0.050901 milliseconds in repetition 176
tcp_ping received 3072 bytes back
Round trip time was 0.050775 milliseconds in repetition 177
tcp_ping received 3072 bytes back
Round trip time was 0.050285 milliseconds in repetition 178
tcp_ping received 3072 bytes back
Round trip time was 0.050483 milliseconds in repetition 179
tcp_ping received 3072 bytes back
Round trip time was 0.050341 milliseconds in repetition 180
tcp_ping received 3072 bytes back
Round trip time was 0.050206 milliseconds in repetition 181
tcp_ping received 3072 bytes back
Round trip time was 0.038041 milliseconds in repetition 182
tcp_ping received 3072 bytes back
Round trip time was 0.050733 milliseconds in repetition 183
tcp_ping received 3072 bytes back
Round trip time was 0.051354 milliseconds in repetition 184
tcp_ping received 3072 bytes back
Round trip time was 0.051224 milliseconds in repetition 185
tcp_ping received 3072 bytes back
Round trip time was 0.050634 milliseconds in repetition 186
tcp_ping received 3072 bytes back
Round trip time was 0.055448 milliseconds in repetition 187
tcp_ping received 3072 bytes back
Round trip time was 0.057866 milliseconds in repetition 188
tcp_ping received 3072 bytes back
Round trip time was 0.05702 milliseconds in repetition 189
tcp_ping received 3072 bytes back
Round trip time was 0.057147 milliseconds in repetition 190
tcp_ping received 3072 bytes back
Round trip time was 0.056758 milliseconds in repetition 191
tcp_ping received 3072 bytes back
Round trip time was 0.075318 milliseconds in repetition 192
tcp_ping received 3072 bytes back
Round trip time was 0.060515 milliseconds in repetition 193
tcp_ping received 3072 bytes back
Round trip time was 0.061809 milliseconds in repetition 194
tcp_ping received 3072 bytes back
Round trip time was 0.065412 milliseconds in repetition 195
tcp_ping received 3072 bytes back
Round trip time was 0.056906 milliseconds in repetition 196
tcp_ping received 3072 bytes back
Round trip time was 0.05863 milliseconds in repetition 197
tcp_ping received 3072 bytes back
Round trip time was 0.071288 milliseconds in repetition 198
tcp_ping received 3072 bytes back
Round trip time was 0.06472 milliseconds in repetition 199
tcp_ping received 3072 bytes back
Round trip time was 0.05257 milliseconds in repetition 200
tcp_ping received 3072 bytes back
Round trip time was 0.062255 milliseconds in repetition 201
tcp_ping received 3072 bytes back
Round trip time was 0.051859 milliseconds in repetition 202
tcp_ping received 3072 bytes back
Round trip time was 0.051083 milliseconds in repetition 203
tcp_ping received 3072 bytes back
Round trip time was 0.050433 milliseconds in repetition 204
tcp_ping received 3072 bytes back
Round trip time was 0.05056 milliseconds in repetition 205
tcp_ping received 3072 bytes back
Round trip time was 0.05084 milliseconds in repetition 206
tcp_ping received 3072 bytes back
Round trip time was 0.050719 milliseconds in repetition 207
tcp_ping received 3072 bytes back
Round trip time was 0.050803 milliseconds in repetition 208
tcp_ping received 3072 bytes back
Round trip time was 0.050608 milliseconds in repetition 209
tcp_ping received 3072 bytes back
Round trip time was 0.050729 milliseconds in repetition 210
tcp_ping received 3072 bytes back
Round trip time was 0.051278 milliseconds in repetition 211
tcp_ping received 3072 bytes back
Round trip time was 0.050588 milliseconds in repetition 212
tcp_ping received 3072 bytes back
Round trip time was 0.050787 milliseconds in repetition 213
tcp_ping received 3072 bytes back
Round trip time was 0.050643 milliseconds in repetition 214
tcp_ping received 3072 bytes back
Round trip time was 0.050749 milliseconds in repetition 215
tcp_ping received 3072 bytes back
Round trip time was 0.050744 milliseconds in repetition 216
tcp_ping received 3072 bytes back
Round trip time was 0.050634 milliseconds in repetition 217
tcp_ping received 3072 bytes back
Round trip time was 0.050653 milliseconds in repetition 218
tcp_ping received 3072 bytes back
Round trip time was 0.052147 milliseconds in repetition 219
tcp_ping received 3072 bytes back
Round trip time was 0.051394 milliseconds in repetition 220
tcp_ping received 3072 bytes back
Round trip time was 0.052229 milliseconds in repetition 221
tcp_ping received 3072 bytes back
Round trip time was 0.050547 milliseconds in repetition 222
tcp_ping received 3072 bytes back
Round trip time was 0.050863 milliseconds in repetition 223
tcp_ping received 3072 bytes back
Round trip time was 0.050662 milliseconds in repetition 224
tcp_ping received 3072 bytes back
Round trip time was 0.050566 milliseconds in repetition 225
tcp_ping received 3072 bytes back
Round trip time was 0.050828 milliseconds in repetition 226
tcp_ping received 3072 bytes back
Round trip time was 0.050698 milliseconds in repetition 227
tcp_ping received 3072 bytes back
Round trip time was 0.051074 milliseconds in repetition 228
tcp_ping received 3072 bytes back
Round trip time was 0.050767 milliseconds in repetition 229
tcp_ping received 3072 bytes back
Round trip time was 0.050777 milliseconds in repetition 230
tcp_ping received 3072 bytes back
Round trip time was 0.051534 milliseconds in repetition 231
tcp_ping received 3072 bytes back
Round trip time was 0.052098 milliseconds in repetition 232
tcp_ping received 3072 bytes back
Round trip time was 0.053164 milliseconds in repetition 233
tcp_ping received 3072 bytes back
Round trip time was 0.051333 milliseconds in repetition 234
tcp_ping received 3072 bytes back
Round trip time was 0.053295 milliseconds in repetition 235
tcp_ping received 3072 bytes back
Round trip time was 0.058559 milliseconds in repetition 236
tcp_ping received 3072 bytes back
Round trip time was 0.066424 milliseconds in repetition 237
tcp_ping received 3072 bytes back
Round trip time was 0.053252 milliseconds in repetition 238
tcp_ping received 3072 bytes back
Round trip time was 0.052519 milliseconds in repetition 239
tcp_ping received 3072 bytes back
Round trip time was 0.052191 milliseconds in repetition 240
tcp_ping received 3072 bytes back
Round trip time was 0.051536 milliseconds in repetition 241
tcp_ping received 3072 bytes back
Round trip time was 0.052238 milliseconds in repetition 242
tcp_ping received 3072 bytes back
Round trip time was 0.051244 milliseconds in repetition 243
tcp_ping received 3072 bytes back
Round trip time was 0.050639 milliseconds in repetition 244
tcp_ping received 3072 bytes back
Round trip time was 0.050617 milliseconds in repetition 245
tcp_ping received 3072 bytes back
Round trip time was 0.051524 milliseconds in repetition 246
tcp_ping received 3072 bytes back
Round trip time was 0.050425 milliseconds in repetition 247
tcp_ping received 3072 bytes back
Round trip time was 0.050878 milliseconds in repetition 248
tcp_ping received 3072 bytes back
Round trip time was 0.051356 milliseconds in repetition 249
tcp_ping received 3072 bytes back
Round trip time was 0.051228 milliseconds in repetition 250
tcp_ping received 3072 bytes back
Round trip time was 0.050633 milliseconds in repetition 251
tcp_ping received 3072 bytes back
Round trip time was 0.051612 milliseconds in repetition 252
tcp_ping received 3072 bytes back
Round trip time was 0.050482 milliseconds in repetition 253
tcp_ping received 3072 bytes back
Round trip time was 0.05094 milliseconds in repetition 254
tcp_ping received 3072 bytes back
Round trip time was 0.050386 milliseconds in repetition 255
tcp_ping received 3072 bytes back
Round trip time was 0.050703 milliseconds in repetition 256
tcp_ping received 3072 bytes back
Round trip time was 0.10299 milliseconds in repetition 257
tcp_ping received 3072 bytes back
Round trip time was 0.058137 milliseconds in repetition 258
tcp_ping received 3072 bytes back
Round trip time was 0.069947 milliseconds in repetition 259
tcp_ping received 3072 bytes back
Round trip time was 0.058582 milliseconds in repetition 260
tcp_ping received 3072 bytes back
Round trip time was 0.053167 milliseconds in repetition 261
tcp_ping received 3072 bytes back
Round trip time was 0.064894 milliseconds in repetition 262
tcp_ping received 3072 bytes back
Round trip time was 0.08141 milliseconds in repetition 263
tcp_ping received 3072 bytes back
Round trip time was 0.062363 milliseconds in repetition 264
tcp_ping received 3072 bytes back
Round trip time was 0.076551 milliseconds in repetition 265
tcp_ping received 3072 bytes back
Round trip time was 0.08059 milliseconds in repetition 266
tcp_ping received 3072 bytes back
Round trip time was 0.077184 milliseconds in repetition 267
tcp_ping received 3072 bytes back
Round trip time was 0.055593 milliseconds in repetition 268
tcp_ping received 3072 bytes back
Round trip time was 0.05609 milliseconds in repetition 269
tcp_ping received 3072 bytes back
Round trip time was 0.060698 milliseconds in repetition 270
tcp_ping received 3072 bytes back
Round trip time was 0.054267 milliseconds in repetition 271
tcp_ping received 3072 bytes back
Round trip time was 0.056153 milliseconds in repetition 272
tcp_ping received 3072 bytes back
Round trip time was 0.061735 milliseconds in repetition 273
tcp_ping received 3072 bytes back
Round trip time was 0.058968 milliseconds in repetition 274
tcp_ping received 3072 bytes back
Round trip time was 0.057784 milliseconds in repetition 275
tcp_ping received 3072 bytes back
Round trip time was 0.055365 milliseconds in repetition 276
tcp_ping received 3072 bytes back
Round trip time was 0.056974 milliseconds in repetition 277
tcp_ping received 3072 bytes back
Round trip time was 0.06149 milliseconds in repetition 278
tcp_ping received 3072 bytes back
Round trip time was 0.057028 milliseconds in repetition 279
tcp_ping received 3072 bytes back
Round trip time was 0.057316 milliseconds in repetition 280
tcp_ping received 3072 bytes back
Round trip time was 0.055876 milliseconds in repetition 281
tcp_ping received 3072 bytes back
Round trip time was 0.090993 milliseconds in repetition 282
tcp_ping received 3072 bytes back
Round trip time was 0.068582 milliseconds in repetition 283
tcp_ping received 3072 bytes back
Round trip time was 0.055441 milliseconds in repetition 284
tcp_ping received 3072 bytes back
Round trip time was 0.052462 milliseconds in repetition 285
tcp_ping received 3072 bytes back
Round trip time was 0.051406 milliseconds in repetition 286
tcp_ping received 3072 bytes back
Round trip time was 0.050248 milliseconds in repetition 287
tcp_ping received 3072 bytes back
Round trip time was 0.107921 milliseconds in repetition 288
tcp_ping received 3072 bytes back
Round trip time was 0.052678 milliseconds in repetition 289
tcp_ping received 3072 bytes back
Round trip time was 0.050256 milliseconds in repetition 290
tcp_ping received 3072 bytes back
Round trip time was 0.050247 milliseconds in repetition 291
tcp_ping received 3072 bytes back
Round trip time was 0.050094 milliseconds in repetition 292
tcp_ping received 3072 bytes back
Round trip time was 0.050373 milliseconds in repetition 293
tcp_ping received 3072 bytes back
Round trip time was 0.0508 milliseconds in repetition 294
tcp_ping received 3072 bytes back
Round trip time was 0.052987 milliseconds in repetition 295
tcp_ping received 3072 bytes back
Round trip time was 0.05119 milliseconds in repetition 296
tcp_ping received 3072 bytes back
Round trip time was 0.051137 milliseconds in repetition 297
tcp_ping received 3072 bytes back
Round trip time was 0.051072 milliseconds in repetition 298
tcp_ping received 3072 bytes back
Round trip time was 0.054023 milliseconds in repetition 299
tcp_ping received 3072 bytes back
Round trip time was 0.052418 milliseconds in repetition 300
tcp_ping received 3072 bytes back
Round trip time was 0.053517 milliseconds in repetition 301
tcp_ping received 3072 bytes back
Round trip time was 0.053064 milliseconds in repetition 302
tcp_ping received 3072 bytes back
Round trip time was 0.055107 milliseconds in repetition 303
tcp_ping received 3072 bytes back
Round trip time was 0.070667 milliseconds in repetition 304
tcp_ping received 3072 bytes back
Round trip time was 0.07028 milliseconds in repetition 305
tcp_ping received 3072 bytes back
Round trip time was 0.063045 milliseconds in repetition 306
tcp_ping received 3072 bytes back
Round trip time was 0.067182 milliseconds in repetition 307
tcp_ping received 3072 bytes back
Round trip time was 0.065724 milliseconds in repetition 308
tcp_ping received 3072 bytes back
Round trip time was 0.061034 milliseconds in repetition 309
tcp_ping received 3072 bytes back
Round trip time was 0.08198 milliseconds in repetition 310
tcp_ping received 3072 bytes back
Round trip time was 0.080562 milliseconds in repetition 311
tcp_ping received 3072 bytes back
Round trip time was 0.072313 milliseconds in repetition 312
tcp_ping received 3072 bytes back
Round trip time was 0.079518 milliseconds in repetition 313
tcp_ping received 3072 bytes back
Round trip time was 0.241996 milliseconds in repetition 314
tcp_ping received 3072 bytes back
Round trip time was 0.076451 milliseconds in repetition 315
tcp_ping received 3072 bytes back
Round trip time was 0.079769 milliseconds in repetition 316
tcp_ping received 3072 bytes back
Round trip time was 0.066173 milliseconds in repetition 317
tcp_ping received 3072 bytes back
Round trip time was 0.063022 milliseconds in repetition 318
tcp_ping received 3072 bytes back
Round trip time was 0.067088 milliseconds in repetition 319
tcp_ping received 3072 bytes back
Round trip time was 0.089848 milliseconds in repetition 320
tcp_ping received 3072 bytes back
Round trip time was 0.070701 milliseconds in repetition 321
tcp_ping received 3072 bytes back
Round trip time was 0.057494 milliseconds in repetition 322
tcp_ping received 3072 bytes back
Round trip time was 0.051522 milliseconds in repetition 323
tcp_ping received 3072 bytes back
Round trip time was 0.051162 milliseconds in repetition 324
tcp_ping received 3072 bytes back
Round trip time was 0.050484 milliseconds in repetition 325
tcp_ping received 3072 bytes back
Round trip time was 0.051799 milliseconds in repetition 326
tcp_ping received 3072 bytes back
Round trip time was 0.075327 milliseconds in repetition 327
tcp_ping received 3072 bytes back
Round trip time was 0.129145 milliseconds in repetition 328
tcp_ping received 3072 bytes back
Round trip time was 0.070068 milliseconds in repetition 329
tcp_ping received 3072 bytes back
Round trip time was 0.092184 milliseconds in repetition 330
tcp_ping received 3072 bytes back
Round trip time was 0.053355 milliseconds in repetition 331
tcp_ping received 3072 bytes back
Round trip time was 0.053368 milliseconds in repetition 332
tcp_ping received 3072 bytes back
Round trip time was 0.117535 milliseconds in repetition 333
tcp_ping received 3072 bytes back
Round trip time was 0.112527 milliseconds in repetition 334
tcp_ping received 3072 bytes back
Round trip time was 0.081912 milliseconds in repetition 335
tcp_ping received 3072 bytes back
Round trip time was 0.150519 milliseconds in repetition 336
tcp_ping received 3072 bytes back
Round trip time was 0.100802 milliseconds in repetition 337
tcp_ping received 3072 bytes back
Round trip time was 0.097787 milliseconds in repetition 338
tcp_ping received 3072 bytes back
Round trip time was 0.057 milliseconds in repetition 339
tcp_ping received 3072 bytes back
Round trip time was 0.054278 milliseconds in repetition 340
tcp_ping received 3072 bytes back
Round trip time was 0.053647 milliseconds in repetition 341
tcp_ping received 3072 bytes back
Round trip time was 0.050868 milliseconds in repetition 342
tcp_ping received 3072 bytes back
Round trip time was 0.050875 milliseconds in repetition 343
tcp_ping received 3072 bytes back
Round trip time was 0.050986 milliseconds in repetition 344
tcp_ping received 3072 bytes back
Round trip time was 0.05199 milliseconds in repetition 345
tcp_ping received 3072 bytes back
Round trip time was 0.05065 milliseconds in repetition 346
tcp_ping received 3072 bytes back
Round trip time was 0.05122 milliseconds in repetition 347
tcp_ping received 3072 bytes back
Round trip time was 0.050725 milliseconds in repetition 348
tcp_ping received 3072 bytes back
Round trip time was 0.051069 milliseconds in repetition 349
tcp_ping received 3072 bytes back
Round trip time was 0.0563 milliseconds in repetition 350
tcp_ping received 3072 bytes back
Round trip time was 0.089437 milliseconds in repetition 351
tcp_ping received 3072 bytes back
Round trip time was 0.086719 milliseconds in repetition 352
tcp_ping received 3072 bytes back
Round trip time was 0.05324 milliseconds in repetition 353
tcp_ping received 3072 bytes back
Round trip time was 0.051885 milliseconds in repetition 354
tcp_ping received 3072 bytes back
Round trip time was 0.050653 milliseconds in repetition 355
tcp_ping received 3072 bytes back
Round trip time was 0.050789 milliseconds in repetition 356
tcp_ping received 3072 bytes back
Round trip time was 0.050348 milliseconds in repetition 357
tcp_ping received 3072 bytes back
Round trip time was 0.050288 milliseconds in repetition 358
tcp_ping received 3072 bytes back
Round trip time was 0.050435 milliseconds in repetition 359
tcp_ping received 3072 bytes back
Round trip time was 0.050361 milliseconds in repetition 360
tcp_ping received 3072 bytes back
Round trip time was 0.050649 milliseconds in repetition 361
tcp_ping received 3072 bytes back
Round trip time was 0.051327 milliseconds in repetition 362
tcp_ping received 3072 bytes back
Round trip time was 0.050272 milliseconds in repetition 363
tcp_ping received 3072 bytes back
Round trip time was 0.050367 milliseconds in repetition 364
tcp_ping received 3072 bytes back
Round trip time was 0.050419 milliseconds in repetition 365
tcp_ping received 3072 bytes back
Round trip time was 0.050225 milliseconds in repetition 366
tcp_ping received 3072 bytes back
Round trip time was 0.051254 milliseconds in repetition 367
tcp_ping received 3072 bytes back
Round trip time was 0.050534 milliseconds in repetition 368
tcp_ping received 3072 bytes back
Round trip time was 0.050503 milliseconds in repetition 369
tcp_ping received 3072 bytes back
Round trip time was 0.050582 milliseconds in repetition 370
tcp_ping received 3072 bytes back
Round trip time was 0.050369 milliseconds in repetition 371
tcp_ping received 3072 bytes back
Round trip time was 0.050182 milliseconds in repetition 372
tcp_ping received 3072 bytes back
Round trip time was 0.051074 milliseconds in repetition 373
tcp_ping received 3072 bytes back
Round trip time was 0.050555 milliseconds in repetition 374
tcp_ping received 3072 bytes back
Round trip time was 0.050695 milliseconds in repetition 375
tcp_ping received 3072 bytes back
Round trip time was 0.050478 milliseconds in repetition 376
tcp_ping received 3072 bytes back
Round trip time was 0.050672 milliseconds in repetition 377
tcp_ping received 3072 bytes back
Round trip time was 0.050344 milliseconds in repetition 378
tcp_ping received 3072 bytes back
Round trip time was 0.050281 milliseconds in repetition 379
tcp_ping received 3072 bytes back
Round trip time was 0.050415 milliseconds in repetition 380
tcp_ping received 3072 bytes back
Round trip time was 0.050817 milliseconds in repetition 381
tcp_ping received 3072 bytes back
Round trip time was 0.050451 milliseconds in repetition 382
tcp_ping received 3072 bytes back
Round trip time was 0.05086 milliseconds in repetition 383
tcp_ping received 3072 bytes back
Round trip time was 0.05042 milliseconds in repetition 384
tcp_ping received 3072 bytes back
Round trip time was 0.050394 milliseconds in repetition 385
tcp_ping received 3072 bytes back
Round trip time was 0.050638 milliseconds in repetition 386
tcp_ping received 3072 bytes back
Round trip time was 0.050269 milliseconds in repetition 387
tcp_ping received 3072 bytes back
Round trip time was 0.050324 milliseconds in repetition 388
tcp_ping received 3072 bytes back
Round trip time was 0.050692 milliseconds in repetition 389
tcp_ping received 3072 bytes back
Round trip time was 0.050724 milliseconds in repetition 390
tcp_ping received 3072 bytes back
Round trip time was 0.050713 milliseconds in repetition 391
tcp_ping received 3072 bytes back
Round trip time was 0.050388 milliseconds in repetition 392
tcp_ping received 3072 bytes back
Round trip time was 0.052179 milliseconds in repetition 393
tcp_ping received 3072 bytes back
Round trip time was 0.051105 milliseconds in repetition 394
tcp_ping received 3072 bytes back
Round trip time was 0.050814 milliseconds in repetition 395
tcp_ping received 3072 bytes back
Round trip time was 0.050516 milliseconds in repetition 396
tcp_ping received 3072 bytes back
Round trip time was 0.05042 milliseconds in repetition 397
tcp_ping received 3072 bytes back
Round trip time was 0.049997 milliseconds in repetition 398
tcp_ping received 3072 bytes back
Round trip time was 0.050611 milliseconds in repetition 399
tcp_ping received 3072 bytes back
Round trip time was 0.050346 milliseconds in repetition 400
tcp_ping received 3072 bytes back
Round trip time was 0.050897 milliseconds in repetition 401
tcp_ping received 3072 bytes back
Round trip time was 0.050099 milliseconds in repetition 402
tcp_ping received 3072 bytes back
Round trip time was 0.05013 milliseconds in repetition 403
tcp_ping received 3072 bytes back
Round trip time was 0.049785 milliseconds in repetition 404
tcp_ping received 3072 bytes back
Round trip time was 0.050483 milliseconds in repetition 405
tcp_ping received 3072 bytes back
Round trip time was 0.05068 milliseconds in repetition 406
tcp_ping received 3072 bytes back
Round trip time was 0.050182 milliseconds in repetition 407
tcp_ping received 3072 bytes back
Round trip time was 0.051166 milliseconds in repetition 408
tcp_ping received 3072 bytes back
Round trip time was 0.053393 milliseconds in repetition 409
tcp_ping received 3072 bytes back
Round trip time was 0.050859 milliseconds in repetition 410
tcp_ping received 3072 bytes back
Round trip time was 0.050728 milliseconds in repetition 411
tcp_ping received 3072 bytes back
Round trip time was 0.050823 milliseconds in repetition 412
tcp_ping received 3072 bytes back
Round trip time was 0.05076 milliseconds in repetition 413
tcp_ping received 3072 bytes back
Round trip time was 0.050366 milliseconds in repetition 414
tcp_ping received 3072 bytes back
Round trip time was 0.050283 milliseconds in repetition 415
tcp_ping received 3072 bytes back
Round trip time was 0.050208 milliseconds in repetition 416
tcp_ping received 3072 bytes back
Round trip time was 0.05002 milliseconds in repetition 417
tcp_ping received 3072 bytes back
Round trip time was 0.050509 milliseconds in repetition 418
tcp_ping received 3072 bytes back
Round trip time was 0.050449 milliseconds in repetition 419
tcp_ping received 3072 bytes back
Round trip time was 0.050266 milliseconds in repetition 420
tcp_ping received 3072 bytes back
Round trip time was 0.050175 milliseconds in repetition 421
tcp_ping received 3072 bytes back
Round trip time was 0.050452 milliseconds in repetition 422
tcp_ping received 3072 bytes back
Round trip time was 0.050757 milliseconds in repetition 423
tcp_ping received 3072 bytes back
Round trip time was 0.050583 milliseconds in repetition 424
tcp_ping received 3072 bytes back
Round trip time was 0.0503 milliseconds in repetition 425
tcp_ping received 3072 bytes back
Round trip time was 0.051124 milliseconds in repetition 426
tcp_ping received 3072 bytes back
Round trip time was 0.050566 milliseconds in repetition 427
tcp_ping received 3072 bytes back
Round trip time was 0.050861 milliseconds in repetition 428
tcp_ping received 3072 bytes back
Round trip time was 0.050174 milliseconds in repetition 429
tcp_ping received 3072 bytes back
Round trip time was 0.050225 milliseconds in repetition 430
tcp_ping received 3072 bytes back
Round trip time was 0.050675 milliseconds in repetition 431
tcp_ping received 3072 bytes back
Round trip time was 0.050388 milliseconds in repetition 432
tcp_ping received 3072 bytes back
Round trip time was 0.050268 milliseconds in repetition 433
tcp_ping received 3072 bytes back
Round trip time was 0.050074 milliseconds in repetition 434
tcp_ping received 3072 bytes back
Round trip time was 0.050129 milliseconds in repetition 435
tcp_ping received 3072 bytes back
Round trip time was 0.050533 milliseconds in repetition 436
tcp_ping received 3072 bytes back
Round trip time was 0.050972 milliseconds in repetition 437
tcp_ping received 3072 bytes back
Round trip time was 0.050862 milliseconds in repetition 438
tcp_ping received 3072 bytes back
Round trip time was 0.050319 milliseconds in repetition 439
tcp_ping received 3072 bytes back
Round trip time was 0.049919 milliseconds in repetition 440
tcp_ping received 3072 bytes back
Round trip time was 0.050682 milliseconds in repetition 441
tcp_ping received 3072 bytes back
Round trip time was 0.05037 milliseconds in repetition 442
tcp_ping received 3072 bytes back
Round trip time was 0.050054 milliseconds in repetition 443
tcp_ping received 3072 bytes back
Round trip time was 0.050613 milliseconds in repetition 444
tcp_ping received 3072 bytes back
Round trip time was 0.050058 milliseconds in repetition 445
tcp_ping received 3072 bytes back
Round trip time was 0.050219 milliseconds in repetition 446
tcp_ping received 3072 bytes back
Round trip time was 0.050295 milliseconds in repetition 447
tcp_ping received 3072 bytes back
Round trip time was 0.051323 milliseconds in repetition 448
tcp_ping received 3072 bytes back
Round trip time was 0.05028 milliseconds in repetition 449
tcp_ping received 3072 bytes back
Round trip time was 0.050358 milliseconds in repetition 450
tcp_ping received 3072 bytes back
Round trip time was 0.050304 milliseconds in repetition 451
tcp_ping received 3072 bytes back
Round trip time was 0.050279 milliseconds in repetition 452
tcp_ping received 3072 bytes back
Round trip time was 0.050266 milliseconds in repetition 453
tcp_ping received 3072 bytes back
Round trip time was 0.05076 milliseconds in repetition 454
tcp_ping received 3072 bytes back
Round trip time was 0.050482 milliseconds in repetition 455
tcp_ping received 3072 bytes back
Round trip time was 0.050332 milliseconds in repetition 456
tcp_ping received 3072 bytes back
Round trip time was 0.050806 milliseconds in repetition 457
tcp_ping received 3072 bytes back
Round trip time was 0.051263 milliseconds in repetition 458
tcp_ping received 3072 bytes back
Round trip time was 0.050541 milliseconds in repetition 459
tcp_ping received 3072 bytes back
Round trip time was 0.051252 milliseconds in repetition 460
tcp_ping received 3072 bytes back
Round trip time was 0.05031 milliseconds in repetition 461
tcp_ping received 3072 bytes back
Round trip time was 0.051388 milliseconds in repetition 462
tcp_ping received 3072 bytes back
Round trip time was 0.050791 milliseconds in repetition 463
tcp_ping received 3072 bytes back
Round trip time was 0.051178 milliseconds in repetition 464
tcp_ping received 3072 bytes back
Round trip time was 0.050083 milliseconds in repetition 465
tcp_ping received 3072 bytes back
Round trip time was 0.050238 milliseconds in repetition 466
tcp_ping received 3072 bytes back
Round trip time was 0.051082 milliseconds in repetition 467
tcp_ping received 3072 bytes back
Round trip time was 0.050422 milliseconds in repetition 468
tcp_ping received 3072 bytes back
Round trip time was 0.050755 milliseconds in repetition 469
tcp_ping received 3072 bytes back
Round trip time was 0.050669 milliseconds in repetition 470
tcp_ping received 3072 bytes back
Round trip time was 0.050917 milliseconds in repetition 471
tcp_ping received 3072 bytes back
Round trip time was 0.050245 milliseconds in repetition 472
tcp_ping received 3072 bytes back
Round trip time was 0.050932 milliseconds in repetition 473
tcp_ping received 3072 bytes back
Round trip time was 0.050765 milliseconds in repetition 474
tcp_ping received 3072 bytes back
Round trip time was 0.050284 milliseconds in repetition 475
tcp_ping received 3072 bytes back
Round trip time was 0.050087 milliseconds in repetition 476
tcp_ping received 3072 bytes back
Round trip time was 0.050685 milliseconds in repetition 477
tcp_ping received 3072 bytes back
Round trip time was 0.050652 milliseconds in repetition 478
tcp_ping received 3072 bytes back
Round trip time was 0.050284 milliseconds in repetition 479
tcp_ping received 3072 bytes back
Round trip time was 0.050845 milliseconds in repetition 480
tcp_ping received 3072 bytes back
Round trip time was 0.050677 milliseconds in repetition 481
tcp_ping received 3072 bytes back
Round trip time was 0.05064 milliseconds in repetition 482
tcp_ping received 3072 bytes back
Round trip time was 0.05001 milliseconds in repetition 483
tcp_ping received 3072 bytes back
Round trip time was 0.05003 milliseconds in repetition 484
tcp_ping received 3072 bytes back
Round trip time was 0.050119 milliseconds in repetition 485
tcp_ping received 3072 bytes back
Round trip time was 0.050217 milliseconds in repetition 486
tcp_ping received 3072 bytes back
Round trip time was 0.051031 milliseconds in repetition 487
tcp_ping received 3072 bytes back
Round trip time was 0.049876 milliseconds in repetition 488
tcp_ping received 3072 bytes back
Round trip time was 0.049982 milliseconds in repetition 489
tcp_ping received 3072 bytes back
Round trip time was 0.050713 milliseconds in repetition 490
tcp_ping received 3072 bytes back
Round trip time was 0.072374 milliseconds in repetition 491
tcp_ping received 3072 bytes back
Round trip time was 0.07189 milliseconds in repetition 492
tcp_ping received 3072 bytes back
Round trip time was 0.059021 milliseconds in repetition 493
tcp_ping received 3072 bytes back
Round trip time was 0.051541 milliseconds in repetition 494
tcp_ping received 3072 bytes back
Round trip time was 0.051498 milliseconds in repetition 495
tcp_ping received 3072 bytes back
Round trip time was 0.054046 milliseconds in repetition 496
tcp_ping received 3072 bytes back
Round trip time was 0.051297 milliseconds in repetition 497
tcp_ping received 3072 bytes back
Round trip time was 0.052959 milliseconds in repetition 498
tcp_ping received 3072 bytes back
Round trip time was 0.052357 milliseconds in repetition 499
tcp_ping received 3072 bytes back
Round trip time was 0.050413 milliseconds in repetition 500
tcp_ping received 3072 bytes back
Round trip time was 0.052781 milliseconds in repetition 501

 ... clock resolution was 1e-06
TCP Ping:  Statistics over 501 repetitions of 3072 byte messages

RTT : percentile 10: 0.049997, median: 0.050787, percentile 90: 0.065412, average: 0.055069, variance: 0.00018974

RTT histogram:
0.0359535 2
0.0462556 321
0.0565578 115
0.0668599 32
0.0771621 16
0.0874642 5
0.0977664 3
0.108069 3
0.118371 1
0.128673 1
0.138975 0
0.149277 1
0.159579 0
0.169881 0
0.180184 0
0.190486 0
0.200788 0
0.21109 0
0.221392 0
0.231694 0
0.241997 1

   median Throughput : 120976 KB/s   overall Throughput : 111569 KB/s

