TCP Ping trying to connect to server localhost (127.0.0.1) on port 1492
 ... connected to Pong server: asking for 501 repetitions of 524288 bytes TCP messages
 ... Pong server agreed:-)
tcp_ping received 524288 bytes back
Round trip time was 1.79524 milliseconds in repetition 1
tcp_ping received 524288 bytes back
Round trip time was 1.58966 milliseconds in repetition 2
tcp_ping received 524288 bytes back
Round trip time was 1.62998 milliseconds in repetition 3
tcp_ping received 524288 bytes back
Round trip time was 1.56563 milliseconds in repetition 4
tcp_ping received 524288 bytes back
Round trip time was 1.56249 milliseconds in repetition 5
tcp_ping received 524288 bytes back
Round trip time was 1.65671 milliseconds in repetition 6
tcp_ping received 524288 bytes back
Round trip time was 1.57793 milliseconds in repetition 7
tcp_ping received 524288 bytes back
Round trip time was 1.58541 milliseconds in repetition 8
tcp_ping received 524288 bytes back
Round trip time was 1.56206 milliseconds in repetition 9
tcp_ping received 524288 bytes back
Round trip time was 1.58609 milliseconds in repetition 10
tcp_ping received 524288 bytes back
Round trip time was 1.74034 milliseconds in repetition 11
tcp_ping received 524288 bytes back
Round trip time was 1.58181 milliseconds in repetition 12
tcp_ping received 524288 bytes back
Round trip time was 1.59692 milliseconds in repetition 13
tcp_ping received 524288 bytes back
Round trip time was 1.63729 milliseconds in repetition 14
tcp_ping received 524288 bytes back
Round trip time was 1.5647 milliseconds in repetition 15
tcp_ping received 524288 bytes back
Round trip time was 1.57189 milliseconds in repetition 16
tcp_ping received 524288 bytes back
Round trip time was 1.54873 milliseconds in repetition 17
tcp_ping received 524288 bytes back
Round trip time was 1.56304 milliseconds in repetition 18
tcp_ping received 524288 bytes back
Round trip time was 1.57242 milliseconds in repetition 19
tcp_ping received 524288 bytes back
Round trip time was 1.56839 milliseconds in repetition 20
tcp_ping received 524288 bytes back
Round trip time was 1.68791 milliseconds in repetition 21
tcp_ping received 524288 bytes back
Round trip time was 1.60261 milliseconds in repetition 22
tcp_ping received 524288 bytes back
Round trip time was 1.59135 milliseconds in repetition 23
tcp_ping received 524288 bytes back
Round trip time was 1.57797 milliseconds in repetition 24
tcp_ping received 524288 bytes back
Round trip time was 1.57452 milliseconds in repetition 25
tcp_ping received 524288 bytes back
Round trip time was 1.59041 milliseconds in repetition 26
tcp_ping received 524288 bytes back
Round trip time was 1.57664 milliseconds in repetition 27
tcp_ping received 524288 bytes back
Round trip time was 1.57262 milliseconds in repetition 28
tcp_ping received 524288 bytes back
Round trip time was 1.58923 milliseconds in repetition 29
tcp_ping received 524288 bytes back
Round trip time was 1.56678 milliseconds in repetition 30
tcp_ping received 524288 bytes back
Round trip time was 1.58657 milliseconds in repetition 31
tcp_ping received 524288 bytes back
Round trip time was 1.56866 milliseconds in repetition 32
tcp_ping received 524288 bytes back
Round trip time was 1.59675 milliseconds in repetition 33
tcp_ping received 524288 bytes back
Round trip time was 1.68326 milliseconds in repetition 34
tcp_ping received 524288 bytes back
Round trip time was 1.60743 milliseconds in repetition 35
tcp_ping received 524288 bytes back
Round trip time was 1.56133 milliseconds in repetition 36
tcp_ping received 524288 bytes back
Round trip time was 1.57065 milliseconds in repetition 37
tcp_ping received 524288 bytes back
Round trip time was 1.58086 milliseconds in repetition 38
tcp_ping received 524288 bytes back
Round trip time was 1.59082 milliseconds in repetition 39
tcp_ping received 524288 bytes back
Round trip time was 1.56888 milliseconds in repetition 40
tcp_ping received 524288 bytes back
Round trip time was 1.58178 milliseconds in repetition 41
tcp_ping received 524288 bytes back
Round trip time was 1.5651 milliseconds in repetition 42
tcp_ping received 524288 bytes back
Round trip time was 1.57681 milliseconds in repetition 43
tcp_ping received 524288 bytes back
Round trip time was 1.59637 milliseconds in repetition 44
tcp_ping received 524288 bytes back
Round trip time was 1.66162 milliseconds in repetition 45
tcp_ping received 524288 bytes back
Round trip time was 1.56227 milliseconds in repetition 46
tcp_ping received 524288 bytes back
Round trip time was 1.56953 milliseconds in repetition 47
tcp_ping received 524288 bytes back
Round trip time was 1.5698 milliseconds in repetition 48
tcp_ping received 524288 bytes back
Round trip time was 1.56478 milliseconds in repetition 49
tcp_ping received 524288 bytes back
Round trip time was 1.59292 milliseconds in repetition 50
tcp_ping received 524288 bytes back
Round trip time was 1.61247 milliseconds in repetition 51
tcp_ping received 524288 bytes back
Round trip time was 1.56368 milliseconds in repetition 52
tcp_ping received 524288 bytes back
Round trip time was 1.60626 milliseconds in repetition 53
tcp_ping received 524288 bytes back
Round trip time was 1.59673 milliseconds in repetition 54
tcp_ping received 524288 bytes back
Round trip time was 1.68258 milliseconds in repetition 55
tcp_ping received 524288 bytes back
Round trip time was 1.58781 milliseconds in repetition 56
tcp_ping received 524288 bytes back
Round trip time was 1.63835 milliseconds in repetition 57
tcp_ping received 524288 bytes back
Round trip time was 1.58177 milliseconds in repetition 58
tcp_ping received 524288 bytes back
Round trip time was 1.5811 milliseconds in repetition 59
tcp_ping received 524288 bytes back
Round trip time was 1.57884 milliseconds in repetition 60
tcp_ping received 524288 bytes back
Round trip time was 1.57707 milliseconds in repetition 61
tcp_ping received 524288 bytes back
Round trip time was 1.58513 milliseconds in repetition 62
tcp_ping received 524288 bytes back
Round trip time was 1.6549 milliseconds in repetition 63
tcp_ping received 524288 bytes back
Round trip time was 1.60942 milliseconds in repetition 64
tcp_ping received 524288 bytes back
Round trip time was 1.56518 milliseconds in repetition 65
tcp_ping received 524288 bytes back
Round trip time was 1.56675 milliseconds in repetition 66
tcp_ping received 524288 bytes back
Round trip time was 1.58371 milliseconds in repetition 67
tcp_ping received 524288 bytes back
Round trip time was 1.58044 milliseconds in repetition 68
tcp_ping received 524288 bytes back
Round trip time was 1.56584 milliseconds in repetition 69
tcp_ping received 524288 bytes back
Round trip time was 1.55777 milliseconds in repetition 70
tcp_ping received 524288 bytes back
Round trip time was 1.60098 milliseconds in repetition 71
tcp_ping received 524288 bytes back
Round trip time was 1.56721 milliseconds in repetition 72
tcp_ping received 524288 bytes back
Round trip time was 1.59569 milliseconds in repetition 73
tcp_ping received 524288 bytes back
Round trip time was 1.58778 milliseconds in repetition 74
tcp_ping received 524288 bytes back
Round trip time was 1.58278 milliseconds in repetition 75
tcp_ping received 524288 bytes back
Round trip time was 1.59488 milliseconds in repetition 76
tcp_ping received 524288 bytes back
Round trip time was 1.60705 milliseconds in repetition 77
tcp_ping received 524288 bytes back
Round trip time was 1.58523 milliseconds in repetition 78
tcp_ping received 524288 bytes back
Round trip time was 1.60891 milliseconds in repetition 79
tcp_ping received 524288 bytes back
Round trip time was 1.5663 milliseconds in repetition 80
tcp_ping received 524288 bytes back
Round trip time was 1.58826 milliseconds in repetition 81
tcp_ping received 524288 bytes back
Round trip time was 1.5655 milliseconds in repetition 82
tcp_ping received 524288 bytes back
Round trip time was 1.5749 milliseconds in repetition 83
tcp_ping received 524288 bytes back
Round trip time was 1.59643 milliseconds in repetition 84
tcp_ping received 524288 bytes back
Round trip time was 1.54907 milliseconds in repetition 85
tcp_ping received 524288 bytes back
Round trip time was 1.58198 milliseconds in repetition 86
tcp_ping received 524288 bytes back
Round trip time was 1.56398 milliseconds in repetition 87
tcp_ping received 524288 bytes back
Round trip time was 1.5647 milliseconds in repetition 88
tcp_ping received 524288 bytes back
Round trip time was 1.56861 milliseconds in repetition 89
tcp_ping received 524288 bytes back
Round trip time was 1.59532 milliseconds in repetition 90
tcp_ping received 524288 bytes back
Round trip time was 1.55584 milliseconds in repetition 91
tcp_ping received 524288 bytes back
Round trip time was 1.57515 milliseconds in repetition 92
tcp_ping received 524288 bytes back
Round trip time was 2.15061 milliseconds in repetition 93
tcp_ping received 524288 bytes back
Round trip time was 1.60304 milliseconds in repetition 94
tcp_ping received 524288 bytes back
Round trip time was 1.55912 milliseconds in repetition 95
tcp_ping received 524288 bytes back
Round trip time was 1.60077 milliseconds in repetition 96
tcp_ping received 524288 bytes back
Round trip time was 1.55223 milliseconds in repetition 97
tcp_ping received 524288 bytes back
Round trip time was 1.54961 milliseconds in repetition 98
tcp_ping received 524288 bytes back
Round trip time was 1.58207 milliseconds in repetition 99
tcp_ping received 524288 bytes back
Round trip time was 1.5505 milliseconds in repetition 100
tcp_ping received 524288 bytes back
Round trip time was 1.55405 milliseconds in repetition 101
tcp_ping received 524288 bytes back
Round trip time was 1.56801 milliseconds in repetition 102
tcp_ping received 524288 bytes back
Round trip time was 1.56507 milliseconds in repetition 103
tcp_ping received 524288 bytes back
Round trip time was 1.56491 milliseconds in repetition 104
tcp_ping received 524288 bytes back
Round trip time was 1.5505 milliseconds in repetition 105
tcp_ping received 524288 bytes back
Round trip time was 1.55316 milliseconds in repetition 106
tcp_ping received 524288 bytes back
Round trip time was 1.5485 milliseconds in repetition 107
tcp_ping received 524288 bytes back
Round trip time was 1.57337 milliseconds in repetition 108
tcp_ping received 524288 bytes back
Round trip time was 1.59759 milliseconds in repetition 109
tcp_ping received 524288 bytes back
Round trip time was 1.57003 milliseconds in repetition 110
tcp_ping received 524288 bytes back
Round trip time was 1.58938 milliseconds in repetition 111
tcp_ping received 524288 bytes back
Round trip time was 1.61399 milliseconds in repetition 112
tcp_ping received 524288 bytes back
Round trip time was 1.60241 milliseconds in repetition 113
tcp_ping received 524288 bytes back
Round trip time was 1.58904 milliseconds in repetition 114
tcp_ping received 524288 bytes back
Round trip time was 1.57149 milliseconds in repetition 115
tcp_ping received 524288 bytes back
Round trip time was 1.56696 milliseconds in repetition 116
tcp_ping received 524288 bytes back
Round trip time was 1.61634 milliseconds in repetition 117
tcp_ping received 524288 bytes back
Round trip time was 1.57139 milliseconds in repetition 118
tcp_ping received 524288 bytes back
Round trip time was 1.57064 milliseconds in repetition 119
tcp_ping received 524288 bytes back
Round trip time was 1.60513 milliseconds in repetition 120
tcp_ping received 524288 bytes back
Round trip time was 1.60397 milliseconds in repetition 121
tcp_ping received 524288 bytes back
Round trip time was 1.57394 milliseconds in repetition 122
tcp_ping received 524288 bytes back
Round trip time was 1.57826 milliseconds in repetition 123
tcp_ping received 524288 bytes back
Round trip time was 1.57801 milliseconds in repetition 124
tcp_ping received 524288 bytes back
Round trip time was 1.58735 milliseconds in repetition 125
tcp_ping received 524288 bytes back
Round trip time was 1.56834 milliseconds in repetition 126
tcp_ping received 524288 bytes back
Round trip time was 1.58587 milliseconds in repetition 127
tcp_ping received 524288 bytes back
Round trip time was 1.57769 milliseconds in repetition 128
tcp_ping received 524288 bytes back
Round trip time was 1.59725 milliseconds in repetition 129
tcp_ping received 524288 bytes back
Round trip time was 1.58701 milliseconds in repetition 130
tcp_ping received 524288 bytes back
Round trip time was 1.56634 milliseconds in repetition 131
tcp_ping received 524288 bytes back
Round trip time was 1.57371 milliseconds in repetition 132
tcp_ping received 524288 bytes back
Round trip time was 1.61245 milliseconds in repetition 133
tcp_ping received 524288 bytes back
Round trip time was 1.60477 milliseconds in repetition 134
tcp_ping received 524288 bytes back
Round trip time was 1.59502 milliseconds in repetition 135
tcp_ping received 524288 bytes back
Round trip time was 1.56063 milliseconds in repetition 136
tcp_ping received 524288 bytes back
Round trip time was 1.57965 milliseconds in repetition 137
tcp_ping received 524288 bytes back
Round trip time was 1.62667 milliseconds in repetition 138
tcp_ping received 524288 bytes back
Round trip time was 1.55985 milliseconds in repetition 139
tcp_ping received 524288 bytes back
Round trip time was 1.56736 milliseconds in repetition 140
tcp_ping received 524288 bytes back
Round trip time was 1.54967 milliseconds in repetition 141
tcp_ping received 524288 bytes back
Round trip time was 1.57334 milliseconds in repetition 142
tcp_ping received 524288 bytes back
Round trip time was 1.57057 milliseconds in repetition 143
tcp_ping received 524288 bytes back
Round trip time was 1.57404 milliseconds in repetition 144
tcp_ping received 524288 bytes back
Round trip time was 1.55071 milliseconds in repetition 145
tcp_ping received 524288 bytes back
Round trip time was 1.57478 milliseconds in repetition 146
tcp_ping received 524288 bytes back
Round trip time was 1.60083 milliseconds in repetition 147
tcp_ping received 524288 bytes back
Round trip time was 1.57976 milliseconds in repetition 148
tcp_ping received 524288 bytes back
Round trip time was 1.57019 milliseconds in repetition 149
tcp_ping received 524288 bytes back
Round trip time was 1.55593 milliseconds in repetition 150
tcp_ping received 524288 bytes back
Round trip time was 1.57444 milliseconds in repetition 151
tcp_ping received 524288 bytes back
Round trip time was 1.61803 milliseconds in repetition 152
tcp_ping received 524288 bytes back
Round trip time was 1.55833 milliseconds in repetition 153
tcp_ping received 524288 bytes back
Round trip time was 1.56745 milliseconds in repetition 154
tcp_ping received 524288 bytes back
Round trip time was 1.55791 milliseconds in repetition 155
tcp_ping received 524288 bytes back
Round trip time was 1.65082 milliseconds in repetition 156
tcp_ping received 524288 bytes back
Round trip time was 1.58915 milliseconds in repetition 157
tcp_ping received 524288 bytes back
Round trip time was 1.58894 milliseconds in repetition 158
tcp_ping received 524288 bytes back
Round trip time was 1.58342 milliseconds in repetition 159
tcp_ping received 524288 bytes back
Round trip time was 1.58843 milliseconds in repetition 160
tcp_ping received 524288 bytes back
Round trip time was 1.57688 milliseconds in repetition 161
tcp_ping received 524288 bytes back
Round trip time was 1.5733 milliseconds in repetition 162
tcp_ping received 524288 bytes back
Round trip time was 1.57165 milliseconds in repetition 163
tcp_ping received 524288 bytes back
Round trip time was 1.56355 milliseconds in repetition 164
tcp_ping received 524288 bytes back
Round trip time was 1.59297 milliseconds in repetition 165
tcp_ping received 524288 bytes back
Round trip time was 1.60385 milliseconds in repetition 166
tcp_ping received 524288 bytes back
Round trip time was 1.57933 milliseconds in repetition 167
tcp_ping received 524288 bytes back
Round trip time was 1.56263 milliseconds in repetition 168
tcp_ping received 524288 bytes back
Round trip time was 1.58845 milliseconds in repetition 169
tcp_ping received 524288 bytes back
Round trip time was 1.59219 milliseconds in repetition 170
tcp_ping received 524288 bytes back
Round trip time was 1.55511 milliseconds in repetition 171
tcp_ping received 524288 bytes back
Round trip time was 1.55892 milliseconds in repetition 172
tcp_ping received 524288 bytes back
Round trip time was 1.59806 milliseconds in repetition 173
tcp_ping received 524288 bytes back
Round trip time was 1.60121 milliseconds in repetition 174
tcp_ping received 524288 bytes back
Round trip time was 1.59778 milliseconds in repetition 175
tcp_ping received 524288 bytes back
Round trip time was 1.58192 milliseconds in repetition 176
tcp_ping received 524288 bytes back
Round trip time was 1.61204 milliseconds in repetition 177
tcp_ping received 524288 bytes back
Round trip time was 1.58259 milliseconds in repetition 178
tcp_ping received 524288 bytes back
Round trip time was 1.57531 milliseconds in repetition 179
tcp_ping received 524288 bytes back
Round trip time was 1.57142 milliseconds in repetition 180
tcp_ping received 524288 bytes back
Round trip time was 1.61538 milliseconds in repetition 181
tcp_ping received 524288 bytes back
Round trip time was 1.58784 milliseconds in repetition 182
tcp_ping received 524288 bytes back
Round trip time was 1.56967 milliseconds in repetition 183
tcp_ping received 524288 bytes back
Round trip time was 1.56822 milliseconds in repetition 184
tcp_ping received 524288 bytes back
Round trip time was 1.56108 milliseconds in repetition 185
tcp_ping received 524288 bytes back
Round trip time was 1.55479 milliseconds in repetition 186
tcp_ping received 524288 bytes back
Round trip time was 1.56868 milliseconds in repetition 187
tcp_ping received 524288 bytes back
Round trip time was 1.59066 milliseconds in repetition 188
tcp_ping received 524288 bytes back
Round trip time was 1.5805 milliseconds in repetition 189
tcp_ping received 524288 bytes back
Round trip time was 1.58027 milliseconds in repetition 190
tcp_ping received 524288 bytes back
Round trip time was 1.59363 milliseconds in repetition 191
tcp_ping received 524288 bytes back
Round trip time was 1.5721 milliseconds in repetition 192
tcp_ping received 524288 bytes back
Round trip time was 1.56466 milliseconds in repetition 193
tcp_ping received 524288 bytes back
Round trip time was 1.56428 milliseconds in repetition 194
tcp_ping received 524288 bytes back
Round trip time was 1.62646 milliseconds in repetition 195
tcp_ping received 524288 bytes back
Round trip time was 1.61728 milliseconds in repetition 196
tcp_ping received 524288 bytes back
Round trip time was 1.63874 milliseconds in repetition 197
tcp_ping received 524288 bytes back
Round trip time was 1.57482 milliseconds in repetition 198
tcp_ping received 524288 bytes back
Round trip time was 1.58366 milliseconds in repetition 199
tcp_ping received 524288 bytes back
Round trip time was 1.59691 milliseconds in repetition 200
tcp_ping received 524288 bytes back
Round trip time was 1.58298 milliseconds in repetition 201
tcp_ping received 524288 bytes back
Round trip time was 1.59043 milliseconds in repetition 202
tcp_ping received 524288 bytes back
Round trip time was 1.58725 milliseconds in repetition 203
tcp_ping received 524288 bytes back
Round trip time was 1.56551 milliseconds in repetition 204
tcp_ping received 524288 bytes back
Round trip time was 1.57668 milliseconds in repetition 205
tcp_ping received 524288 bytes back
Round trip time was 1.56489 milliseconds in repetition 206
tcp_ping received 524288 bytes back
Round trip time was 1.57683 milliseconds in repetition 207
tcp_ping received 524288 bytes back
Round trip time was 1.56633 milliseconds in repetition 208
tcp_ping received 524288 bytes back
Round trip time was 1.60569 milliseconds in repetition 209
tcp_ping received 524288 bytes back
Round trip time was 1.57198 milliseconds in repetition 210
tcp_ping received 524288 bytes back
Round trip time was 1.57221 milliseconds in repetition 211
tcp_ping received 524288 bytes back
Round trip time was 1.56729 milliseconds in repetition 212
tcp_ping received 524288 bytes back
Round trip time was 1.5636 milliseconds in repetition 213
tcp_ping received 524288 bytes back
Round trip time was 1.56338 milliseconds in repetition 214
tcp_ping received 524288 bytes back
Round trip time was 1.59295 milliseconds in repetition 215
tcp_ping received 524288 bytes back
Round trip time was 1.60898 milliseconds in repetition 216
tcp_ping received 524288 bytes back
Round trip time was 1.57284 milliseconds in repetition 217
tcp_ping received 524288 bytes back
Round trip time was 1.5873 milliseconds in repetition 218
tcp_ping received 524288 bytes back
Round trip time was 1.57091 milliseconds in repetition 219
tcp_ping received 524288 bytes back
Round trip time was 1.59295 milliseconds in repetition 220
tcp_ping received 524288 bytes back
Round trip time was 1.58141 milliseconds in repetition 221
tcp_ping received 524288 bytes back
Round trip time was 1.64183 milliseconds in repetition 222
tcp_ping received 524288 bytes back
Round trip time was 1.58969 milliseconds in repetition 223
tcp_ping received 524288 bytes back
Round trip time was 1.57697 milliseconds in repetition 224
tcp_ping received 524288 bytes back
Round trip time was 1.56576 milliseconds in repetition 225
tcp_ping received 524288 bytes back
Round trip time was 1.57809 milliseconds in repetition 226
tcp_ping received 524288 bytes back
Round trip time was 1.58126 milliseconds in repetition 227
tcp_ping received 524288 bytes back
Round trip time was 1.5821 milliseconds in repetition 228
tcp_ping received 524288 bytes back
Round trip time was 1.56404 milliseconds in repetition 229
tcp_ping received 524288 bytes back
Round trip time was 1.57233 milliseconds in repetition 230
tcp_ping received 524288 bytes back
Round trip time was 1.57099 milliseconds in repetition 231
tcp_ping received 524288 bytes back
Round trip time was 1.57866 milliseconds in repetition 232
tcp_ping received 524288 bytes back
Round trip time was 1.56748 milliseconds in repetition 233
tcp_ping received 524288 bytes back
Round trip time was 1.56863 milliseconds in repetition 234
tcp_ping received 524288 bytes back
Round trip time was 1.60754 milliseconds in repetition 235
tcp_ping received 524288 bytes back
Round trip time was 1.58545 milliseconds in repetition 236
tcp_ping received 524288 bytes back
Round trip time was 1.641 milliseconds in repetition 237
tcp_ping received 524288 bytes back
Round trip time was 1.6097 milliseconds in repetition 238
tcp_ping received 524288 bytes back
Round trip time was 1.5731 milliseconds in repetition 239
tcp_ping received 524288 bytes back
Round trip time was 1.5759 milliseconds in repetition 240
tcp_ping received 524288 bytes back
Round trip time was 1.58661 milliseconds in repetition 241
tcp_ping received 524288 bytes back
Round trip time was 1.57021 milliseconds in repetition 242
tcp_ping received 524288 bytes back
Round trip time was 1.57692 milliseconds in repetition 243
tcp_ping received 524288 bytes back
Round trip time was 1.57336 milliseconds in repetition 244
tcp_ping received 524288 bytes back
Round trip time was 1.60179 milliseconds in repetition 245
tcp_ping received 524288 bytes back
Round trip time was 1.58316 milliseconds in repetition 246
tcp_ping received 524288 bytes back
Round trip time was 1.5682 milliseconds in repetition 247
tcp_ping received 524288 bytes back
Round trip time was 1.57268 milliseconds in repetition 248
tcp_ping received 524288 bytes back
Round trip time was 1.56841 milliseconds in repetition 249
tcp_ping received 524288 bytes back
Round trip time was 1.57819 milliseconds in repetition 250
tcp_ping received 524288 bytes back
Round trip time was 1.57253 milliseconds in repetition 251
tcp_ping received 524288 bytes back
Round trip time was 1.61382 milliseconds in repetition 252
tcp_ping received 524288 bytes back
Round trip time was 1.56469 milliseconds in repetition 253
tcp_ping received 524288 bytes back
Round trip time was 1.53778 milliseconds in repetition 254
tcp_ping received 524288 bytes back
Round trip time was 1.58623 milliseconds in repetition 255
tcp_ping received 524288 bytes back
Round trip time was 1.54934 milliseconds in repetition 256
tcp_ping received 524288 bytes back
Round trip time was 1.53835 milliseconds in repetition 257
tcp_ping received 524288 bytes back
Round trip time was 1.6254 milliseconds in repetition 258
tcp_ping received 524288 bytes back
Round trip time was 1.62629 milliseconds in repetition 259
tcp_ping received 524288 bytes back
Round trip time was 1.59246 milliseconds in repetition 260
tcp_ping received 524288 bytes back
Round trip time was 1.55826 milliseconds in repetition 261
tcp_ping received 524288 bytes back
Round trip time was 1.61517 milliseconds in repetition 262
tcp_ping received 524288 bytes back
Round trip time was 1.56915 milliseconds in repetition 263
tcp_ping received 524288 bytes back
Round trip time was 1.53511 milliseconds in repetition 264
tcp_ping received 524288 bytes back
Round trip time was 1.53825 milliseconds in repetition 265
tcp_ping received 524288 bytes back
Round trip time was 1.56311 milliseconds in repetition 266
tcp_ping received 524288 bytes back
Round trip time was 1.53482 milliseconds in repetition 267
tcp_ping received 524288 bytes back
Round trip time was 1.59071 milliseconds in repetition 268
tcp_ping received 524288 bytes back
Round trip time was 1.53993 milliseconds in repetition 269
tcp_ping received 524288 bytes back
Round trip time was 1.59919 milliseconds in repetition 270
tcp_ping received 524288 bytes back
Round trip time was 1.53575 milliseconds in repetition 271
tcp_ping received 524288 bytes back
Round trip time was 1.61281 milliseconds in repetition 272
tcp_ping received 524288 bytes back
Round trip time was 1.58805 milliseconds in repetition 273
tcp_ping received 524288 bytes back
Round trip time was 1.53444 milliseconds in repetition 274
tcp_ping received 524288 bytes back
Round trip time was 1.56852 milliseconds in repetition 275
tcp_ping received 524288 bytes back
Round trip time was 1.54781 milliseconds in repetition 276
tcp_ping received 524288 bytes back
Round trip time was 1.57907 milliseconds in repetition 277
tcp_ping received 524288 bytes back
Round trip time was 1.54356 milliseconds in repetition 278
tcp_ping received 524288 bytes back
Round trip time was 1.61853 milliseconds in repetition 279
tcp_ping received 524288 bytes back
Round trip time was 1.5784 milliseconds in repetition 280
tcp_ping received 524288 bytes back
Round trip time was 1.57883 milliseconds in repetition 281
tcp_ping received 524288 bytes back
Round trip time was 1.53995 milliseconds in repetition 282
tcp_ping received 524288 bytes back
Round trip time was 1.58027 milliseconds in repetition 283
tcp_ping received 524288 bytes back
Round trip time was 1.57321 milliseconds in repetition 284
tcp_ping received 524288 bytes back
Round trip time was 1.53616 milliseconds in repetition 285
tcp_ping received 524288 bytes back
Round trip time was 1.58605 milliseconds in repetition 286
tcp_ping received 524288 bytes back
Round trip time was 1.54674 milliseconds in repetition 287
tcp_ping received 524288 bytes back
Round trip time was 1.6149 milliseconds in repetition 288
tcp_ping received 524288 bytes back
Round trip time was 1.55863 milliseconds in repetition 289
tcp_ping received 524288 bytes back
Round trip time was 1.54002 milliseconds in repetition 290
tcp_ping received 524288 bytes back
Round trip time was 1.6346 milliseconds in repetition 291
tcp_ping received 524288 bytes back
Round trip time was 1.53983 milliseconds in repetition 292
tcp_ping received 524288 bytes back
Round trip time was 1.57849 milliseconds in repetition 293
tcp_ping received 524288 bytes back
Round trip time was 1.60861 milliseconds in repetition 294
tcp_ping received 524288 bytes back
Round trip time was 1.5319 milliseconds in repetition 295
tcp_ping received 524288 bytes back
Round trip time was 1.60058 milliseconds in repetition 296
tcp_ping received 524288 bytes back
Round trip time was 1.55861 milliseconds in repetition 297
tcp_ping received 524288 bytes back
Round trip time was 1.64683 milliseconds in repetition 298
tcp_ping received 524288 bytes back
Round trip time was 1.5344 milliseconds in repetition 299
tcp_ping received 524288 bytes back
Round trip time was 1.54185 milliseconds in repetition 300
tcp_ping received 524288 bytes back
Round trip time was 1.60421 milliseconds in repetition 301
tcp_ping received 524288 bytes back
Round trip time was 1.59939 milliseconds in repetition 302
tcp_ping received 524288 bytes back
Round trip time was 1.58768 milliseconds in repetition 303
tcp_ping received 524288 bytes back
Round trip time was 1.53522 milliseconds in repetition 304
tcp_ping received 524288 bytes back
Round trip time was 1.55688 milliseconds in repetition 305
tcp_ping received 524288 bytes back
Round trip time was 1.61495 milliseconds in repetition 306
tcp_ping received 524288 bytes back
Round trip time was 1.53023 milliseconds in repetition 307
tcp_ping received 524288 bytes back
Round trip time was 1.59385 milliseconds in repetition 308
tcp_ping received 524288 bytes back
Round trip time was 1.5562 milliseconds in repetition 309
tcp_ping received 524288 bytes back
Round trip time was 1.55147 milliseconds in repetition 310
tcp_ping received 524288 bytes back
Round trip time was 1.59331 milliseconds in repetition 311
tcp_ping received 524288 bytes back
Round trip time was 1.5321 milliseconds in repetition 312
tcp_ping received 524288 bytes back
Round trip time was 1.53077 milliseconds in repetition 313
tcp_ping received 524288 bytes back
Round trip time was 1.60659 milliseconds in repetition 314
tcp_ping received 524288 bytes back
Round trip time was 1.54527 milliseconds in repetition 315
tcp_ping received 524288 bytes back
Round trip time was 1.59923 milliseconds in repetition 316
tcp_ping received 524288 bytes back
Round trip time was 1.53652 milliseconds in repetition 317
tcp_ping received 524288 bytes back
Round trip time was 1.53312 milliseconds in repetition 318
tcp_ping received 524288 bytes back
Round trip time was 1.57955 milliseconds in repetition 319
tcp_ping received 524288 bytes back
Round trip time was 1.53283 milliseconds in repetition 320
tcp_ping received 524288 bytes back
Round trip time was 1.58091 milliseconds in repetition 321
tcp_ping received 524288 bytes back
Round trip time was 1.55888 milliseconds in repetition 322
tcp_ping received 524288 bytes back
Round trip time was 1.56255 milliseconds in repetition 323
tcp_ping received 524288 bytes back
Round trip time was 1.64059 milliseconds in repetition 324
tcp_ping received 524288 bytes back
Round trip time was 1.53278 milliseconds in repetition 325
tcp_ping received 524288 bytes back
Round trip time was 1.59267 milliseconds in repetition 326
tcp_ping received 524288 bytes back
Round trip time was 1.54151 milliseconds in repetition 327
tcp_ping received 524288 bytes back
Round trip time was 1.52973 milliseconds in repetition 328
tcp_ping received 524288 bytes back
Round trip time was 1.59935 milliseconds in repetition 329
tcp_ping received 524288 bytes back
Round trip time was 1.53166 milliseconds in repetition 330
tcp_ping received 524288 bytes back
Round trip time was 1.59184 milliseconds in repetition 331
tcp_ping received 524288 bytes back
Round trip time was 1.58898 milliseconds in repetition 332
tcp_ping received 524288 bytes back
Round trip time was 1.57271 milliseconds in repetition 333
tcp_ping received 524288 bytes back
Round trip time was 1.63293 milliseconds in repetition 334
tcp_ping received 524288 bytes back
Round trip time was 1.62443 milliseconds in repetition 335
tcp_ping received 524288 bytes back
Round trip time was 1.62623 milliseconds in repetition 336
tcp_ping received 524288 bytes back
Round trip time was 1.64809 milliseconds in repetition 337
tcp_ping received 524288 bytes back
Round trip time was 1.57553 milliseconds in repetition 338
tcp_ping received 524288 bytes back
Round trip time was 1.61746 milliseconds in repetition 339
tcp_ping received 524288 bytes back
Round trip time was 1.53806 milliseconds in repetition 340
tcp_ping received 524288 bytes back
Round trip time was 1.58661 milliseconds in repetition 341
tcp_ping received 524288 bytes back
Round trip time was 1.54312 milliseconds in repetition 342
tcp_ping received 524288 bytes back
Round trip time was 2.23956 milliseconds in repetition 343
tcp_ping received 524288 bytes back
Round trip time was 1.7769 milliseconds in repetition 344
tcp_ping received 524288 bytes back
Round trip time was 1.55412 milliseconds in repetition 345
tcp_ping received 524288 bytes back
Round trip time was 1.57057 milliseconds in repetition 346
tcp_ping received 524288 bytes back
Round trip time was 1.55023 milliseconds in repetition 347
tcp_ping received 524288 bytes back
Round trip time was 1.60161 milliseconds in repetition 348
tcp_ping received 524288 bytes back
Round trip time was 1.53092 milliseconds in repetition 349
tcp_ping received 524288 bytes back
Round trip time was 1.54138 milliseconds in repetition 350
tcp_ping received 524288 bytes back
Round trip time was 1.57345 milliseconds in repetition 351
tcp_ping received 524288 bytes back
Round trip time was 1.53104 milliseconds in repetition 352
tcp_ping received 524288 bytes back
Round trip time was 1.66123 milliseconds in repetition 353
tcp_ping received 524288 bytes back
Round trip time was 1.53503 milliseconds in repetition 354
tcp_ping received 524288 bytes back
Round trip time was 1.5284 milliseconds in repetition 355
tcp_ping received 524288 bytes back
Round trip time was 1.5864 milliseconds in repetition 356
tcp_ping received 524288 bytes back
Round trip time was 1.5421 milliseconds in repetition 357
tcp_ping received 524288 bytes back
Round trip time was 1.53113 milliseconds in repetition 358
tcp_ping received 524288 bytes back
Round trip time was 1.59979 milliseconds in repetition 359
tcp_ping received 524288 bytes back
Round trip time was 1.54282 milliseconds in repetition 360
tcp_ping received 524288 bytes back
Round trip time was 1.58613 milliseconds in repetition 361
tcp_ping received 524288 bytes back
Round trip time was 1.53752 milliseconds in repetition 362
tcp_ping received 524288 bytes back
Round trip time was 1.75763 milliseconds in repetition 363
tcp_ping received 524288 bytes back
Round trip time was 2.37094 milliseconds in repetition 364
tcp_ping received 524288 bytes back
Round trip time was 1.57187 milliseconds in repetition 365
tcp_ping received 524288 bytes back
Round trip time was 1.68728 milliseconds in repetition 366
tcp_ping received 524288 bytes back
Round trip time was 1.5614 milliseconds in repetition 367
tcp_ping received 524288 bytes back
Round trip time was 1.58713 milliseconds in repetition 368
tcp_ping received 524288 bytes back
Round trip time was 1.5429 milliseconds in repetition 369
tcp_ping received 524288 bytes back
Round trip time was 1.52833 milliseconds in repetition 370
tcp_ping received 524288 bytes back
Round trip time was 1.58335 milliseconds in repetition 371
tcp_ping received 524288 bytes back
Round trip time was 1.55214 milliseconds in repetition 372
tcp_ping received 524288 bytes back
Round trip time was 1.57875 milliseconds in repetition 373
tcp_ping received 524288 bytes back
Round trip time was 1.57714 milliseconds in repetition 374
tcp_ping received 524288 bytes back
Round trip time was 1.52953 milliseconds in repetition 375
tcp_ping received 524288 bytes back
Round trip time was 1.53256 milliseconds in repetition 376
tcp_ping received 524288 bytes back
Round trip time was 1.53643 milliseconds in repetition 377
tcp_ping received 524288 bytes back
Round trip time was 1.58033 milliseconds in repetition 378
tcp_ping received 524288 bytes back
Round trip time was 1.54418 milliseconds in repetition 379
tcp_ping received 524288 bytes back
Round trip time was 1.53181 milliseconds in repetition 380
tcp_ping received 524288 bytes back
Round trip time was 1.53779 milliseconds in repetition 381
tcp_ping received 524288 bytes back
Round trip time was 1.53363 milliseconds in repetition 382
tcp_ping received 524288 bytes back
Round trip time was 1.63799 milliseconds in repetition 383
tcp_ping received 524288 bytes back
Round trip time was 1.94844 milliseconds in repetition 384
tcp_ping received 524288 bytes back
Round trip time was 2.03634 milliseconds in repetition 385
tcp_ping received 524288 bytes back
Round trip time was 1.54171 milliseconds in repetition 386
tcp_ping received 524288 bytes back
Round trip time was 1.5373 milliseconds in repetition 387
tcp_ping received 524288 bytes back
Round trip time was 1.65384 milliseconds in repetition 388
tcp_ping received 524288 bytes back
Round trip time was 1.53093 milliseconds in repetition 389
tcp_ping received 524288 bytes back
Round trip time was 1.52831 milliseconds in repetition 390
tcp_ping received 524288 bytes back
Round trip time was 1.57406 milliseconds in repetition 391
tcp_ping received 524288 bytes back
Round trip time was 1.54394 milliseconds in repetition 392
tcp_ping received 524288 bytes back
Round trip time was 1.5934 milliseconds in repetition 393
tcp_ping received 524288 bytes back
Round trip time was 1.59783 milliseconds in repetition 394
tcp_ping received 524288 bytes back
Round trip time was 1.66663 milliseconds in repetition 395
tcp_ping received 524288 bytes back
Round trip time was 1.6161 milliseconds in repetition 396
tcp_ping received 524288 bytes back
Round trip time was 1.66482 milliseconds in repetition 397
tcp_ping received 524288 bytes back
Round trip time was 1.56704 milliseconds in repetition 398
tcp_ping received 524288 bytes back
Round trip time was 1.54953 milliseconds in repetition 399
tcp_ping received 524288 bytes back
Round trip time was 1.65706 milliseconds in repetition 400
tcp_ping received 524288 bytes back
Round trip time was 1.55147 milliseconds in repetition 401
tcp_ping received 524288 bytes back
Round trip time was 1.5383 milliseconds in repetition 402
tcp_ping received 524288 bytes back
Round trip time was 1.62477 milliseconds in repetition 403
tcp_ping received 524288 bytes back
Round trip time was 1.56276 milliseconds in repetition 404
tcp_ping received 524288 bytes back
Round trip time was 2.59901 milliseconds in repetition 405
tcp_ping received 524288 bytes back
Round trip time was 1.63759 milliseconds in repetition 406
tcp_ping received 524288 bytes back
Round trip time was 1.58531 milliseconds in repetition 407
tcp_ping received 524288 bytes back
Round trip time was 1.70885 milliseconds in repetition 408
tcp_ping received 524288 bytes back
Round trip time was 1.69771 milliseconds in repetition 409
tcp_ping received 524288 bytes back
Round trip time was 1.57899 milliseconds in repetition 410
tcp_ping received 524288 bytes back
Round trip time was 1.54185 milliseconds in repetition 411
tcp_ping received 524288 bytes back
Round trip time was 1.58842 milliseconds in repetition 412
tcp_ping received 524288 bytes back
Round trip time was 1.53534 milliseconds in repetition 413
tcp_ping received 524288 bytes back
Round trip time was 1.53215 milliseconds in repetition 414
tcp_ping received 524288 bytes back
Round trip time was 1.57525 milliseconds in repetition 415
tcp_ping received 524288 bytes back
Round trip time was 1.53656 milliseconds in repetition 416
tcp_ping received 524288 bytes back
Round trip time was 1.57521 milliseconds in repetition 417
tcp_ping received 524288 bytes back
Round trip time was 1.54163 milliseconds in repetition 418
tcp_ping received 524288 bytes back
Round trip time was 1.74215 milliseconds in repetition 419
tcp_ping received 524288 bytes back
Round trip time was 1.59088 milliseconds in repetition 420
tcp_ping received 524288 bytes back
Round trip time was 1.52108 milliseconds in repetition 421
tcp_ping received 524288 bytes back
Round trip time was 1.61199 milliseconds in repetition 422
tcp_ping received 524288 bytes back
Round trip time was 1.60987 milliseconds in repetition 423
tcp_ping received 524288 bytes back
Round trip time was 1.53325 milliseconds in repetition 424
tcp_ping received 524288 bytes back
Round trip time was 1.58172 milliseconds in repetition 425
tcp_ping received 524288 bytes back
Round trip time was 2.48616 milliseconds in repetition 426
tcp_ping received 524288 bytes back
Round trip time was 1.58466 milliseconds in repetition 427
tcp_ping received 524288 bytes back
Round trip time was 1.59303 milliseconds in repetition 428
tcp_ping received 524288 bytes back
Round trip time was 1.75538 milliseconds in repetition 429
tcp_ping received 524288 bytes back
Round trip time was 1.55109 milliseconds in repetition 430
tcp_ping received 524288 bytes back
Round trip time was 1.54461 milliseconds in repetition 431
tcp_ping received 524288 bytes back
Round trip time was 1.58206 milliseconds in repetition 432
tcp_ping received 524288 bytes back
Round trip time was 1.54275 milliseconds in repetition 433
tcp_ping received 524288 bytes back
Round trip time was 1.59301 milliseconds in repetition 434
tcp_ping received 524288 bytes back
Round trip time was 1.53277 milliseconds in repetition 435
tcp_ping received 524288 bytes back
Round trip time was 1.53941 milliseconds in repetition 436
tcp_ping received 524288 bytes back
Round trip time was 1.58882 milliseconds in repetition 437
tcp_ping received 524288 bytes back
Round trip time was 1.55221 milliseconds in repetition 438
tcp_ping received 524288 bytes back
Round trip time was 1.73021 milliseconds in repetition 439
tcp_ping received 524288 bytes back
Round trip time was 1.59025 milliseconds in repetition 440
tcp_ping received 524288 bytes back
Round trip time was 1.57261 milliseconds in repetition 441
tcp_ping received 524288 bytes back
Round trip time was 1.56966 milliseconds in repetition 442
tcp_ping received 524288 bytes back
Round trip time was 1.57822 milliseconds in repetition 443
tcp_ping received 524288 bytes back
Round trip time was 1.55719 milliseconds in repetition 444
tcp_ping received 524288 bytes back
Round trip time was 1.57113 milliseconds in repetition 445
tcp_ping received 524288 bytes back
Round trip time was 1.57562 milliseconds in repetition 446
tcp_ping received 524288 bytes back
Round trip time was 1.93772 milliseconds in repetition 447
tcp_ping received 524288 bytes back
Round trip time was 2.49219 milliseconds in repetition 448
tcp_ping received 524288 bytes back
Round trip time was 1.6769 milliseconds in repetition 449
tcp_ping received 524288 bytes back
Round trip time was 1.60114 milliseconds in repetition 450
tcp_ping received 524288 bytes back
Round trip time was 1.59315 milliseconds in repetition 451
tcp_ping received 524288 bytes back
Round trip time was 1.56665 milliseconds in repetition 452
tcp_ping received 524288 bytes back
Round trip time was 1.56168 milliseconds in repetition 453
tcp_ping received 524288 bytes back
Round trip time was 1.5743 milliseconds in repetition 454
tcp_ping received 524288 bytes back
Round trip time was 1.56967 milliseconds in repetition 455
tcp_ping received 524288 bytes back
Round trip time was 1.58367 milliseconds in repetition 456
tcp_ping received 524288 bytes back
Round trip time was 1.57501 milliseconds in repetition 457
tcp_ping received 524288 bytes back
Round trip time was 1.57952 milliseconds in repetition 458
tcp_ping received 524288 bytes back
Round trip time was 1.56925 milliseconds in repetition 459
tcp_ping received 524288 bytes back
Round trip time was 1.59125 milliseconds in repetition 460
tcp_ping received 524288 bytes back
Round trip time was 1.58345 milliseconds in repetition 461
tcp_ping received 524288 bytes back
Round trip time was 1.57595 milliseconds in repetition 462
tcp_ping received 524288 bytes back
Round trip time was 1.58743 milliseconds in repetition 463
tcp_ping received 524288 bytes back
Round trip time was 1.59867 milliseconds in repetition 464
tcp_ping received 524288 bytes back
Round trip time was 1.82446 milliseconds in repetition 465
tcp_ping received 524288 bytes back
Round trip time was 2.22622 milliseconds in repetition 466
tcp_ping received 524288 bytes back
Round trip time was 1.57863 milliseconds in repetition 467
tcp_ping received 524288 bytes back
Round trip time was 1.58183 milliseconds in repetition 468
tcp_ping received 524288 bytes back
Round trip time was 1.56927 milliseconds in repetition 469
tcp_ping received 524288 bytes back
Round trip time was 1.55883 milliseconds in repetition 470
tcp_ping received 524288 bytes back
Round trip time was 1.58296 milliseconds in repetition 471
tcp_ping received 524288 bytes back
Round trip time was 1.57871 milliseconds in repetition 472
tcp_ping received 524288 bytes back
Round trip time was 1.55995 milliseconds in repetition 473
tcp_ping received 524288 bytes back
Round trip time was 1.54844 milliseconds in repetition 474
tcp_ping received 524288 bytes back
Round trip time was 1.56021 milliseconds in repetition 475
tcp_ping received 524288 bytes back
Round trip time was 1.5739 milliseconds in repetition 476
tcp_ping received 524288 bytes back
Round trip time was 1.56588 milliseconds in repetition 477
tcp_ping received 524288 bytes back
Round trip time was 1.56659 milliseconds in repetition 478
tcp_ping received 524288 bytes back
Round trip time was 1.56906 milliseconds in repetition 479
tcp_ping received 524288 bytes back
Round trip time was 1.61881 milliseconds in repetition 480
tcp_ping received 524288 bytes back
Round trip time was 1.58315 milliseconds in repetition 481
tcp_ping received 524288 bytes back
Round trip time was 1.57174 milliseconds in repetition 482
tcp_ping received 524288 bytes back
Round trip time was 1.58809 milliseconds in repetition 483
tcp_ping received 524288 bytes back
Round trip time was 1.57277 milliseconds in repetition 484
tcp_ping received 524288 bytes back
Round trip time was 1.57748 milliseconds in repetition 485
tcp_ping received 524288 bytes back
Round trip time was 2.53224 milliseconds in repetition 486
tcp_ping received 524288 bytes back
Round trip time was 1.58548 milliseconds in repetition 487
tcp_ping received 524288 bytes back
Round trip time was 1.57217 milliseconds in repetition 488
tcp_ping received 524288 bytes back
Round trip time was 1.5968 milliseconds in repetition 489
tcp_ping received 524288 bytes back
Round trip time was 1.57816 milliseconds in repetition 490
tcp_ping received 524288 bytes back
Round trip time was 1.57055 milliseconds in repetition 491
tcp_ping received 524288 bytes back
Round trip time was 1.57156 milliseconds in repetition 492
tcp_ping received 524288 bytes back
Round trip time was 1.56299 milliseconds in repetition 493
tcp_ping received 524288 bytes back
Round trip time was 1.57159 milliseconds in repetition 494
tcp_ping received 524288 bytes back
Round trip time was 1.56154 milliseconds in repetition 495
tcp_ping received 524288 bytes back
Round trip time was 1.56602 milliseconds in repetition 496
tcp_ping received 524288 bytes back
Round trip time was 1.57632 milliseconds in repetition 497
tcp_ping received 524288 bytes back
Round trip time was 1.5718 milliseconds in repetition 498
tcp_ping received 524288 bytes back
Round trip time was 1.57031 milliseconds in repetition 499
tcp_ping received 524288 bytes back
Round trip time was 1.54978 milliseconds in repetition 500
tcp_ping received 524288 bytes back
Round trip time was 1.58701 milliseconds in repetition 501

 ... clock resolution was 1e-06
TCP Ping:  Statistics over 501 repetitions of 524288 byte messages

RTT : percentile 10: 1.54151, median: 1.57688, percentile 90: 1.62629, average: 1.59695, variance: 0.0128811

RTT histogram:
1.52108 67
1.57497 341
1.62887 61
1.68277 13
1.73666 5
1.79056 2
1.84446 1
1.89835 0
1.95225 2
2.00615 0
2.06004 1
2.11394 0
2.16783 1
2.22173 2
2.27563 0
2.32952 0
2.38342 1
2.43732 0
2.49121 2
2.54511 1
2.59901 1

   median Throughput : 664970 KB/s   overall Throughput : 656610 KB/s

