TCP Ping trying to connect to server localhost (127.0.0.1) on port 1492
 ... connected to Pong server: asking for 501 repetitions of 512 bytes TCP messages
 ... Pong server agreed:-)
tcp_ping received 512 bytes back
Round trip time was 0.095819 milliseconds in repetition 1
tcp_ping received 512 bytes back
Round trip time was 0.077131 milliseconds in repetition 2
tcp_ping received 512 bytes back
Round trip time was 0.055224 milliseconds in repetition 3
tcp_ping received 512 bytes back
Round trip time was 0.050944 milliseconds in repetition 4
tcp_ping received 512 bytes back
Round trip time was 0.060812 milliseconds in repetition 5
tcp_ping received 512 bytes back
Round trip time was 0.051057 milliseconds in repetition 6
tcp_ping received 512 bytes back
Round trip time was 0.048914 milliseconds in repetition 7
tcp_ping received 512 bytes back
Round trip time was 0.050589 milliseconds in repetition 8
tcp_ping received 512 bytes back
Round trip time was 0.067903 milliseconds in repetition 9
tcp_ping received 512 bytes back
Round trip time was 0.129387 milliseconds in repetition 10
tcp_ping received 512 bytes back
Round trip time was 0.145678 milliseconds in repetition 11
tcp_ping received 512 bytes back
Round trip time was 0.120899 milliseconds in repetition 12
tcp_ping received 512 bytes back
Round trip time was 0.177479 milliseconds in repetition 13
tcp_ping received 512 bytes back
Round trip time was 0.080055 milliseconds in repetition 14
tcp_ping received 512 bytes back
Round trip time was 0.066353 milliseconds in repetition 15
tcp_ping received 512 bytes back
Round trip time was 0.075892 milliseconds in repetition 16
tcp_ping received 512 bytes back
Round trip time was 0.07855 milliseconds in repetition 17
tcp_ping received 512 bytes back
Round trip time was 0.084131 milliseconds in repetition 18
tcp_ping received 512 bytes back
Round trip time was 0.128835 milliseconds in repetition 19
tcp_ping received 512 bytes back
Round trip time was 0.096166 milliseconds in repetition 20
tcp_ping received 512 bytes back
Round trip time was 0.096682 milliseconds in repetition 21
tcp_ping received 512 bytes back
Round trip time was 0.054258 milliseconds in repetition 22
tcp_ping received 512 bytes back
Round trip time was 0.045749 milliseconds in repetition 23
tcp_ping received 512 bytes back
Round trip time was 0.045654 milliseconds in repetition 24
tcp_ping received 512 bytes back
Round trip time was 0.049397 milliseconds in repetition 25
tcp_ping received 512 bytes back
Round trip time was 0.050238 milliseconds in repetition 26
tcp_ping received 512 bytes back
Round trip time was 0.056924 milliseconds in repetition 27
tcp_ping received 512 bytes back
Round trip time was 0.051361 milliseconds in repetition 28
tcp_ping received 512 bytes back
Round trip time was 0.062063 milliseconds in repetition 29
tcp_ping received 512 bytes back
Round trip time was 0.071637 milliseconds in repetition 30
tcp_ping received 512 bytes back
Round trip time was 0.057283 milliseconds in repetition 31
tcp_ping received 512 bytes back
Round trip time was 0.05658 milliseconds in repetition 32
tcp_ping received 512 bytes back
Round trip time was 0.074009 milliseconds in repetition 33
tcp_ping received 512 bytes back
Round trip time was 0.054713 milliseconds in repetition 34
tcp_ping received 512 bytes back
Round trip time was 0.051804 milliseconds in repetition 35
tcp_ping received 512 bytes back
Round trip time was 0.054571 milliseconds in repetition 36
tcp_ping received 512 bytes back
Round trip time was 0.05341 milliseconds in repetition 37
tcp_ping received 512 bytes back
Round trip time was 0.053107 milliseconds in repetition 38
tcp_ping received 512 bytes back
Round trip time was 0.065123 milliseconds in repetition 39
tcp_ping received 512 bytes back
Round trip time was 0.071419 milliseconds in repetition 40
tcp_ping received 512 bytes back
Round trip time was 0.063126 milliseconds in repetition 41
tcp_ping received 512 bytes back
Round trip time was 0.051032 milliseconds in repetition 42
tcp_ping received 512 bytes back
Round trip time was 0.04737 milliseconds in repetition 43
tcp_ping received 512 bytes back
Round trip time was 0.065826 milliseconds in repetition 44
tcp_ping received 512 bytes back
Round trip time was 0.053864 milliseconds in repetition 45
tcp_ping received 512 bytes back
Round trip time was 0.063439 milliseconds in repetition 46
tcp_ping received 512 bytes back
Round trip time was 0.064869 milliseconds in repetition 47
tcp_ping received 512 bytes back
Round trip time was 0.047936 milliseconds in repetition 48
tcp_ping received 512 bytes back
Round trip time was 0.046594 milliseconds in repetition 49
tcp_ping received 512 bytes back
Round trip time was 0.04583 milliseconds in repetition 50
tcp_ping received 512 bytes back
Round trip time was 0.065066 milliseconds in repetition 51
tcp_ping received 512 bytes back
Round trip time was 0.077491 milliseconds in repetition 52
tcp_ping received 512 bytes back
Round trip time was 0.059584 milliseconds in repetition 53
tcp_ping received 512 bytes back
Round trip time was 0.066378 milliseconds in repetition 54
tcp_ping received 512 bytes back
Round trip time was 0.070234 milliseconds in repetition 55
tcp_ping received 512 bytes back
Round trip time was 0.059868 milliseconds in repetition 56
tcp_ping received 512 bytes back
Round trip time was 0.062266 milliseconds in repetition 57
tcp_ping received 512 bytes back
Round trip time was 0.063857 milliseconds in repetition 58
tcp_ping received 512 bytes back
Round trip time was 0.049544 milliseconds in repetition 59
tcp_ping received 512 bytes back
Round trip time was 0.04559 milliseconds in repetition 60
tcp_ping received 512 bytes back
Round trip time was 0.045517 milliseconds in repetition 61
tcp_ping received 512 bytes back
Round trip time was 0.046342 milliseconds in repetition 62
tcp_ping received 512 bytes back
Round trip time was 0.045317 milliseconds in repetition 63
tcp_ping received 512 bytes back
Round trip time was 0.045626 milliseconds in repetition 64
tcp_ping received 512 bytes back
Round trip time was 0.045326 milliseconds in repetition 65
tcp_ping received 512 bytes back
Round trip time was 0.045391 milliseconds in repetition 66
tcp_ping received 512 bytes back
Round trip time was 0.047051 milliseconds in repetition 67
tcp_ping received 512 bytes back
Round trip time was 0.045814 milliseconds in repetition 68
tcp_ping received 512 bytes back
Round trip time was 0.045207 milliseconds in repetition 69
tcp_ping received 512 bytes back
Round trip time was 0.045258 milliseconds in repetition 70
tcp_ping received 512 bytes back
Round trip time was 0.045706 milliseconds in repetition 71
tcp_ping received 512 bytes back
Round trip time was 0.045321 milliseconds in repetition 72
tcp_ping received 512 bytes back
Round trip time was 0.045627 milliseconds in repetition 73
tcp_ping received 512 bytes back
Round trip time was 0.055253 milliseconds in repetition 74
tcp_ping received 512 bytes back
Round trip time was 0.077038 milliseconds in repetition 75
tcp_ping received 512 bytes back
Round trip time was 0.058859 milliseconds in repetition 76
tcp_ping received 512 bytes back
Round trip time was 0.059441 milliseconds in repetition 77
tcp_ping received 512 bytes back
Round trip time was 0.060244 milliseconds in repetition 78
tcp_ping received 512 bytes back
Round trip time was 0.05612 milliseconds in repetition 79
tcp_ping received 512 bytes back
Round trip time was 0.059093 milliseconds in repetition 80
tcp_ping received 512 bytes back
Round trip time was 0.062947 milliseconds in repetition 81
tcp_ping received 512 bytes back
Round trip time was 0.065751 milliseconds in repetition 82
tcp_ping received 512 bytes back
Round trip time was 0.057417 milliseconds in repetition 83
tcp_ping received 512 bytes back
Round trip time was 0.063887 milliseconds in repetition 84
tcp_ping received 512 bytes back
Round trip time was 0.057809 milliseconds in repetition 85
tcp_ping received 512 bytes back
Round trip time was 0.061055 milliseconds in repetition 86
tcp_ping received 512 bytes back
Round trip time was 0.086812 milliseconds in repetition 87
tcp_ping received 512 bytes back
Round trip time was 0.068601 milliseconds in repetition 88
tcp_ping received 512 bytes back
Round trip time was 0.059531 milliseconds in repetition 89
tcp_ping received 512 bytes back
Round trip time was 0.082811 milliseconds in repetition 90
tcp_ping received 512 bytes back
Round trip time was 0.06197 milliseconds in repetition 91
tcp_ping received 512 bytes back
Round trip time was 0.06432 milliseconds in repetition 92
tcp_ping received 512 bytes back
Round trip time was 0.0724 milliseconds in repetition 93
tcp_ping received 512 bytes back
Round trip time was 0.061481 milliseconds in repetition 94
tcp_ping received 512 bytes back
Round trip time was 0.08231 milliseconds in repetition 95
tcp_ping received 512 bytes back
Round trip time was 0.060298 milliseconds in repetition 96
tcp_ping received 512 bytes back
Round trip time was 0.059268 milliseconds in repetition 97
tcp_ping received 512 bytes back
Round trip time was 0.055283 milliseconds in repetition 98
tcp_ping received 512 bytes back
Round trip time was 0.053925 milliseconds in repetition 99
tcp_ping received 512 bytes back
Round trip time was 0.054344 milliseconds in repetition 100
tcp_ping received 512 bytes back
Round trip time was 0.062914 milliseconds in repetition 101
tcp_ping received 512 bytes back
Round trip time was 0.04767 milliseconds in repetition 102
tcp_ping received 512 bytes back
Round trip time was 0.047206 milliseconds in repetition 103
tcp_ping received 512 bytes back
Round trip time was 0.046371 milliseconds in repetition 104
tcp_ping received 512 bytes back
Round trip time was 0.046381 milliseconds in repetition 105
tcp_ping received 512 bytes back
Round trip time was 0.046173 milliseconds in repetition 106
tcp_ping received 512 bytes back
Round trip time was 0.046833 milliseconds in repetition 107
tcp_ping received 512 bytes back
Round trip time was 0.046135 milliseconds in repetition 108
tcp_ping received 512 bytes back
Round trip time was 0.047101 milliseconds in repetition 109
tcp_ping received 512 bytes back
Round trip time was 0.046997 milliseconds in repetition 110
tcp_ping received 512 bytes back
Round trip time was 0.047349 milliseconds in repetition 111
tcp_ping received 512 bytes back
Round trip time was 0.046766 milliseconds in repetition 112
tcp_ping received 512 bytes back
Round trip time was 0.046402 milliseconds in repetition 113
tcp_ping received 512 bytes back
Round trip time was 0.046178 milliseconds in repetition 114
tcp_ping received 512 bytes back
Round trip time was 0.046795 milliseconds in repetition 115
tcp_ping received 512 bytes back
Round trip time was 0.046054 milliseconds in repetition 116
tcp_ping received 512 bytes back
Round trip time was 0.049054 milliseconds in repetition 117
tcp_ping received 512 bytes back
Round trip time was 0.070464 milliseconds in repetition 118
tcp_ping received 512 bytes back
Round trip time was 0.068966 milliseconds in repetition 119
tcp_ping received 512 bytes back
Round trip time was 0.049845 milliseconds in repetition 120
tcp_ping received 512 bytes back
Round trip time was 0.047203 milliseconds in repetition 121
tcp_ping received 512 bytes back
Round trip time was 0.047455 milliseconds in repetition 122
tcp_ping received 512 bytes back
Round trip time was 0.047461 milliseconds in repetition 123
tcp_ping received 512 bytes back
Round trip time was 0.046871 milliseconds in repetition 124
tcp_ping received 512 bytes back
Round trip time was 0.047122 milliseconds in repetition 125
tcp_ping received 512 bytes back
Round trip time was 0.047362 milliseconds in repetition 126
tcp_ping received 512 bytes back
Round trip time was 0.047277 milliseconds in repetition 127
tcp_ping received 512 bytes back
Round trip time was 0.048617 milliseconds in repetition 128
tcp_ping received 512 bytes back
Round trip time was 0.055973 milliseconds in repetition 129
tcp_ping received 512 bytes back
Round trip time was 0.047151 milliseconds in repetition 130
tcp_ping received 512 bytes back
Round trip time was 0.04792 milliseconds in repetition 131
tcp_ping received 512 bytes back
Round trip time was 0.047511 milliseconds in repetition 132
tcp_ping received 512 bytes back
Round trip time was 0.063883 milliseconds in repetition 133
tcp_ping received 512 bytes back
Round trip time was 0.054944 milliseconds in repetition 134
tcp_ping received 512 bytes back
Round trip time was 0.062513 milliseconds in repetition 135
tcp_ping received 512 bytes back
Round trip time was 0.048586 milliseconds in repetition 136
tcp_ping received 512 bytes back
Round trip time was 0.047883 milliseconds in repetition 137
tcp_ping received 512 bytes back
Round trip time was 0.048251 milliseconds in repetition 138
tcp_ping received 512 bytes back
Round trip time was 0.047929 milliseconds in repetition 139
tcp_ping received 512 bytes back
Round trip time was 0.048122 milliseconds in repetition 140
tcp_ping received 512 bytes back
Round trip time was 0.047421 milliseconds in repetition 141
tcp_ping received 512 bytes back
Round trip time was 0.048296 milliseconds in repetition 142
tcp_ping received 512 bytes back
Round trip time was 0.048092 milliseconds in repetition 143
tcp_ping received 512 bytes back
Round trip time was 0.047881 milliseconds in repetition 144
tcp_ping received 512 bytes back
Round trip time was 0.047532 milliseconds in repetition 145
tcp_ping received 512 bytes back
Round trip time was 0.047483 milliseconds in repetition 146
tcp_ping received 512 bytes back
Round trip time was 0.048129 milliseconds in repetition 147
tcp_ping received 512 bytes back
Round trip time was 0.048739 milliseconds in repetition 148
tcp_ping received 512 bytes back
Round trip time was 0.049073 milliseconds in repetition 149
tcp_ping received 512 bytes back
Round trip time was 0.048048 milliseconds in repetition 150
tcp_ping received 512 bytes back
Round trip time was 0.048636 milliseconds in repetition 151
tcp_ping received 512 bytes back
Round trip time was 0.048887 milliseconds in repetition 152
tcp_ping received 512 bytes back
Round trip time was 0.048381 milliseconds in repetition 153
tcp_ping received 512 bytes back
Round trip time was 0.048017 milliseconds in repetition 154
tcp_ping received 512 bytes back
Round trip time was 0.05058 milliseconds in repetition 155
tcp_ping received 512 bytes back
Round trip time was 0.050581 milliseconds in repetition 156
tcp_ping received 512 bytes back
Round trip time was 0.049719 milliseconds in repetition 157
tcp_ping received 512 bytes back
Round trip time was 0.049022 milliseconds in repetition 158
tcp_ping received 512 bytes back
Round trip time was 0.052499 milliseconds in repetition 159
tcp_ping received 512 bytes back
Round trip time was 0.049627 milliseconds in repetition 160
tcp_ping received 512 bytes back
Round trip time was 0.055495 milliseconds in repetition 161
tcp_ping received 512 bytes back
Round trip time was 0.050386 milliseconds in repetition 162
tcp_ping received 512 bytes back
Round trip time was 0.048226 milliseconds in repetition 163
tcp_ping received 512 bytes back
Round trip time was 0.047809 milliseconds in repetition 164
tcp_ping received 512 bytes back
Round trip time was 0.048148 milliseconds in repetition 165
tcp_ping received 512 bytes back
Round trip time was 0.047838 milliseconds in repetition 166
tcp_ping received 512 bytes back
Round trip time was 0.048891 milliseconds in repetition 167
tcp_ping received 512 bytes back
Round trip time was 0.048158 milliseconds in repetition 168
tcp_ping received 512 bytes back
Round trip time was 0.047973 milliseconds in repetition 169
tcp_ping received 512 bytes back
Round trip time was 0.047821 milliseconds in repetition 170
tcp_ping received 512 bytes back
Round trip time was 0.047933 milliseconds in repetition 171
tcp_ping received 512 bytes back
Round trip time was 0.047941 milliseconds in repetition 172
tcp_ping received 512 bytes back
Round trip time was 0.048021 milliseconds in repetition 173
tcp_ping received 512 bytes back
Round trip time was 0.047713 milliseconds in repetition 174
tcp_ping received 512 bytes back
Round trip time was 0.04778 milliseconds in repetition 175
tcp_ping received 512 bytes back
Round trip time was 0.048245 milliseconds in repetition 176
tcp_ping received 512 bytes back
Round trip time was 0.060387 milliseconds in repetition 177
tcp_ping received 512 bytes back
Round trip time was 0.051114 milliseconds in repetition 178
tcp_ping received 512 bytes back
Round trip time was 0.059231 milliseconds in repetition 179
tcp_ping received 512 bytes back
Round trip time was 0.211758 milliseconds in repetition 180
tcp_ping received 512 bytes back
Round trip time was 0.071193 milliseconds in repetition 181
tcp_ping received 512 bytes back
Round trip time was 0.082819 milliseconds in repetition 182
tcp_ping received 512 bytes back
Round trip time was 0.055619 milliseconds in repetition 183
tcp_ping received 512 bytes back
Round trip time was 0.049919 milliseconds in repetition 184
tcp_ping received 512 bytes back
Round trip time was 0.048742 milliseconds in repetition 185
tcp_ping received 512 bytes back
Round trip time was 0.049426 milliseconds in repetition 186
tcp_ping received 512 bytes back
Round trip time was 0.048817 milliseconds in repetition 187
tcp_ping received 512 bytes back
Round trip time was 0.05745 milliseconds in repetition 188
tcp_ping received 512 bytes back
Round trip time was 0.052478 milliseconds in repetition 189
tcp_ping received 512 bytes back
Round trip time was 0.049114 milliseconds in repetition 190
tcp_ping received 512 bytes back
Round trip time was 0.055353 milliseconds in repetition 191
tcp_ping received 512 bytes back
Round trip time was 0.04967 milliseconds in repetition 192
tcp_ping received 512 bytes back
Round trip time was 0.048955 milliseconds in repetition 193
tcp_ping received 512 bytes back
Round trip time was 0.048722 milliseconds in repetition 194
tcp_ping received 512 bytes back
Round trip time was 0.048539 milliseconds in repetition 195
tcp_ping received 512 bytes back
Round trip time was 0.049676 milliseconds in repetition 196
tcp_ping received 512 bytes back
Round trip time was 0.048837 milliseconds in repetition 197
tcp_ping received 512 bytes back
Round trip time was 0.049131 milliseconds in repetition 198
tcp_ping received 512 bytes back
Round trip time was 0.048272 milliseconds in repetition 199
tcp_ping received 512 bytes back
Round trip time was 0.074628 milliseconds in repetition 200
tcp_ping received 512 bytes back
Round trip time was 0.056047 milliseconds in repetition 201
tcp_ping received 512 bytes back
Round trip time was 0.055333 milliseconds in repetition 202
tcp_ping received 512 bytes back
Round trip time was 0.055668 milliseconds in repetition 203
tcp_ping received 512 bytes back
Round trip time was 0.056865 milliseconds in repetition 204
tcp_ping received 512 bytes back
Round trip time was 0.062383 milliseconds in repetition 205
tcp_ping received 512 bytes back
Round trip time was 0.062021 milliseconds in repetition 206
tcp_ping received 512 bytes back
Round trip time was 0.070822 milliseconds in repetition 207
tcp_ping received 512 bytes back
Round trip time was 0.061351 milliseconds in repetition 208
tcp_ping received 512 bytes back
Round trip time was 0.094025 milliseconds in repetition 209
tcp_ping received 512 bytes back
Round trip time was 0.069092 milliseconds in repetition 210
tcp_ping received 512 bytes back
Round trip time was 0.052932 milliseconds in repetition 211
tcp_ping received 512 bytes back
Round trip time was 0.071478 milliseconds in repetition 212
tcp_ping received 512 bytes back
Round trip time was 0.069913 milliseconds in repetition 213
tcp_ping received 512 bytes back
Round trip time was 0.057562 milliseconds in repetition 214
tcp_ping received 512 bytes back
Round trip time was 0.056973 milliseconds in repetition 215
tcp_ping received 512 bytes back
Round trip time was 0.056778 milliseconds in repetition 216
tcp_ping received 512 bytes back
Round trip time was 0.055766 milliseconds in repetition 217
tcp_ping received 512 bytes back
Round trip time was 0.051311 milliseconds in repetition 218
tcp_ping received 512 bytes back
Round trip time was 0.048186 milliseconds in repetition 219
tcp_ping received 512 bytes back
Round trip time was 0.047664 milliseconds in repetition 220
tcp_ping received 512 bytes back
Round trip time was 0.067091 milliseconds in repetition 221
tcp_ping received 512 bytes back
Round trip time was 0.05376 milliseconds in repetition 222
tcp_ping received 512 bytes back
Round trip time was 0.052217 milliseconds in repetition 223
tcp_ping received 512 bytes back
Round trip time was 0.048233 milliseconds in repetition 224
tcp_ping received 512 bytes back
Round trip time was 0.04796 milliseconds in repetition 225
tcp_ping received 512 bytes back
Round trip time was 0.047611 milliseconds in repetition 226
tcp_ping received 512 bytes back
Round trip time was 0.05448 milliseconds in repetition 227
tcp_ping received 512 bytes back
Round trip time was 0.048506 milliseconds in repetition 228
tcp_ping received 512 bytes back
Round trip time was 0.04792 milliseconds in repetition 229
tcp_ping received 512 bytes back
Round trip time was 0.048319 milliseconds in repetition 230
tcp_ping received 512 bytes back
Round trip time was 0.047573 milliseconds in repetition 231
tcp_ping received 512 bytes back
Round trip time was 0.04741 milliseconds in repetition 232
tcp_ping received 512 bytes back
Round trip time was 0.050406 milliseconds in repetition 233
tcp_ping received 512 bytes back
Round trip time was 0.048244 milliseconds in repetition 234
tcp_ping received 512 bytes back
Round trip time was 0.047641 milliseconds in repetition 235
tcp_ping received 512 bytes back
Round trip time was 0.031463 milliseconds in repetition 236
tcp_ping received 512 bytes back
Round trip time was 0.055582 milliseconds in repetition 237
tcp_ping received 512 bytes back
Round trip time was 0.071459 milliseconds in repetition 238
tcp_ping received 512 bytes back
Round trip time was 0.067807 milliseconds in repetition 239
tcp_ping received 512 bytes back
Round trip time was 0.061758 milliseconds in repetition 240
tcp_ping received 512 bytes back
Round trip time was 0.06693 milliseconds in repetition 241
tcp_ping received 512 bytes back
Round trip time was 0.057572 milliseconds in repetition 242
tcp_ping received 512 bytes back
Round trip time was 0.061879 milliseconds in repetition 243
tcp_ping received 512 bytes back
Round trip time was 0.145434 milliseconds in repetition 244
tcp_ping received 512 bytes back
Round trip time was 0.098638 milliseconds in repetition 245
tcp_ping received 512 bytes back
Round trip time was 0.067133 milliseconds in repetition 246
tcp_ping received 512 bytes back
Round trip time was 0.065512 milliseconds in repetition 247
tcp_ping received 512 bytes back
Round trip time was 0.062227 milliseconds in repetition 248
tcp_ping received 512 bytes back
Round trip time was 0.060951 milliseconds in repetition 249
tcp_ping received 512 bytes back
Round trip time was 0.06276 milliseconds in repetition 250
tcp_ping received 512 bytes back
Round trip time was 0.054603 milliseconds in repetition 251
tcp_ping received 512 bytes back
Round trip time was 0.084896 milliseconds in repetition 252
tcp_ping received 512 bytes back
Round trip time was 0.056862 milliseconds in repetition 253
tcp_ping received 512 bytes back
Round trip time was 0.048673 milliseconds in repetition 254
tcp_ping received 512 bytes back
Round trip time was 0.054382 milliseconds in repetition 255
tcp_ping received 512 bytes back
Round trip time was 0.047949 milliseconds in repetition 256
tcp_ping received 512 bytes back
Round trip time was 0.047857 milliseconds in repetition 257
tcp_ping received 512 bytes back
Round trip time was 0.047844 milliseconds in repetition 258
tcp_ping received 512 bytes back
Round trip time was 0.047752 milliseconds in repetition 259
tcp_ping received 512 bytes back
Round trip time was 0.047861 milliseconds in repetition 260
tcp_ping received 512 bytes back
Round trip time was 0.048144 milliseconds in repetition 261
tcp_ping received 512 bytes back
Round trip time was 0.048089 milliseconds in repetition 262
tcp_ping received 512 bytes back
Round trip time was 0.047544 milliseconds in repetition 263
tcp_ping received 512 bytes back
Round trip time was 0.047504 milliseconds in repetition 264
tcp_ping received 512 bytes back
Round trip time was 0.059844 milliseconds in repetition 265
tcp_ping received 512 bytes back
Round trip time was 0.052692 milliseconds in repetition 266
tcp_ping received 512 bytes back
Round trip time was 0.051961 milliseconds in repetition 267
tcp_ping received 512 bytes back
Round trip time was 0.047796 milliseconds in repetition 268
tcp_ping received 512 bytes back
Round trip time was 0.047764 milliseconds in repetition 269
tcp_ping received 512 bytes back
Round trip time was 0.047767 milliseconds in repetition 270
tcp_ping received 512 bytes back
Round trip time was 0.047409 milliseconds in repetition 271
tcp_ping received 512 bytes back
Round trip time was 0.05322 milliseconds in repetition 272
tcp_ping received 512 bytes back
Round trip time was 0.047324 milliseconds in repetition 273
tcp_ping received 512 bytes back
Round trip time was 0.047471 milliseconds in repetition 274
tcp_ping received 512 bytes back
Round trip time was 0.047532 milliseconds in repetition 275
tcp_ping received 512 bytes back
Round trip time was 0.048445 milliseconds in repetition 276
tcp_ping received 512 bytes back
Round trip time was 0.047387 milliseconds in repetition 277
tcp_ping received 512 bytes back
Round trip time was 0.047636 milliseconds in repetition 278
tcp_ping received 512 bytes back
Round trip time was 0.054311 milliseconds in repetition 279
tcp_ping received 512 bytes back
Round trip time was 0.047528 milliseconds in repetition 280
tcp_ping received 512 bytes back
Round trip time was 0.047337 milliseconds in repetition 281
tcp_ping received 512 bytes back
Round trip time was 0.048403 milliseconds in repetition 282
tcp_ping received 512 bytes back
Round trip time was 0.047323 milliseconds in repetition 283
tcp_ping received 512 bytes back
Round trip time was 0.047262 milliseconds in repetition 284
tcp_ping received 512 bytes back
Round trip time was 0.047293 milliseconds in repetition 285
tcp_ping received 512 bytes back
Round trip time was 0.047432 milliseconds in repetition 286
tcp_ping received 512 bytes back
Round trip time was 0.047337 milliseconds in repetition 287
tcp_ping received 512 bytes back
Round trip time was 0.047416 milliseconds in repetition 288
tcp_ping received 512 bytes back
Round trip time was 0.047372 milliseconds in repetition 289
tcp_ping received 512 bytes back
Round trip time was 0.106083 milliseconds in repetition 290
tcp_ping received 512 bytes back
Round trip time was 0.05751 milliseconds in repetition 291
tcp_ping received 512 bytes back
Round trip time was 0.04902 milliseconds in repetition 292
tcp_ping received 512 bytes back
Round trip time was 0.048775 milliseconds in repetition 293
tcp_ping received 512 bytes back
Round trip time was 0.047809 milliseconds in repetition 294
tcp_ping received 512 bytes back
Round trip time was 0.047469 milliseconds in repetition 295
tcp_ping received 512 bytes back
Round trip time was 0.054624 milliseconds in repetition 296
tcp_ping received 512 bytes back
Round trip time was 0.047337 milliseconds in repetition 297
tcp_ping received 512 bytes back
Round trip time was 0.04745 milliseconds in repetition 298
tcp_ping received 512 bytes back
Round trip time was 0.047825 milliseconds in repetition 299
tcp_ping received 512 bytes back
Round trip time was 0.047963 milliseconds in repetition 300
tcp_ping received 512 bytes back
Round trip time was 0.047966 milliseconds in repetition 301
tcp_ping received 512 bytes back
Round trip time was 0.04736 milliseconds in repetition 302
tcp_ping received 512 bytes back
Round trip time was 0.047703 milliseconds in repetition 303
tcp_ping received 512 bytes back
Round trip time was 0.047859 milliseconds in repetition 304
tcp_ping received 512 bytes back
Round trip time was 0.047667 milliseconds in repetition 305
tcp_ping received 512 bytes back
Round trip time was 0.047938 milliseconds in repetition 306
tcp_ping received 512 bytes back
Round trip time was 0.047837 milliseconds in repetition 307
tcp_ping received 512 bytes back
Round trip time was 0.054762 milliseconds in repetition 308
tcp_ping received 512 bytes back
Round trip time was 0.063732 milliseconds in repetition 309
tcp_ping received 512 bytes back
Round trip time was 0.061649 milliseconds in repetition 310
tcp_ping received 512 bytes back
Round trip time was 0.050862 milliseconds in repetition 311
tcp_ping received 512 bytes back
Round trip time was 0.048659 milliseconds in repetition 312
tcp_ping received 512 bytes back
Round trip time was 0.054772 milliseconds in repetition 313
tcp_ping received 512 bytes back
Round trip time was 0.048647 milliseconds in repetition 314
tcp_ping received 512 bytes back
Round trip time was 0.04816 milliseconds in repetition 315
tcp_ping received 512 bytes back
Round trip time was 0.048183 milliseconds in repetition 316
tcp_ping received 512 bytes back
Round trip time was 0.047849 milliseconds in repetition 317
tcp_ping received 512 bytes back
Round trip time was 0.048499 milliseconds in repetition 318
tcp_ping received 512 bytes back
Round trip time was 0.047591 milliseconds in repetition 319
tcp_ping received 512 bytes back
Round trip time was 0.047991 milliseconds in repetition 320
tcp_ping received 512 bytes back
Round trip time was 0.047892 milliseconds in repetition 321
tcp_ping received 512 bytes back
Round trip time was 0.053651 milliseconds in repetition 322
tcp_ping received 512 bytes back
Round trip time was 0.047746 milliseconds in repetition 323
tcp_ping received 512 bytes back
Round trip time was 0.06442 milliseconds in repetition 324
tcp_ping received 512 bytes back
Round trip time was 0.078904 milliseconds in repetition 325
tcp_ping received 512 bytes back
Round trip time was 0.084553 milliseconds in repetition 326
tcp_ping received 512 bytes back
Round trip time was 0.125804 milliseconds in repetition 327
tcp_ping received 512 bytes back
Round trip time was 0.09459 milliseconds in repetition 328
tcp_ping received 512 bytes back
Round trip time was 0.081836 milliseconds in repetition 329
tcp_ping received 512 bytes back
Round trip time was 0.091062 milliseconds in repetition 330
tcp_ping received 512 bytes back
Round trip time was 0.068072 milliseconds in repetition 331
tcp_ping received 512 bytes back
Round trip time was 0.093526 milliseconds in repetition 332
tcp_ping received 512 bytes back
Round trip time was 0.090911 milliseconds in repetition 333
tcp_ping received 512 bytes back
Round trip time was 0.080032 milliseconds in repetition 334
tcp_ping received 512 bytes back
Round trip time was 0.078531 milliseconds in repetition 335
tcp_ping received 512 bytes back
Round trip time was 0.061982 milliseconds in repetition 336
tcp_ping received 512 bytes back
Round trip time was 0.058035 milliseconds in repetition 337
tcp_ping received 512 bytes back
Round trip time was 0.056684 milliseconds in repetition 338
tcp_ping received 512 bytes back
Round trip time was 0.066006 milliseconds in repetition 339
tcp_ping received 512 bytes back
Round trip time was 0.096664 milliseconds in repetition 340
tcp_ping received 512 bytes back
Round trip time was 0.108643 milliseconds in repetition 341
tcp_ping received 512 bytes back
Round trip time was 0.281739 milliseconds in repetition 342
tcp_ping received 512 bytes back
Round trip time was 0.149685 milliseconds in repetition 343
tcp_ping received 512 bytes back
Round trip time was 0.086805 milliseconds in repetition 344
tcp_ping received 512 bytes back
Round trip time was 0.323539 milliseconds in repetition 345
tcp_ping received 512 bytes back
Round trip time was 0.09795 milliseconds in repetition 346
tcp_ping received 512 bytes back
Round trip time was 0.064982 milliseconds in repetition 347
tcp_ping received 512 bytes back
Round trip time was 0.063515 milliseconds in repetition 348
tcp_ping received 512 bytes back
Round trip time was 0.060354 milliseconds in repetition 349
tcp_ping received 512 bytes back
Round trip time was 0.058896 milliseconds in repetition 350
tcp_ping received 512 bytes back
Round trip time was 0.057156 milliseconds in repetition 351
tcp_ping received 512 bytes back
Round trip time was 0.060961 milliseconds in repetition 352
tcp_ping received 512 bytes back
Round trip time was 0.065561 milliseconds in repetition 353
tcp_ping received 512 bytes back
Round trip time was 0.066486 milliseconds in repetition 354
tcp_ping received 512 bytes back
Round trip time was 0.088164 milliseconds in repetition 355
tcp_ping received 512 bytes back
Round trip time was 0.063288 milliseconds in repetition 356
tcp_ping received 512 bytes back
Round trip time was 0.061118 milliseconds in repetition 357
tcp_ping received 512 bytes back
Round trip time was 0.062219 milliseconds in repetition 358
tcp_ping received 512 bytes back
Round trip time was 0.064291 milliseconds in repetition 359
tcp_ping received 512 bytes back
Round trip time was 0.071869 milliseconds in repetition 360
tcp_ping received 512 bytes back
Round trip time was 0.062277 milliseconds in repetition 361
tcp_ping received 512 bytes back
Round trip time was 0.068414 milliseconds in repetition 362
tcp_ping received 512 bytes back
Round trip time was 0.079625 milliseconds in repetition 363
tcp_ping received 512 bytes back
Round trip time was 0.077007 milliseconds in repetition 364
tcp_ping received 512 bytes back
Round trip time was 0.073385 milliseconds in repetition 365
tcp_ping received 512 bytes back
Round trip time was 0.126218 milliseconds in repetition 366
tcp_ping received 512 bytes back
Round trip time was 0.046599 milliseconds in repetition 367
tcp_ping received 512 bytes back
Round trip time was 0.057943 milliseconds in repetition 368
tcp_ping received 512 bytes back
Round trip time was 0.055426 milliseconds in repetition 369
tcp_ping received 512 bytes back
Round trip time was 0.056046 milliseconds in repetition 370
tcp_ping received 512 bytes back
Round trip time was 0.054897 milliseconds in repetition 371
tcp_ping received 512 bytes back
Round trip time was 0.055267 milliseconds in repetition 372
tcp_ping received 512 bytes back
Round trip time was 0.054183 milliseconds in repetition 373
tcp_ping received 512 bytes back
Round trip time was 0.054141 milliseconds in repetition 374
tcp_ping received 512 bytes back
Round trip time was 0.054636 milliseconds in repetition 375
tcp_ping received 512 bytes back
Round trip time was 0.054245 milliseconds in repetition 376
tcp_ping received 512 bytes back
Round trip time was 0.054689 milliseconds in repetition 377
tcp_ping received 512 bytes back
Round trip time was 0.053396 milliseconds in repetition 378
tcp_ping received 512 bytes back
Round trip time was 0.0533 milliseconds in repetition 379
tcp_ping received 512 bytes back
Round trip time was 0.054672 milliseconds in repetition 380
tcp_ping received 512 bytes back
Round trip time was 0.054755 milliseconds in repetition 381
tcp_ping received 512 bytes back
Round trip time was 0.055244 milliseconds in repetition 382
tcp_ping received 512 bytes back
Round trip time was 0.056129 milliseconds in repetition 383
tcp_ping received 512 bytes back
Round trip time was 0.055526 milliseconds in repetition 384
tcp_ping received 512 bytes back
Round trip time was 0.05601 milliseconds in repetition 385
tcp_ping received 512 bytes back
Round trip time was 0.053766 milliseconds in repetition 386
tcp_ping received 512 bytes back
Round trip time was 0.054824 milliseconds in repetition 387
tcp_ping received 512 bytes back
Round trip time was 0.055637 milliseconds in repetition 388
tcp_ping received 512 bytes back
Round trip time was 0.056657 milliseconds in repetition 389
tcp_ping received 512 bytes back
Round trip time was 0.057708 milliseconds in repetition 390
tcp_ping received 512 bytes back
Round trip time was 0.056845 milliseconds in repetition 391
tcp_ping received 512 bytes back
Round trip time was 0.060991 milliseconds in repetition 392
tcp_ping received 512 bytes back
Round trip time was 0.091778 milliseconds in repetition 393
tcp_ping received 512 bytes back
Round trip time was 0.073602 milliseconds in repetition 394
tcp_ping received 512 bytes back
Round trip time was 0.061873 milliseconds in repetition 395
tcp_ping received 512 bytes back
Round trip time was 0.062404 milliseconds in repetition 396
tcp_ping received 512 bytes back
Round trip time was 0.197294 milliseconds in repetition 397
tcp_ping received 512 bytes back
Round trip time was 0.070972 milliseconds in repetition 398
tcp_ping received 512 bytes back
Round trip time was 0.048762 milliseconds in repetition 399
tcp_ping received 512 bytes back
Round trip time was 0.047906 milliseconds in repetition 400
tcp_ping received 512 bytes back
Round trip time was 0.047947 milliseconds in repetition 401
tcp_ping received 512 bytes back
Round trip time was 0.047683 milliseconds in repetition 402
tcp_ping received 512 bytes back
Round trip time was 0.047179 milliseconds in repetition 403
tcp_ping received 512 bytes back
Round trip time was 0.047421 milliseconds in repetition 404
tcp_ping received 512 bytes back
Round trip time was 0.047171 milliseconds in repetition 405
tcp_ping received 512 bytes back
Round trip time was 0.047616 milliseconds in repetition 406
tcp_ping received 512 bytes back
Round trip time was 0.048115 milliseconds in repetition 407
tcp_ping received 512 bytes back
Round trip time was 0.065945 milliseconds in repetition 408
tcp_ping received 512 bytes back
Round trip time was 0.082054 milliseconds in repetition 409
tcp_ping received 512 bytes back
Round trip time was 0.059164 milliseconds in repetition 410
tcp_ping received 512 bytes back
Round trip time was 0.047069 milliseconds in repetition 411
tcp_ping received 512 bytes back
Round trip time was 0.045789 milliseconds in repetition 412
tcp_ping received 512 bytes back
Round trip time was 0.045558 milliseconds in repetition 413
tcp_ping received 512 bytes back
Round trip time was 0.045792 milliseconds in repetition 414
tcp_ping received 512 bytes back
Round trip time was 0.045938 milliseconds in repetition 415
tcp_ping received 512 bytes back
Round trip time was 0.046156 milliseconds in repetition 416
tcp_ping received 512 bytes back
Round trip time was 0.04561 milliseconds in repetition 417
tcp_ping received 512 bytes back
Round trip time was 0.045821 milliseconds in repetition 418
tcp_ping received 512 bytes back
Round trip time was 0.048444 milliseconds in repetition 419
tcp_ping received 512 bytes back
Round trip time was 0.045728 milliseconds in repetition 420
tcp_ping received 512 bytes back
Round trip time was 0.045789 milliseconds in repetition 421
tcp_ping received 512 bytes back
Round trip time was 0.045817 milliseconds in repetition 422
tcp_ping received 512 bytes back
Round trip time was 0.045351 milliseconds in repetition 423
tcp_ping received 512 bytes back
Round trip time was 0.045739 milliseconds in repetition 424
tcp_ping received 512 bytes back
Round trip time was 0.045656 milliseconds in repetition 425
tcp_ping received 512 bytes back
Round trip time was 0.045481 milliseconds in repetition 426
tcp_ping received 512 bytes back
Round trip time was 0.045605 milliseconds in repetition 427
tcp_ping received 512 bytes back
Round trip time was 0.045685 milliseconds in repetition 428
tcp_ping received 512 bytes back
Round trip time was 0.045589 milliseconds in repetition 429
tcp_ping received 512 bytes back
Round trip time was 0.045369 milliseconds in repetition 430
tcp_ping received 512 bytes back
Round trip time was 0.045487 milliseconds in repetition 431
tcp_ping received 512 bytes back
Round trip time was 0.045798 milliseconds in repetition 432
tcp_ping received 512 bytes back
Round trip time was 0.045852 milliseconds in repetition 433
tcp_ping received 512 bytes back
Round trip time was 0.045436 milliseconds in repetition 434
tcp_ping received 512 bytes back
Round trip time was 0.064158 milliseconds in repetition 435
tcp_ping received 512 bytes back
Round trip time was 0.079852 milliseconds in repetition 436
tcp_ping received 512 bytes back
Round trip time was 0.052451 milliseconds in repetition 437
tcp_ping received 512 bytes back
Round trip time was 0.046766 milliseconds in repetition 438
tcp_ping received 512 bytes back
Round trip time was 0.048544 milliseconds in repetition 439
tcp_ping received 512 bytes back
Round trip time was 0.046191 milliseconds in repetition 440
tcp_ping received 512 bytes back
Round trip time was 0.046002 milliseconds in repetition 441
tcp_ping received 512 bytes back
Round trip time was 0.062217 milliseconds in repetition 442
tcp_ping received 512 bytes back
Round trip time was 0.058441 milliseconds in repetition 443
tcp_ping received 512 bytes back
Round trip time was 0.054916 milliseconds in repetition 444
tcp_ping received 512 bytes back
Round trip time was 0.046913 milliseconds in repetition 445
tcp_ping received 512 bytes back
Round trip time was 0.046108 milliseconds in repetition 446
tcp_ping received 512 bytes back
Round trip time was 0.04601 milliseconds in repetition 447
tcp_ping received 512 bytes back
Round trip time was 0.045684 milliseconds in repetition 448
tcp_ping received 512 bytes back
Round trip time was 0.045707 milliseconds in repetition 449
tcp_ping received 512 bytes back
Round trip time was 0.045667 milliseconds in repetition 450
tcp_ping received 512 bytes back
Round trip time was 0.045584 milliseconds in repetition 451
tcp_ping received 512 bytes back
Round trip time was 0.045971 milliseconds in repetition 452
tcp_ping received 512 bytes back
Round trip time was 0.045519 milliseconds in repetition 453
tcp_ping received 512 bytes back
Round trip time was 0.046267 milliseconds in repetition 454
tcp_ping received 512 bytes back
Round trip time was 0.046227 milliseconds in repetition 455
tcp_ping received 512 bytes back
Round trip time was 0.046016 milliseconds in repetition 456
tcp_ping received 512 bytes back
Round trip time was 0.045844 milliseconds in repetition 457
tcp_ping received 512 bytes back
Round trip time was 0.048118 milliseconds in repetition 458
tcp_ping received 512 bytes back
Round trip time was 0.046096 milliseconds in repetition 459
tcp_ping received 512 bytes back
Round trip time was 0.0463 milliseconds in repetition 460
tcp_ping received 512 bytes back
Round trip time was 0.046623 milliseconds in repetition 461
tcp_ping received 512 bytes back
Round trip time was 0.046006 milliseconds in repetition 462
tcp_ping received 512 bytes back
Round trip time was 0.046076 milliseconds in repetition 463
tcp_ping received 512 bytes back
Round trip time was 0.046295 milliseconds in repetition 464
tcp_ping received 512 bytes back
Round trip time was 0.046175 milliseconds in repetition 465
tcp_ping received 512 bytes back
Round trip time was 0.046558 milliseconds in repetition 466
tcp_ping received 512 bytes back
Round trip time was 0.04632 milliseconds in repetition 467
tcp_ping received 512 bytes back
Round trip time was 0.046826 milliseconds in repetition 468
tcp_ping received 512 bytes back
Round trip time was 0.046182 milliseconds in repetition 469
tcp_ping received 512 bytes back
Round trip time was 0.046087 milliseconds in repetition 470
tcp_ping received 512 bytes back
Round trip time was 0.046334 milliseconds in repetition 471
tcp_ping received 512 bytes back
Round trip time was 0.046182 milliseconds in repetition 472
tcp_ping received 512 bytes back
Round trip time was 0.046382 milliseconds in repetition 473
tcp_ping received 512 bytes back
Round trip time was 0.046158 milliseconds in repetition 474
tcp_ping received 512 bytes back
Round trip time was 0.046545 milliseconds in repetition 475
tcp_ping received 512 bytes back
Round trip time was 0.046415 milliseconds in repetition 476
tcp_ping received 512 bytes back
Round trip time was 0.046155 milliseconds in repetition 477
tcp_ping received 512 bytes back
Round trip time was 0.045944 milliseconds in repetition 478
tcp_ping received 512 bytes back
Round trip time was 0.046209 milliseconds in repetition 479
tcp_ping received 512 bytes back
Round trip time was 0.046094 milliseconds in repetition 480
tcp_ping received 512 bytes back
Round trip time was 0.046008 milliseconds in repetition 481
tcp_ping received 512 bytes back
Round trip time was 0.046184 milliseconds in repetition 482
tcp_ping received 512 bytes back
Round trip time was 0.046871 milliseconds in repetition 483
tcp_ping received 512 bytes back
Round trip time was 0.046474 milliseconds in repetition 484
tcp_ping received 512 bytes back
Round trip time was 0.046238 milliseconds in repetition 485
tcp_ping received 512 bytes back
Round trip time was 0.05785 milliseconds in repetition 486
tcp_ping received 512 bytes back
Round trip time was 0.052458 milliseconds in repetition 487
tcp_ping received 512 bytes back
Round trip time was 0.052334 milliseconds in repetition 488
tcp_ping received 512 bytes back
Round trip time was 0.047249 milliseconds in repetition 489
tcp_ping received 512 bytes back
Round trip time was 0.047138 milliseconds in repetition 490
tcp_ping received 512 bytes back
Round trip time was 0.0481 milliseconds in repetition 491
tcp_ping received 512 bytes back
Round trip time was 0.047642 milliseconds in repetition 492
tcp_ping received 512 bytes back
Round trip time was 0.046981 milliseconds in repetition 493
tcp_ping received 512 bytes back
Round trip time was 0.047655 milliseconds in repetition 494
tcp_ping received 512 bytes back
Round trip time was 0.046922 milliseconds in repetition 495
tcp_ping received 512 bytes back
Round trip time was 0.046819 milliseconds in repetition 496
tcp_ping received 512 bytes back
Round trip time was 0.047056 milliseconds in repetition 497
tcp_ping received 512 bytes back
Round trip time was 0.046706 milliseconds in repetition 498
tcp_ping received 512 bytes back
Round trip time was 0.046812 milliseconds in repetition 499
tcp_ping received 512 bytes back
Round trip time was 0.046874 milliseconds in repetition 500
tcp_ping received 512 bytes back
Round trip time was 0.046345 milliseconds in repetition 501

 ... clock resolution was 1e-06
TCP Ping:  Statistics over 501 repetitions of 512 byte messages

RTT : percentile 10: 0.046054, median: 0.049131, percentile 90: 0.074628, average: 0.0581181, variance: 0.000594141

RTT histogram:
0.0314625 1
0.0460663 285
0.0606702 144
0.075274 36
0.0898779 18
0.104482 4
0.119086 3
0.133689 2
0.148293 3
0.162897 0
0.177501 1
0.192105 1
0.206709 1
0.221313 0
0.235916 0
0.25052 0
0.265124 0
0.279728 1
0.294332 0
0.308936 0
0.323539 1

   median Throughput : 20842.2 KB/s   overall Throughput : 17619.3 KB/s

